[2020-01-30 16:04:55] INFO [django.channels.server.log_action:141] HTTP GET / 200 [1.43, 127.0.0.1:53237]
[2020-01-30 16:04:55] INFO [django.channels.server.log_action:141] HTTP GET /static/home/css/newdesigner/js/validation/jquery.validation.functions.js 200 [0.14, 127.0.0.1:53237]
[2020-01-30 16:04:55] INFO [django.channels.server.log_action:141] HTTP GET /static/home/css/newdesigner/css/bootstrap.min.css 200 [0.10, 127.0.0.1:53246]
[2020-01-30 16:04:55] INFO [django.channels.server.log_action:141] HTTP GET /static/home/css/newdesigner/css/style.css 200 [0.11, 127.0.0.1:53248]
[2020-01-30 16:04:55] INFO [django.channels.server.log_action:141] HTTP GET /static/home/css/style.css 200 [0.15, 127.0.0.1:53245]
[2020-01-30 16:04:55] INFO [django.channels.server.log_action:141] HTTP GET /static/home/css/newdesigner/js/validation/jquery.validate.js 200 [0.15, 127.0.0.1:53247]
[2020-01-30 16:04:55] INFO [django.channels.server.log_action:141] HTTP GET /static/home/css/newhomepage/css/newstyle2.css 200 [0.15, 127.0.0.1:53249]
[2020-01-30 16:04:55] INFO [django.channels.server.log_action:141] HTTP GET /static/home/css/newhomepage/css/main.css 200 [0.18, 127.0.0.1:53237]
[2020-01-30 16:04:55] INFO [django.channels.server.log_action:141] HTTP GET /static/home/css/jquery-ui-1.12.1.custom/jquery-ui.min.css 200 [0.07, 127.0.0.1:53245]
[2020-01-30 16:04:55] INFO [django.channels.server.log_action:141] HTTP GET /static/home/css/newdesigner/fonts/fontsstylesheet.css 200 [0.10, 127.0.0.1:53253]
[2020-01-30 16:04:55] INFO [django.channels.server.log_action:141] HTTP GET /static/home/css/jquery-ui-1.12.1.custom/jquery-ui.min.js 200 [0.08, 127.0.0.1:53249]
[2020-01-30 16:04:56] INFO [django.channels.server.log_action:141] HTTP GET /static/Projects/custom/css/projects.css 200 [0.15, 127.0.0.1:53248]
[2020-01-30 16:04:56] INFO [django.channels.server.log_action:141] HTTP GET /static/home/css/newdesigner/js/bootstrap.min.js 200 [0.06, 127.0.0.1:53245]
[2020-01-30 16:04:56] INFO [django.channels.server.log_action:141] HTTP GET /static/home/css/newhomepage/css/newstylenew.css 200 [0.18, 127.0.0.1:53246]
[2020-01-30 16:04:56] INFO [django.channels.server.log_action:141] HTTP GET /static/home/css/testimonial-timeline.css 200 [0.10, 127.0.0.1:53247]
[2020-01-30 16:04:56] INFO [django.channels.server.log_action:141] HTTP GET /static/faq/js/jquery.mobile.custom.min.js 200 [0.08, 127.0.0.1:53253]
[2020-01-30 16:04:56] INFO [django.channels.server.log_action:141] HTTP GET /static/faq/js/main.js 200 [0.07, 127.0.0.1:53249]
[2020-01-30 16:04:56] INFO [django.channels.server.log_action:141] HTTP GET /static/js/waterbubble.js 200 [0.05, 127.0.0.1:53248]
[2020-01-30 16:04:57] INFO [django.channels.server.log_action:141] HTTP GET /static/home/css/newhomepage/imgs/get3.png 200 [0.08, 127.0.0.1:53247]
[2020-01-30 16:04:57] INFO [django.channels.server.log_action:141] HTTP GET /static/home/css/newhomepage/imgs/get2.png 200 [0.09, 127.0.0.1:53253]
[2020-01-30 16:04:57] INFO [django.channels.server.log_action:141] HTTP GET /static/home/css/newhomepage/imgs/jobphone.png 200 [0.11, 127.0.0.1:53248]
[2020-01-30 16:04:57] INFO [django.channels.server.log_action:141] HTTP GET /static/home/images/logo.png 200 [0.13, 127.0.0.1:53249]
[2020-01-30 16:04:57] INFO [django.channels.server.log_action:141] HTTP GET /static/home/css/newhomepage/imgs/homelive.png 200 [0.12, 127.0.0.1:53245]
[2020-01-30 16:04:57] INFO [django.channels.server.log_action:141] HTTP GET /static/home/css/newhomepage/imgs/LaptopBook.png 200 [0.14, 127.0.0.1:53246]
[2020-01-30 16:04:57] INFO [django.channels.server.log_action:141] HTTP GET /static/home/css/newhomepage/imgs/get1.png 200 [0.07, 127.0.0.1:53247]
[2020-01-30 16:04:57] INFO [django.channels.server.log_action:141] HTTP GET /static/home/images/adekunle.png 200 [0.08, 127.0.0.1:53253]
[2020-01-30 16:04:57] INFO [django.channels.server.log_action:141] HTTP GET /static/home/images/kenna.png 200 [0.07, 127.0.0.1:53248]
[2020-01-30 16:04:57] INFO [django.channels.server.log_action:141] HTTP GET /static/home/images/fetigue.png 200 [0.06, 127.0.0.1:53245]
[2020-01-30 16:04:57] INFO [django.channels.server.log_action:141] HTTP GET /static/home/css/newhomepage/imgs/homebanner.png 200 [0.05, 127.0.0.1:53246]
[2020-01-30 16:04:57] INFO [django.channels.server.log_action:141] HTTP GET /static/home/css/newhomepage/imgs/jobban2.png 200 [0.08, 127.0.0.1:53249]
[2020-01-30 16:04:58] INFO [django.channels.server.log_action:141] HTTP GET /static/favicon.ico 200 [0.58, 127.0.0.1:53249]
[2020-01-30 16:04:59] INFO [django.channels.server.log_action:141] HTTP POST /ulocation 200 [0.01, 127.0.0.1:53249]
[2020-01-30 16:05:10] INFO [django.channels.server.log_action:141] HTTP GET /jobs 200 [0.19, 127.0.0.1:53249]
[2020-01-30 16:05:10] INFO [django.channels.server.log_action:141] HTTP GET /static/home/css/jobs_new.css 200 [0.15, 127.0.0.1:53249]
[2020-01-30 16:05:14] INFO [django.channels.server.log_action:141] HTTP GET /static/home/images/join-team-min.png 200 [0.08, 127.0.0.1:53246]
[2020-01-30 16:05:14] INFO [django.channels.server.log_action:141] HTTP GET /static/home/images/job-bannerx.png 200 [0.11, 127.0.0.1:53249]
[2020-01-30 16:05:21] INFO [django.channels.server.log_action:141] HTTP GET /jobs/apply/2 200 [0.32, 127.0.0.1:53249]
[2020-01-30 16:05:25] INFO [django.channels.server.log_action:141] HTTP GET /static/home/images/job-application-banner.png 200 [0.06, 127.0.0.1:53249]
[2020-01-30 16:05:47] INFO [django.channels.server.log_action:147] HTTP POST /jobs/apply/2 302 [0.11, 127.0.0.1:53249]
[2020-01-30 16:05:47] INFO [django.channels.server.log_action:141] HTTP GET /jobs/apply/2 200 [0.15, 127.0.0.1:53249]
[2020-01-30 16:06:46] INFO [django.channels.server.log_action:147] HTTP POST /jobs/apply/2 302 [0.52, 127.0.0.1:53249]
[2020-01-30 16:06:46] INFO [django.channels.server.log_action:141] HTTP GET /jobs/feedback/1 200 [0.17, 127.0.0.1:53249]
[2020-01-30 16:07:06] INFO [django.channels.server.log_action:147] HTTP POST /jobs/feedback/1 302 [0.13, 127.0.0.1:53249]
[2020-01-30 16:07:06] INFO [django.channels.server.log_action:141] HTTP GET /jobs/feedback/ 200 [0.16, 127.0.0.1:53249]
[2020-01-30 16:07:11] INFO [django.channels.server.log_action:141] HTTP GET /static/home/css/newhomepage/imgs/gotoicon.png 200 [0.03, 127.0.0.1:53508]
[2020-01-30 16:07:11] INFO [django.channels.server.log_action:141] HTTP GET /static/home/css/newhomepage/imgs/play.png 200 [0.05, 127.0.0.1:53506]
[2020-01-30 16:07:11] INFO [django.channels.server.log_action:141] HTTP GET /static/home/css/newhomepage/imgs/labwhite.png 200 [0.06, 127.0.0.1:53507]
[2020-01-30 16:07:11] INFO [django.channels.server.log_action:141] HTTP GET /static/home/css/newhomepage/imgs/workexpban.png 200 [0.04, 127.0.0.1:53508]
[2020-01-30 16:07:11] INFO [django.channels.server.log_action:141] HTTP GET /static/home/css/newhomepage/imgs/book.png 200 [0.09, 127.0.0.1:53249]
[2020-03-28 10:40:10] ERROR [django.request.handle_uncaught_exception:118] Internal Server Error: /
Traceback (most recent call last):
  File "C:\Users\USER\Documents\LINUXJOBBER REPO\linuxjobber\lib\site-packages\django\db\backends\utils.py", line 85, in _execute
    return self.cursor.execute(sql, params)
  File "C:\Users\USER\Documents\LINUXJOBBER REPO\linuxjobber\lib\site-packages\django\db\backends\mysql\base.py", line 71, in execute
    return self.cursor.execute(query, args)
  File "C:\Users\USER\Documents\LINUXJOBBER REPO\linuxjobber\lib\site-packages\MySQLdb\cursors.py", line 250, in execute
    self.errorhandler(self, exc, value)
  File "C:\Users\USER\Documents\LINUXJOBBER REPO\linuxjobber\lib\site-packages\MySQLdb\connections.py", line 50, in defaulterrorhandler
    raise errorvalue
  File "C:\Users\USER\Documents\LINUXJOBBER REPO\linuxjobber\lib\site-packages\MySQLdb\cursors.py", line 247, in execute
    res = self._query(query)
  File "C:\Users\USER\Documents\LINUXJOBBER REPO\linuxjobber\lib\site-packages\MySQLdb\cursors.py", line 411, in _query
    rowcount = self._do_query(q)
  File "C:\Users\USER\Documents\LINUXJOBBER REPO\linuxjobber\lib\site-packages\MySQLdb\cursors.py", line 374, in _do_query
    db.query(q)
  File "C:\Users\USER\Documents\LINUXJOBBER REPO\linuxjobber\lib\site-packages\MySQLdb\connections.py", line 277, in query
    _mysql.connection.query(self, query)
_mysql_exceptions.OperationalError: (1054, "Unknown column 'home_wepeoples.Paystub' in 'field list'")

The above exception was the direct cause of the following exception:

Traceback (most recent call last):
  File "C:\Users\USER\Documents\LINUXJOBBER REPO\linuxjobber\lib\site-packages\django\core\handlers\exception.py", line 35, in inner
    response = get_response(request)
  File "C:\Users\USER\Documents\LINUXJOBBER REPO\linuxjobber\lib\site-packages\django\core\handlers\base.py", line 128, in _get_response
    response = self.process_exception_by_middleware(e, request)
  File "C:\Users\USER\Documents\LINUXJOBBER REPO\linuxjobber\lib\site-packages\django\core\handlers\base.py", line 126, in _get_response
    response = wrapped_callback(request, *callback_args, **callback_kwargs)
  File "C:\Users\USER\Documents\linuxjobber2\Django\Linuxjobber\home\views.py", line 90, in index
    return render(request, 'home/index2.html')
  File "C:\Users\USER\Documents\LINUXJOBBER REPO\linuxjobber\lib\site-packages\django\shortcuts.py", line 36, in render
    content = loader.render_to_string(template_name, context, request, using=using)
  File "C:\Users\USER\Documents\LINUXJOBBER REPO\linuxjobber\lib\site-packages\django\template\loader.py", line 62, in render_to_string
    return template.render(context, request)
  File "C:\Users\USER\Documents\LINUXJOBBER REPO\linuxjobber\lib\site-packages\django\template\backends\django.py", line 61, in render
    return self.template.render(context)
  File "C:\Users\USER\Documents\LINUXJOBBER REPO\linuxjobber\lib\site-packages\django\template\base.py", line 173, in render
    with context.bind_template(self):
  File "C:\Users\USER\AppData\Local\Programs\Python\Python36\lib\contextlib.py", line 81, in __enter__
    return next(self.gen)
  File "C:\Users\USER\Documents\LINUXJOBBER REPO\linuxjobber\lib\site-packages\django\template\context.py", line 250, in bind_template
    updates.update(processor(self.request))
  File "C:\Users\USER\Documents\linuxjobber2\Django\Linuxjobber\home\context_processors.py", line 23, in workexperience
    workexp = wepeoples.objects.get(user=request.user)
  File "C:\Users\USER\Documents\LINUXJOBBER REPO\linuxjobber\lib\site-packages\django\db\models\manager.py", line 82, in manager_method
    return getattr(self.get_queryset(), name)(*args, **kwargs)
  File "C:\Users\USER\Documents\LINUXJOBBER REPO\linuxjobber\lib\site-packages\django\db\models\query.py", line 397, in get
    num = len(clone)
  File "C:\Users\USER\Documents\LINUXJOBBER REPO\linuxjobber\lib\site-packages\django\db\models\query.py", line 254, in __len__
    self._fetch_all()
  File "C:\Users\USER\Documents\LINUXJOBBER REPO\linuxjobber\lib\site-packages\django\db\models\query.py", line 1179, in _fetch_all
    self._result_cache = list(self._iterable_class(self))
  File "C:\Users\USER\Documents\LINUXJOBBER REPO\linuxjobber\lib\site-packages\django\db\models\query.py", line 53, in __iter__
    results = compiler.execute_sql(chunked_fetch=self.chunked_fetch, chunk_size=self.chunk_size)
  File "C:\Users\USER\Documents\LINUXJOBBER REPO\linuxjobber\lib\site-packages\django\db\models\sql\compiler.py", line 1068, in execute_sql
    cursor.execute(sql, params)
  File "C:\Users\USER\Documents\LINUXJOBBER REPO\linuxjobber\lib\site-packages\django\db\backends\utils.py", line 100, in execute
    return super().execute(sql, params)
  File "C:\Users\USER\Documents\LINUXJOBBER REPO\linuxjobber\lib\site-packages\django\db\backends\utils.py", line 68, in execute
    return self._execute_with_wrappers(sql, params, many=False, executor=self._execute)
  File "C:\Users\USER\Documents\LINUXJOBBER REPO\linuxjobber\lib\site-packages\django\db\backends\utils.py", line 77, in _execute_with_wrappers
    return executor(sql, params, many, context)
  File "C:\Users\USER\Documents\LINUXJOBBER REPO\linuxjobber\lib\site-packages\django\db\backends\utils.py", line 85, in _execute
    return self.cursor.execute(sql, params)
  File "C:\Users\USER\Documents\LINUXJOBBER REPO\linuxjobber\lib\site-packages\django\db\utils.py", line 89, in __exit__
    raise dj_exc_value.with_traceback(traceback) from exc_value
  File "C:\Users\USER\Documents\LINUXJOBBER REPO\linuxjobber\lib\site-packages\django\db\backends\utils.py", line 85, in _execute
    return self.cursor.execute(sql, params)
  File "C:\Users\USER\Documents\LINUXJOBBER REPO\linuxjobber\lib\site-packages\django\db\backends\mysql\base.py", line 71, in execute
    return self.cursor.execute(query, args)
  File "C:\Users\USER\Documents\LINUXJOBBER REPO\linuxjobber\lib\site-packages\MySQLdb\cursors.py", line 250, in execute
    self.errorhandler(self, exc, value)
  File "C:\Users\USER\Documents\LINUXJOBBER REPO\linuxjobber\lib\site-packages\MySQLdb\connections.py", line 50, in defaulterrorhandler
    raise errorvalue
  File "C:\Users\USER\Documents\LINUXJOBBER REPO\linuxjobber\lib\site-packages\MySQLdb\cursors.py", line 247, in execute
    res = self._query(query)
  File "C:\Users\USER\Documents\LINUXJOBBER REPO\linuxjobber\lib\site-packages\MySQLdb\cursors.py", line 411, in _query
    rowcount = self._do_query(q)
  File "C:\Users\USER\Documents\LINUXJOBBER REPO\linuxjobber\lib\site-packages\MySQLdb\cursors.py", line 374, in _do_query
    db.query(q)
  File "C:\Users\USER\Documents\LINUXJOBBER REPO\linuxjobber\lib\site-packages\MySQLdb\connections.py", line 277, in query
    _mysql.connection.query(self, query)
django.db.utils.OperationalError: (1054, "Unknown column 'home_wepeoples.Paystub' in 'field list'")
[2020-03-28 10:40:11] ERROR [django.channels.server.log_action:154] HTTP GET / 500 [1.23, 127.0.0.1:3724]
[2020-03-28 10:51:16] ERROR [django.request.handle_uncaught_exception:118] Internal Server Error: /
Traceback (most recent call last):
  File "C:\Users\USER\Documents\LINUXJOBBER REPO\linuxjobber\lib\site-packages\django\db\backends\utils.py", line 85, in _execute
    return self.cursor.execute(sql, params)
  File "C:\Users\USER\Documents\LINUXJOBBER REPO\linuxjobber\lib\site-packages\django\db\backends\mysql\base.py", line 71, in execute
    return self.cursor.execute(query, args)
  File "C:\Users\USER\Documents\LINUXJOBBER REPO\linuxjobber\lib\site-packages\MySQLdb\cursors.py", line 250, in execute
    self.errorhandler(self, exc, value)
  File "C:\Users\USER\Documents\LINUXJOBBER REPO\linuxjobber\lib\site-packages\MySQLdb\connections.py", line 50, in defaulterrorhandler
    raise errorvalue
  File "C:\Users\USER\Documents\LINUXJOBBER REPO\linuxjobber\lib\site-packages\MySQLdb\cursors.py", line 247, in execute
    res = self._query(query)
  File "C:\Users\USER\Documents\LINUXJOBBER REPO\linuxjobber\lib\site-packages\MySQLdb\cursors.py", line 411, in _query
    rowcount = self._do_query(q)
  File "C:\Users\USER\Documents\LINUXJOBBER REPO\linuxjobber\lib\site-packages\MySQLdb\cursors.py", line 374, in _do_query
    db.query(q)
  File "C:\Users\USER\Documents\LINUXJOBBER REPO\linuxjobber\lib\site-packages\MySQLdb\connections.py", line 277, in query
    _mysql.connection.query(self, query)
_mysql_exceptions.OperationalError: (1054, "Unknown column 'home_wepeoples.Paystub' in 'field list'")

The above exception was the direct cause of the following exception:

Traceback (most recent call last):
  File "C:\Users\USER\Documents\LINUXJOBBER REPO\linuxjobber\lib\site-packages\django\core\handlers\exception.py", line 35, in inner
    response = get_response(request)
  File "C:\Users\USER\Documents\LINUXJOBBER REPO\linuxjobber\lib\site-packages\django\core\handlers\base.py", line 128, in _get_response
    response = self.process_exception_by_middleware(e, request)
  File "C:\Users\USER\Documents\LINUXJOBBER REPO\linuxjobber\lib\site-packages\django\core\handlers\base.py", line 126, in _get_response
    response = wrapped_callback(request, *callback_args, **callback_kwargs)
  File "C:\Users\USER\Documents\linuxjobber2\Django\Linuxjobber\home\views.py", line 90, in index
    return render(request, 'home/index2.html')
  File "C:\Users\USER\Documents\LINUXJOBBER REPO\linuxjobber\lib\site-packages\django\shortcuts.py", line 36, in render
    content = loader.render_to_string(template_name, context, request, using=using)
  File "C:\Users\USER\Documents\LINUXJOBBER REPO\linuxjobber\lib\site-packages\django\template\loader.py", line 62, in render_to_string
    return template.render(context, request)
  File "C:\Users\USER\Documents\LINUXJOBBER REPO\linuxjobber\lib\site-packages\django\template\backends\django.py", line 61, in render
    return self.template.render(context)
  File "C:\Users\USER\Documents\LINUXJOBBER REPO\linuxjobber\lib\site-packages\django\template\base.py", line 173, in render
    with context.bind_template(self):
  File "C:\Users\USER\AppData\Local\Programs\Python\Python36\lib\contextlib.py", line 81, in __enter__
    return next(self.gen)
  File "C:\Users\USER\Documents\LINUXJOBBER REPO\linuxjobber\lib\site-packages\django\template\context.py", line 250, in bind_template
    updates.update(processor(self.request))
  File "C:\Users\USER\Documents\linuxjobber2\Django\Linuxjobber\home\context_processors.py", line 23, in workexperience
    workexp = wepeoples.objects.get(user=request.user)
  File "C:\Users\USER\Documents\LINUXJOBBER REPO\linuxjobber\lib\site-packages\django\db\models\manager.py", line 82, in manager_method
    return getattr(self.get_queryset(), name)(*args, **kwargs)
  File "C:\Users\USER\Documents\LINUXJOBBER REPO\linuxjobber\lib\site-packages\django\db\models\query.py", line 397, in get
    num = len(clone)
  File "C:\Users\USER\Documents\LINUXJOBBER REPO\linuxjobber\lib\site-packages\django\db\models\query.py", line 254, in __len__
    self._fetch_all()
  File "C:\Users\USER\Documents\LINUXJOBBER REPO\linuxjobber\lib\site-packages\django\db\models\query.py", line 1179, in _fetch_all
    self._result_cache = list(self._iterable_class(self))
  File "C:\Users\USER\Documents\LINUXJOBBER REPO\linuxjobber\lib\site-packages\django\db\models\query.py", line 53, in __iter__
    results = compiler.execute_sql(chunked_fetch=self.chunked_fetch, chunk_size=self.chunk_size)
  File "C:\Users\USER\Documents\LINUXJOBBER REPO\linuxjobber\lib\site-packages\django\db\models\sql\compiler.py", line 1068, in execute_sql
    cursor.execute(sql, params)
  File "C:\Users\USER\Documents\LINUXJOBBER REPO\linuxjobber\lib\site-packages\django\db\backends\utils.py", line 100, in execute
    return super().execute(sql, params)
  File "C:\Users\USER\Documents\LINUXJOBBER REPO\linuxjobber\lib\site-packages\django\db\backends\utils.py", line 68, in execute
    return self._execute_with_wrappers(sql, params, many=False, executor=self._execute)
  File "C:\Users\USER\Documents\LINUXJOBBER REPO\linuxjobber\lib\site-packages\django\db\backends\utils.py", line 77, in _execute_with_wrappers
    return executor(sql, params, many, context)
  File "C:\Users\USER\Documents\LINUXJOBBER REPO\linuxjobber\lib\site-packages\django\db\backends\utils.py", line 85, in _execute
    return self.cursor.execute(sql, params)
  File "C:\Users\USER\Documents\LINUXJOBBER REPO\linuxjobber\lib\site-packages\django\db\utils.py", line 89, in __exit__
    raise dj_exc_value.with_traceback(traceback) from exc_value
  File "C:\Users\USER\Documents\LINUXJOBBER REPO\linuxjobber\lib\site-packages\django\db\backends\utils.py", line 85, in _execute
    return self.cursor.execute(sql, params)
  File "C:\Users\USER\Documents\LINUXJOBBER REPO\linuxjobber\lib\site-packages\django\db\backends\mysql\base.py", line 71, in execute
    return self.cursor.execute(query, args)
  File "C:\Users\USER\Documents\LINUXJOBBER REPO\linuxjobber\lib\site-packages\MySQLdb\cursors.py", line 250, in execute
    self.errorhandler(self, exc, value)
  File "C:\Users\USER\Documents\LINUXJOBBER REPO\linuxjobber\lib\site-packages\MySQLdb\connections.py", line 50, in defaulterrorhandler
    raise errorvalue
  File "C:\Users\USER\Documents\LINUXJOBBER REPO\linuxjobber\lib\site-packages\MySQLdb\cursors.py", line 247, in execute
    res = self._query(query)
  File "C:\Users\USER\Documents\LINUXJOBBER REPO\linuxjobber\lib\site-packages\MySQLdb\cursors.py", line 411, in _query
    rowcount = self._do_query(q)
  File "C:\Users\USER\Documents\LINUXJOBBER REPO\linuxjobber\lib\site-packages\MySQLdb\cursors.py", line 374, in _do_query
    db.query(q)
  File "C:\Users\USER\Documents\LINUXJOBBER REPO\linuxjobber\lib\site-packages\MySQLdb\connections.py", line 277, in query
    _mysql.connection.query(self, query)
django.db.utils.OperationalError: (1054, "Unknown column 'home_wepeoples.Paystub' in 'field list'")
[2020-03-28 10:51:17] ERROR [django.channels.server.log_action:154] HTTP GET / 500 [0.81, 127.0.0.1:3962]
[2020-03-28 10:54:59] ERROR [django.request.handle_uncaught_exception:118] Internal Server Error: /
Traceback (most recent call last):
  File "C:\Users\USER\Documents\LINUXJOBBER REPO\linuxjobber\lib\site-packages\django\db\backends\utils.py", line 85, in _execute
    return self.cursor.execute(sql, params)
  File "C:\Users\USER\Documents\LINUXJOBBER REPO\linuxjobber\lib\site-packages\django\db\backends\mysql\base.py", line 71, in execute
    return self.cursor.execute(query, args)
  File "C:\Users\USER\Documents\LINUXJOBBER REPO\linuxjobber\lib\site-packages\MySQLdb\cursors.py", line 250, in execute
    self.errorhandler(self, exc, value)
  File "C:\Users\USER\Documents\LINUXJOBBER REPO\linuxjobber\lib\site-packages\MySQLdb\connections.py", line 50, in defaulterrorhandler
    raise errorvalue
  File "C:\Users\USER\Documents\LINUXJOBBER REPO\linuxjobber\lib\site-packages\MySQLdb\cursors.py", line 247, in execute
    res = self._query(query)
  File "C:\Users\USER\Documents\LINUXJOBBER REPO\linuxjobber\lib\site-packages\MySQLdb\cursors.py", line 411, in _query
    rowcount = self._do_query(q)
  File "C:\Users\USER\Documents\LINUXJOBBER REPO\linuxjobber\lib\site-packages\MySQLdb\cursors.py", line 374, in _do_query
    db.query(q)
  File "C:\Users\USER\Documents\LINUXJOBBER REPO\linuxjobber\lib\site-packages\MySQLdb\connections.py", line 277, in query
    _mysql.connection.query(self, query)
_mysql_exceptions.OperationalError: (1054, "Unknown column 'home_wepeoples.Paystub' in 'field list'")

The above exception was the direct cause of the following exception:

Traceback (most recent call last):
  File "C:\Users\USER\Documents\LINUXJOBBER REPO\linuxjobber\lib\site-packages\django\core\handlers\exception.py", line 35, in inner
    response = get_response(request)
  File "C:\Users\USER\Documents\LINUXJOBBER REPO\linuxjobber\lib\site-packages\django\core\handlers\base.py", line 128, in _get_response
    response = self.process_exception_by_middleware(e, request)
  File "C:\Users\USER\Documents\LINUXJOBBER REPO\linuxjobber\lib\site-packages\django\core\handlers\base.py", line 126, in _get_response
    response = wrapped_callback(request, *callback_args, **callback_kwargs)
  File "C:\Users\USER\Documents\linuxjobber2\Django\Linuxjobber\home\views.py", line 90, in index
    return render(request, 'home/index2.html')
  File "C:\Users\USER\Documents\LINUXJOBBER REPO\linuxjobber\lib\site-packages\django\shortcuts.py", line 36, in render
    content = loader.render_to_string(template_name, context, request, using=using)
  File "C:\Users\USER\Documents\LINUXJOBBER REPO\linuxjobber\lib\site-packages\django\template\loader.py", line 62, in render_to_string
    return template.render(context, request)
  File "C:\Users\USER\Documents\LINUXJOBBER REPO\linuxjobber\lib\site-packages\django\template\backends\django.py", line 61, in render
    return self.template.render(context)
  File "C:\Users\USER\Documents\LINUXJOBBER REPO\linuxjobber\lib\site-packages\django\template\base.py", line 173, in render
    with context.bind_template(self):
  File "C:\Users\USER\AppData\Local\Programs\Python\Python36\lib\contextlib.py", line 81, in __enter__
    return next(self.gen)
<<<<<<< HEAD
  File "C:\Users\USER\Documents\LINUXJOBBER REPO\linuxjobber\lib\site-packages\django\template\context.py", line 250, in bind_template
    updates.update(processor(self.request))
  File "C:\Users\USER\Documents\linuxjobber2\Django\Linuxjobber\home\context_processors.py", line 23, in workexperience
    workexp = wepeoples.objects.get(user=request.user)
  File "C:\Users\USER\Documents\LINUXJOBBER REPO\linuxjobber\lib\site-packages\django\db\models\manager.py", line 82, in manager_method
    return getattr(self.get_queryset(), name)(*args, **kwargs)
  File "C:\Users\USER\Documents\LINUXJOBBER REPO\linuxjobber\lib\site-packages\django\db\models\query.py", line 397, in get
    num = len(clone)
  File "C:\Users\USER\Documents\LINUXJOBBER REPO\linuxjobber\lib\site-packages\django\db\models\query.py", line 254, in __len__
    self._fetch_all()
  File "C:\Users\USER\Documents\LINUXJOBBER REPO\linuxjobber\lib\site-packages\django\db\models\query.py", line 1179, in _fetch_all
    self._result_cache = list(self._iterable_class(self))
  File "C:\Users\USER\Documents\LINUXJOBBER REPO\linuxjobber\lib\site-packages\django\db\models\query.py", line 53, in __iter__
    results = compiler.execute_sql(chunked_fetch=self.chunked_fetch, chunk_size=self.chunk_size)
  File "C:\Users\USER\Documents\LINUXJOBBER REPO\linuxjobber\lib\site-packages\django\db\models\sql\compiler.py", line 1068, in execute_sql
    cursor.execute(sql, params)
  File "C:\Users\USER\Documents\LINUXJOBBER REPO\linuxjobber\lib\site-packages\django\db\backends\utils.py", line 100, in execute
    return super().execute(sql, params)
  File "C:\Users\USER\Documents\LINUXJOBBER REPO\linuxjobber\lib\site-packages\django\db\backends\utils.py", line 68, in execute
    return self._execute_with_wrappers(sql, params, many=False, executor=self._execute)
  File "C:\Users\USER\Documents\LINUXJOBBER REPO\linuxjobber\lib\site-packages\django\db\backends\utils.py", line 77, in _execute_with_wrappers
    return executor(sql, params, many, context)
  File "C:\Users\USER\Documents\LINUXJOBBER REPO\linuxjobber\lib\site-packages\django\db\backends\utils.py", line 85, in _execute
    return self.cursor.execute(sql, params)
  File "C:\Users\USER\Documents\LINUXJOBBER REPO\linuxjobber\lib\site-packages\django\db\utils.py", line 89, in __exit__
    raise dj_exc_value.with_traceback(traceback) from exc_value
  File "C:\Users\USER\Documents\LINUXJOBBER REPO\linuxjobber\lib\site-packages\django\db\backends\utils.py", line 85, in _execute
    return self.cursor.execute(sql, params)
  File "C:\Users\USER\Documents\LINUXJOBBER REPO\linuxjobber\lib\site-packages\django\db\backends\mysql\base.py", line 71, in execute
    return self.cursor.execute(query, args)
  File "C:\Users\USER\Documents\LINUXJOBBER REPO\linuxjobber\lib\site-packages\MySQLdb\cursors.py", line 250, in execute
    self.errorhandler(self, exc, value)
  File "C:\Users\USER\Documents\LINUXJOBBER REPO\linuxjobber\lib\site-packages\MySQLdb\connections.py", line 50, in defaulterrorhandler
    raise errorvalue
  File "C:\Users\USER\Documents\LINUXJOBBER REPO\linuxjobber\lib\site-packages\MySQLdb\cursors.py", line 247, in execute
    res = self._query(query)
  File "C:\Users\USER\Documents\LINUXJOBBER REPO\linuxjobber\lib\site-packages\MySQLdb\cursors.py", line 411, in _query
    rowcount = self._do_query(q)
  File "C:\Users\USER\Documents\LINUXJOBBER REPO\linuxjobber\lib\site-packages\MySQLdb\cursors.py", line 374, in _do_query
    db.query(q)
  File "C:\Users\USER\Documents\LINUXJOBBER REPO\linuxjobber\lib\site-packages\MySQLdb\connections.py", line 277, in query
    _mysql.connection.query(self, query)
django.db.utils.OperationalError: (1054, "Unknown column 'home_wepeoples.Paystub' in 'field list'")
[2020-03-28 10:55:00] ERROR [django.channels.server.log_action:154] HTTP GET / 500 [1.19, 127.0.0.1:4028]
[2020-03-28 14:42:27] INFO [django.channels.server.log_action:147] HTTP GET /admin/home/wetype/ 302 [0.37, 127.0.0.1:2251]
[2020-03-28 14:42:27] INFO [django.channels.server.log_action:141] HTTP GET /admin/login/?next=/admin/home/wetype/ 200 [0.08, 127.0.0.1:2251]
[2020-03-28 14:42:39] INFO [django.channels.server.log_action:141] HTTP GET / 200 [0.25, 127.0.0.1:2276]
[2020-03-28 14:42:39] INFO [django.channels.server.log_action:141] HTTP GET /static/home/css/newdesigner/js/validation/jquery.validation.functions.js 200 [0.03, 127.0.0.1:2276]
[2020-03-28 14:42:39] INFO [django.channels.server.log_action:141] HTTP GET /static/home/css/newdesigner/css/bootstrap.min.css 200 [0.03, 127.0.0.1:2280]
[2020-03-28 14:42:39] INFO [django.channels.server.log_action:141] HTTP GET /static/home/css/newdesigner/js/validation/jquery.validate.js 200 [0.05, 127.0.0.1:2277]
[2020-03-28 14:42:39] INFO [django.channels.server.log_action:141] HTTP GET /static/home/css/style.css 200 [0.04, 127.0.0.1:2276]
[2020-03-28 14:42:39] INFO [django.channels.server.log_action:141] HTTP GET /static/home/css/newdesigner/css/style.css 200 [0.04, 127.0.0.1:2280]
[2020-03-28 14:42:39] INFO [django.channels.server.log_action:141] HTTP GET /static/home/css/newhomepage/css/newstyle2.css 200 [0.06, 127.0.0.1:2277]
[2020-03-28 14:42:39] INFO [django.channels.server.log_action:141] HTTP GET /static/home/css/newhomepage/css/main.css 200 [0.06, 127.0.0.1:2276]
[2020-03-28 14:42:39] INFO [django.channels.server.log_action:141] HTTP GET /static/home/css/newhomepage/css/newstylenew.css 200 [0.06, 127.0.0.1:2280]
[2020-03-28 14:42:39] INFO [django.channels.server.log_action:141] HTTP GET /static/Projects/custom/css/projects.css 200 [0.04, 127.0.0.1:2277]
[2020-03-28 14:42:39] INFO [django.channels.server.log_action:141] HTTP GET /static/home/css/jquery-ui-1.12.1.custom/jquery-ui.min.css 200 [0.04, 127.0.0.1:2276]
[2020-03-28 14:42:39] INFO [django.channels.server.log_action:141] HTTP GET /static/home/css/testimonial-timeline.css 200 [0.05, 127.0.0.1:2280]
[2020-03-28 14:42:39] INFO [django.channels.server.log_action:141] HTTP GET /static/home/images/logo.png 200 [0.03, 127.0.0.1:2276]
[2020-03-28 14:42:39] INFO [django.channels.server.log_action:141] HTTP GET /static/home/css/newhomepage/imgs/LaptopBook.png 200 [0.05, 127.0.0.1:2280]
[2020-03-28 14:42:40] INFO [django.channels.server.log_action:141] HTTP GET /static/home/css/newdesigner/fonts/fontsstylesheet.css 200 [0.05, 127.0.0.1:2276]
[2020-03-28 14:42:40] INFO [django.channels.server.log_action:141] HTTP GET /static/faq/js/jquery.mobile.custom.min.js 200 [0.05, 127.0.0.1:2276]
[2020-03-28 14:42:40] INFO [django.channels.server.log_action:141] HTTP GET /static/home/css/newdesigner/js/bootstrap.min.js 200 [0.07, 127.0.0.1:2280]
[2020-03-28 14:42:40] INFO [django.channels.server.log_action:141] HTTP GET /static/js/waterbubble.js 200 [0.03, 127.0.0.1:2276]
[2020-03-28 14:42:40] INFO [django.channels.server.log_action:141] HTTP GET /static/faq/js/main.js 200 [0.04, 127.0.0.1:2280]
[2020-03-28 14:42:40] INFO [django.channels.server.log_action:141] HTTP GET /static/home/css/newhomepage/imgs/homelive.png 200 [0.02, 127.0.0.1:2276]
[2020-03-28 14:42:40] INFO [django.channels.server.log_action:141] HTTP GET /static/home/css/newhomepage/imgs/jobphone.png 200 [0.03, 127.0.0.1:2280]
[2020-03-28 14:42:40] INFO [django.channels.server.log_action:141] HTTP GET /static/home/css/newhomepage/imgs/get2.png 200 [0.03, 127.0.0.1:2276]
[2020-03-28 14:42:40] INFO [django.channels.server.log_action:141] HTTP GET /static/home/css/newhomepage/imgs/get3.png 200 [0.04, 127.0.0.1:2280]
[2020-03-28 14:42:40] INFO [django.channels.server.log_action:141] HTTP GET /static/home/css/newhomepage/imgs/get1.png 200 [0.02, 127.0.0.1:2280]
[2020-03-28 14:42:40] INFO [django.channels.server.log_action:141] HTTP GET /static/home/images/adekunle.png 200 [0.02, 127.0.0.1:2276]
[2020-03-28 14:42:40] INFO [django.channels.server.log_action:141] HTTP GET /static/home/images/fetigue.png 200 [0.02, 127.0.0.1:2276]
[2020-03-28 14:42:40] INFO [django.channels.server.log_action:141] HTTP GET /static/home/images/kenna.png 200 [0.05, 127.0.0.1:2280]
[2020-03-28 14:42:40] INFO [django.channels.server.log_action:141] HTTP GET /static/home/css/jquery-ui-1.12.1.custom/jquery-ui.min.js 200 [0.41, 127.0.0.1:2277]
[2020-03-28 14:42:41] INFO [django.channels.server.log_action:141] HTTP GET /static/home/css/newhomepage/imgs/homebanner.png 200 [0.02, 127.0.0.1:2280]
[2020-03-28 14:42:41] INFO [django.channels.server.log_action:141] HTTP GET /static/home/css/newhomepage/imgs/jobban2.png 200 [0.03, 127.0.0.1:2277]
[2020-03-28 14:42:43] INFO [django.channels.server.log_action:141] HTTP POST /ulocation 200 [0.01, 127.0.0.1:2277]
[2020-03-28 14:43:02] INFO [django.channels.server.log_action:141] HTTP POST /admin/login/?next=/admin/home/wetype/ 200 [0.16, 127.0.0.1:2251]
[2020-03-28 14:45:22] INFO [django.channels.server.log_action:141] HTTP GET /admin/login/?next=/admin/home/wetype/ 200 [0.31, 127.0.0.1:2378]
[2020-03-28 14:45:33] INFO [django.channels.server.log_action:147] HTTP POST /admin/login/?next=/admin/home/wetype/ 302 [0.15, 127.0.0.1:2378]
[2020-03-28 14:45:34] INFO [django.channels.server.log_action:141] HTTP GET /admin/home/wetype/ 200 [0.16, 127.0.0.1:2378]
[2020-03-28 14:45:34] INFO [django.channels.server.log_action:141] HTTP GET /admin/jsi18n/ 200 [0.05, 127.0.0.1:2378]
[2020-03-28 14:45:37] INFO [django.channels.server.log_action:141] HTTP GET /admin/ 200 [0.17, 127.0.0.1:2378]
[2020-03-28 14:45:42] INFO [django.channels.server.log_action:141] HTTP GET /admin/home/werole/ 200 [0.08, 127.0.0.1:2378]
[2020-03-28 14:45:43] INFO [django.channels.server.log_action:141] HTTP GET /admin/jsi18n/ 200 [0.06, 127.0.0.1:2378]
[2020-03-28 14:45:45] INFO [django.channels.server.log_action:141] HTTP GET /admin/home/werole/2/change/ 200 [0.09, 127.0.0.1:2378]
[2020-03-28 14:45:45] INFO [django.channels.server.log_action:141] HTTP GET /admin/jsi18n/ 200 [0.06, 127.0.0.1:2378]
[2020-03-28 14:45:50] INFO [django.channels.server.log_action:141] HTTP GET /admin/ 200 [0.13, 127.0.0.1:2378]
[2020-03-28 14:45:57] INFO [django.channels.server.log_action:141] HTTP GET /login/ 200 [0.06, 127.0.0.1:2405]
[2020-03-28 14:45:57] INFO [django.channels.server.log_action:141] HTTP GET /static/home/css/styles.css 200 [0.02, 127.0.0.1:2405]
[2020-03-28 14:45:59] INFO [django.channels.server.log_action:141] HTTP GET /static/home/images/imgback.jpg 200 [0.03, 127.0.0.1:2405]
[2020-03-28 14:45:59] WARNING [django.request.get_response:93] Not Found: /favicon.ico
[2020-03-28 14:45:59] WARNING [django.channels.server.log_action:149] HTTP GET /favicon.ico 404 [0.07, 127.0.0.1:2405]
[2020-03-28 14:46:01] INFO [django.channels.server.log_action:141] HTTP POST /login/ 200 [0.06, 127.0.0.1:2405]
[2020-03-28 14:46:09] INFO [django.channels.server.log_action:141] HTTP POST /login/ 200 [0.05, 127.0.0.1:2405]
[2020-03-28 14:46:13] INFO [django.channels.server.log_action:141] HTTP GET /signup 200 [0.05, 127.0.0.1:2405]
[2020-03-28 14:46:30] INFO [django.channels.server.log_action:141] HTTP POST /signup 200 [0.18, 127.0.0.1:2405]
[2020-03-28 14:46:30] INFO [django.channels.server.log_action:141] HTTP GET /static/home/images/checkers.png 200 [0.02, 127.0.0.1:2405]
[2020-03-28 14:46:32] INFO [django.channels.server.log_action:141] HTTP GET /static/home/images/signupbg.png 200 [0.01, 127.0.0.1:2405]
[2020-03-28 14:46:34] INFO [django.channels.server.log_action:147] HTTP GET /login/ 302 [0.05, 127.0.0.1:2405]
[2020-03-28 14:46:34] INFO [django.channels.server.log_action:141] HTTP GET /courses/userinterest 200 [0.10, 127.0.0.1:2405]
[2020-03-28 14:46:34] INFO [django.channels.server.log_action:141] HTTP GET /static/home/images/icon1.png 200 [0.11, 127.0.0.1:2405]
[2020-03-28 14:46:34] INFO [django.channels.server.log_action:141] HTTP GET /static/home/images/logout1.png 200 [0.15, 127.0.0.1:2440]
[2020-03-28 14:46:34] INFO [django.channels.server.log_action:141] HTTP GET /static/home/images/lin-logo.png 200 [0.10, 127.0.0.1:2405]
[2020-03-28 14:46:34] INFO [django.channels.server.log_action:141] HTTP GET /static/home/images/button-left.png 200 [0.11, 127.0.0.1:2440]
[2020-03-28 14:46:35] INFO [django.channels.server.log_action:141] HTTP GET /static/home/images/amazons.png 200 [0.10, 127.0.0.1:2405]
[2020-03-28 14:46:35] INFO [django.channels.server.log_action:141] HTTP GET /static/home/images/ppt.png 200 [0.11, 127.0.0.1:2440]
[2020-03-28 14:46:35] INFO [django.channels.server.log_action:141] HTTP GET /static/home/images/jjava.png 200 [0.11, 127.0.0.1:2405]
[2020-03-28 14:46:35] INFO [django.channels.server.log_action:141] HTTP GET /static/home/images/rchsaa.png 200 [0.10, 127.0.0.1:2440]
[2020-03-28 14:46:35] INFO [django.channels.server.log_action:141] HTTP GET /static/home/images/ajs.png 200 [0.13, 127.0.0.1:2405]
[2020-03-28 14:46:35] INFO [django.channels.server.log_action:141] HTTP GET /static/home/images/csecurity.png 200 [0.11, 127.0.0.1:2440]
[2020-03-28 14:46:35] INFO [django.channels.server.log_action:141] HTTP GET /static/home/images/biz.png 200 [0.12, 127.0.0.1:2405]
[2020-03-28 14:46:35] INFO [django.channels.server.log_action:141] HTTP GET /static/home/images/dba.png 200 [0.12, 127.0.0.1:2440]
[2020-03-28 14:46:35] INFO [django.channels.server.log_action:141] HTTP GET /static/home/images/py.png 200 [0.10, 127.0.0.1:2405]
[2020-03-28 14:46:36] INFO [django.channels.server.log_action:141] HTTP GET /static/home/css/newhomepage/imgs//list-bg.png 200 [0.02, 127.0.0.1:2405]
[2020-03-28 14:46:37] INFO [django.channels.server.log_action:141] HTTP POST /ulocation 200 [0.05, 127.0.0.1:2405]
[2020-03-28 14:46:38] INFO [django.channels.server.log_action:141] HTTP GET /workexperience/ 200 [0.13, 127.0.0.1:2405]
[2020-03-28 14:46:38] INFO [django.channels.server.log_action:141] HTTP GET /static/home/css/we_new.css 200 [0.01, 127.0.0.1:2405]
[2020-03-28 14:46:38] INFO [django.channels.server.log_action:141] HTTP GET /static/home/css/workexperience.css 200 [0.03, 127.0.0.1:2440]
[2020-03-28 14:46:38] INFO [django.channels.server.log_action:141] HTTP GET /static/home/images/arrow-right.png 200 [0.02, 127.0.0.1:2440]
[2020-03-28 14:46:38] INFO [django.channels.server.log_action:141] HTTP GET /static/home/images/cup.png 200 [0.02, 127.0.0.1:2405]
[2020-03-28 14:46:38] INFO [django.channels.server.log_action:141] HTTP GET /static/home/images/tap.png 200 [0.01, 127.0.0.1:2405]
[2020-03-28 14:46:38] INFO [django.channels.server.log_action:141] HTTP GET /static/home/images/accept.png 200 [0.02, 127.0.0.1:2440]
[2020-03-28 14:46:38] INFO [django.channels.server.log_action:141] HTTP GET /static/home/images/join.png 200 [0.02, 127.0.0.1:2405]
[2020-03-28 14:46:38] INFO [django.channels.server.log_action:141] HTTP GET /static/home/images/number.png 200 [0.03, 127.0.0.1:2440]
[2020-03-28 14:46:38] INFO [django.channels.server.log_action:141] HTTP GET /static/home/images/arrow-blue.png 200 [0.01, 127.0.0.1:2405]
[2020-03-28 14:46:38] INFO [django.channels.server.log_action:141] HTTP GET /static/home/images/graph.svg 200 [0.02, 127.0.0.1:2440]
[2020-03-28 14:46:38] INFO [django.channels.server.log_action:141] HTTP GET /static/home/images/list%20_checked.png 200 [0.02, 127.0.0.1:2405]
[2020-03-28 14:46:40] INFO [django.channels.server.log_action:141] HTTP GET /static/home/images/wallet.png 200 [0.02, 127.0.0.1:2440]
[2020-03-28 14:46:40] INFO [django.channels.server.log_action:141] HTTP GET /static/home/images/cap.png 200 [0.03, 127.0.0.1:2405]
[2020-03-28 14:46:40] INFO [django.channels.server.log_action:141] HTTP GET /static/home/images/bg2.png 200 [0.03, 127.0.0.1:2440]
[2020-03-28 14:46:40] INFO [django.channels.server.log_action:141] HTTP GET /static/home/images/alumni-bg.png 200 [0.02, 127.0.0.1:2440]
[2020-03-28 14:46:40] INFO [django.channels.server.log_action:141] HTTP GET /static/home/images/el.png 200 [0.04, 127.0.0.1:2405]
[2020-03-28 14:46:41] INFO [django.channels.server.log_action:141] HTTP GET /static/home/images/thmbs.png 200 [0.01, 127.0.0.1:2405]
[2020-03-28 14:46:43] INFO [django.channels.server.log_action:141] HTTP GET /workexperience/terms/ 200 [0.16, 127.0.0.1:2405]
[2020-03-28 14:46:48] INFO [django.channels.server.log_action:141] HTTP GET /workexperience/pay/ 200 [0.14, 127.0.0.1:2487]
[2020-03-28 14:46:53] INFO [django.channels.server.log_action:141] HTTP GET /static/home/images/linuxlogo.png 200 [0.01, 127.0.0.1:2487]
[2020-03-28 14:47:12] INFO [django.channels.server.log_action:147] HTTP POST /workexperience/pay/ 302 [2.95, 127.0.0.1:2487]
[2020-03-28 14:47:12] INFO [django.channels.server.log_action:141] HTTP GET /workexperience/eligibility/ 200 [0.14, 127.0.0.1:2487]
[2020-03-28 14:47:20] INFO [django.channels.server.log_action:141] HTTP GET /static/home/css/jquery-ui-1.12.1.custom/images/ui-icons_444444_256x240.png 200 [0.02, 127.0.0.1:2487]
[2020-03-28 14:48:11] INFO [django.channels.server.log_action:147] HTTP POST /workexperience/eligibility/ 302 [4.79, 127.0.0.1:2534]
[2020-03-28 14:48:12] INFO [django.channels.server.log_action:141] HTTP GET /workexperience/ISA/ 200 [0.18, 127.0.0.1:2534]
[2020-03-28 14:48:51] INFO [django.channels.server.log_action:147] HTTP POST /workexperience/ISA/ 302 [0.06, 127.0.0.1:2534]
[2020-03-28 14:48:51] INFO [django.channels.server.log_action:141] HTTP GET /workexperience/sign/ 200 [0.14, 127.0.0.1:2534]
[2020-03-28 14:49:00] INFO [django.channels.server.log_action:147] HTTP POST /workexperience/sign/ 302 [0.06, 127.0.0.1:2534]
[2020-03-28 14:49:00] INFO [django.channels.server.log_action:141] HTTP GET /workexperience/apply/ 200 [0.12, 127.0.0.1:2534]
[2020-03-28 14:49:14] INFO [django.channels.server.log_action:147] HTTP POST /workexperience/apply/ 302 [0.05, 127.0.0.1:2576]
[2020-03-28 14:49:20] INFO [django.channels.server.log_action:141] HTTP GET /workexperience/profile/ 200 [5.65, 127.0.0.1:2576]
[2020-03-28 14:49:20] INFO [django.channels.server.log_action:141] HTTP GET /static/home/css/newhomepage/imgs/prof1.png 200 [0.01, 127.0.0.1:2576]
[2020-03-28 14:49:20] INFO [django.channels.server.log_action:141] HTTP GET /static/home/css/newhomepage/imgs/prof2.png 200 [0.01, 127.0.0.1:2576]
[2020-03-28 14:49:42] ERROR [django.security.SuspiciousFileOperation.response_for_exception:74] The joined path (C:\mnt\media\uploads\Work-Experience-Terms-lateef_jamiu.pdf) is located outside of the base path component (C:\mnt\media\)
[2020-03-28 14:49:42] WARNING [django.channels.server.log_action:151] HTTP GET /media/uploads/Work-Experience-Terms-lateef_jamiu.pdf 400 [0.32, 127.0.0.1:2594]
=======
  File "C:\Users\Sam\AppData\Local\Programs\Python\Python37\lib\site-packages\weasyprint\__init__.py", line 396, in _select_source
    with result as result:
  File "C:\Users\Sam\AppData\Local\Programs\Python\Python37\lib\contextlib.py", line 112, in __enter__
    return next(self.gen)
  File "C:\Users\Sam\AppData\Local\Programs\Python\Python37\lib\site-packages\weasyprint\__init__.py", line 406, in _select_source
    with fetch(url_fetcher, url) as result:
  File "C:\Users\Sam\AppData\Local\Programs\Python\Python37\lib\contextlib.py", line 112, in __enter__
    return next(self.gen)
  File "C:\Users\Sam\AppData\Local\Programs\Python\Python37\lib\site-packages\weasyprint\urls.py", line 286, in fetch
    raise URLFetchingError('%s: %s' % (type(exc).__name__, str(exc)))
weasyprint.urls.URLFetchingError: timeout: The read operation timed out
[2020-03-24 11:09:48] ERROR [django.channels.server.log_action:154] HTTP GET /workexperience/profile/ 500 [14.78, 127.0.0.1:2260]
[2020-03-24 11:15:55] INFO [django.channels.server.log_action:141] HTTP GET /workexperience/profile/ 200 [100.53, 127.0.0.1:2600]
[2020-03-24 11:37:40] INFO [django.channels.server.log_action:141] HTTP GET /workexperience/profile/ 200 [239.03, 127.0.0.1:1127]
[2020-03-24 11:41:32] INFO [django.channels.server.log_action:147] HTTP GET /workexperience/profile/ 302 [0.08, 127.0.0.1:2149]
[2020-03-24 11:41:32] INFO [django.channels.server.log_action:141] HTTP GET /accounts/login/?next=/workexperience/profile/ 200 [0.68, 127.0.0.1:2149]
[2020-03-24 11:41:33] INFO [django.channels.server.log_action:141] HTTP GET /static/home/css/styles.css 200 [0.08, 127.0.0.1:2149]
[2020-03-24 11:41:36] WARNING [django.request.get_response:93] Not Found: /favicon.ico
[2020-03-24 11:41:36] WARNING [django.channels.server.log_action:149] HTTP GET /favicon.ico 404 [0.13, 127.0.0.1:2149]
[2020-03-24 11:41:41] INFO [django.channels.server.log_action:147] HTTP POST /login/ 302 [1.03, 127.0.0.1:2149]
[2020-03-24 11:42:18] INFO [django.channels.server.log_action:141] HTTP GET /workexperience/profile/ 200 [36.90, 127.0.0.1:2149]
[2020-03-24 11:42:18] INFO [django.channels.server.log_action:141] HTTP GET /static/home/css/newhomepage/css/main.css 200 [0.37, 127.0.0.1:2265]
[2020-03-24 11:42:23] INFO [django.channels.server.log_action:141] HTTP GET /media/resume/2_NPY5Yl7.jpg 200 [0.24, 127.0.0.1:2265]
[2020-03-24 11:42:23] INFO [django.channels.server.log_action:141] HTTP GET /media/resume/IMG-20190817-WA0018_tw2HzLd.jpg 200 [0.25, 127.0.0.1:2293]
[2020-03-24 11:42:26] INFO [django.channels.server.log_action:141] HTTP GET /media/pdfs/Work-Experience-ISA-mololuwa_olufeko_B8Jdhl7.pdf 200 [0.20, 127.0.0.1:2309]
[2020-03-24 11:42:26] INFO [django.channels.server.log_action:141] HTTP GET /media/pdfs/Work-Experience-Terms-mololuwa_olufeko_PDVlMZo.pdf 200 [0.23, 127.0.0.1:2308]
[2020-03-24 11:42:26] INFO [django.channels.server.log_action:141] HTTP GET /media/pdfs/Work-Experience-Eligibility-mololuwa_olufeko_cHOZ21x.pdf 200 [0.25, 127.0.0.1:2265]
[2020-03-24 11:52:28] INFO [django.channels.server.log_action:141] HTTP GET /workexperience/profile/ 200 [86.37, 127.0.0.1:1657]
[2020-03-24 11:52:31] INFO [django.channels.server.log_action:141] HTTP GET /media/pdfs/Work-Experience-Eligibility-mololuwa_olufeko_co5NNie.pdf 200 [0.17, 127.0.0.1:1657]
[2020-03-24 11:52:31] INFO [django.channels.server.log_action:141] HTTP GET /media/pdfs/Work-Experience-Terms-mololuwa_olufeko_ojgdOkg.pdf 200 [0.12, 127.0.0.1:1860]
[2020-03-24 11:52:31] INFO [django.channels.server.log_action:141] HTTP GET /media/pdfs/Work-Experience-ISA-mololuwa_olufeko_V8676mM.pdf 200 [0.12, 127.0.0.1:1861]
[2020-03-24 11:55:22] INFO [django.channels.server.log_action:141] HTTP GET /workexperience/profile/ 200 [40.89, 127.0.0.1:1954]
[2020-03-24 11:55:24] INFO [django.channels.server.log_action:141] HTTP GET /media/pdfs/Work-Experience-Eligibility-mololuwa_olufeko_pbdaBl0.pdf 200 [0.18, 127.0.0.1:1954]
[2020-03-24 11:55:24] INFO [django.channels.server.log_action:141] HTTP GET /media/pdfs/Work-Experience-ISA-mololuwa_olufeko_9gcfAbr.pdf 200 [0.20, 127.0.0.1:2073]
[2020-03-24 11:55:25] INFO [django.channels.server.log_action:141] HTTP GET /media/pdfs/Work-Experience-Terms-mololuwa_olufeko_mYuDIwL.pdf 200 [0.28, 127.0.0.1:2072]
[2020-03-24 11:58:24] INFO [django.channels.server.log_action:141] HTTP GET /workexperience/profile/ 200 [69.77, 127.0.0.1:2163]
[2020-03-24 11:58:25] INFO [django.channels.server.log_action:145] HTTP GET /static/home/css/newdesigner/js/validation/jquery.validate.js 304 [1.79, 127.0.0.1:2256]
[2020-03-24 11:58:26] INFO [django.channels.server.log_action:145] HTTP GET /static/home/css/newdesigner/css/bootstrap.min.css 304 [1.79, 127.0.0.1:2257]
[2020-03-24 11:58:26] INFO [django.channels.server.log_action:145] HTTP GET /static/home/css/newdesigner/css/style.css 304 [1.78, 127.0.0.1:2259]
[2020-03-24 11:58:26] INFO [django.channels.server.log_action:145] HTTP GET /static/home/css/newdesigner/js/validation/jquery.validation.functions.js 304 [1.80, 127.0.0.1:2163]
[2020-03-24 11:58:26] INFO [django.channels.server.log_action:145] HTTP GET /static/home/css/style.css 304 [1.80, 127.0.0.1:2258]
[2020-03-24 11:58:26] INFO [django.channels.server.log_action:145] HTTP GET /static/home/css/newhomepage/css/newstyle2.css 304 [1.78, 127.0.0.1:2260]
[2020-03-24 11:58:26] INFO [django.channels.server.log_action:145] HTTP GET /static/home/css/newhomepage/css/main.css 304 [0.02, 127.0.0.1:2256]
[2020-03-24 11:58:26] INFO [django.channels.server.log_action:145] HTTP GET /static/home/css/newhomepage/css/newstylenew.css 304 [0.08, 127.0.0.1:2257]
[2020-03-24 11:58:26] INFO [django.channels.server.log_action:145] HTTP GET /static/home/css/newdesigner/js/bootstrap.min.js 304 [0.09, 127.0.0.1:2163]
[2020-03-24 11:58:26] INFO [django.channels.server.log_action:145] HTTP GET /static/Projects/custom/css/projects.css 304 [0.13, 127.0.0.1:2259]
[2020-03-24 11:58:26] INFO [django.channels.server.log_action:145] HTTP GET /static/js/waterbubble.js 304 [0.09, 127.0.0.1:2163]
[2020-03-24 11:58:26] INFO [django.channels.server.log_action:145] HTTP GET /static/faq/js/jquery.mobile.custom.min.js 304 [0.11, 127.0.0.1:2256]
[2020-03-24 11:58:26] INFO [django.channels.server.log_action:145] HTTP GET /static/faq/js/main.js 304 [0.11, 127.0.0.1:2257]
[2020-03-24 11:58:26] INFO [django.channels.server.log_action:145] HTTP GET /static/home/css/jquery-ui-1.12.1.custom/jquery-ui.min.js 304 [0.22, 127.0.0.1:2260]
[2020-03-24 11:58:26] INFO [django.channels.server.log_action:145] HTTP GET /static/home/css/jquery-ui-1.12.1.custom/jquery-ui.min.css 304 [0.22, 127.0.0.1:2258]
[2020-03-24 11:58:26] INFO [django.channels.server.log_action:145] HTTP GET /static/home/css/newdesigner/fonts/fontsstylesheet.css 304 [0.13, 127.0.0.1:2259]
[2020-03-24 11:58:27] INFO [django.channels.server.log_action:145] HTTP GET /static/home/images/logo.png 304 [0.54, 127.0.0.1:2257]
[2020-03-24 11:58:27] INFO [django.channels.server.log_action:145] HTTP GET /static/home/images/icon1.png 304 [0.53, 127.0.0.1:2256]
[2020-03-24 11:58:27] INFO [django.channels.server.log_action:145] HTTP GET /static/home/images/logout1.png 304 [0.53, 127.0.0.1:2258]
[2020-03-24 11:58:27] INFO [django.channels.server.log_action:145] HTTP GET /static/home/css/newhomepage/imgs/jobban2.png 304 [0.26, 127.0.0.1:2257]
[2020-03-24 11:58:27] INFO [django.channels.server.log_action:141] HTTP GET /media/pdfs/Work-Experience-Terms-mololuwa_olufeko_rkpGM3I.pdf 200 [0.83, 127.0.0.1:2259]
[2020-03-24 11:58:27] INFO [django.channels.server.log_action:141] HTTP GET /media/pdfs/Work-Experience-ISA-mololuwa_olufeko_BclboLR.pdf 200 [0.89, 127.0.0.1:2163]
[2020-03-24 11:58:27] INFO [django.channels.server.log_action:145] HTTP GET /media/resume/IMG-20190817-WA0018_tw2HzLd.jpg 304 [0.42, 127.0.0.1:2258]
[2020-03-24 11:58:27] INFO [django.channels.server.log_action:141] HTTP GET /media/pdfs/Work-Experience-Eligibility-mololuwa_olufeko_USnfYdu.pdf 200 [1.05, 127.0.0.1:2260]
[2020-03-24 11:58:27] INFO [django.channels.server.log_action:145] HTTP GET /media/pdfs/Work-Experience-Terms-mololuwa_olufeko_rkpGM3I.pdf 304 [0.28, 127.0.0.1:2259]
[2020-03-24 11:58:27] INFO [django.channels.server.log_action:145] HTTP GET /media/pdfs/Work-Experience-ISA-mololuwa_olufeko_BclboLR.pdf 304 [0.25, 127.0.0.1:2257]
[2020-03-24 11:58:27] INFO [django.channels.server.log_action:145] HTTP GET /media/pdfs/Work-Experience-Eligibility-mololuwa_olufeko_USnfYdu.pdf 304 [0.09, 127.0.0.1:2260]
[2020-03-24 11:58:28] INFO [django.channels.server.log_action:145] HTTP GET /media/resume/2_NPY5Yl7.jpg 304 [1.09, 127.0.0.1:2256]
[2020-03-24 14:08:35] INFO [django.channels.server.log_action:147] HTTP GET /workexperience/profile/ 302 [2.76, 127.0.0.1:1123]
[2020-03-24 14:08:38] INFO [django.channels.server.log_action:141] HTTP GET /timeout 200 [2.59, 127.0.0.1:1123]
[2020-03-24 14:08:41] INFO [django.channels.server.log_action:141] HTTP GET /static/home/css/newhomepage/imgs/proj-list.png 200 [0.38, 127.0.0.1:1123]
[2020-03-24 14:08:45] INFO [django.channels.server.log_action:147] HTTP POST /timeout 302 [0.51, 127.0.0.1:1123]
[2020-03-24 14:17:07] INFO [django.channels.server.log_action:141] HTTP GET /workexperience/profile/ 200 [502.66, 127.0.0.1:1123]
[2020-03-24 14:24:34] ERROR [django.channels.server.log_action:154] HTTP GET /workexperience/profile/ 500 [0.79, 127.0.0.1:1719]
[2020-03-24 14:24:38] ERROR [django.channels.server.log_action:154] HTTP GET /workexperience/profile/ 500 [0.55, 127.0.0.1:1719]
[2020-03-24 14:25:38] INFO [django.channels.server.log_action:141] HTTP GET /workexperience/profile/ 200 [0.57, 127.0.0.1:1823]
[2020-03-24 14:25:42] INFO [django.channels.server.log_action:141] HTTP GET /static/favicon.ico 200 [0.04, 127.0.0.1:1841]
[2020-03-24 14:25:57] INFO [django.channels.server.log_action:141] HTTP GET /workexperience/profile/ 200 [0.37, 127.0.0.1:1857]
[2020-03-24 15:03:13] INFO [django.channels.server.log_action:147] HTTP GET /workexperience/profile/ 302 [0.35, 127.0.0.1:1035]
[2020-03-24 15:03:13] INFO [django.channels.server.log_action:141] HTTP GET /timeout 200 [0.16, 127.0.0.1:1035]
[2020-03-24 15:03:19] INFO [django.channels.server.log_action:147] HTTP POST /timeout 302 [0.28, 127.0.0.1:1035]
[2020-03-24 15:03:19] INFO [django.channels.server.log_action:141] HTTP GET /workexperience/profile/ 200 [0.19, 127.0.0.1:1035]
[2020-03-24 15:03:20] INFO [django.channels.server.log_action:141] HTTP GET /media/resume/IMG-20190817-WA0018_tw2HzLd.jpg 200 [0.20, 127.0.0.1:1036]
[2020-03-24 15:03:20] INFO [django.channels.server.log_action:141] HTTP GET /media/resume/2_NPY5Yl7.jpg 200 [0.22, 127.0.0.1:1035]
[2020-03-24 15:03:51] INFO [django.channels.server.log_action:141] HTTP GET /workexperience/profile/ 200 [0.26, 127.0.0.1:1035]
[2020-03-24 15:04:01] INFO [django.channels.server.log_action:141] HTTP GET /workexperience/profile/ 200 [0.28, 127.0.0.1:1035]
[2020-03-24 15:04:35] INFO [django.channels.server.log_action:141] HTTP GET /workexperience/profile/ 200 [0.31, 127.0.0.1:1035]
[2020-03-24 15:04:52] INFO [django.channels.server.log_action:147] HTTP GET /workexperience/profile/ 302 [0.12, 127.0.0.1:1195]
[2020-03-24 15:04:52] INFO [django.channels.server.log_action:141] HTTP GET /timeout 200 [0.10, 127.0.0.1:1195]
[2020-03-24 15:04:54] INFO [django.channels.server.log_action:147] HTTP GET /workexperience/profile/ 302 [0.02, 127.0.0.1:1195]
[2020-03-24 15:04:54] INFO [django.channels.server.log_action:147] HTTP GET /favicon.ico 302 [0.08, 127.0.0.1:1205]
[2020-03-24 15:04:54] INFO [django.channels.server.log_action:141] HTTP GET /timeout 200 [0.10, 127.0.0.1:1195]
[2020-03-24 15:04:57] INFO [django.channels.server.log_action:145] HTTP GET /static/home/css/newhomepage/imgs/proj-list.png 304 [0.01, 127.0.0.1:1205]
[2020-03-24 15:05:01] INFO [django.channels.server.log_action:147] HTTP POST /timeout 302 [0.20, 127.0.0.1:1195]
[2020-03-24 15:05:01] INFO [django.channels.server.log_action:141] HTTP GET /workexperience/profile/ 200 [0.23, 127.0.0.1:1195]
[2020-03-24 15:05:05] WARNING [django.request.get_response:93] Not Found: /workexperience/profile/None
[2020-03-24 15:05:05] WARNING [django.channels.server.log_action:149] HTTP GET /workexperience/profile/None 404 [0.04, 127.0.0.1:1205]
[2020-03-24 15:05:05] WARNING [django.request.get_response:93] Not Found: /workexperience/profile/None
[2020-03-24 15:05:05] WARNING [django.channels.server.log_action:149] HTTP GET /workexperience/profile/None 404 [0.07, 127.0.0.1:1205]
[2020-03-24 15:05:05] WARNING [django.request.get_response:93] Not Found: /workexperience/profile/None
[2020-03-24 15:05:05] WARNING [django.channels.server.log_action:149] HTTP GET /workexperience/profile/None 404 [0.09, 127.0.0.1:1195]
[2020-03-24 15:05:06] WARNING [django.request.get_response:93] Not Found: /workexperience/profile/None
[2020-03-24 15:05:06] WARNING [django.request.get_response:93] Not Found: /workexperience/profile/None
[2020-03-24 15:05:06] WARNING [django.channels.server.log_action:149] HTTP GET /workexperience/profile/None 404 [0.14, 127.0.0.1:1258]
[2020-03-24 15:05:06] WARNING [django.channels.server.log_action:149] HTTP GET /workexperience/profile/None 404 [0.16, 127.0.0.1:1205]
[2020-03-24 15:05:06] WARNING [django.request.get_response:93] Not Found: /workexperience/profile/None
[2020-03-24 15:05:06] WARNING [django.channels.server.log_action:149] HTTP GET /workexperience/profile/None 404 [0.16, 127.0.0.1:1195]
[2020-03-24 15:12:00] INFO [django.channels.server.log_action:141] HTTP GET /workexperience/profile/ 200 [0.25, 127.0.0.1:1577]
[2020-03-24 15:12:01] INFO [django.channels.server.log_action:141] HTTP GET /media/resume/IMG-20190817-WA0018_tw2HzLd.jpg 200 [0.07, 127.0.0.1:1578]
[2020-03-24 15:12:01] INFO [django.channels.server.log_action:141] HTTP GET /media/resume/2_NPY5Yl7.jpg 200 [0.08, 127.0.0.1:1577]
[2020-03-24 15:16:43] INFO [django.channels.server.log_action:141] HTTP GET /workexperience/profile/ 200 [0.25, 127.0.0.1:2094]
[2020-03-24 15:19:06] INFO [django.channels.server.log_action:147] HTTP GET /admin 301 [0.01, 127.0.0.1:2333]
[2020-03-24 15:19:08] INFO [django.channels.server.log_action:141] HTTP GET /admin/ 200 [2.00, 127.0.0.1:2333]
[2020-03-24 15:19:08] INFO [django.channels.server.log_action:141] HTTP GET /admin/ 200 [0.48, 127.0.0.1:2333]
[2020-03-24 15:19:08] INFO [django.channels.server.log_action:141] HTTP GET /static/admin/css/dashboard.css 200 [0.09, 127.0.0.1:2339]
[2020-03-24 15:19:08] INFO [django.channels.server.log_action:141] HTTP GET /static/admin/css/base.css 200 [0.09, 127.0.0.1:2336]
[2020-03-24 15:19:08] INFO [django.channels.server.log_action:141] HTTP GET /static/admin/css/responsive.css 200 [0.07, 127.0.0.1:2340]
[2020-03-24 15:19:08] INFO [django.channels.server.log_action:141] HTTP GET /static/admin/css/fonts.css 200 [0.03, 127.0.0.1:2340]
[2020-03-24 15:19:12] INFO [django.channels.server.log_action:141] HTTP GET /static/admin/img/icon-deletelink.svg 200 [0.03, 127.0.0.1:2336]
[2020-03-24 15:19:12] INFO [django.channels.server.log_action:141] HTTP GET /static/admin/img/icon-changelink.svg 200 [0.04, 127.0.0.1:2340]
[2020-03-24 15:19:12] INFO [django.channels.server.log_action:141] HTTP GET /static/admin/img/icon-addlink.svg 200 [0.02, 127.0.0.1:2333]
[2020-03-24 15:19:18] INFO [django.channels.server.log_action:141] HTTP GET /static/admin/fonts/Roboto-Bold-webfont.woff 200 [0.11, 127.0.0.1:2412]
[2020-03-24 15:19:18] INFO [django.channels.server.log_action:141] HTTP GET /static/admin/fonts/Roboto-Light-webfont.woff 200 [0.11, 127.0.0.1:2411]
[2020-03-24 15:19:18] INFO [django.channels.server.log_action:141] HTTP GET /static/admin/fonts/Roboto-Regular-webfont.woff 200 [0.11, 127.0.0.1:2413]
[2020-03-24 15:19:49] INFO [django.channels.server.log_action:141] HTTP GET /admin/home/wetask/ 200 [0.20, 127.0.0.1:2477]
[2020-03-24 15:19:49] INFO [django.channels.server.log_action:141] HTTP GET /static/admin/css/changelists.css 200 [0.06, 127.0.0.1:2477]
[2020-03-24 15:19:49] INFO [django.channels.server.log_action:141] HTTP GET /admin/jsi18n/ 200 [0.06, 127.0.0.1:2478]
[2020-03-24 15:19:49] INFO [django.channels.server.log_action:141] HTTP GET /static/admin/js/jquery.init.js 200 [0.06, 127.0.0.1:2483]
[2020-03-24 15:19:49] INFO [django.channels.server.log_action:141] HTTP GET /static/admin/js/actions.js 200 [0.03, 127.0.0.1:2477]
[2020-03-24 15:19:49] INFO [django.channels.server.log_action:141] HTTP GET /static/admin/js/vendor/jquery/jquery.js 200 [0.05, 127.0.0.1:2482]
[2020-03-24 15:19:49] INFO [django.channels.server.log_action:141] HTTP GET /static/admin/js/admin/RelatedObjectLookups.js 200 [0.08, 127.0.0.1:2485]
[2020-03-24 15:19:49] INFO [django.channels.server.log_action:141] HTTP GET /static/admin/js/urlify.js 200 [0.06, 127.0.0.1:2478]
[2020-03-24 15:19:49] INFO [django.channels.server.log_action:141] HTTP GET /static/admin/js/core.js 200 [0.09, 127.0.0.1:2484]
[2020-03-24 15:19:49] INFO [django.channels.server.log_action:141] HTTP GET /static/admin/js/prepopulate.js 200 [0.06, 127.0.0.1:2483]
[2020-03-24 15:19:49] INFO [django.channels.server.log_action:141] HTTP GET /static/admin/js/vendor/xregexp/xregexp.js 200 [0.07, 127.0.0.1:2485]
[2020-03-24 15:19:51] INFO [django.channels.server.log_action:141] HTTP GET /static/admin/img/tooltag-add.svg 200 [0.08, 127.0.0.1:2483]
[2020-03-24 15:19:51] INFO [django.channels.server.log_action:141] HTTP GET /static/admin/img/search.svg 200 [0.08, 127.0.0.1:2482]
[2020-03-24 15:19:51] INFO [django.channels.server.log_action:141] HTTP GET /static/admin/img/sorting-icons.svg 200 [0.10, 127.0.0.1:2485]
[2020-03-24 15:19:55] INFO [django.channels.server.log_action:141] HTTP GET /admin/home/wetask/1/change/ 200 [0.21, 127.0.0.1:2485]
[2020-03-24 15:19:55] INFO [django.channels.server.log_action:141] HTTP GET /static/admin/css/forms.css 200 [0.06, 127.0.0.1:2485]
[2020-03-24 15:19:55] INFO [django.channels.server.log_action:141] HTTP GET /static/admin/js/admin/DateTimeShortcuts.js 200 [0.06, 127.0.0.1:2483]
[2020-03-24 15:19:55] INFO [django.channels.server.log_action:141] HTTP GET /admin/jsi18n/ 200 [0.06, 127.0.0.1:2484]
[2020-03-24 15:19:55] INFO [django.channels.server.log_action:141] HTTP GET /static/admin/js/calendar.js 200 [0.06, 127.0.0.1:2482]
[2020-03-24 15:19:55] INFO [django.channels.server.log_action:141] HTTP GET /static/admin/css/widgets.css 200 [0.01, 127.0.0.1:2484]
[2020-03-24 15:19:57] INFO [django.channels.server.log_action:141] HTTP GET /static/admin/js/change_form.js 200 [0.07, 127.0.0.1:2516]
[2020-03-24 15:20:00] INFO [django.channels.server.log_action:141] HTTP GET /static/admin/js/prepopulate_init.js 200 [0.01, 127.0.0.1:2516]
[2020-03-24 15:20:01] INFO [django.channels.server.log_action:141] HTTP GET /static/admin/img/icon-clock.svg 200 [0.04, 127.0.0.1:2525]
[2020-03-24 15:20:01] INFO [django.channels.server.log_action:141] HTTP GET /static/admin/img/icon-calendar.svg 200 [0.08, 127.0.0.1:2516]
[2020-03-24 15:24:13] INFO [django.channels.server.log_action:147] HTTP POST /admin/home/wetask/1/change/ 302 [0.16, 127.0.0.1:3131]
[2020-03-24 15:24:14] INFO [django.channels.server.log_action:141] HTTP GET /admin/home/wetask/ 200 [0.16, 127.0.0.1:3131]
[2020-03-24 15:24:14] INFO [django.channels.server.log_action:141] HTTP GET /admin/jsi18n/ 200 [0.06, 127.0.0.1:3131]
[2020-03-24 15:24:15] INFO [django.channels.server.log_action:141] HTTP GET /static/admin/img/icon-yes.svg 200 [0.04, 127.0.0.1:3131]
[2020-03-24 15:24:19] INFO [django.channels.server.log_action:141] HTTP GET /workexperience/profile/ 200 [0.23, 127.0.0.1:3156]
[2020-03-24 15:24:25] INFO [django.channels.server.log_action:141] HTTP GET /static/favicon.ico 200 [0.04, 127.0.0.1:3156]
[2020-03-24 15:26:07] INFO [django.channels.server.log_action:141] HTTP GET /workexperience/profile/ 200 [0.29, 127.0.0.1:3379]
[2020-03-24 15:27:22] INFO [django.channels.server.log_action:141] HTTP GET /workexperience/profile/ 200 [0.21, 127.0.0.1:3566]
[2020-03-24 15:28:13] INFO [django.channels.server.log_action:141] HTTP POST /workexperience/workvidmid/1 200 [0.12, 127.0.0.1:3685]
[2020-03-24 15:29:08] INFO [django.channels.server.log_action:141] HTTP POST /workexperience/workvidmid/1 200 [0.12, 127.0.0.1:3779]
[2020-03-24 15:29:19] INFO [django.channels.server.log_action:141] HTTP POST /workexperience/workvidmid/1 200 [0.12, 127.0.0.1:3821]
[2020-03-24 15:29:32] INFO [django.channels.server.log_action:141] HTTP POST /workexperience/workvidmid/1 200 [0.06, 127.0.0.1:3904]
[2020-03-24 15:29:33] INFO [django.channels.server.log_action:141] HTTP POST /workexperience/workvidmid/1 200 [0.03, 127.0.0.1:3911]
[2020-03-24 15:30:47] INFO [django.channels.server.log_action:141] HTTP POST /workexperience/workvidmid/1 200 [0.09, 127.0.0.1:4033]
[2020-03-24 15:32:02] INFO [django.channels.server.log_action:141] HTTP GET /workexperience/profile/ 200 [0.75, 127.0.0.1:4130]
[2020-03-24 15:32:43] INFO [django.channels.server.log_action:141] HTTP POST /workexperience/workvidmid/1 200 [0.07, 127.0.0.1:4230]
[2020-03-24 15:34:38] INFO [django.channels.server.log_action:141] HTTP GET /workexperience/profile/ 200 [0.23, 127.0.0.1:23598]
[2020-03-24 15:34:44] INFO [django.channels.server.log_action:141] HTTP POST /workexperience/workvidmid/1 200 [0.09, 127.0.0.1:23598]
[2020-03-24 15:35:14] INFO [django.channels.server.log_action:141] HTTP GET /workexperience/profile/ 200 [0.35, 127.0.0.1:23659]
[2020-03-24 15:35:29] INFO [django.channels.server.log_action:141] HTTP POST /workexperience/workvidmid/1 200 [0.05, 127.0.0.1:23659]
[2020-03-24 15:36:05] INFO [django.channels.server.log_action:141] HTTP GET /workexperience/profile/ 200 [0.77, 127.0.0.1:23659]
[2020-03-24 15:36:10] INFO [django.channels.server.log_action:141] HTTP POST /workexperience/workvidmid/1 200 [0.16, 127.0.0.1:23659]
[2020-03-24 15:36:24] INFO [django.channels.server.log_action:141] HTTP POST /workexperience/workvidmid/1 200 [0.08, 127.0.0.1:23765]
[2020-03-24 15:38:09] INFO [django.channels.server.log_action:141] HTTP GET /workexperience/profile/ 200 [0.20, 127.0.0.1:23981]
[2020-03-24 15:38:14] INFO [django.channels.server.log_action:141] HTTP POST /workexperience/workvidmid/1 200 [0.02, 127.0.0.1:23981]
[2020-03-24 15:38:15] INFO [django.channels.server.log_action:141] HTTP POST /workexperience/workvidmid/1 200 [0.04, 127.0.0.1:23981]
[2020-03-24 15:38:17] INFO [django.channels.server.log_action:141] HTTP POST /workexperience/workvidmid/1 200 [0.02, 127.0.0.1:23981]
[2020-03-24 15:38:25] INFO [django.channels.server.log_action:141] HTTP POST /workexperience/workvidmid/1 200 [0.03, 127.0.0.1:24019]
[2020-03-24 15:38:32] INFO [django.channels.server.log_action:141] HTTP POST /workexperience/workvidmid/1 200 [0.02, 127.0.0.1:24019]
[2020-03-24 15:40:57] INFO [django.channels.server.log_action:141] HTTP GET /workexperience/profile/ 200 [0.27, 127.0.0.1:24252]
[2020-03-24 15:41:03] INFO [django.channels.server.log_action:141] HTTP POST /workexperience/workvidmid/1 200 [0.03, 127.0.0.1:24277]
[2020-03-24 15:43:31] INFO [django.channels.server.log_action:141] HTTP GET /workexperience/profile/ 200 [0.15, 127.0.0.1:24550]
[2020-03-24 15:44:01] INFO [django.channels.server.log_action:141] HTTP POST /workexperience/workvidmid/1 200 [0.02, 127.0.0.1:24635]
[2020-03-24 15:44:15] INFO [django.channels.server.log_action:141] HTTP POST /workexperience/workvidmid/1 200 [0.02, 127.0.0.1:24660]
[2020-03-24 15:44:16] INFO [django.channels.server.log_action:141] HTTP POST /workexperience/workvidmid/1 200 [0.11, 127.0.0.1:24660]
[2020-03-24 15:45:25] INFO [django.channels.server.log_action:141] HTTP GET /workexperience/profile/ 200 [0.17, 127.0.0.1:24737]
[2020-03-24 15:45:33] INFO [django.channels.server.log_action:141] HTTP POST /workexperience/workvidmid/1 200 [0.19, 127.0.0.1:24761]
[2020-03-24 15:45:53] INFO [django.channels.server.log_action:141] HTTP POST /workexperience/workvidmid/1 200 [0.11, 127.0.0.1:24795]
[2020-03-24 15:45:57] INFO [django.channels.server.log_action:141] HTTP GET /workexperience/profile/ 200 [0.26, 127.0.0.1:24795]
[2020-03-24 15:46:05] INFO [django.channels.server.log_action:141] HTTP POST /workexperience/workvidmid/1 200 [0.03, 127.0.0.1:24827]
[2020-03-24 15:47:04] INFO [django.channels.server.log_action:141] HTTP GET /workexperience/profile/ 200 [0.19, 127.0.0.1:24896]
[2020-03-24 15:47:09] INFO [django.channels.server.log_action:141] HTTP POST /workexperience/workvidmid/1 200 [0.03, 127.0.0.1:24925]
[2020-03-24 15:47:32] INFO [django.channels.server.log_action:141] HTTP GET /workexperience/profile/ 200 [0.21, 127.0.0.1:24948]
[2020-03-24 15:47:39] INFO [django.channels.server.log_action:141] HTTP POST /workexperience/workvidmid/1 200 [0.07, 127.0.0.1:24970]
[2020-03-24 15:47:40] INFO [django.channels.server.log_action:141] HTTP POST /workexperience/workvidmid/1 200 [0.09, 127.0.0.1:24970]
[2020-03-24 15:48:40] INFO [django.channels.server.log_action:141] HTTP GET /workexperience/profile/ 200 [0.20, 127.0.0.1:25088]
[2020-03-24 15:48:41] INFO [django.channels.server.log_action:141] HTTP GET /static/home/css/newdesigner/js/validation/jquery.validation.functions.js 200 [0.06, 127.0.0.1:25088]
[2020-03-24 15:48:41] INFO [django.channels.server.log_action:141] HTTP GET /static/home/css/newdesigner/css/bootstrap.min.css 200 [0.06, 127.0.0.1:25094]
[2020-03-24 15:48:41] INFO [django.channels.server.log_action:141] HTTP GET /static/home/css/style.css 200 [0.07, 127.0.0.1:25095]
[2020-03-24 15:48:41] INFO [django.channels.server.log_action:141] HTTP GET /static/home/css/newdesigner/js/validation/jquery.validate.js 200 [0.12, 127.0.0.1:25089]
[2020-03-24 15:48:41] INFO [django.channels.server.log_action:141] HTTP GET /static/home/css/newdesigner/css/style.css 200 [0.07, 127.0.0.1:25096]
[2020-03-24 15:48:41] INFO [django.channels.server.log_action:141] HTTP GET /static/home/css/newhomepage/css/newstyle2.css 200 [0.10, 127.0.0.1:25097]
[2020-03-24 15:48:41] INFO [django.channels.server.log_action:141] HTTP GET /static/home/css/newhomepage/css/main.css 200 [0.10, 127.0.0.1:25088]
[2020-03-24 15:48:41] INFO [django.channels.server.log_action:141] HTTP GET /static/home/css/newhomepage/css/newstylenew.css 200 [0.06, 127.0.0.1:25094]
[2020-03-24 15:48:41] INFO [django.channels.server.log_action:141] HTTP GET /static/Projects/custom/css/projects.css 200 [0.10, 127.0.0.1:25095]
[2020-03-24 15:48:41] INFO [django.channels.server.log_action:141] HTTP GET /static/home/css/jquery-ui-1.12.1.custom/jquery-ui.min.css 200 [0.11, 127.0.0.1:25096]
[2020-03-24 15:48:41] INFO [django.channels.server.log_action:141] HTTP GET /static/home/css/jquery-ui-1.12.1.custom/jquery-ui.min.js 200 [0.11, 127.0.0.1:25089]
[2020-03-24 15:48:41] INFO [django.channels.server.log_action:141] HTTP GET /static/home/css/newdesigner/fonts/fontsstylesheet.css 200 [0.03, 127.0.0.1:25089]
[2020-03-24 15:48:43] INFO [django.channels.server.log_action:141] HTTP GET /static/home/css/newhomepage/imgs/jobban2.png 200 [0.09, 127.0.0.1:25089]
[2020-03-24 15:48:43] INFO [django.channels.server.log_action:141] HTTP GET /static/home/images/logo.png 200 [0.11, 127.0.0.1:25095]
[2020-03-24 15:48:43] INFO [django.channels.server.log_action:141] HTTP GET /media/resume/2_NPY5Yl7.jpg 200 [0.14, 127.0.0.1:25096]
[2020-03-24 15:48:44] INFO [django.channels.server.log_action:141] HTTP GET /static/home/css/newdesigner/js/bootstrap.min.js 200 [0.08, 127.0.0.1:25122]
[2020-03-24 15:48:44] INFO [django.channels.server.log_action:141] HTTP GET /static/js/waterbubble.js 200 [0.08, 127.0.0.1:25125]
[2020-03-24 15:48:44] INFO [django.channels.server.log_action:141] HTTP GET /static/home/images/icon1.png 200 [0.13, 127.0.0.1:25126]
[2020-03-24 15:48:44] INFO [django.channels.server.log_action:141] HTTP GET /static/home/images/logout1.png 200 [0.06, 127.0.0.1:25122]
[2020-03-24 15:48:44] INFO [django.channels.server.log_action:141] HTTP GET /static/faq/js/main.js 200 [0.17, 127.0.0.1:25124]
[2020-03-24 15:48:44] INFO [django.channels.server.log_action:141] HTTP GET /static/faq/js/jquery.mobile.custom.min.js 200 [0.17, 127.0.0.1:25123]
[2020-03-24 15:48:44] INFO [django.channels.server.log_action:141] HTTP GET /media/resume/IMG-20190817-WA0018_tw2HzLd.jpg 200 [0.16, 127.0.0.1:25125]
[2020-03-24 15:48:54] INFO [django.channels.server.log_action:141] HTTP GET /static/favicon.ico 200 [0.07, 127.0.0.1:25149]
[2020-03-24 15:48:57] INFO [django.channels.server.log_action:141] HTTP POST /workexperience/workvidmid/1 200 [0.09, 127.0.0.1:25149]
[2020-03-24 15:49:08] INFO [django.channels.server.log_action:141] HTTP POST /workexperience/workvidmid/1 200 [0.05, 127.0.0.1:25164]
[2020-03-24 15:49:11] INFO [django.channels.server.log_action:141] HTTP POST /workexperience/workvidmid/1 200 [0.02, 127.0.0.1:25164]
[2020-03-24 15:49:16] INFO [django.channels.server.log_action:141] HTTP POST /workexperience/workvidmid/1 200 [0.08, 127.0.0.1:25176]
[2020-03-24 15:49:33] INFO [django.channels.server.log_action:141] HTTP POST /workexperience/workvidmid/1 200 [0.12, 127.0.0.1:25196]
[2020-03-24 15:50:11] INFO [django.channels.server.log_action:141] HTTP POST /workexperience/workvidmid/1 200 [0.02, 127.0.0.1:25235]
[2020-03-24 15:50:13] INFO [django.channels.server.log_action:141] HTTP POST /workexperience/workvidmid/1 200 [0.06, 127.0.0.1:25238]
[2020-03-24 15:50:16] INFO [django.channels.server.log_action:141] HTTP POST /workexperience/workvidmid/1 200 [0.07, 127.0.0.1:25238]
[2020-03-24 15:50:23] INFO [django.channels.server.log_action:141] HTTP POST /workexperience/workvidend/1 200 [0.03, 127.0.0.1:25238]
[2020-03-25 09:40:04] INFO [django.channels.server.log_action:147] HTTP GET / 302 [0.92, 127.0.0.1:20027]
[2020-03-25 09:40:04] INFO [django.channels.server.log_action:141] HTTP GET /timeout 200 [0.26, 127.0.0.1:20027]
[2020-03-25 09:40:04] INFO [django.channels.server.log_action:141] HTTP GET /static/home/css/newdesigner/js/validation/jquery.validation.functions.js 200 [0.04, 127.0.0.1:20027]
[2020-03-25 09:40:05] INFO [django.channels.server.log_action:141] HTTP GET /static/home/css/newdesigner/css/bootstrap.min.css 200 [0.05, 127.0.0.1:20035]
[2020-03-25 09:40:05] INFO [django.channels.server.log_action:141] HTTP GET /static/home/css/style.css 200 [0.06, 127.0.0.1:20036]
[2020-03-25 09:40:05] INFO [django.channels.server.log_action:141] HTTP GET /static/home/css/newhomepage/css/newstyle2.css 200 [0.06, 127.0.0.1:20038]
[2020-03-25 09:40:05] INFO [django.channels.server.log_action:141] HTTP GET /static/home/css/newhomepage/css/main.css 200 [0.07, 127.0.0.1:20027]
[2020-03-25 09:40:05] INFO [django.channels.server.log_action:141] HTTP GET /static/home/css/newdesigner/css/style.css 200 [0.09, 127.0.0.1:20037]
[2020-03-25 09:40:05] INFO [django.channels.server.log_action:141] HTTP GET /static/home/css/newdesigner/js/validation/jquery.validate.js 200 [0.11, 127.0.0.1:20034]
[2020-03-25 09:40:05] INFO [django.channels.server.log_action:141] HTTP GET /static/home/css/newhomepage/css/newstylenew.css 200 [0.07, 127.0.0.1:20035]
[2020-03-25 09:40:05] INFO [django.channels.server.log_action:141] HTTP GET /static/home/css/jquery-ui-1.12.1.custom/jquery-ui.min.css 200 [0.09, 127.0.0.1:20038]
[2020-03-25 09:40:05] INFO [django.channels.server.log_action:141] HTTP GET /static/home/css/jquery-ui-1.12.1.custom/jquery-ui.min.js 200 [0.09, 127.0.0.1:20027]
[2020-03-25 09:40:05] INFO [django.channels.server.log_action:141] HTTP GET /static/Projects/custom/css/projects.css 200 [0.13, 127.0.0.1:20036]
[2020-03-25 09:40:05] INFO [django.channels.server.log_action:141] HTTP GET /static/home/images/logo.png 200 [0.04, 127.0.0.1:20036]
[2020-03-25 09:40:05] INFO [django.channels.server.log_action:141] HTTP GET /static/home/images/icon1.png 200 [0.05, 127.0.0.1:20027]
[2020-03-25 09:40:05] INFO [django.channels.server.log_action:141] HTTP GET /static/home/css/newdesigner/fonts/fontsstylesheet.css 200 [0.03, 127.0.0.1:20038]
[2020-03-25 09:40:05] INFO [django.channels.server.log_action:141] HTTP GET /static/home/css/newdesigner/js/bootstrap.min.js 200 [0.05, 127.0.0.1:20038]
[2020-03-25 09:40:05] INFO [django.channels.server.log_action:141] HTTP GET /static/faq/js/jquery.mobile.custom.min.js 200 [0.06, 127.0.0.1:20027]
[2020-03-25 09:40:05] INFO [django.channels.server.log_action:141] HTTP GET /static/faq/js/main.js 200 [0.02, 127.0.0.1:20027]
[2020-03-25 09:40:05] INFO [django.channels.server.log_action:141] HTTP GET /static/js/waterbubble.js 200 [0.03, 127.0.0.1:20038]
[2020-03-25 09:40:05] INFO [django.channels.server.log_action:141] HTTP GET /static/home/images/logout1.png 200 [0.02, 127.0.0.1:20027]
[2020-03-25 09:40:07] INFO [django.channels.server.log_action:141] HTTP GET /static/home/css/newhomepage/imgs/proj-list.png 200 [0.09, 127.0.0.1:20027]
[2020-03-25 09:40:15] INFO [django.channels.server.log_action:147] HTTP POST /timeout 302 [0.21, 127.0.0.1:20063]
[2020-03-25 09:40:15] INFO [django.channels.server.log_action:141] HTTP GET / 200 [0.19, 127.0.0.1:20063]
[2020-03-25 09:40:15] INFO [django.channels.server.log_action:141] HTTP GET /static/home/css/testimonial-timeline.css 200 [0.05, 127.0.0.1:20063]
[2020-03-25 09:40:15] INFO [django.channels.server.log_action:141] HTTP GET /static/home/css/newhomepage/imgs/LaptopBook.png 200 [0.07, 127.0.0.1:20064]
[2020-03-25 09:40:15] INFO [django.channels.server.log_action:141] HTTP GET /static/home/css/newhomepage/imgs/jobphone.png 200 [0.07, 127.0.0.1:20074]
[2020-03-25 09:40:16] INFO [django.channels.server.log_action:141] HTTP GET /static/home/css/newhomepage/imgs/homelive.png 200 [0.03, 127.0.0.1:20074]
[2020-03-25 09:40:16] INFO [django.channels.server.log_action:141] HTTP GET /static/home/css/newhomepage/imgs/get2.png 200 [0.02, 127.0.0.1:20064]
[2020-03-25 09:40:16] INFO [django.channels.server.log_action:141] HTTP GET /static/home/css/newhomepage/imgs/get3.png 200 [0.03, 127.0.0.1:20074]
[2020-03-25 09:40:16] INFO [django.channels.server.log_action:141] HTTP GET /static/home/css/newhomepage/imgs/get1.png 200 [0.02, 127.0.0.1:20074]
[2020-03-25 09:40:16] INFO [django.channels.server.log_action:141] HTTP GET /static/home/images/kenna.png 200 [0.02, 127.0.0.1:20074]
[2020-03-25 09:40:16] INFO [django.channels.server.log_action:141] HTTP GET /static/home/images/adekunle.png 200 [0.06, 127.0.0.1:20064]
[2020-03-25 09:40:16] INFO [django.channels.server.log_action:141] HTTP GET /static/home/images/fetigue.png 200 [0.03, 127.0.0.1:20074]
[2020-03-25 09:40:17] INFO [django.channels.server.log_action:141] HTTP GET /static/home/css/newhomepage/imgs/jobban2.png 200 [0.05, 127.0.0.1:20074]
[2020-03-25 09:40:17] INFO [django.channels.server.log_action:141] HTTP GET /static/home/css/newhomepage/imgs/homebanner.png 200 [0.05, 127.0.0.1:20064]
[2020-03-25 09:40:19] INFO [django.channels.server.log_action:141] HTTP POST /ulocation 200 [0.03, 127.0.0.1:20064]
[2020-03-25 09:41:45] INFO [django.channels.server.log_action:147] HTTP GET /workexperience/ 302 [0.04, 127.0.0.1:20127]
[2020-03-25 09:42:33] INFO [django.channels.server.log_action:141] HTTP GET /workexperience/profile/ 200 [48.17, 127.0.0.1:20127]
[2020-03-25 09:42:33] INFO [django.channels.server.log_action:141] HTTP GET /media/resume/2_NPY5Yl7.jpg 200 [0.09, 127.0.0.1:20127]
[2020-03-25 09:42:33] INFO [django.channels.server.log_action:141] HTTP GET /media/resume/IMG-20190817-WA0018_tw2HzLd.jpg 200 [0.10, 127.0.0.1:20212]
[2020-03-25 09:43:41] INFO [django.channels.server.log_action:141] HTTP POST /workexperience/workvidmid/1 200 [0.04, 127.0.0.1:20256]
[2020-03-25 09:44:05] INFO [django.channels.server.log_action:141] HTTP GET /complete_training/aws 200 [0.19, 127.0.0.1:20266]
[2020-03-25 09:44:05] INFO [django.channels.server.log_action:141] HTTP GET /static/home/images/sucaws.png 200 [0.01, 127.0.0.1:20266]
[2020-03-25 09:44:05] INFO [django.channels.server.log_action:141] HTTP GET /static/home/images/Vector2.png 200 [0.01, 127.0.0.1:20267]
[2020-03-25 09:44:05] INFO [django.channels.server.log_action:141] HTTP GET /static/home/images/awsicon1.png 200 [0.03, 127.0.0.1:20267]
[2020-03-25 09:44:05] INFO [django.channels.server.log_action:141] HTTP GET /static/home/images/awsicon2.png 200 [0.03, 127.0.0.1:20266]
[2020-03-25 09:44:05] INFO [django.channels.server.log_action:141] HTTP GET /static/home/images/awsicon3.png 200 [0.03, 127.0.0.1:20266]
[2020-03-25 09:44:05] INFO [django.channels.server.log_action:141] HTTP GET /static/home/images/awsicon4.png 200 [0.06, 127.0.0.1:20267]
[2020-03-25 09:44:05] INFO [django.channels.server.log_action:141] HTTP GET /static/home/images/awsicon6.png 200 [0.01, 127.0.0.1:20267]
[2020-03-25 09:44:05] INFO [django.channels.server.log_action:141] HTTP GET /static/home/images/awsicon5.png 200 [0.06, 127.0.0.1:20266]
[2020-03-25 09:44:05] INFO [django.channels.server.log_action:141] HTTP GET /static/home/images/awsicon7.png 200 [0.03, 127.0.0.1:20267]
[2020-03-25 09:44:07] INFO [django.channels.server.log_action:141] HTTP GET /static/home/css/newhomepage/imgs/awsft.png 200 [0.06, 127.0.0.1:20267]
[2020-03-25 09:47:23] INFO [django.channels.server.log_action:141] HTTP GET / 200 [0.15, 127.0.0.1:20392]
[2020-03-25 09:47:27] INFO [django.channels.server.log_action:141] HTTP POST /ulocation 200 [0.07, 127.0.0.1:20392]
[2020-03-25 09:48:18] INFO [django.channels.server.log_action:141] HTTP GET / 200 [0.40, 127.0.0.1:20476]
[2020-03-25 09:48:20] INFO [django.channels.server.log_action:141] HTTP POST /ulocation 200 [0.02, 127.0.0.1:20476]
[2020-03-25 09:48:23] ERROR [django.request.handle_uncaught_exception:118] Internal Server Error: /complete_training/aws
Traceback (most recent call last):
  File "C:\Users\Sam\AppData\Local\Programs\Python\Python37\lib\site-packages\django\core\handlers\exception.py", line 35, in inner
    response = get_response(request)
  File "C:\Users\Sam\AppData\Local\Programs\Python\Python37\lib\site-packages\django\core\handlers\base.py", line 128, in _get_response
    response = self.process_exception_by_middleware(e, request)
  File "C:\Users\Sam\AppData\Local\Programs\Python\Python37\lib\site-packages\django\core\handlers\base.py", line 126, in _get_response
    response = wrapped_callback(request, *callback_args, **callback_kwargs)
  File "E:\Documents\Web\linux-contract\Django\Linuxjobber\home\views.py", line 886, in completeclass
    if td > page.due_date:
TypeError: can't compare offset-naive and offset-aware datetimes
[2020-03-25 09:48:23] ERROR [django.channels.server.log_action:154] HTTP GET /complete_training/aws 500 [0.13, 127.0.0.1:20476]
[2020-03-25 09:48:24] WARNING [django.request.get_response:93] Not Found: /favicon.ico
[2020-03-25 09:48:24] WARNING [django.channels.server.log_action:149] HTTP GET /favicon.ico 404 [0.06, 127.0.0.1:20476]
[2020-03-25 09:48:49] ERROR [django.request.handle_uncaught_exception:118] Internal Server Error: /complete_training/aws
Traceback (most recent call last):
  File "C:\Users\Sam\AppData\Local\Programs\Python\Python37\lib\site-packages\django\core\handlers\exception.py", line 35, in inner
    response = get_response(request)
  File "C:\Users\Sam\AppData\Local\Programs\Python\Python37\lib\site-packages\django\core\handlers\base.py", line 128, in _get_response
    response = self.process_exception_by_middleware(e, request)
  File "C:\Users\Sam\AppData\Local\Programs\Python\Python37\lib\site-packages\django\core\handlers\base.py", line 126, in _get_response
    response = wrapped_callback(request, *callback_args, **callback_kwargs)
  File "E:\Documents\Web\linux-contract\Django\Linuxjobber\home\views.py", line 886, in completeclass
    if td > page.due_date:
TypeError: can't compare offset-naive and offset-aware datetimes
[2020-03-25 09:48:49] ERROR [django.channels.server.log_action:154] HTTP GET /complete_training/aws 500 [0.06, 127.0.0.1:20506]
[2020-03-26 19:02:05] INFO [django.channels.server.log_action:147] HTTP GET / 302 [1.20, 127.0.0.1:1141]
[2020-03-26 19:02:06] INFO [django.channels.server.log_action:141] HTTP GET /timeout 200 [0.39, 127.0.0.1:1141]
[2020-03-26 19:02:08] INFO [django.channels.server.log_action:141] HTTP GET /static/home/css/newdesigner/css/bootstrap.min.css 200 [0.08, 127.0.0.1:1146]
[2020-03-26 19:02:08] INFO [django.channels.server.log_action:141] HTTP GET /static/home/css/newdesigner/js/validation/jquery.validate.js 200 [0.23, 127.0.0.1:1142]
[2020-03-26 19:02:08] INFO [django.channels.server.log_action:141] HTTP GET /static/home/css/newdesigner/js/validation/jquery.validation.functions.js 200 [0.28, 127.0.0.1:1141]
[2020-03-26 19:02:08] INFO [django.channels.server.log_action:141] HTTP GET /static/home/css/newhomepage/css/newstyle2.css 200 [0.21, 127.0.0.1:1149]
[2020-03-26 19:02:08] INFO [django.channels.server.log_action:141] HTTP GET /static/home/css/newhomepage/css/main.css 200 [0.14, 127.0.0.1:1146]
[2020-03-26 19:02:08] INFO [django.channels.server.log_action:141] HTTP GET /static/home/css/newdesigner/css/style.css 200 [0.24, 127.0.0.1:1148]
[2020-03-26 19:02:08] INFO [django.channels.server.log_action:141] HTTP GET /static/home/css/newhomepage/css/newstylenew.css 200 [0.22, 127.0.0.1:1141]
[2020-03-26 19:02:08] INFO [django.channels.server.log_action:141] HTTP GET /static/home/css/style.css 200 [0.38, 127.0.0.1:1147]
[2020-03-26 19:02:08] INFO [django.channels.server.log_action:141] HTTP GET /static/Projects/custom/css/projects.css 200 [0.43, 127.0.0.1:1142]
[2020-03-26 19:02:08] INFO [django.channels.server.log_action:141] HTTP GET /static/home/css/jquery-ui-1.12.1.custom/jquery-ui.min.css 200 [0.45, 127.0.0.1:1149]
[2020-03-26 19:02:08] INFO [django.channels.server.log_action:141] HTTP GET /static/home/css/jquery-ui-1.12.1.custom/jquery-ui.min.js 200 [0.43, 127.0.0.1:1146]
[2020-03-26 19:02:19] INFO [django.channels.server.log_action:141] HTTP GET /static/home/images/logo.png 200 [0.08, 127.0.0.1:1168]
[2020-03-26 19:02:19] INFO [django.channels.server.log_action:141] HTTP GET /static/home/images/icon1.png 200 [0.09, 127.0.0.1:1169]
[2020-03-26 19:02:19] INFO [django.channels.server.log_action:141] HTTP GET /static/home/css/newdesigner/js/bootstrap.min.js 200 [0.05, 127.0.0.1:1169]
[2020-03-26 19:02:20] INFO [django.channels.server.log_action:141] HTTP GET /static/faq/js/jquery.mobile.custom.min.js 200 [0.17, 127.0.0.1:1168]
[2020-03-26 19:02:20] INFO [django.channels.server.log_action:141] HTTP GET /static/faq/js/main.js 200 [0.15, 127.0.0.1:1169]
[2020-03-26 19:02:20] INFO [django.channels.server.log_action:141] HTTP GET /static/home/images/logout1.png 200 [0.05, 127.0.0.1:1168]
[2020-03-26 19:02:20] INFO [django.channels.server.log_action:141] HTTP GET /static/js/waterbubble.js 200 [0.07, 127.0.0.1:1169]
[2020-03-26 19:02:46] INFO [django.channels.server.log_action:141] HTTP GET /static/home/css/newdesigner/fonts/fontsstylesheet.css 200 [0.60, 127.0.0.1:1232]
[2020-03-26 19:02:48] INFO [django.channels.server.log_action:141] HTTP GET /static/home/css/newhomepage/imgs/proj-list.png 200 [1.52, 127.0.0.1:1232]
[2020-03-26 19:03:00] INFO [django.channels.server.log_action:147] HTTP POST /timeout 302 [0.56, 127.0.0.1:1244]
[2020-03-26 19:03:00] INFO [django.channels.server.log_action:141] HTTP GET / 200 [0.62, 127.0.0.1:1244]
[2020-03-26 19:03:01] INFO [django.channels.server.log_action:141] HTTP GET /static/home/css/testimonial-timeline.css 200 [0.16, 127.0.0.1:1244]
[2020-03-26 19:03:34] INFO [django.channels.server.log_action:141] HTTP GET /static/home/css/newhomepage/imgs/jobphone.png 200 [0.05, 127.0.0.1:1291]
[2020-03-26 19:03:34] INFO [django.channels.server.log_action:141] HTTP GET /static/home/css/newhomepage/imgs/LaptopBook.png 200 [0.06, 127.0.0.1:1290]
[2020-03-26 19:03:34] INFO [django.channels.server.log_action:141] HTTP GET /static/home/css/newhomepage/imgs/homelive.png 200 [0.03, 127.0.0.1:1291]
[2020-03-26 19:03:34] INFO [django.channels.server.log_action:141] HTTP GET /static/home/css/newhomepage/imgs/get2.png 200 [0.04, 127.0.0.1:1291]
[2020-03-26 19:03:34] INFO [django.channels.server.log_action:141] HTTP GET /static/home/css/newhomepage/imgs/get3.png 200 [0.09, 127.0.0.1:1290]
[2020-03-26 19:03:34] INFO [django.channels.server.log_action:141] HTTP GET /static/home/css/newhomepage/imgs/get1.png 200 [0.05, 127.0.0.1:1290]
[2020-03-26 19:03:34] INFO [django.channels.server.log_action:141] HTTP GET /static/home/images/kenna.png 200 [0.11, 127.0.0.1:1290]
[2020-03-26 19:03:34] INFO [django.channels.server.log_action:141] HTTP GET /static/home/images/adekunle.png 200 [0.19, 127.0.0.1:1291]
[2020-03-26 19:03:34] INFO [django.channels.server.log_action:141] HTTP GET /static/home/images/fetigue.png 200 [0.06, 127.0.0.1:1290]
[2020-03-26 19:03:37] INFO [django.channels.server.log_action:141] HTTP GET /static/home/css/newhomepage/imgs/jobban2.png 200 [0.12, 127.0.0.1:1290]
[2020-03-26 19:03:37] INFO [django.channels.server.log_action:141] HTTP GET /static/home/css/newhomepage/imgs/homebanner.png 200 [0.13, 127.0.0.1:1291]
[2020-03-26 19:03:45] INFO [django.channels.server.log_action:141] HTTP POST /ulocation 200 [0.16, 127.0.0.1:1321]
[2020-03-26 19:05:17] INFO [django.channels.server.log_action:141] HTTP GET /workexperience/profile/ 200 [60.18, 127.0.0.1:1364]
[2020-03-26 19:05:21] INFO [django.channels.server.log_action:141] HTTP GET /media/resume/IMG-20190817-WA0018_tw2HzLd.jpg 200 [0.83, 127.0.0.1:1459]
[2020-03-26 19:05:21] INFO [django.channels.server.log_action:141] HTTP GET /media/resume/2_NPY5Yl7.jpg 200 [1.06, 127.0.0.1:1364]
[2020-03-26 19:08:36] INFO [django.channels.server.log_action:141] HTTP GET /workexperience/profile/ 200 [64.18, 127.0.0.1:1501]
[2020-03-26 19:12:26] INFO [django.channels.server.log_action:141] HTTP GET /workexperience/profile/ 200 [63.30, 127.0.0.1:1708]
[2020-03-26 19:16:36] INFO [django.channels.server.log_action:141] HTTP GET /workexperience/profile/ 200 [170.96, 127.0.0.1:1872]
[2020-03-26 19:20:06] INFO [django.channels.server.log_action:141] HTTP GET /static/favicon.ico 200 [0.11, 127.0.0.1:2407]
[2020-03-26 19:20:06] INFO [django.channels.server.log_action:141] HTTP POST /workexperience/workvidmid/1 200 [0.31, 127.0.0.1:2406]
>>>>>>> ee3bff49c12d2df288a97e7f4d31f115c3a2c27f
