[2020-03-21 09:56:50] INFO [django.channels.server.log_action:141] HTTP GET /timeout 200 [0.42, 127.0.0.1:2959]
[2020-03-21 09:56:56] ERROR [django.request.handle_uncaught_exception:118] Internal Server Error: /timeout
Traceback (most recent call last):
  File "C:\Users\Sam\AppData\Local\Programs\Python\Python37\lib\site-packages\django\core\handlers\exception.py", line 35, in inner
    response = get_response(request)
  File "C:\Users\Sam\AppData\Local\Programs\Python\Python37\lib\site-packages\django\core\handlers\base.py", line 128, in _get_response
    response = self.process_exception_by_middleware(e, request)
  File "C:\Users\Sam\AppData\Local\Programs\Python\Python37\lib\site-packages\django\core\handlers\base.py", line 126, in _get_response
    response = wrapped_callback(request, *callback_args, **callback_kwargs)
  File "E:\Documents\Web\linux-contract\Django\Linuxjobber\home\views.py", line 3242, in timeout_handler
    user = CustomUser.objects.get(username=request.user.username)
  File "C:\Users\Sam\AppData\Local\Programs\Python\Python37\lib\site-packages\django\db\models\manager.py", line 82, in manager_method
    return getattr(self.get_queryset(), name)(*args, **kwargs)
  File "C:\Users\Sam\AppData\Local\Programs\Python\Python37\lib\site-packages\django\db\models\query.py", line 403, in get
    self.model._meta.object_name
users.models.DoesNotExist: CustomUser matching query does not exist.
[2020-03-21 09:56:56] ERROR [django.channels.server.log_action:154] HTTP POST /timeout 500 [0.05, 127.0.0.1:2982]
[2020-03-21 09:57:32] INFO [django.channels.server.log_action:141] HTTP GET /timeout 200 [0.45, 127.0.0.1:2992]
[2020-03-21 09:57:40] ERROR [django.request.handle_uncaught_exception:118] Internal Server Error: /timeout
Traceback (most recent call last):
  File "C:\Users\Sam\AppData\Local\Programs\Python\Python37\lib\site-packages\django\core\handlers\exception.py", line 35, in inner
    response = get_response(request)
  File "C:\Users\Sam\AppData\Local\Programs\Python\Python37\lib\site-packages\django\core\handlers\base.py", line 128, in _get_response
    response = self.process_exception_by_middleware(e, request)
  File "C:\Users\Sam\AppData\Local\Programs\Python\Python37\lib\site-packages\django\core\handlers\base.py", line 126, in _get_response
    response = wrapped_callback(request, *callback_args, **callback_kwargs)
  File "E:\Documents\Web\linux-contract\Django\Linuxjobber\home\views.py", line 3242, in timeout_handler
    user = CustomUser.objects.get(username=request.user.username)
  File "C:\Users\Sam\AppData\Local\Programs\Python\Python37\lib\site-packages\django\db\models\manager.py", line 82, in manager_method
    return getattr(self.get_queryset(), name)(*args, **kwargs)
  File "C:\Users\Sam\AppData\Local\Programs\Python\Python37\lib\site-packages\django\db\models\query.py", line 403, in get
    self.model._meta.object_name
users.models.DoesNotExist: CustomUser matching query does not exist.
[2020-03-21 09:57:40] ERROR [django.channels.server.log_action:154] HTTP POST /timeout 500 [0.05, 127.0.0.1:3007]
[2020-03-21 09:59:29] INFO [django.channels.server.log_action:141] HTTP GET /logout 200 [0.08, 127.0.0.1:3086]
[2020-03-21 09:59:33] INFO [django.channels.server.log_action:141] HTTP GET / 200 [0.16, 127.0.0.1:3086]
[2020-03-21 09:59:36] INFO [django.channels.server.log_action:141] HTTP POST /ulocation 200 [0.01, 127.0.0.1:3117]
[2020-03-21 09:59:36] INFO [django.channels.server.log_action:141] HTTP GET /login/ 200 [0.09, 127.0.0.1:3117]
[2020-03-21 09:59:44] INFO [django.channels.server.log_action:147] HTTP POST /login/ 302 [0.51, 127.0.0.1:3117]
[2020-03-21 09:59:44] INFO [django.channels.server.log_action:141] HTTP GET /courses/userinterest 200 [0.14, 127.0.0.1:3117]
[2020-03-21 09:59:44] INFO [django.channels.server.log_action:141] HTTP GET /static/home/images/button-left.png 200 [0.06, 127.0.0.1:3136]
[2020-03-21 09:59:44] INFO [django.channels.server.log_action:141] HTTP GET /static/home/images/lin-logo.png 200 [0.07, 127.0.0.1:3117]
[2020-03-21 09:59:44] INFO [django.channels.server.log_action:141] HTTP GET /static/home/images/ppt.png 200 [0.02, 127.0.0.1:3117]
[2020-03-21 09:59:44] INFO [django.channels.server.log_action:141] HTTP GET /static/home/images/amazons.png 200 [0.05, 127.0.0.1:3136]
[2020-03-21 09:59:44] INFO [django.channels.server.log_action:141] HTTP GET /static/home/images/jjava.png 200 [0.04, 127.0.0.1:3117]
[2020-03-21 09:59:44] INFO [django.channels.server.log_action:141] HTTP GET /static/home/images/rchsaa.png 200 [0.02, 127.0.0.1:3136]
[2020-03-21 09:59:44] INFO [django.channels.server.log_action:141] HTTP GET /static/home/images/ajs.png 200 [0.02, 127.0.0.1:3117]
[2020-03-21 09:59:44] INFO [django.channels.server.log_action:141] HTTP GET /static/home/images/csecurity.png 200 [0.02, 127.0.0.1:3117]
[2020-03-21 09:59:44] INFO [django.channels.server.log_action:141] HTTP GET /static/home/images/biz.png 200 [0.02, 127.0.0.1:3136]
[2020-03-21 09:59:44] INFO [django.channels.server.log_action:141] HTTP GET /static/home/images/dba.png 200 [0.03, 127.0.0.1:3136]
[2020-03-21 09:59:44] INFO [django.channels.server.log_action:141] HTTP GET /static/home/images/py.png 200 [0.03, 127.0.0.1:3117]
[2020-03-21 09:59:46] INFO [django.channels.server.log_action:141] HTTP GET /static/home/css/newhomepage/imgs//list-bg.png 200 [0.07, 127.0.0.1:3117]
[2020-03-21 09:59:47] INFO [django.channels.server.log_action:141] HTTP POST /ulocation 200 [0.03, 127.0.0.1:3117]
[2020-03-21 09:59:49] INFO [django.channels.server.log_action:147] HTTP GET /workexperience/ 302 [0.05, 127.0.0.1:3117]
[2020-03-21 10:00:18] INFO [django.channels.server.log_action:141] HTTP GET /workexperience/profile/ 200 [28.84, 127.0.0.1:3117]
[2020-03-21 10:00:19] INFO [django.channels.server.log_action:141] HTTP GET /media/resume/2_NPY5Yl7.jpg 200 [0.13, 127.0.0.1:3117]
[2020-03-21 10:00:19] INFO [django.channels.server.log_action:141] HTTP GET /media/resume/5dfa4f8b85226_1Qs1hn5.png 200 [0.13, 127.0.0.1:3117]
[2020-03-21 10:00:19] INFO [django.channels.server.log_action:141] HTTP GET /media/resume/3_ODco5Hh.jpg 200 [0.04, 127.0.0.1:3117]
[2020-03-21 10:01:14] INFO [django.channels.server.log_action:141] HTTP GET /workexperience/profile/ 200 [25.08, 127.0.0.1:3258]
[2020-03-21 10:01:15] INFO [django.channels.server.log_action:141] HTTP GET /static/home/css/newdesigner/js/validation/jquery.validation.functions.js 200 [0.07, 127.0.0.1:3258]
[2020-03-21 10:01:15] INFO [django.channels.server.log_action:141] HTTP GET /static/home/css/newdesigner/js/validation/jquery.validate.js 200 [0.08, 127.0.0.1:3329]
[2020-03-21 10:01:15] INFO [django.channels.server.log_action:141] HTTP GET /static/home/css/newhomepage/css/main.css 200 [0.02, 127.0.0.1:3258]
[2020-03-21 10:01:15] INFO [django.channels.server.log_action:141] HTTP GET /static/home/css/newdesigner/css/bootstrap.min.css 200 [0.10, 127.0.0.1:3332]
[2020-03-21 10:01:15] INFO [django.channels.server.log_action:141] HTTP GET /static/home/css/newdesigner/css/style.css 200 [0.07, 127.0.0.1:3334]
[2020-03-21 10:01:15] INFO [django.channels.server.log_action:141] HTTP GET /static/home/css/style.css 200 [0.09, 127.0.0.1:3333]
[2020-03-21 10:01:15] INFO [django.channels.server.log_action:141] HTTP GET /static/home/css/newhomepage/css/newstyle2.css 200 [0.08, 127.0.0.1:3335]
[2020-03-21 10:01:15] INFO [django.channels.server.log_action:141] HTTP GET /static/home/css/newhomepage/css/newstylenew.css 200 [0.12, 127.0.0.1:3329]
[2020-03-21 10:01:15] INFO [django.channels.server.log_action:141] HTTP GET /static/Projects/custom/css/projects.css 200 [0.08, 127.0.0.1:3258]
[2020-03-21 10:01:15] INFO [django.channels.server.log_action:141] HTTP GET /static/home/css/jquery-ui-1.12.1.custom/jquery-ui.min.css 200 [0.08, 127.0.0.1:3332]
[2020-03-21 10:01:15] INFO [django.channels.server.log_action:141] HTTP GET /static/home/css/jquery-ui-1.12.1.custom/jquery-ui.min.js 200 [0.08, 127.0.0.1:3334]
[2020-03-21 10:01:15] INFO [django.channels.server.log_action:141] HTTP GET /static/home/images/logo.png 200 [0.08, 127.0.0.1:3333]
[2020-03-21 10:01:15] INFO [django.channels.server.log_action:141] HTTP GET /static/home/images/icon1.png 200 [0.04, 127.0.0.1:3335]
[2020-03-21 10:01:15] INFO [django.channels.server.log_action:141] HTTP GET /static/home/css/newdesigner/fonts/fontsstylesheet.css 200 [0.05, 127.0.0.1:3332]
[2020-03-21 10:01:15] INFO [django.channels.server.log_action:141] HTTP GET /static/home/css/newdesigner/js/bootstrap.min.js 200 [0.02, 127.0.0.1:3335]
[2020-03-21 10:01:15] INFO [django.channels.server.log_action:141] HTTP GET /static/faq/js/jquery.mobile.custom.min.js 200 [0.04, 127.0.0.1:3335]
[2020-03-21 10:01:15] INFO [django.channels.server.log_action:141] HTTP GET /static/faq/js/main.js 200 [0.05, 127.0.0.1:3335]
[2020-03-21 10:01:15] INFO [django.channels.server.log_action:141] HTTP GET /static/js/waterbubble.js 200 [0.02, 127.0.0.1:3335]
[2020-03-21 10:01:15] INFO [django.channels.server.log_action:141] HTTP GET /static/home/images/logout1.png 200 [0.06, 127.0.0.1:3335]
[2020-03-21 10:01:15] INFO [django.channels.server.log_action:141] HTTP GET /media/resume/2_NPY5Yl7.jpg 200 [0.05, 127.0.0.1:3335]
[2020-03-21 10:01:15] INFO [django.channels.server.log_action:141] HTTP GET /media/resume/5dfa4f8b85226_1Qs1hn5.png 200 [0.06, 127.0.0.1:3335]
[2020-03-21 10:01:15] INFO [django.channels.server.log_action:141] HTTP GET /media/resume/3_ODco5Hh.jpg 200 [0.04, 127.0.0.1:3335]
[2020-03-21 10:01:17] INFO [django.channels.server.log_action:141] HTTP GET /static/home/css/newhomepage/imgs/jobban2.png 200 [0.04, 127.0.0.1:3335]
[2020-03-21 10:01:18] INFO [django.channels.server.log_action:141] HTTP GET /static/favicon.ico 200 [0.07, 127.0.0.1:3335]
[2020-03-22 11:55:00] INFO [django.channels.server.log_action:147] HTTP GET / 302 [0.88, 127.0.0.1:17016]
[2020-03-22 11:55:01] INFO [django.channels.server.log_action:141] HTTP GET /timeout 200 [0.27, 127.0.0.1:17016]
[2020-03-22 11:55:01] INFO [django.channels.server.log_action:141] HTTP GET /static/home/css/newdesigner/js/validation/jquery.validation.functions.js 200 [0.04, 127.0.0.1:17016]
[2020-03-22 11:55:01] INFO [django.channels.server.log_action:141] HTTP GET /static/home/css/newdesigner/js/validation/jquery.validate.js 200 [0.05, 127.0.0.1:17017]
[2020-03-22 11:55:01] INFO [django.channels.server.log_action:141] HTTP GET /static/home/css/newdesigner/css/bootstrap.min.css 200 [0.05, 127.0.0.1:17022]
[2020-03-22 11:55:01] INFO [django.channels.server.log_action:141] HTTP GET /static/home/css/newdesigner/css/style.css 200 [0.04, 127.0.0.1:17025]
[2020-03-22 11:55:01] INFO [django.channels.server.log_action:141] HTTP GET /static/home/css/style.css 200 [0.07, 127.0.0.1:17023]
[2020-03-22 11:55:01] INFO [django.channels.server.log_action:141] HTTP GET /static/home/css/newhomepage/css/newstylenew.css 200 [0.06, 127.0.0.1:17017]
[2020-03-22 11:55:01] INFO [django.channels.server.log_action:141] HTTP GET /static/home/css/newhomepage/css/newstyle2.css 200 [0.10, 127.0.0.1:17024]
[2020-03-22 11:55:01] INFO [django.channels.server.log_action:141] HTTP GET /static/home/css/newhomepage/css/main.css 200 [0.10, 127.0.0.1:17016]
[2020-03-22 11:55:01] INFO [django.channels.server.log_action:141] HTTP GET /static/home/images/icon1.png 200 [0.05, 127.0.0.1:17024]
[2020-03-22 11:55:01] INFO [django.channels.server.log_action:141] HTTP GET /static/home/css/jquery-ui-1.12.1.custom/jquery-ui.min.css 200 [0.12, 127.0.0.1:17025]
[2020-03-22 11:55:01] INFO [django.channels.server.log_action:141] HTTP GET /static/home/css/jquery-ui-1.12.1.custom/jquery-ui.min.js 200 [0.12, 127.0.0.1:17023]
[2020-03-22 11:55:01] INFO [django.channels.server.log_action:141] HTTP GET /static/home/images/logo.png 200 [0.11, 127.0.0.1:17017]
[2020-03-22 11:55:01] INFO [django.channels.server.log_action:141] HTTP GET /static/home/css/newdesigner/fonts/fontsstylesheet.css 200 [0.07, 127.0.0.1:17016]
[2020-03-22 11:55:01] INFO [django.channels.server.log_action:141] HTTP GET /static/Projects/custom/css/projects.css 200 [0.17, 127.0.0.1:17022]
[2020-03-22 11:55:01] INFO [django.channels.server.log_action:141] HTTP GET /static/home/css/newdesigner/js/bootstrap.min.js 200 [0.04, 127.0.0.1:17025]
[2020-03-22 11:55:01] INFO [django.channels.server.log_action:141] HTTP GET /static/faq/js/jquery.mobile.custom.min.js 200 [0.04, 127.0.0.1:17022]
[2020-03-22 11:55:01] INFO [django.channels.server.log_action:141] HTTP GET /static/js/waterbubble.js 200 [0.03, 127.0.0.1:17025]
[2020-03-22 11:55:01] INFO [django.channels.server.log_action:141] HTTP GET /static/faq/js/main.js 200 [0.07, 127.0.0.1:17022]
[2020-03-22 11:55:01] INFO [django.channels.server.log_action:141] HTTP GET /static/home/images/logout1.png 200 [0.05, 127.0.0.1:17025]
[2020-03-22 11:55:03] INFO [django.channels.server.log_action:141] HTTP GET /static/home/css/newhomepage/imgs/proj-list.png 200 [0.09, 127.0.0.1:17025]
[2020-03-22 11:55:19] INFO [django.channels.server.log_action:147] HTTP POST /timeout 302 [0.26, 127.0.0.1:17046]
[2020-03-22 11:55:19] INFO [django.channels.server.log_action:141] HTTP GET / 200 [0.15, 127.0.0.1:17046]
[2020-03-22 11:55:19] INFO [django.channels.server.log_action:141] HTTP GET /static/home/css/testimonial-timeline.css 200 [0.02, 127.0.0.1:17046]
[2020-03-22 11:55:19] INFO [django.channels.server.log_action:141] HTTP GET /static/home/css/newhomepage/imgs/jobphone.png 200 [0.09, 127.0.0.1:17054]
[2020-03-22 11:55:19] INFO [django.channels.server.log_action:141] HTTP GET /static/home/css/newhomepage/imgs/LaptopBook.png 200 [0.10, 127.0.0.1:17047]
[2020-03-22 11:55:19] INFO [django.channels.server.log_action:141] HTTP GET /static/home/css/newhomepage/imgs/homelive.png 200 [0.09, 127.0.0.1:17047]
[2020-03-22 11:55:19] INFO [django.channels.server.log_action:141] HTTP GET /static/home/css/newhomepage/imgs/get3.png 200 [0.09, 127.0.0.1:17054]
[2020-03-22 11:55:19] INFO [django.channels.server.log_action:141] HTTP GET /static/home/css/newhomepage/imgs/get2.png 200 [0.02, 127.0.0.1:17047]
[2020-03-22 11:55:19] INFO [django.channels.server.log_action:141] HTTP GET /static/home/css/newhomepage/imgs/get1.png 200 [0.02, 127.0.0.1:17054]
[2020-03-22 11:55:19] INFO [django.channels.server.log_action:141] HTTP GET /static/home/images/kenna.png 200 [0.08, 127.0.0.1:17047]
[2020-03-22 11:55:19] INFO [django.channels.server.log_action:141] HTTP GET /static/home/images/adekunle.png 200 [0.10, 127.0.0.1:17054]
[2020-03-22 11:55:19] INFO [django.channels.server.log_action:141] HTTP GET /static/home/images/fetigue.png 200 [0.06, 127.0.0.1:17047]
[2020-03-22 11:55:21] INFO [django.channels.server.log_action:141] HTTP GET /static/home/css/newhomepage/imgs/jobban2.png 200 [0.09, 127.0.0.1:17047]
[2020-03-22 11:55:21] INFO [django.channels.server.log_action:141] HTTP GET /static/home/css/newhomepage/imgs/homebanner.png 200 [0.09, 127.0.0.1:17054]
[2020-03-22 11:55:22] INFO [django.channels.server.log_action:141] HTTP POST /ulocation 200 [0.02, 127.0.0.1:17054]
[2020-03-22 12:14:37] INFO [django.channels.server.log_action:141] HTTP GET /workexperience/profile/ 200 [26.15, 127.0.0.1:4264]
[2020-03-22 12:14:37] INFO [django.channels.server.log_action:141] HTTP GET /media/resume/2_NPY5Yl7.jpg 200 [0.14, 127.0.0.1:4264]
[2020-03-22 12:14:37] INFO [django.channels.server.log_action:141] HTTP GET /media/resume/5dfa4f8b85226_1Qs1hn5.png 200 [0.10, 127.0.0.1:4264]
[2020-03-22 12:14:38] INFO [django.channels.server.log_action:141] HTTP GET /media/resume/3_ODco5Hh.jpg 200 [0.06, 127.0.0.1:4264]
[2020-03-22 12:15:01] INFO [django.channels.server.log_action:147] HTTP POST /workexperience/profile/ 302 [0.19, 127.0.0.1:12422]
[2020-03-22 12:15:26] INFO [django.channels.server.log_action:141] HTTP GET /workexperience/profile/ 200 [24.85, 127.0.0.1:12422]
[2020-03-22 12:15:26] INFO [django.channels.server.log_action:141] HTTP GET /media/resume/3_7CRIoUs.jpg 200 [0.07, 127.0.0.1:12422]
[2020-03-22 19:56:56] INFO [django.channels.server.log_action:147] HTTP GET /workexperience/profile/ 302 [0.48, 127.0.0.1:1146]
[2020-03-22 19:56:56] INFO [django.channels.server.log_action:141] HTTP GET /timeout 200 [0.16, 127.0.0.1:1146]
[2020-03-22 19:56:56] INFO [django.channels.server.log_action:145] HTTP GET /static/home/css/newhomepage/css/main.css 304 [0.04, 127.0.0.1:1146]
[2020-03-22 19:57:01] INFO [django.channels.server.log_action:147] HTTP POST /timeout 302 [0.29, 127.0.0.1:1163]
[2020-03-22 19:57:25] INFO [django.channels.server.log_action:141] HTTP GET /workexperience/profile/ 200 [23.48, 127.0.0.1:1163]
[2020-03-22 19:57:25] INFO [django.channels.server.log_action:141] HTTP GET /media/resume/5dfa4f8b85226_1Qs1hn5.png 200 [0.17, 127.0.0.1:1238]
[2020-03-22 19:57:25] INFO [django.channels.server.log_action:141] HTTP GET /media/resume/2_NPY5Yl7.jpg 200 [0.19, 127.0.0.1:1163]
[2020-03-22 19:57:25] INFO [django.channels.server.log_action:145] HTTP GET /media/resume/3_7CRIoUs.jpg 304 [0.08, 127.0.0.1:1163]
[2020-03-22 19:57:45] INFO [django.channels.server.log_action:147] HTTP POST /workexperience/profile/ 302 [0.30, 127.0.0.1:1262]
[2020-03-22 19:58:10] INFO [django.channels.server.log_action:141] HTTP GET /workexperience/profile/ 200 [25.41, 127.0.0.1:1262]
[2020-03-22 19:58:10] INFO [django.channels.server.log_action:141] HTTP GET /media/resume/IMG-20190817-WA0016.jpg 200 [0.07, 127.0.0.1:1262]
[2020-03-22 20:49:52] INFO [django.channels.server.log_action:147] HTTP GET /workexperience/profile/ 302 [0.63, 127.0.0.1:3772]
[2020-03-22 20:49:53] INFO [django.channels.server.log_action:141] HTTP GET /timeout 200 [0.15, 127.0.0.1:3772]
[2020-03-22 20:49:59] INFO [django.channels.server.log_action:147] HTTP POST /timeout 302 [0.27, 127.0.0.1:3792]
[2020-03-22 20:50:23] INFO [django.channels.server.log_action:141] HTTP GET /workexperience/profile/ 200 [24.09, 127.0.0.1:3792]
[2020-03-22 20:50:24] INFO [django.channels.server.log_action:145] HTTP GET /media/resume/3_7CRIoUs.jpg 304 [0.13, 127.0.0.1:3792]
[2020-03-22 20:50:24] INFO [django.channels.server.log_action:141] HTTP GET /media/resume/IMG-20190817-WA0016.jpg 200 [0.15, 127.0.0.1:3865]
[2020-03-22 20:50:49] INFO [django.channels.server.log_action:147] HTTP POST /workexperience/profile/ 302 [0.11, 127.0.0.1:3884]
[2020-03-22 20:51:12] INFO [django.channels.server.log_action:141] HTTP GET /workexperience/profile/ 200 [23.25, 127.0.0.1:3884]
[2020-03-22 20:51:12] INFO [django.channels.server.log_action:141] HTTP GET /media/resume/IMG-20190817-WA0016_Bhptmms.jpg 200 [0.08, 127.0.0.1:3884]
[2020-03-22 20:57:55] ERROR [django.request.handle_uncaught_exception:118] Internal Server Error: /workexperience/profile/
Traceback (most recent call last):
  File "C:\Users\Sam\AppData\Local\Programs\Python\Python37\lib\site-packages\django\core\handlers\exception.py", line 35, in inner
    response = get_response(request)
  File "C:\Users\Sam\AppData\Local\Programs\Python\Python37\lib\site-packages\django\core\handlers\base.py", line 128, in _get_response
    response = self.process_exception_by_middleware(e, request)
  File "C:\Users\Sam\AppData\Local\Programs\Python\Python37\lib\site-packages\django\core\handlers\base.py", line 126, in _get_response
    response = wrapped_callback(request, *callback_args, **callback_kwargs)
  File "C:\Users\Sam\AppData\Local\Programs\Python\Python37\lib\site-packages\django\contrib\auth\decorators.py", line 21, in _wrapped_view
    return view_func(request, *args, **kwargs)
  File "E:\Documents\Web\linux-contract\Django\Linuxjobber\home\views.py", line 1626, in workexprofile
    paystub.save(update_fields=["paystub"])
AttributeError: 'QuerySet' object has no attribute 'save'
[2020-03-22 20:57:55] ERROR [django.channels.server.log_action:154] HTTP POST /workexperience/profile/ 500 [0.31, 127.0.0.1:1127]
[2020-03-22 20:57:56] WARNING [django.request.get_response:93] Not Found: /favicon.ico
[2020-03-22 20:57:56] WARNING [django.channels.server.log_action:149] HTTP GET /favicon.ico 404 [0.05, 127.0.0.1:1127]
[2020-03-22 21:00:13] INFO [django.channels.server.log_action:141] HTTP GET / 200 [0.48, 127.0.0.1:1179]
[2020-03-22 21:00:16] INFO [django.channels.server.log_action:141] HTTP POST /ulocation 200 [0.11, 127.0.0.1:1179]
[2020-03-22 21:00:17] INFO [django.channels.server.log_action:147] HTTP GET /admin 301 [0.01, 127.0.0.1:1179]
[2020-03-22 21:00:18] INFO [django.channels.server.log_action:141] HTTP GET /admin/ 200 [0.73, 127.0.0.1:1179]
[2020-03-22 21:00:18] INFO [django.channels.server.log_action:141] HTTP GET /static/admin/css/dashboard.css 200 [0.02, 127.0.0.1:1202]
[2020-03-22 21:00:18] INFO [django.channels.server.log_action:141] HTTP GET /static/admin/css/base.css 200 [0.06, 127.0.0.1:1179]
[2020-03-22 21:00:18] INFO [django.channels.server.log_action:141] HTTP GET /static/admin/css/responsive.css 200 [0.08, 127.0.0.1:1203]
[2020-03-22 21:00:18] INFO [django.channels.server.log_action:141] HTTP GET /static/admin/css/fonts.css 200 [0.01, 127.0.0.1:1203]
[2020-03-22 21:00:19] INFO [django.channels.server.log_action:141] HTTP GET /static/admin/img/icon-addlink.svg 200 [0.05, 127.0.0.1:1203]
[2020-03-22 21:00:19] INFO [django.channels.server.log_action:141] HTTP GET /static/admin/img/icon-changelink.svg 200 [0.06, 127.0.0.1:1179]
[2020-03-22 21:00:19] INFO [django.channels.server.log_action:141] HTTP GET /static/admin/img/icon-deletelink.svg 200 [0.05, 127.0.0.1:1202]
[2020-03-22 21:00:19] INFO [django.channels.server.log_action:141] HTTP GET /static/admin/fonts/Roboto-Light-webfont.woff 200 [0.06, 127.0.0.1:1202]
[2020-03-22 21:00:19] INFO [django.channels.server.log_action:141] HTTP GET /static/admin/fonts/Roboto-Bold-webfont.woff 200 [0.06, 127.0.0.1:1179]
[2020-03-22 21:00:19] INFO [django.channels.server.log_action:141] HTTP GET /static/admin/fonts/Roboto-Regular-webfont.woff 200 [0.06, 127.0.0.1:1203]
[2020-03-22 21:00:25] INFO [django.channels.server.log_action:141] HTTP GET /admin/home/workexperiencepaystub/ 200 [0.17, 127.0.0.1:1203]
[2020-03-22 21:00:25] INFO [django.channels.server.log_action:141] HTTP GET /static/admin/css/changelists.css 200 [0.09, 127.0.0.1:1203]
[2020-03-22 21:00:25] INFO [django.channels.server.log_action:141] HTTP GET /static/admin/js/vendor/jquery/jquery.js 200 [0.08, 127.0.0.1:1202]
[2020-03-22 21:00:25] INFO [django.channels.server.log_action:141] HTTP GET /admin/jsi18n/ 200 [0.09, 127.0.0.1:1179]
[2020-03-22 21:00:25] INFO [django.channels.server.log_action:141] HTTP GET /static/admin/js/jquery.init.js 200 [0.10, 127.0.0.1:1211]
[2020-03-22 21:00:25] INFO [django.channels.server.log_action:141] HTTP GET /static/admin/js/core.js 200 [0.12, 127.0.0.1:1212]
[2020-03-22 21:00:25] INFO [django.channels.server.log_action:141] HTTP GET /static/admin/js/urlify.js 200 [0.06, 127.0.0.1:1202]
[2020-03-22 21:00:25] INFO [django.channels.server.log_action:141] HTTP GET /static/admin/js/admin/RelatedObjectLookups.js 200 [0.10, 127.0.0.1:1213]
[2020-03-22 21:00:25] INFO [django.channels.server.log_action:141] HTTP GET /static/admin/js/actions.js 200 [0.07, 127.0.0.1:1203]
[2020-03-22 21:00:25] INFO [django.channels.server.log_action:141] HTTP GET /static/admin/js/prepopulate.js 200 [0.05, 127.0.0.1:1211]
[2020-03-22 21:00:25] INFO [django.channels.server.log_action:141] HTTP GET /static/admin/js/vendor/xregexp/xregexp.js 200 [0.08, 127.0.0.1:1179]
[2020-03-22 21:00:27] INFO [django.channels.server.log_action:141] HTTP GET /static/admin/img/tooltag-add.svg 200 [0.01, 127.0.0.1:1179]
[2020-03-22 21:00:34] INFO [django.channels.server.log_action:141] HTTP POST /admin/home/workexperiencepaystub/ 200 [0.10, 127.0.0.1:1226]
[2020-03-22 21:00:35] INFO [django.channels.server.log_action:141] HTTP GET /static/admin/js/cancel.js 200 [0.04, 127.0.0.1:1226]
[2020-03-22 21:00:38] INFO [django.channels.server.log_action:147] HTTP POST /admin/home/workexperiencepaystub/ 302 [0.17, 127.0.0.1:1226]
[2020-03-22 21:00:38] INFO [django.channels.server.log_action:141] HTTP GET /admin/home/workexperiencepaystub/ 200 [0.12, 127.0.0.1:1226]
[2020-03-22 21:00:38] INFO [django.channels.server.log_action:141] HTTP GET /admin/jsi18n/ 200 [0.06, 127.0.0.1:1226]
[2020-03-22 21:00:40] INFO [django.channels.server.log_action:141] HTTP GET /static/admin/img/icon-yes.svg 200 [0.03, 127.0.0.1:1226]
[2020-03-22 21:01:07] INFO [django.channels.server.log_action:141] HTTP GET /workexperience/profile/ 200 [24.44, 127.0.0.1:1226]
[2020-03-22 21:01:19] ERROR [django.request.handle_uncaught_exception:118] Internal Server Error: /workexperience/profile/
Traceback (most recent call last):
  File "C:\Users\Sam\AppData\Local\Programs\Python\Python37\lib\site-packages\django\core\handlers\exception.py", line 35, in inner
    response = get_response(request)
  File "C:\Users\Sam\AppData\Local\Programs\Python\Python37\lib\site-packages\django\core\handlers\base.py", line 128, in _get_response
    response = self.process_exception_by_middleware(e, request)
  File "C:\Users\Sam\AppData\Local\Programs\Python\Python37\lib\site-packages\django\core\handlers\base.py", line 126, in _get_response
    response = wrapped_callback(request, *callback_args, **callback_kwargs)
  File "C:\Users\Sam\AppData\Local\Programs\Python\Python37\lib\site-packages\django\contrib\auth\decorators.py", line 21, in _wrapped_view
    return view_func(request, *args, **kwargs)
  File "E:\Documents\Web\linux-contract\Django\Linuxjobber\home\views.py", line 1633, in workexprofile
    link = paystub.paystub.url
NameError: name 'paystub' is not defined
[2020-03-22 21:01:19] ERROR [django.channels.server.log_action:154] HTTP POST /workexperience/profile/ 500 [0.14, 127.0.0.1:1338]
[2020-03-22 21:02:04] INFO [django.channels.server.log_action:141] HTTP GET /workexperience/profile/ 200 [24.75, 127.0.0.1:1363]
[2020-03-22 21:02:04] INFO [django.channels.server.log_action:141] HTTP GET /media/resume/IMG-20190817-WA0018.jpg 200 [0.06, 127.0.0.1:1363]
[2020-03-22 21:02:13] ERROR [django.request.handle_uncaught_exception:118] Internal Server Error: /workexperience/profile/
Traceback (most recent call last):
  File "C:\Users\Sam\AppData\Local\Programs\Python\Python37\lib\site-packages\django\core\handlers\exception.py", line 35, in inner
    response = get_response(request)
  File "C:\Users\Sam\AppData\Local\Programs\Python\Python37\lib\site-packages\django\core\handlers\base.py", line 128, in _get_response
    response = self.process_exception_by_middleware(e, request)
  File "C:\Users\Sam\AppData\Local\Programs\Python\Python37\lib\site-packages\django\core\handlers\base.py", line 126, in _get_response
    response = wrapped_callback(request, *callback_args, **callback_kwargs)
  File "C:\Users\Sam\AppData\Local\Programs\Python\Python37\lib\site-packages\django\contrib\auth\decorators.py", line 21, in _wrapped_view
    return view_func(request, *args, **kwargs)
  File "E:\Documents\Web\linux-contract\Django\Linuxjobber\home\views.py", line 1626, in workexprofile
    paystb.save(update_fields=["paystub"])
AttributeError: 'QuerySet' object has no attribute 'save'
[2020-03-22 21:02:13] ERROR [django.channels.server.log_action:154] HTTP POST /workexperience/profile/ 500 [0.10, 127.0.0.1:1450]
[2020-03-22 21:03:58] INFO [django.channels.server.log_action:141] HTTP GET /workexperience/profile/ 200 [27.22, 127.0.0.1:1511]
[2020-03-22 21:03:59] INFO [django.channels.server.log_action:145] HTTP GET /media/resume/IMG-20190817-WA0018.jpg 304 [0.04, 127.0.0.1:1593]
[2020-03-22 21:03:59] INFO [django.channels.server.log_action:141] HTTP GET /media/resume/2_NPY5Yl7.jpg 200 [0.08, 127.0.0.1:1511]
[2020-03-22 21:04:11] ERROR [django.request.handle_uncaught_exception:118] Internal Server Error: /workexperience/profile/
Traceback (most recent call last):
  File "C:\Users\Sam\AppData\Local\Programs\Python\Python37\lib\site-packages\django\core\handlers\exception.py", line 35, in inner
    response = get_response(request)
  File "C:\Users\Sam\AppData\Local\Programs\Python\Python37\lib\site-packages\django\core\handlers\base.py", line 128, in _get_response
    response = self.process_exception_by_middleware(e, request)
  File "C:\Users\Sam\AppData\Local\Programs\Python\Python37\lib\site-packages\django\core\handlers\base.py", line 126, in _get_response
    response = wrapped_callback(request, *callback_args, **callback_kwargs)
  File "C:\Users\Sam\AppData\Local\Programs\Python\Python37\lib\site-packages\django\contrib\auth\decorators.py", line 21, in _wrapped_view
    return view_func(request, *args, **kwargs)
  File "E:\Documents\Web\linux-contract\Django\Linuxjobber\home\views.py", line 1636, in workexprofile
    link = paystb.paystub.url
AttributeError: 'QuerySet' object has no attribute 'paystub'
[2020-03-22 21:04:11] ERROR [django.channels.server.log_action:154] HTTP POST /workexperience/profile/ 500 [0.11, 127.0.0.1:1617]
[2020-03-22 21:05:50] INFO [django.channels.server.log_action:141] HTTP GET /workexperience/profile/ 200 [23.68, 127.0.0.1:1672]
[2020-03-22 21:05:50] INFO [django.channels.server.log_action:141] HTTP GET /media/resume/IMG-20190817-WA0018_GNai0gD.jpg 200 [0.05, 127.0.0.1:1672]
[2020-03-22 21:54:36] INFO [django.channels.server.log_action:147] HTTP GET / 302 [0.53, 127.0.0.1:1068]
[2020-03-22 21:54:36] INFO [django.channels.server.log_action:141] HTTP GET /timeout 200 [0.23, 127.0.0.1:1068]
[2020-03-22 22:52:56] INFO [django.channels.server.log_action:147] HTTP GET / 302 [0.11, 127.0.0.1:1368]
[2020-03-22 22:52:56] INFO [django.channels.server.log_action:141] HTTP GET /timeout 200 [0.14, 127.0.0.1:1368]
[2020-03-22 22:53:08] INFO [django.channels.server.log_action:147] HTTP POST /timeout 302 [0.26, 127.0.0.1:1388]
[2020-03-22 22:53:08] INFO [django.channels.server.log_action:147] HTTP GET / 302 [0.05, 127.0.0.1:1388]
[2020-03-22 22:53:08] INFO [django.channels.server.log_action:141] HTTP GET /timeout 200 [0.11, 127.0.0.1:1388]
[2020-03-22 22:53:17] INFO [django.channels.server.log_action:147] HTTP POST /timeout 302 [0.24, 127.0.0.1:1404]
[2020-03-22 22:53:17] INFO [django.channels.server.log_action:141] HTTP GET / 200 [0.23, 127.0.0.1:1404]
[2020-03-22 22:53:20] INFO [django.channels.server.log_action:141] HTTP POST /ulocation 200 [0.12, 127.0.0.1:1417]
[2020-03-22 22:53:50] INFO [django.channels.server.log_action:141] HTTP GET /workexperience/profile/ 200 [24.92, 127.0.0.1:1417]
[2020-03-22 22:53:50] INFO [django.channels.server.log_action:141] HTTP GET /media/resume/2_NPY5Yl7.jpg 200 [0.15, 127.0.0.1:1417]
[2020-03-22 22:53:50] INFO [django.channels.server.log_action:141] HTTP GET /media/resume/IMG-20190817-WA0018_GNai0gD.jpg 200 [0.18, 127.0.0.1:1485]
[2020-03-22 22:53:59] ERROR [django.request.handle_uncaught_exception:118] Internal Server Error: /workexperience/profile/
Traceback (most recent call last):
  File "C:\Users\Sam\AppData\Local\Programs\Python\Python37\lib\site-packages\django\core\handlers\exception.py", line 35, in inner
    response = get_response(request)
  File "C:\Users\Sam\AppData\Local\Programs\Python\Python37\lib\site-packages\django\core\handlers\base.py", line 128, in _get_response
    response = self.process_exception_by_middleware(e, request)
  File "C:\Users\Sam\AppData\Local\Programs\Python\Python37\lib\site-packages\django\core\handlers\base.py", line 126, in _get_response
    response = wrapped_callback(request, *callback_args, **callback_kwargs)
  File "C:\Users\Sam\AppData\Local\Programs\Python\Python37\lib\site-packages\django\contrib\auth\decorators.py", line 21, in _wrapped_view
    return view_func(request, *args, **kwargs)
  File "E:\Documents\Web\linux-contract\Django\Linuxjobber\home\views.py", line 1629, in workexprofile
    paystb.save(update_fields=["paystub"])
AttributeError: 'QuerySet' object has no attribute 'save'
[2020-03-22 22:53:59] ERROR [django.channels.server.log_action:154] HTTP POST /workexperience/profile/ 500 [0.20, 127.0.0.1:1501]
[2020-03-22 22:54:51] INFO [django.channels.server.log_action:141] HTTP GET /workexperience/profile/ 200 [25.28, 127.0.0.1:1556]
[2020-03-22 22:54:51] INFO [django.channels.server.log_action:141] HTTP GET /media/resume/2_NPY5Yl7.jpg 200 [0.05, 127.0.0.1:1556]
[2020-03-22 22:54:52] INFO [django.channels.server.log_action:141] HTTP GET /media/resume/IMG-20190817-WA0018_GNai0gD.jpg 200 [0.09, 127.0.0.1:1626]
[2020-03-22 22:55:00] INFO [django.channels.server.log_action:147] HTTP POST /workexperience/profile/ 302 [0.19, 127.0.0.1:1626]
[2020-03-22 22:55:26] INFO [django.channels.server.log_action:141] HTTP GET /workexperience/profile/ 200 [26.55, 127.0.0.1:1626]
[2020-03-22 22:55:26] INFO [django.channels.server.log_action:141] HTTP GET /media/resume/IMG-20190817-WA0018_tw2HzLd.jpg 200 [0.05, 127.0.0.1:1626]
[2020-03-23 16:10:25] INFO [django.channels.server.log_action:141] HTTP GET / 200 [0.83, 127.0.0.1:1044]
[2020-03-23 16:10:26] INFO [django.channels.server.log_action:145] HTTP GET /static/home/css/newhomepage/css/main.css 304 [0.01, 127.0.0.1:1044]
[2020-03-23 16:10:29] INFO [django.channels.server.log_action:141] HTTP GET /login/ 200 [0.20, 127.0.0.1:1044]
[2020-03-23 16:10:29] INFO [django.channels.server.log_action:141] HTTP GET /static/home/css/styles.css 200 [0.04, 127.0.0.1:1044]
[2020-03-23 16:10:30] INFO [django.channels.server.log_action:141] HTTP GET /static/home/images/imgback.jpg 200 [0.06, 127.0.0.1:1044]
[2020-03-23 16:10:31] WARNING [django.request.get_response:93] Not Found: /favicon.ico
[2020-03-23 16:10:31] WARNING [django.channels.server.log_action:149] HTTP GET /favicon.ico 404 [0.07, 127.0.0.1:1044]
[2020-03-23 16:10:36] INFO [django.channels.server.log_action:147] HTTP POST /login/ 302 [0.61, 127.0.0.1:1070]
[2020-03-23 16:10:36] INFO [django.channels.server.log_action:141] HTTP GET /courses/userinterest 200 [0.14, 127.0.0.1:1070]
[2020-03-23 16:10:37] INFO [django.channels.server.log_action:141] HTTP GET /static/home/images/lin-logo.png 200 [0.07, 127.0.0.1:1070]
[2020-03-23 16:10:37] INFO [django.channels.server.log_action:141] HTTP GET /static/home/images/button-left.png 200 [0.08, 127.0.0.1:1071]
[2020-03-23 16:10:37] INFO [django.channels.server.log_action:141] HTTP GET /static/home/images/amazons.png 200 [0.09, 127.0.0.1:1071]
[2020-03-23 16:10:37] INFO [django.channels.server.log_action:141] HTTP GET /static/home/images/ppt.png 200 [0.08, 127.0.0.1:1070]
[2020-03-23 16:10:37] INFO [django.channels.server.log_action:141] HTTP GET /static/home/images/jjava.png 200 [0.06, 127.0.0.1:1070]
[2020-03-23 16:10:37] INFO [django.channels.server.log_action:141] HTTP GET /static/home/images/rchsaa.png 200 [0.05, 127.0.0.1:1071]
[2020-03-23 16:10:37] INFO [django.channels.server.log_action:141] HTTP GET /static/home/images/ajs.png 200 [0.06, 127.0.0.1:1071]
[2020-03-23 16:10:37] INFO [django.channels.server.log_action:141] HTTP GET /static/home/images/csecurity.png 200 [0.09, 127.0.0.1:1070]
[2020-03-23 16:10:37] INFO [django.channels.server.log_action:141] HTTP GET /static/home/images/biz.png 200 [0.07, 127.0.0.1:1071]
[2020-03-23 16:10:37] INFO [django.channels.server.log_action:141] HTTP GET /static/home/images/dba.png 200 [0.03, 127.0.0.1:1070]
[2020-03-23 16:10:37] INFO [django.channels.server.log_action:141] HTTP GET /static/home/images/py.png 200 [0.04, 127.0.0.1:1071]
[2020-03-23 16:10:38] INFO [django.channels.server.log_action:141] HTTP GET /static/home/css/newhomepage/imgs//list-bg.png 200 [0.05, 127.0.0.1:1071]
[2020-03-23 16:10:38] INFO [django.channels.server.log_action:141] HTTP POST /ulocation 200 [0.04, 127.0.0.1:1071]
[2020-03-23 16:11:19] INFO [django.channels.server.log_action:141] HTTP GET /workexperience/profile/ 200 [39.19, 127.0.0.1:1071]
[2020-03-23 16:11:20] INFO [django.channels.server.log_action:141] HTTP GET /media/resume/IMG-20190817-WA0018_tw2HzLd.jpg 200 [0.13, 127.0.0.1:1071]
[2020-03-23 16:11:20] INFO [django.channels.server.log_action:141] HTTP GET /media/resume/2_NPY5Yl7.jpg 200 [0.15, 127.0.0.1:1159]
[2020-03-23 16:14:09] INFO [django.channels.server.log_action:141] HTTP GET /workexperience/profile/ 200 [33.16, 127.0.0.1:1191]
[2020-03-23 16:14:41] INFO [django.channels.server.log_action:147] HTTP GET /workexperience/profile/ 302 [0.01, 127.0.0.1:1286]
[2020-03-23 16:14:41] INFO [django.channels.server.log_action:141] HTTP GET /accounts/login/?next=/workexperience/profile/ 200 [0.08, 127.0.0.1:1286]
[2020-03-23 16:14:41] INFO [django.channels.server.log_action:141] HTTP GET /static/home/css/styles.css 200 [0.01, 127.0.0.1:1286]
[2020-03-23 16:14:44] INFO [django.channels.server.log_action:145] HTTP GET /static/home/images/imgback.jpg 304 [0.02, 127.0.0.1:1286]
[2020-03-23 16:14:45] WARNING [django.request.get_response:93] Not Found: /favicon.ico
[2020-03-23 16:14:45] WARNING [django.channels.server.log_action:149] HTTP GET /favicon.ico 404 [0.07, 127.0.0.1:1286]
[2020-03-23 16:14:50] INFO [django.channels.server.log_action:147] HTTP POST /login/ 302 [0.45, 127.0.0.1:1286]
[2020-03-23 16:15:02] INFO [django.channels.server.log_action:141] HTTP GET /workexperience/profile/ 200 [29.01, 127.0.0.1:1274]
[2020-03-23 16:15:19] INFO [django.channels.server.log_action:141] HTTP GET /workexperience/profile/ 200 [28.85, 127.0.0.1:1286]
[2020-03-23 16:15:19] INFO [django.channels.server.log_action:141] HTTP GET /static/home/css/newhomepage/css/main.css 200 [0.10, 127.0.0.1:1286]
[2020-03-23 16:15:22] INFO [django.channels.server.log_action:141] HTTP GET /media/resume/IMG-20190817-WA0018_tw2HzLd.jpg 200 [0.07, 127.0.0.1:1286]
[2020-03-23 16:15:22] INFO [django.channels.server.log_action:141] HTTP GET /media/resume/2_NPY5Yl7.jpg 200 [0.09, 127.0.0.1:1452]
[2020-03-23 16:15:22] INFO [django.channels.server.log_action:141] HTTP GET /media/pdfs/Work-Experience-ISA-mololuwa_olufeko_PJEfffP.pdf 200 [0.06, 127.0.0.1:1458]
[2020-03-23 16:15:22] INFO [django.channels.server.log_action:141] HTTP GET /media/pdfs/Work-Experience-Terms-mololuwa_olufeko_WzR7X6P.pdf 200 [0.08, 127.0.0.1:1457]
[2020-03-23 16:15:22] INFO [django.channels.server.log_action:141] HTTP GET /media/pdfs/Work-Experience-Eligibility-mololuwa_olufeko_ksHhShE.pdf 200 [0.13, 127.0.0.1:1456]
[2020-03-23 16:16:04] INFO [django.channels.server.log_action:141] HTTP GET /workexperience/profile/ 200 [34.41, 127.0.0.1:1469]
[2020-03-23 16:16:05] INFO [django.channels.server.log_action:147] HTTP GET /workexperience/profile/ 302 [0.01, 127.0.0.1:1605]
[2020-03-23 16:16:05] INFO [django.channels.server.log_action:141] HTTP GET /accounts/login/?next=/workexperience/profile/ 200 [0.12, 127.0.0.1:1605]
[2020-03-23 16:16:05] INFO [django.channels.server.log_action:141] HTTP GET /static/home/css/styles.css 200 [0.02, 127.0.0.1:1605]
[2020-03-23 16:16:08] INFO [django.channels.server.log_action:141] HTTP GET /workexperience/profile/ 200 [30.91, 127.0.0.1:1286]
[2020-03-23 16:16:08] INFO [django.channels.server.log_action:141] HTTP GET /static/home/css/newhomepage/css/main.css 200 [0.05, 127.0.0.1:1456]
[2020-03-23 16:16:08] INFO [django.channels.server.log_action:141] HTTP GET /static/home/images/logo.png 200 [0.06, 127.0.0.1:1614]
[2020-03-23 16:16:08] WARNING [django.request.get_response:93] Not Found: /favicon.ico
[2020-03-23 16:16:08] WARNING [django.channels.server.log_action:149] HTTP GET /favicon.ico 404 [0.03, 127.0.0.1:1614]
[2020-03-23 16:16:08] INFO [django.channels.server.log_action:141] HTTP GET /static/home/images/imgback.jpg 200 [0.08, 127.0.0.1:1605]
[2020-03-23 16:16:10] INFO [django.channels.server.log_action:141] HTTP GET /media/pdfs/Work-Experience-Eligibility-mololuwa_olufeko_YLinp3L.pdf 200 [0.16, 127.0.0.1:1456]
[2020-03-23 16:16:10] INFO [django.channels.server.log_action:141] HTTP GET /media/pdfs/Work-Experience-Terms-mololuwa_olufeko_ViBAuJo.pdf 200 [0.17, 127.0.0.1:1457]
[2020-03-23 16:16:10] INFO [django.channels.server.log_action:141] HTTP GET /media/pdfs/Work-Experience-ISA-mololuwa_olufeko_RiWbBLB.pdf 200 [0.17, 127.0.0.1:1452]
[2020-03-23 16:16:50] INFO [django.channels.server.log_action:141] HTTP GET /workexperience/profile/ 200 [30.82, 127.0.0.1:1286]
[2020-03-23 16:16:53] INFO [django.channels.server.log_action:141] HTTP GET /media/pdfs/Work-Experience-Eligibility-mololuwa_olufeko_umQBtVh.pdf 200 [0.12, 127.0.0.1:1452]
[2020-03-23 16:16:53] INFO [django.channels.server.log_action:141] HTTP GET /media/pdfs/Work-Experience-ISA-mololuwa_olufeko_nAfLANr.pdf 200 [0.12, 127.0.0.1:1457]
[2020-03-23 16:16:53] INFO [django.channels.server.log_action:141] HTTP GET /media/pdfs/Work-Experience-Terms-mololuwa_olufeko_kdh86Z7.pdf 200 [0.18, 127.0.0.1:1456]
[2020-03-23 16:18:50] INFO [django.channels.server.log_action:141] HTTP GET /workexperience/profile/ 200 [28.54, 127.0.0.1:1726]
[2020-03-23 16:18:53] INFO [django.channels.server.log_action:141] HTTP GET /media/pdfs/Work-Experience-ISA-mololuwa_olufeko_y6lXo9E.pdf 200 [0.12, 127.0.0.1:1796]
[2020-03-23 16:18:53] INFO [django.channels.server.log_action:141] HTTP GET /media/pdfs/Work-Experience-Terms-mololuwa_olufeko_FI5qjd5.pdf 200 [0.15, 127.0.0.1:1795]
[2020-03-23 16:18:53] INFO [django.channels.server.log_action:141] HTTP GET /media/pdfs/Work-Experience-Eligibility-mololuwa_olufeko_7M7MC7K.pdf 200 [0.16, 127.0.0.1:1726]
[2020-03-23 16:21:38] INFO [django.channels.server.log_action:141] HTTP GET /workexperience/profile/ 200 [26.97, 127.0.0.1:1896]
[2020-03-23 16:21:40] INFO [django.channels.server.log_action:141] HTTP GET /media/pdfs/Work-Experience-Terms-mololuwa_olufeko_wqr8Zoq.pdf 200 [0.10, 127.0.0.1:1974]
[2020-03-23 16:21:40] INFO [django.channels.server.log_action:141] HTTP GET /media/pdfs/Work-Experience-ISA-mololuwa_olufeko_lznvWgG.pdf 200 [0.15, 127.0.0.1:1975]
[2020-03-23 16:21:40] INFO [django.channels.server.log_action:141] HTTP GET /media/pdfs/Work-Experience-Eligibility-mololuwa_olufeko_iMFQyyW.pdf 200 [0.16, 127.0.0.1:1896]
[2020-03-23 16:23:47] INFO [django.channels.server.log_action:141] HTTP GET /workexperience/profile/ 200 [25.85, 127.0.0.1:2026]
[2020-03-23 16:23:49] INFO [django.channels.server.log_action:141] HTTP GET /media/pdfs/Work-Experience-Terms-mololuwa_olufeko_mNU7bX8.pdf 200 [0.09, 127.0.0.1:2121]
[2020-03-23 16:23:49] INFO [django.channels.server.log_action:141] HTTP GET /media/pdfs/Work-Experience-ISA-mololuwa_olufeko_MRLNCSu.pdf 200 [0.14, 127.0.0.1:2122]
[2020-03-23 16:23:49] INFO [django.channels.server.log_action:141] HTTP GET /media/pdfs/Work-Experience-Eligibility-mololuwa_olufeko_3iyiLgb.pdf 200 [0.16, 127.0.0.1:2026]
[2020-03-23 16:25:38] INFO [django.channels.server.log_action:141] HTTP GET /workexperience/profile/ 200 [28.07, 127.0.0.1:2145]
[2020-03-23 16:25:41] INFO [django.channels.server.log_action:141] HTTP GET /media/pdfs/Work-Experience-Eligibility-mololuwa_olufeko_9lBo50t.pdf 200 [0.05, 127.0.0.1:2145]
[2020-03-23 16:25:41] INFO [django.channels.server.log_action:141] HTTP GET /media/pdfs/Work-Experience-ISA-mololuwa_olufeko_ueaBR2r.pdf 200 [0.09, 127.0.0.1:2245]
[2020-03-23 16:25:41] INFO [django.channels.server.log_action:141] HTTP GET /media/pdfs/Work-Experience-Terms-mololuwa_olufeko_1cD6UXb.pdf 200 [0.13, 127.0.0.1:2244]
[2020-03-23 16:26:43] INFO [django.channels.server.log_action:141] HTTP GET /workexperience/profile/ 200 [26.53, 127.0.0.1:2252]
[2020-03-23 16:26:44] INFO [django.channels.server.log_action:141] HTTP GET /media/resume/2_NPY5Yl7.jpg 200 [0.07, 127.0.0.1:2252]
[2020-03-23 16:26:44] INFO [django.channels.server.log_action:141] HTTP GET /media/resume/IMG-20190817-WA0018_tw2HzLd.jpg 200 [0.08, 127.0.0.1:2252]
[2020-03-23 16:26:48] INFO [django.channels.server.log_action:141] HTTP GET /workexperience/profile/ 200 [27.79, 127.0.0.1:2145]
[2020-03-23 16:26:50] INFO [django.channels.server.log_action:141] HTTP GET /media/pdfs/Work-Experience-Terms-mololuwa_olufeko_cUZVGEz.pdf 200 [0.10, 127.0.0.1:2421]
[2020-03-23 16:26:50] INFO [django.channels.server.log_action:141] HTTP GET /media/pdfs/Work-Experience-Eligibility-mololuwa_olufeko_7gY1u81.pdf 200 [0.16, 127.0.0.1:2145]
[2020-03-23 16:26:50] INFO [django.channels.server.log_action:141] HTTP GET /media/pdfs/Work-Experience-ISA-mololuwa_olufeko_PGGJyIH.pdf 200 [0.15, 127.0.0.1:2422]
[2020-03-23 16:27:33] INFO [django.channels.server.log_action:141] HTTP GET /workexperience/profile/ 200 [27.95, 127.0.0.1:2145]
[2020-03-23 16:27:36] INFO [django.channels.server.log_action:141] HTTP GET /media/pdfs/Work-Experience-Terms-mololuwa_olufeko_GrM6Key.pdf 200 [0.09, 127.0.0.1:2421]
[2020-03-23 16:27:36] INFO [django.channels.server.log_action:141] HTTP GET /media/pdfs/Work-Experience-ISA-mololuwa_olufeko_JfD0twi.pdf 200 [0.13, 127.0.0.1:2145]
[2020-03-23 16:27:36] INFO [django.channels.server.log_action:141] HTTP GET /media/pdfs/Work-Experience-Eligibility-mololuwa_olufeko_AcUHk4e.pdf 200 [0.15, 127.0.0.1:2422]
[2020-03-23 16:30:07] INFO [django.channels.server.log_action:141] HTTP GET /workexperience/profile/ 200 [31.50, 127.0.0.1:2529]
[2020-03-23 16:30:19] INFO [django.channels.server.log_action:141] HTTP GET /workexperience/profile/ 200 [40.11, 127.0.0.1:2543]
[2020-03-23 16:30:22] INFO [django.channels.server.log_action:141] HTTP GET /media/pdfs/Work-Experience-Eligibility-mololuwa_olufeko_aDfeSRd.pdf 200 [0.10, 127.0.0.1:2543]
[2020-03-23 16:30:22] INFO [django.channels.server.log_action:141] HTTP GET /media/pdfs/Work-Experience-ISA-mololuwa_olufeko_reakTno.pdf 200 [0.12, 127.0.0.1:2690]
[2020-03-23 16:30:22] INFO [django.channels.server.log_action:141] HTTP GET /media/pdfs/Work-Experience-Terms-mololuwa_olufeko_LMmZ9S5.pdf 200 [0.18, 127.0.0.1:2689]
[2020-03-23 16:32:01] INFO [django.channels.server.log_action:147] HTTP GET /admin 301 [0.01, 127.0.0.1:2716]
[2020-03-23 16:32:01] INFO [django.channels.server.log_action:141] HTTP GET /admin/ 200 [0.47, 127.0.0.1:2716]
[2020-03-23 16:32:01] INFO [django.channels.server.log_action:141] HTTP GET /static/admin/css/dashboard.css 200 [0.02, 127.0.0.1:2716]
[2020-03-23 16:32:01] INFO [django.channels.server.log_action:141] HTTP GET /static/admin/css/responsive.css 200 [0.03, 127.0.0.1:2717]
[2020-03-23 16:32:02] INFO [django.channels.server.log_action:141] HTTP GET /admin/ 200 [0.18, 127.0.0.1:2717]
[2020-03-23 16:32:02] INFO [django.channels.server.log_action:141] HTTP GET /static/admin/css/fonts.css 200 [0.01, 127.0.0.1:2717]
[2020-03-23 16:32:05] INFO [django.channels.server.log_action:141] HTTP GET /static/admin/img/icon-changelink.svg 200 [0.06, 127.0.0.1:2736]
[2020-03-23 16:32:05] INFO [django.channels.server.log_action:141] HTTP GET /static/admin/img/icon-deletelink.svg 200 [0.06, 127.0.0.1:2737]
[2020-03-23 16:32:05] INFO [django.channels.server.log_action:141] HTTP GET /static/admin/img/icon-addlink.svg 200 [0.07, 127.0.0.1:2735]
[2020-03-23 16:33:09] INFO [django.channels.server.log_action:141] HTTP GET /admin/home/wework/ 200 [0.12, 127.0.0.1:2746]
[2020-03-23 16:33:09] INFO [django.channels.server.log_action:141] HTTP GET /static/admin/js/vendor/jquery/jquery.js 200 [0.08, 127.0.0.1:2746]
[2020-03-23 16:33:09] INFO [django.channels.server.log_action:141] HTTP GET /static/admin/js/jquery.init.js 200 [0.09, 127.0.0.1:2747]
[2020-03-23 16:33:09] INFO [django.channels.server.log_action:141] HTTP GET /static/admin/js/admin/RelatedObjectLookups.js 200 [0.10, 127.0.0.1:2752]
[2020-03-23 16:33:09] INFO [django.channels.server.log_action:141] HTTP GET /static/admin/js/core.js 200 [0.11, 127.0.0.1:2751]
[2020-03-23 16:33:09] INFO [django.channels.server.log_action:141] HTTP GET /static/admin/js/actions.js 200 [0.11, 127.0.0.1:2753]
[2020-03-23 16:33:09] INFO [django.channels.server.log_action:141] HTTP GET /admin/jsi18n/ 200 [0.09, 127.0.0.1:2754]
[2020-03-23 16:33:09] INFO [django.channels.server.log_action:141] HTTP GET /static/admin/js/urlify.js 200 [0.06, 127.0.0.1:2746]
[2020-03-23 16:33:09] INFO [django.channels.server.log_action:141] HTTP GET /static/admin/js/prepopulate.js 200 [0.07, 127.0.0.1:2747]
[2020-03-23 16:33:09] INFO [django.channels.server.log_action:141] HTTP GET /static/admin/js/vendor/xregexp/xregexp.js 200 [0.06, 127.0.0.1:2753]
[2020-03-23 16:33:09] INFO [django.channels.server.log_action:141] HTTP GET /static/admin/img/search.svg 200 [0.05, 127.0.0.1:2752]
[2020-03-23 16:33:11] INFO [django.channels.server.log_action:141] HTTP GET /static/admin/img/sorting-icons.svg 200 [0.02, 127.0.0.1:2752]
[2020-03-23 16:33:13] INFO [django.channels.server.log_action:141] HTTP GET /admin/home/wework/1/change/ 200 [0.35, 127.0.0.1:2752]
[2020-03-23 16:33:13] INFO [django.channels.server.log_action:141] HTTP GET /admin/jsi18n/ 200 [0.03, 127.0.0.1:2753]
[2020-03-23 16:33:13] INFO [django.channels.server.log_action:141] HTTP GET /static/admin/css/forms.css 200 [0.10, 127.0.0.1:2752]
[2020-03-23 16:33:13] INFO [django.channels.server.log_action:141] HTTP GET /static/admin/js/calendar.js 200 [0.06, 127.0.0.1:2753]
[2020-03-23 16:33:13] INFO [django.channels.server.log_action:141] HTTP GET /static/admin/js/prepopulate_init.js 200 [0.06, 127.0.0.1:2754]
[2020-03-23 16:33:13] INFO [django.channels.server.log_action:141] HTTP GET /static/admin/js/change_form.js 200 [0.06, 127.0.0.1:2746]
[2020-03-23 16:33:13] INFO [django.channels.server.log_action:141] HTTP GET /static/admin/js/admin/DateTimeShortcuts.js 200 [0.11, 127.0.0.1:2747]
[2020-03-23 16:33:13] INFO [django.channels.server.log_action:141] HTTP GET /static/admin/css/widgets.css 200 [0.06, 127.0.0.1:2752]
[2020-03-23 16:33:15] INFO [django.channels.server.log_action:141] HTTP GET /static/admin/img/icon-clock.svg 200 [0.05, 127.0.0.1:2747]
[2020-03-23 16:33:15] INFO [django.channels.server.log_action:141] HTTP GET /static/admin/img/icon-calendar.svg 200 [0.06, 127.0.0.1:2752]
[2020-03-23 16:33:19] INFO [django.channels.server.log_action:147] HTTP POST /admin/home/wework/1/change/ 302 [0.13, 127.0.0.1:2769]
[2020-03-23 16:33:19] INFO [django.channels.server.log_action:141] HTTP GET /admin/home/wework/ 200 [0.11, 127.0.0.1:2769]
[2020-03-23 16:33:20] INFO [django.channels.server.log_action:141] HTTP GET /admin/jsi18n/ 200 [0.05, 127.0.0.1:2769]
[2020-03-23 16:33:21] INFO [django.channels.server.log_action:141] HTTP GET /static/admin/img/icon-yes.svg 200 [0.04, 127.0.0.1:2769]
[2020-03-23 16:33:49] INFO [django.channels.server.log_action:141] HTTP GET /workexperience/profile/ 200 [26.46, 127.0.0.1:2769]
[2020-03-23 16:39:16] WARNING [django.request.get_response:93] Not Found: /workexperience/profile/www.youtube.com/djekwms/
[2020-03-23 16:39:16] WARNING [django.channels.server.log_action:149] HTTP GET /workexperience/profile/www.youtube.com/djekwms/ 404 [0.10, 127.0.0.1:3015]
[2020-03-23 16:39:30] WARNING [django.request.get_response:93] Not Found: /workexperience/profile/www.youtube.com/djekwms/
[2020-03-23 16:39:30] WARNING [django.channels.server.log_action:149] HTTP GET /workexperience/profile/www.youtube.com/djekwms/ 404 [0.05, 127.0.0.1:3018]
[2020-03-23 16:40:05] INFO [django.channels.server.log_action:141] HTTP GET /workexperience/profile/ 200 [30.89, 127.0.0.1:3018]
[2020-03-23 16:41:13] WARNING [django.request.get_response:93] Not Found: /workexperience/profile/www.youtube.com/djekwms/
[2020-03-23 16:41:13] WARNING [django.channels.server.log_action:149] HTTP GET /workexperience/profile/www.youtube.com/djekwms/ 404 [0.13, 127.0.0.1:26241]
[2020-03-23 16:41:44] INFO [django.channels.server.log_action:141] HTTP GET /admin/ 200 [0.20, 127.0.0.1:26253]
[2020-03-23 16:41:44] INFO [django.channels.server.log_action:145] HTTP GET /static/admin/css/base.css 304 [0.01, 127.0.0.1:26253]
[2020-03-23 16:41:44] INFO [django.channels.server.log_action:145] HTTP GET /static/admin/css/dashboard.css 304 [0.01, 127.0.0.1:26258]
[2020-03-23 16:41:44] INFO [django.channels.server.log_action:145] HTTP GET /static/admin/css/responsive.css 304 [0.01, 127.0.0.1:26259]
[2020-03-23 16:41:44] INFO [django.channels.server.log_action:141] HTTP GET /static/admin/css/fonts.css 200 [0.03, 127.0.0.1:26258]
[2020-03-23 16:41:47] WARNING [django.request.get_response:93] Not Found: /favicon.ico
[2020-03-23 16:41:47] WARNING [django.channels.server.log_action:149] HTTP GET /favicon.ico 404 [0.07, 127.0.0.1:26258]
[2020-03-23 16:41:47] INFO [django.channels.server.log_action:141] HTTP GET /static/admin/img/icon-addlink.svg 200 [0.07, 127.0.0.1:26259]
[2020-03-23 16:41:47] INFO [django.channels.server.log_action:145] HTTP GET /static/admin/fonts/Roboto-Regular-webfont.woff 304 [0.06, 127.0.0.1:26266]
[2020-03-23 16:41:47] INFO [django.channels.server.log_action:141] HTTP GET /static/admin/img/icon-changelink.svg 200 [0.08, 127.0.0.1:26253]
[2020-03-23 16:41:47] INFO [django.channels.server.log_action:141] HTTP GET /static/admin/img/icon-deletelink.svg 200 [0.10, 127.0.0.1:26265]
[2020-03-23 16:41:47] INFO [django.channels.server.log_action:145] HTTP GET /static/admin/fonts/Roboto-Light-webfont.woff 304 [0.07, 127.0.0.1:26267]
[2020-03-23 16:41:47] INFO [django.channels.server.log_action:145] HTTP GET /static/admin/fonts/Roboto-Bold-webfont.woff 304 [0.06, 127.0.0.1:26259]
[2020-03-23 16:41:51] INFO [django.channels.server.log_action:141] HTTP GET /admin/home/wework/1/change/ 200 [0.36, 127.0.0.1:26253]
[2020-03-23 16:41:51] INFO [django.channels.server.log_action:145] HTTP GET /static/admin/css/forms.css 304 [0.01, 127.0.0.1:26258]
[2020-03-23 16:41:51] INFO [django.channels.server.log_action:141] HTTP GET /admin/jsi18n/ 200 [0.05, 127.0.0.1:26265]
[2020-03-23 16:41:51] INFO [django.channels.server.log_action:145] HTTP GET /static/admin/js/core.js 304 [0.02, 127.0.0.1:26266]
[2020-03-23 16:41:51] INFO [django.channels.server.log_action:145] HTTP GET /static/admin/js/actions.js 304 [0.02, 127.0.0.1:26253]
[2020-03-23 16:41:51] INFO [django.channels.server.log_action:145] HTTP GET /static/admin/js/admin/RelatedObjectLookups.js 304 [0.02, 127.0.0.1:26267]
[2020-03-23 16:41:51] INFO [django.channels.server.log_action:145] HTTP GET /static/admin/js/vendor/jquery/jquery.js 304 [0.02, 127.0.0.1:26258]
[2020-03-23 16:41:51] INFO [django.channels.server.log_action:145] HTTP GET /static/admin/js/jquery.init.js 304 [0.04, 127.0.0.1:26259]
[2020-03-23 16:41:51] INFO [django.channels.server.log_action:145] HTTP GET /static/admin/js/urlify.js 304 [0.04, 127.0.0.1:26265]
[2020-03-23 16:41:51] INFO [django.channels.server.log_action:145] HTTP GET /static/admin/js/vendor/xregexp/xregexp.js 304 [0.01, 127.0.0.1:26253]
[2020-03-23 16:41:51] INFO [django.channels.server.log_action:145] HTTP GET /static/admin/js/prepopulate.js 304 [0.02, 127.0.0.1:26266]
[2020-03-23 16:41:51] INFO [django.channels.server.log_action:145] HTTP GET /static/admin/js/calendar.js 304 [0.01, 127.0.0.1:26258]
[2020-03-23 16:41:51] INFO [django.channels.server.log_action:145] HTTP GET /static/admin/js/admin/DateTimeShortcuts.js 304 [0.02, 127.0.0.1:26267]
[2020-03-23 16:41:51] INFO [django.channels.server.log_action:145] HTTP GET /static/admin/js/prepopulate_init.js 304 [0.02, 127.0.0.1:26259]
[2020-03-23 16:41:51] INFO [django.channels.server.log_action:145] HTTP GET /static/admin/js/change_form.js 304 [0.02, 127.0.0.1:26265]
[2020-03-23 16:41:51] INFO [django.channels.server.log_action:141] HTTP GET /static/admin/css/widgets.css 200 [0.04, 127.0.0.1:26266]
[2020-03-23 16:41:54] INFO [django.channels.server.log_action:141] HTTP GET /static/admin/img/search.svg 200 [0.03, 127.0.0.1:26258]
[2020-03-23 16:41:54] INFO [django.channels.server.log_action:141] HTTP GET /static/admin/img/icon-calendar.svg 200 [0.04, 127.0.0.1:26258]
[2020-03-23 16:41:54] INFO [django.channels.server.log_action:141] HTTP GET /static/admin/img/icon-clock.svg 200 [0.05, 127.0.0.1:26266]
[2020-03-23 16:41:55] INFO [django.channels.server.log_action:141] HTTP GET /admin/home/wetask/1/change/ 200 [0.14, 127.0.0.1:26253]
[2020-03-23 16:41:55] INFO [django.channels.server.log_action:141] HTTP GET /admin/jsi18n/ 200 [0.05, 127.0.0.1:26258]
[2020-03-23 16:43:17] WARNING [django.request.get_response:93] Not Found: /workexperience/profile/www.youtube.com/djekwms/
[2020-03-23 16:43:17] WARNING [django.channels.server.log_action:149] HTTP GET /workexperience/profile/www.youtube.com/djekwms/ 404 [0.05, 127.0.0.1:26303]
[2020-03-23 16:43:41] INFO [django.channels.server.log_action:147] HTTP POST /admin/home/wetask/1/change/ 302 [0.11, 127.0.0.1:26344]
[2020-03-23 16:43:41] INFO [django.channels.server.log_action:141] HTTP GET /admin/home/wetask/ 200 [0.13, 127.0.0.1:26344]
[2020-03-23 16:43:41] INFO [django.channels.server.log_action:145] HTTP GET /static/admin/css/changelists.css 304 [0.02, 127.0.0.1:26347]
[2020-03-23 16:43:41] INFO [django.channels.server.log_action:141] HTTP GET /admin/jsi18n/ 200 [0.06, 127.0.0.1:26344]
[2020-03-23 16:43:43] INFO [django.channels.server.log_action:141] HTTP GET /static/admin/img/icon-yes.svg 200 [0.04, 127.0.0.1:26348]
[2020-03-23 16:43:43] INFO [django.channels.server.log_action:141] HTTP GET /static/admin/img/tooltag-add.svg 200 [0.04, 127.0.0.1:26347]
[2020-03-23 16:43:43] INFO [django.channels.server.log_action:141] HTTP GET /static/admin/img/sorting-icons.svg 200 [0.04, 127.0.0.1:26344]
[2020-03-23 16:44:20] INFO [django.channels.server.log_action:141] HTTP GET /workexperience/profile/ 200 [31.20, 127.0.0.1:26359]
[2020-03-24 10:16:12] WARNING [django.request.get_response:93] Not Found: /robots.txt
[2020-03-24 10:16:12] WARNING [django.channels.server.log_action:149] HTTP GET /robots.txt 404 [0.04, 127.0.0.1:21078]
[2020-03-24 10:16:12] INFO [django.channels.server.log_action:141] HTTP GET / 200 [0.83, 127.0.0.1:21077]
[2020-03-24 10:16:12] INFO [django.channels.server.log_action:141] HTTP GET /static/home/css/newdesigner/js/validation/jquery.validate.js 200 [0.10, 127.0.0.1:21078]
[2020-03-24 10:16:12] INFO [django.channels.server.log_action:141] HTTP GET /static/home/css/newdesigner/js/validation/jquery.validation.functions.js 200 [0.11, 127.0.0.1:21077]
[2020-03-24 10:16:12] INFO [django.channels.server.log_action:141] HTTP GET /static/home/css/newdesigner/css/bootstrap.min.css 200 [0.10, 127.0.0.1:21085]
[2020-03-24 10:16:12] INFO [django.channels.server.log_action:141] HTTP GET /static/home/css/newdesigner/css/style.css 200 [0.09, 127.0.0.1:21087]
[2020-03-24 10:16:12] INFO [django.channels.server.log_action:141] HTTP GET /static/home/css/newhomepage/css/newstyle2.css 200 [0.09, 127.0.0.1:21088]
[2020-03-24 10:16:12] INFO [django.channels.server.log_action:141] HTTP GET /static/home/css/style.css 200 [0.10, 127.0.0.1:21086]
[2020-03-24 10:16:12] INFO [django.channels.server.log_action:141] HTTP GET /static/home/css/newhomepage/css/newstylenew.css 200 [0.07, 127.0.0.1:21078]
[2020-03-24 10:16:12] INFO [django.channels.server.log_action:141] HTTP GET /static/Projects/custom/css/projects.css 200 [0.06, 127.0.0.1:21087]
[2020-03-24 10:16:12] INFO [django.channels.server.log_action:141] HTTP GET /static/home/css/testimonial-timeline.css 200 [0.07, 127.0.0.1:21085]
[2020-03-24 10:16:12] INFO [django.channels.server.log_action:141] HTTP GET /static/home/css/newhomepage/css/main.css 200 [0.10, 127.0.0.1:21077]
[2020-03-24 10:16:13] INFO [django.channels.server.log_action:141] HTTP GET /static/home/css/jquery-ui-1.12.1.custom/jquery-ui.min.css 200 [0.10, 127.0.0.1:21086]
[2020-03-24 10:16:13] INFO [django.channels.server.log_action:141] HTTP GET /static/home/css/jquery-ui-1.12.1.custom/jquery-ui.min.js 200 [0.11, 127.0.0.1:21088]
[2020-03-24 10:16:39] INFO [django.channels.server.log_action:141] HTTP GET /static/home/images/logo.png 200 [0.07, 127.0.0.1:21159]
[2020-03-24 10:16:39] INFO [django.channels.server.log_action:141] HTTP GET /static/home/css/newhomepage/imgs/LaptopBook.png 200 [0.07, 127.0.0.1:21160]
[2020-03-24 10:16:39] INFO [django.channels.server.log_action:141] HTTP GET /static/home/css/newdesigner/js/bootstrap.min.js 200 [0.02, 127.0.0.1:21159]
[2020-03-24 10:16:39] INFO [django.channels.server.log_action:141] HTTP GET /static/faq/js/jquery.mobile.custom.min.js 200 [0.02, 127.0.0.1:21160]
[2020-03-24 10:16:39] INFO [django.channels.server.log_action:141] HTTP GET /static/faq/js/main.js 200 [0.01, 127.0.0.1:21160]
[2020-03-24 10:16:39] INFO [django.channels.server.log_action:141] HTTP GET /static/js/waterbubble.js 200 [0.02, 127.0.0.1:21159]
[2020-03-24 10:16:39] INFO [django.channels.server.log_action:141] HTTP GET /static/home/css/newhomepage/imgs/jobphone.png 200 [0.02, 127.0.0.1:21160]
[2020-03-24 10:16:39] INFO [django.channels.server.log_action:141] HTTP GET /static/home/css/newhomepage/imgs/homelive.png 200 [0.01, 127.0.0.1:21159]
[2020-03-24 10:16:39] INFO [django.channels.server.log_action:141] HTTP GET /static/home/css/newhomepage/imgs/get3.png 200 [0.01, 127.0.0.1:21160]
[2020-03-24 10:16:39] INFO [django.channels.server.log_action:141] HTTP GET /static/home/css/newhomepage/imgs/get2.png 200 [0.01, 127.0.0.1:21159]
[2020-03-24 10:16:39] INFO [django.channels.server.log_action:141] HTTP GET /static/home/css/newhomepage/imgs/get1.png 200 [0.01, 127.0.0.1:21160]
[2020-03-24 10:16:39] INFO [django.channels.server.log_action:141] HTTP GET /static/home/images/adekunle.png 200 [0.01, 127.0.0.1:21159]
[2020-03-24 10:16:39] INFO [django.channels.server.log_action:141] HTTP GET /static/home/images/kenna.png 200 [0.02, 127.0.0.1:21160]
[2020-03-24 10:16:39] INFO [django.channels.server.log_action:141] HTTP GET /static/home/images/fetigue.png 200 [0.02, 127.0.0.1:21159]
[2020-03-24 10:16:56] INFO [django.channels.server.log_action:141] HTTP GET /static/home/css/newdesigner/fonts/fontsstylesheet.css 200 [0.06, 127.0.0.1:21159]
[2020-03-24 10:16:57] INFO [django.channels.server.log_action:141] HTTP GET /static/home/css/newhomepage/imgs/jobban2.png 200 [0.02, 127.0.0.1:21159]
[2020-03-24 10:16:57] INFO [django.channels.server.log_action:141] HTTP GET /static/home/css/newhomepage/imgs/homebanner.png 200 [0.03, 127.0.0.1:21160]
[2020-03-24 10:34:50] INFO [django.channels.server.log_action:141] HTTP GET /login/ 200 [1.67, 127.0.0.1:22471]
[2020-03-24 10:34:51] INFO [django.channels.server.log_action:141] HTTP GET /static/home/css/styles.css 200 [0.58, 127.0.0.1:22471]
[2020-03-24 10:34:55] INFO [django.channels.server.log_action:141] HTTP GET /static/home/images/imgback.jpg 200 [0.07, 127.0.0.1:22471]
[2020-03-24 10:35:01] INFO [django.channels.server.log_action:147] HTTP POST /login/ 302 [1.65, 127.0.0.1:22491]
[2020-03-24 10:35:01] INFO [django.channels.server.log_action:141] HTTP GET /courses/userinterest 200 [0.43, 127.0.0.1:22491]
[2020-03-24 10:35:04] INFO [django.channels.server.log_action:141] HTTP GET /static/home/css/newhomepage/imgs//list-bg.png 200 [0.05, 127.0.0.1:22492]
[2020-03-24 10:35:04] INFO [django.channels.server.log_action:141] HTTP GET /static/home/images/amazons.png 200 [0.07, 127.0.0.1:22491]
[2020-03-24 10:35:04] INFO [django.channels.server.log_action:141] HTTP GET /static/home/images/button-left.png 200 [0.06, 127.0.0.1:22520]
[2020-03-24 10:35:04] INFO [django.channels.server.log_action:141] HTTP GET /static/home/images/csecurity.png 200 [0.10, 127.0.0.1:22518]
[2020-03-24 10:35:04] INFO [django.channels.server.log_action:141] HTTP GET /static/home/images/ppt.png 200 [0.11, 127.0.0.1:22517]
[2020-03-24 10:35:04] INFO [django.channels.server.log_action:141] HTTP GET /static/home/images/lin-logo.png 200 [0.11, 127.0.0.1:22519]
[2020-03-24 10:35:04] INFO [django.channels.server.log_action:141] HTTP GET /static/home/images/ajs.png 200 [0.07, 127.0.0.1:22492]
[2020-03-24 10:35:04] INFO [django.channels.server.log_action:141] HTTP GET /static/home/images/rchsaa.png 200 [0.07, 127.0.0.1:22520]
[2020-03-24 10:35:04] INFO [django.channels.server.log_action:141] HTTP GET /static/home/images/jjava.png 200 [0.12, 127.0.0.1:22491]
[2020-03-24 10:35:08] INFO [django.channels.server.log_action:141] HTTP GET /static/home/images/py.png 200 [0.04, 127.0.0.1:22529]
[2020-03-24 10:35:08] INFO [django.channels.server.log_action:141] HTTP GET /static/home/images/icon1.png 200 [0.05, 127.0.0.1:22525]
[2020-03-24 10:35:08] INFO [django.channels.server.log_action:141] HTTP GET /static/home/images/logout1.png 200 [0.06, 127.0.0.1:22526]
[2020-03-24 10:35:08] INFO [django.channels.server.log_action:141] HTTP GET /static/home/images/dba.png 200 [0.06, 127.0.0.1:22528]
[2020-03-24 10:35:08] INFO [django.channels.server.log_action:141] HTTP GET /static/home/images/biz.png 200 [0.07, 127.0.0.1:22527]
[2020-03-24 10:53:59] INFO [django.channels.server.log_action:147] HTTP GET /workexperience/ 302 [0.67, 127.0.0.1:1196]
[2020-03-24 10:54:22] ERROR [django.request.handle_uncaught_exception:118] Internal Server Error: /workexperience/profile/
Traceback (most recent call last):
  File "C:\Users\Sam\AppData\Local\Programs\Python\Python37\lib\urllib\request.py", line 1317, in do_open
    encode_chunked=req.has_header('Transfer-encoding'))
  File "C:\Users\Sam\AppData\Local\Programs\Python\Python37\lib\http\client.py", line 1229, in request
    self._send_request(method, url, body, headers, encode_chunked)
  File "C:\Users\Sam\AppData\Local\Programs\Python\Python37\lib\http\client.py", line 1275, in _send_request
    self.endheaders(body, encode_chunked=encode_chunked)
  File "C:\Users\Sam\AppData\Local\Programs\Python\Python37\lib\http\client.py", line 1224, in endheaders
    self._send_output(message_body, encode_chunked=encode_chunked)
  File "C:\Users\Sam\AppData\Local\Programs\Python\Python37\lib\http\client.py", line 1016, in _send_output
    self.send(msg)
  File "C:\Users\Sam\AppData\Local\Programs\Python\Python37\lib\http\client.py", line 956, in send
    self.connect()
  File "C:\Users\Sam\AppData\Local\Programs\Python\Python37\lib\http\client.py", line 1392, in connect
    server_hostname=server_hostname)
  File "C:\Users\Sam\AppData\Local\Programs\Python\Python37\lib\ssl.py", line 412, in wrap_socket
    session=session
  File "C:\Users\Sam\AppData\Local\Programs\Python\Python37\lib\ssl.py", line 853, in _create
    self.do_handshake()
  File "C:\Users\Sam\AppData\Local\Programs\Python\Python37\lib\ssl.py", line 1117, in do_handshake
    self._sslobj.do_handshake()
socket.timeout: _ssl.c:1039: The handshake operation timed out

During handling of the above exception, another exception occurred:

Traceback (most recent call last):
  File "C:\Users\Sam\AppData\Local\Programs\Python\Python37\lib\site-packages\weasyprint\urls.py", line 284, in fetch
    result = url_fetcher(url)
  File "C:\Users\Sam\AppData\Local\Programs\Python\Python37\lib\site-packages\weasyprint\urls.py", line 248, in default_url_fetcher
    timeout=timeout, context=ssl_context)
  File "C:\Users\Sam\AppData\Local\Programs\Python\Python37\lib\urllib\request.py", line 222, in urlopen
    return opener.open(url, data, timeout)
  File "C:\Users\Sam\AppData\Local\Programs\Python\Python37\lib\urllib\request.py", line 525, in open
    response = self._open(req, data)
  File "C:\Users\Sam\AppData\Local\Programs\Python\Python37\lib\urllib\request.py", line 543, in _open
    '_open', req)
  File "C:\Users\Sam\AppData\Local\Programs\Python\Python37\lib\urllib\request.py", line 503, in _call_chain
    result = func(*args)
  File "C:\Users\Sam\AppData\Local\Programs\Python\Python37\lib\urllib\request.py", line 1360, in https_open
    context=self._context, check_hostname=self._check_hostname)
  File "C:\Users\Sam\AppData\Local\Programs\Python\Python37\lib\urllib\request.py", line 1319, in do_open
    raise URLError(err)
urllib.error.URLError: <urlopen error _ssl.c:1039: The handshake operation timed out>

During handling of the above exception, another exception occurred:

Traceback (most recent call last):
  File "C:\Users\Sam\AppData\Local\Programs\Python\Python37\lib\site-packages\django\core\handlers\exception.py", line 35, in inner
    response = get_response(request)
  File "C:\Users\Sam\AppData\Local\Programs\Python\Python37\lib\site-packages\django\core\handlers\base.py", line 128, in _get_response
    response = self.process_exception_by_middleware(e, request)
  File "C:\Users\Sam\AppData\Local\Programs\Python\Python37\lib\site-packages\django\core\handlers\base.py", line 126, in _get_response
    response = wrapped_callback(request, *callback_args, **callback_kwargs)
  File "C:\Users\Sam\AppData\Local\Programs\Python\Python37\lib\site-packages\django\contrib\auth\decorators.py", line 21, in _wrapped_view
    return view_func(request, *args, **kwargs)
  File "E:\Documents\Web\linux-contract\Django\Linuxjobber\home\views.py", line 1697, in workexprofile
    work_experience_eligible_pdf(details.user)
  File "E:\Documents\Web\linux-contract\Django\Linuxjobber\home\views.py", line 1282, in work_experience_eligible_pdf
    pdf_file = HTML(string=html_template).write_pdf( stylesheets=[CSS("https://stackpath.bootstrapcdn.com/bootstrap/4.3.1/css/bootstrap.min.css")],presentational_hints=True)
  File "C:\Users\Sam\AppData\Local\Programs\Python\Python37\lib\site-packages\weasyprint\__init__.py", line 322, in __init__
    with result as (source_type, source, base_url, protocol_encoding):
  File "C:\Users\Sam\AppData\Local\Programs\Python\Python37\lib\contextlib.py", line 112, in __enter__
    return next(self.gen)
  File "C:\Users\Sam\AppData\Local\Programs\Python\Python37\lib\site-packages\weasyprint\__init__.py", line 396, in _select_source
    with result as result:
  File "C:\Users\Sam\AppData\Local\Programs\Python\Python37\lib\contextlib.py", line 112, in __enter__
    return next(self.gen)
  File "C:\Users\Sam\AppData\Local\Programs\Python\Python37\lib\site-packages\weasyprint\__init__.py", line 406, in _select_source
    with fetch(url_fetcher, url) as result:
  File "C:\Users\Sam\AppData\Local\Programs\Python\Python37\lib\contextlib.py", line 112, in __enter__
    return next(self.gen)
  File "C:\Users\Sam\AppData\Local\Programs\Python\Python37\lib\site-packages\weasyprint\urls.py", line 286, in fetch
    raise URLFetchingError('%s: %s' % (type(exc).__name__, str(exc)))
weasyprint.urls.URLFetchingError: URLError: <urlopen error _ssl.c:1039: The handshake operation timed out>
[2020-03-24 10:54:22] ERROR [django.channels.server.log_action:154] HTTP GET /workexperience/profile/ 500 [23.25, 127.0.0.1:1196]
[2020-03-24 10:54:23] WARNING [django.request.get_response:93] Not Found: /favicon.ico
[2020-03-24 10:54:23] WARNING [django.channels.server.log_action:149] HTTP GET /favicon.ico 404 [0.08, 127.0.0.1:1262]
[2020-03-24 10:58:01] INFO [django.channels.server.log_action:141] HTTP GET /workexperience/profile/ 200 [50.65, 127.0.0.1:1461]
[2020-03-24 10:58:05] INFO [django.channels.server.log_action:141] HTTP GET /media/resume/2_NPY5Yl7.jpg 200 [0.14, 127.0.0.1:1603]
[2020-03-24 10:58:19] INFO [django.channels.server.log_action:141] HTTP GET /media/resume/IMG-20190817-WA0018_tw2HzLd.jpg 200 [0.12, 127.0.0.1:1625]
[2020-03-24 11:08:47] ERROR [django.request.handle_uncaught_exception:118] Internal Server Error: /workexperience/profile/
Traceback (most recent call last):
  File "C:\Users\Sam\AppData\Local\Programs\Python\Python37\lib\site-packages\weasyprint\urls.py", line 284, in fetch
    result = url_fetcher(url)
  File "C:\Users\Sam\AppData\Local\Programs\Python\Python37\lib\site-packages\weasyprint\urls.py", line 248, in default_url_fetcher
    timeout=timeout, context=ssl_context)
  File "C:\Users\Sam\AppData\Local\Programs\Python\Python37\lib\urllib\request.py", line 222, in urlopen
    return opener.open(url, data, timeout)
  File "C:\Users\Sam\AppData\Local\Programs\Python\Python37\lib\urllib\request.py", line 525, in open
    response = self._open(req, data)
  File "C:\Users\Sam\AppData\Local\Programs\Python\Python37\lib\urllib\request.py", line 543, in _open
    '_open', req)
  File "C:\Users\Sam\AppData\Local\Programs\Python\Python37\lib\urllib\request.py", line 503, in _call_chain
    result = func(*args)
  File "C:\Users\Sam\AppData\Local\Programs\Python\Python37\lib\urllib\request.py", line 1360, in https_open
    context=self._context, check_hostname=self._check_hostname)
  File "C:\Users\Sam\AppData\Local\Programs\Python\Python37\lib\urllib\request.py", line 1320, in do_open
    r = h.getresponse()
  File "C:\Users\Sam\AppData\Local\Programs\Python\Python37\lib\http\client.py", line 1321, in getresponse
    response.begin()
  File "C:\Users\Sam\AppData\Local\Programs\Python\Python37\lib\http\client.py", line 296, in begin
    version, status, reason = self._read_status()
  File "C:\Users\Sam\AppData\Local\Programs\Python\Python37\lib\http\client.py", line 257, in _read_status
    line = str(self.fp.readline(_MAXLINE + 1), "iso-8859-1")
  File "C:\Users\Sam\AppData\Local\Programs\Python\Python37\lib\socket.py", line 589, in readinto
    return self._sock.recv_into(b)
  File "C:\Users\Sam\AppData\Local\Programs\Python\Python37\lib\ssl.py", line 1052, in recv_into
    return self.read(nbytes, buffer)
  File "C:\Users\Sam\AppData\Local\Programs\Python\Python37\lib\ssl.py", line 911, in read
    return self._sslobj.read(len, buffer)
socket.timeout: The read operation timed out

During handling of the above exception, another exception occurred:

Traceback (most recent call last):
  File "C:\Users\Sam\AppData\Local\Programs\Python\Python37\lib\site-packages\django\core\handlers\exception.py", line 35, in inner
    response = get_response(request)
  File "C:\Users\Sam\AppData\Local\Programs\Python\Python37\lib\site-packages\django\core\handlers\base.py", line 128, in _get_response
    response = self.process_exception_by_middleware(e, request)
  File "C:\Users\Sam\AppData\Local\Programs\Python\Python37\lib\site-packages\django\core\handlers\base.py", line 126, in _get_response
    response = wrapped_callback(request, *callback_args, **callback_kwargs)
  File "C:\Users\Sam\AppData\Local\Programs\Python\Python37\lib\site-packages\django\contrib\auth\decorators.py", line 21, in _wrapped_view
    return view_func(request, *args, **kwargs)
  File "E:\Documents\Web\linux-contract\Django\Linuxjobber\home\views.py", line 1697, in workexprofile
    work_experience_eligible_pdf(details.user)
  File "E:\Documents\Web\linux-contract\Django\Linuxjobber\home\views.py", line 1282, in work_experience_eligible_pdf
    pdf_file = HTML(string=html_template).write_pdf( stylesheets=[CSS("https://stackpath.bootstrapcdn.com/bootstrap/4.3.1/css/bootstrap.min.css")],presentational_hints=True)
  File "C:\Users\Sam\AppData\Local\Programs\Python\Python37\lib\site-packages\weasyprint\__init__.py", line 322, in __init__
    with result as (source_type, source, base_url, protocol_encoding):
  File "C:\Users\Sam\AppData\Local\Programs\Python\Python37\lib\contextlib.py", line 112, in __enter__
    return next(self.gen)
  File "C:\Users\Sam\AppData\Local\Programs\Python\Python37\lib\site-packages\weasyprint\__init__.py", line 396, in _select_source
    with result as result:
  File "C:\Users\Sam\AppData\Local\Programs\Python\Python37\lib\contextlib.py", line 112, in __enter__
    return next(self.gen)
  File "C:\Users\Sam\AppData\Local\Programs\Python\Python37\lib\site-packages\weasyprint\__init__.py", line 406, in _select_source
    with fetch(url_fetcher, url) as result:
  File "C:\Users\Sam\AppData\Local\Programs\Python\Python37\lib\contextlib.py", line 112, in __enter__
    return next(self.gen)
  File "C:\Users\Sam\AppData\Local\Programs\Python\Python37\lib\site-packages\weasyprint\urls.py", line 286, in fetch
    raise URLFetchingError('%s: %s' % (type(exc).__name__, str(exc)))
weasyprint.urls.URLFetchingError: timeout: The read operation timed out
[2020-03-24 11:08:47] ERROR [django.channels.server.log_action:154] HTTP GET /workexperience/profile/ 500 [10.94, 127.0.0.1:2188]
[2020-03-24 11:09:16] ERROR [django.request.handle_uncaught_exception:118] Internal Server Error: /workexperience/profile/
Traceback (most recent call last):
  File "C:\Users\Sam\AppData\Local\Programs\Python\Python37\lib\site-packages\weasyprint\urls.py", line 284, in fetch
    result = url_fetcher(url)
  File "C:\Users\Sam\AppData\Local\Programs\Python\Python37\lib\site-packages\weasyprint\urls.py", line 248, in default_url_fetcher
    timeout=timeout, context=ssl_context)
  File "C:\Users\Sam\AppData\Local\Programs\Python\Python37\lib\urllib\request.py", line 222, in urlopen
    return opener.open(url, data, timeout)
  File "C:\Users\Sam\AppData\Local\Programs\Python\Python37\lib\urllib\request.py", line 525, in open
    response = self._open(req, data)
  File "C:\Users\Sam\AppData\Local\Programs\Python\Python37\lib\urllib\request.py", line 543, in _open
    '_open', req)
  File "C:\Users\Sam\AppData\Local\Programs\Python\Python37\lib\urllib\request.py", line 503, in _call_chain
    result = func(*args)
  File "C:\Users\Sam\AppData\Local\Programs\Python\Python37\lib\urllib\request.py", line 1360, in https_open
    context=self._context, check_hostname=self._check_hostname)
  File "C:\Users\Sam\AppData\Local\Programs\Python\Python37\lib\urllib\request.py", line 1320, in do_open
    r = h.getresponse()
  File "C:\Users\Sam\AppData\Local\Programs\Python\Python37\lib\http\client.py", line 1321, in getresponse
    response.begin()
  File "C:\Users\Sam\AppData\Local\Programs\Python\Python37\lib\http\client.py", line 296, in begin
    version, status, reason = self._read_status()
  File "C:\Users\Sam\AppData\Local\Programs\Python\Python37\lib\http\client.py", line 257, in _read_status
    line = str(self.fp.readline(_MAXLINE + 1), "iso-8859-1")
  File "C:\Users\Sam\AppData\Local\Programs\Python\Python37\lib\socket.py", line 589, in readinto
    return self._sock.recv_into(b)
  File "C:\Users\Sam\AppData\Local\Programs\Python\Python37\lib\ssl.py", line 1052, in recv_into
    return self.read(nbytes, buffer)
  File "C:\Users\Sam\AppData\Local\Programs\Python\Python37\lib\ssl.py", line 911, in read
    return self._sslobj.read(len, buffer)
socket.timeout: The read operation timed out

During handling of the above exception, another exception occurred:

Traceback (most recent call last):
  File "C:\Users\Sam\AppData\Local\Programs\Python\Python37\lib\site-packages\django\core\handlers\exception.py", line 35, in inner
    response = get_response(request)
  File "C:\Users\Sam\AppData\Local\Programs\Python\Python37\lib\site-packages\django\core\handlers\base.py", line 128, in _get_response
    response = self.process_exception_by_middleware(e, request)
  File "C:\Users\Sam\AppData\Local\Programs\Python\Python37\lib\site-packages\django\core\handlers\base.py", line 126, in _get_response
    response = wrapped_callback(request, *callback_args, **callback_kwargs)
  File "C:\Users\Sam\AppData\Local\Programs\Python\Python37\lib\site-packages\django\contrib\auth\decorators.py", line 21, in _wrapped_view
    return view_func(request, *args, **kwargs)
  File "E:\Documents\Web\linux-contract\Django\Linuxjobber\home\views.py", line 1697, in workexprofile
    work_experience_eligible_pdf(details.user)
  File "E:\Documents\Web\linux-contract\Django\Linuxjobber\home\views.py", line 1282, in work_experience_eligible_pdf
    pdf_file = HTML(string=html_template).write_pdf( stylesheets=[CSS("https://stackpath.bootstrapcdn.com/bootstrap/4.3.1/css/bootstrap.min.css")],presentational_hints=True)
  File "C:\Users\Sam\AppData\Local\Programs\Python\Python37\lib\site-packages\weasyprint\__init__.py", line 322, in __init__
    with result as (source_type, source, base_url, protocol_encoding):
  File "C:\Users\Sam\AppData\Local\Programs\Python\Python37\lib\contextlib.py", line 112, in __enter__
    return next(self.gen)
  File "C:\Users\Sam\AppData\Local\Programs\Python\Python37\lib\site-packages\weasyprint\__init__.py", line 396, in _select_source
    with result as result:
  File "C:\Users\Sam\AppData\Local\Programs\Python\Python37\lib\contextlib.py", line 112, in __enter__
    return next(self.gen)
  File "C:\Users\Sam\AppData\Local\Programs\Python\Python37\lib\site-packages\weasyprint\__init__.py", line 406, in _select_source
    with fetch(url_fetcher, url) as result:
  File "C:\Users\Sam\AppData\Local\Programs\Python\Python37\lib\contextlib.py", line 112, in __enter__
    return next(self.gen)
  File "C:\Users\Sam\AppData\Local\Programs\Python\Python37\lib\site-packages\weasyprint\urls.py", line 286, in fetch
    raise URLFetchingError('%s: %s' % (type(exc).__name__, str(exc)))
weasyprint.urls.URLFetchingError: timeout: The read operation timed out
[2020-03-24 11:09:16] ERROR [django.channels.server.log_action:154] HTTP GET /workexperience/profile/ 500 [10.89, 127.0.0.1:2236]
[2020-03-24 11:09:48] ERROR [django.request.handle_uncaught_exception:118] Internal Server Error: /workexperience/profile/
Traceback (most recent call last):
  File "C:\Users\Sam\AppData\Local\Programs\Python\Python37\lib\site-packages\weasyprint\urls.py", line 284, in fetch
    result = url_fetcher(url)
  File "C:\Users\Sam\AppData\Local\Programs\Python\Python37\lib\site-packages\weasyprint\urls.py", line 248, in default_url_fetcher
    timeout=timeout, context=ssl_context)
  File "C:\Users\Sam\AppData\Local\Programs\Python\Python37\lib\urllib\request.py", line 222, in urlopen
    return opener.open(url, data, timeout)
  File "C:\Users\Sam\AppData\Local\Programs\Python\Python37\lib\urllib\request.py", line 525, in open
    response = self._open(req, data)
  File "C:\Users\Sam\AppData\Local\Programs\Python\Python37\lib\urllib\request.py", line 543, in _open
    '_open', req)
  File "C:\Users\Sam\AppData\Local\Programs\Python\Python37\lib\urllib\request.py", line 503, in _call_chain
    result = func(*args)
  File "C:\Users\Sam\AppData\Local\Programs\Python\Python37\lib\urllib\request.py", line 1360, in https_open
    context=self._context, check_hostname=self._check_hostname)
  File "C:\Users\Sam\AppData\Local\Programs\Python\Python37\lib\urllib\request.py", line 1320, in do_open
    r = h.getresponse()
  File "C:\Users\Sam\AppData\Local\Programs\Python\Python37\lib\http\client.py", line 1321, in getresponse
    response.begin()
  File "C:\Users\Sam\AppData\Local\Programs\Python\Python37\lib\http\client.py", line 296, in begin
    version, status, reason = self._read_status()
  File "C:\Users\Sam\AppData\Local\Programs\Python\Python37\lib\http\client.py", line 257, in _read_status
    line = str(self.fp.readline(_MAXLINE + 1), "iso-8859-1")
  File "C:\Users\Sam\AppData\Local\Programs\Python\Python37\lib\socket.py", line 589, in readinto
    return self._sock.recv_into(b)
  File "C:\Users\Sam\AppData\Local\Programs\Python\Python37\lib\ssl.py", line 1052, in recv_into
    return self.read(nbytes, buffer)
  File "C:\Users\Sam\AppData\Local\Programs\Python\Python37\lib\ssl.py", line 911, in read
    return self._sslobj.read(len, buffer)
socket.timeout: The read operation timed out

During handling of the above exception, another exception occurred:

Traceback (most recent call last):
  File "C:\Users\Sam\AppData\Local\Programs\Python\Python37\lib\site-packages\django\core\handlers\exception.py", line 35, in inner
    response = get_response(request)
  File "C:\Users\Sam\AppData\Local\Programs\Python\Python37\lib\site-packages\django\core\handlers\base.py", line 128, in _get_response
    response = self.process_exception_by_middleware(e, request)
  File "C:\Users\Sam\AppData\Local\Programs\Python\Python37\lib\site-packages\django\core\handlers\base.py", line 126, in _get_response
    response = wrapped_callback(request, *callback_args, **callback_kwargs)
  File "C:\Users\Sam\AppData\Local\Programs\Python\Python37\lib\site-packages\django\contrib\auth\decorators.py", line 21, in _wrapped_view
    return view_func(request, *args, **kwargs)
  File "E:\Documents\Web\linux-contract\Django\Linuxjobber\home\views.py", line 1698, in workexprofile
    work_experience_term_pdf(details.user)
  File "E:\Documents\Web\linux-contract\Django\Linuxjobber\home\views.py", line 1328, in work_experience_term_pdf
    pdf_file = HTML(string=html_template).write_pdf( stylesheets=[CSS("https://stackpath.bootstrapcdn.com/bootstrap/4.3.1/css/bootstrap.min.css")],presentational_hints=True)
  File "C:\Users\Sam\AppData\Local\Programs\Python\Python37\lib\site-packages\weasyprint\__init__.py", line 322, in __init__
    with result as (source_type, source, base_url, protocol_encoding):
  File "C:\Users\Sam\AppData\Local\Programs\Python\Python37\lib\contextlib.py", line 112, in __enter__
    return next(self.gen)
  File "C:\Users\Sam\AppData\Local\Programs\Python\Python37\lib\site-packages\weasyprint\__init__.py", line 396, in _select_source
    with result as result:
  File "C:\Users\Sam\AppData\Local\Programs\Python\Python37\lib\contextlib.py", line 112, in __enter__
    return next(self.gen)
  File "C:\Users\Sam\AppData\Local\Programs\Python\Python37\lib\site-packages\weasyprint\__init__.py", line 406, in _select_source
    with fetch(url_fetcher, url) as result:
  File "C:\Users\Sam\AppData\Local\Programs\Python\Python37\lib\contextlib.py", line 112, in __enter__
    return next(self.gen)
  File "C:\Users\Sam\AppData\Local\Programs\Python\Python37\lib\site-packages\weasyprint\urls.py", line 286, in fetch
    raise URLFetchingError('%s: %s' % (type(exc).__name__, str(exc)))
weasyprint.urls.URLFetchingError: timeout: The read operation timed out
[2020-03-24 11:09:48] ERROR [django.channels.server.log_action:154] HTTP GET /workexperience/profile/ 500 [14.78, 127.0.0.1:2260]
[2020-03-24 11:15:55] INFO [django.channels.server.log_action:141] HTTP GET /workexperience/profile/ 200 [100.53, 127.0.0.1:2600]
[2020-03-24 11:37:40] INFO [django.channels.server.log_action:141] HTTP GET /workexperience/profile/ 200 [239.03, 127.0.0.1:1127]
[2020-03-24 11:41:32] INFO [django.channels.server.log_action:147] HTTP GET /workexperience/profile/ 302 [0.08, 127.0.0.1:2149]
[2020-03-24 11:41:32] INFO [django.channels.server.log_action:141] HTTP GET /accounts/login/?next=/workexperience/profile/ 200 [0.68, 127.0.0.1:2149]
[2020-03-24 11:41:33] INFO [django.channels.server.log_action:141] HTTP GET /static/home/css/styles.css 200 [0.08, 127.0.0.1:2149]
[2020-03-24 11:41:36] WARNING [django.request.get_response:93] Not Found: /favicon.ico
[2020-03-24 11:41:36] WARNING [django.channels.server.log_action:149] HTTP GET /favicon.ico 404 [0.13, 127.0.0.1:2149]
[2020-03-24 11:41:41] INFO [django.channels.server.log_action:147] HTTP POST /login/ 302 [1.03, 127.0.0.1:2149]
[2020-03-24 11:42:18] INFO [django.channels.server.log_action:141] HTTP GET /workexperience/profile/ 200 [36.90, 127.0.0.1:2149]
[2020-03-24 11:42:18] INFO [django.channels.server.log_action:141] HTTP GET /static/home/css/newhomepage/css/main.css 200 [0.37, 127.0.0.1:2265]
[2020-03-24 11:42:23] INFO [django.channels.server.log_action:141] HTTP GET /media/resume/2_NPY5Yl7.jpg 200 [0.24, 127.0.0.1:2265]
[2020-03-24 11:42:23] INFO [django.channels.server.log_action:141] HTTP GET /media/resume/IMG-20190817-WA0018_tw2HzLd.jpg 200 [0.25, 127.0.0.1:2293]
[2020-03-24 11:42:26] INFO [django.channels.server.log_action:141] HTTP GET /media/pdfs/Work-Experience-ISA-mololuwa_olufeko_B8Jdhl7.pdf 200 [0.20, 127.0.0.1:2309]
[2020-03-24 11:42:26] INFO [django.channels.server.log_action:141] HTTP GET /media/pdfs/Work-Experience-Terms-mololuwa_olufeko_PDVlMZo.pdf 200 [0.23, 127.0.0.1:2308]
[2020-03-24 11:42:26] INFO [django.channels.server.log_action:141] HTTP GET /media/pdfs/Work-Experience-Eligibility-mololuwa_olufeko_cHOZ21x.pdf 200 [0.25, 127.0.0.1:2265]
[2020-03-24 11:52:28] INFO [django.channels.server.log_action:141] HTTP GET /workexperience/profile/ 200 [86.37, 127.0.0.1:1657]
[2020-03-24 11:52:31] INFO [django.channels.server.log_action:141] HTTP GET /media/pdfs/Work-Experience-Eligibility-mololuwa_olufeko_co5NNie.pdf 200 [0.17, 127.0.0.1:1657]
[2020-03-24 11:52:31] INFO [django.channels.server.log_action:141] HTTP GET /media/pdfs/Work-Experience-Terms-mololuwa_olufeko_ojgdOkg.pdf 200 [0.12, 127.0.0.1:1860]
[2020-03-24 11:52:31] INFO [django.channels.server.log_action:141] HTTP GET /media/pdfs/Work-Experience-ISA-mololuwa_olufeko_V8676mM.pdf 200 [0.12, 127.0.0.1:1861]
[2020-03-24 11:55:22] INFO [django.channels.server.log_action:141] HTTP GET /workexperience/profile/ 200 [40.89, 127.0.0.1:1954]
[2020-03-24 11:55:24] INFO [django.channels.server.log_action:141] HTTP GET /media/pdfs/Work-Experience-Eligibility-mololuwa_olufeko_pbdaBl0.pdf 200 [0.18, 127.0.0.1:1954]
[2020-03-24 11:55:24] INFO [django.channels.server.log_action:141] HTTP GET /media/pdfs/Work-Experience-ISA-mololuwa_olufeko_9gcfAbr.pdf 200 [0.20, 127.0.0.1:2073]
[2020-03-24 11:55:25] INFO [django.channels.server.log_action:141] HTTP GET /media/pdfs/Work-Experience-Terms-mololuwa_olufeko_mYuDIwL.pdf 200 [0.28, 127.0.0.1:2072]
[2020-03-24 11:58:24] INFO [django.channels.server.log_action:141] HTTP GET /workexperience/profile/ 200 [69.77, 127.0.0.1:2163]
[2020-03-24 11:58:25] INFO [django.channels.server.log_action:145] HTTP GET /static/home/css/newdesigner/js/validation/jquery.validate.js 304 [1.79, 127.0.0.1:2256]
[2020-03-24 11:58:26] INFO [django.channels.server.log_action:145] HTTP GET /static/home/css/newdesigner/css/bootstrap.min.css 304 [1.79, 127.0.0.1:2257]
[2020-03-24 11:58:26] INFO [django.channels.server.log_action:145] HTTP GET /static/home/css/newdesigner/css/style.css 304 [1.78, 127.0.0.1:2259]
[2020-03-24 11:58:26] INFO [django.channels.server.log_action:145] HTTP GET /static/home/css/newdesigner/js/validation/jquery.validation.functions.js 304 [1.80, 127.0.0.1:2163]
[2020-03-24 11:58:26] INFO [django.channels.server.log_action:145] HTTP GET /static/home/css/style.css 304 [1.80, 127.0.0.1:2258]
[2020-03-24 11:58:26] INFO [django.channels.server.log_action:145] HTTP GET /static/home/css/newhomepage/css/newstyle2.css 304 [1.78, 127.0.0.1:2260]
[2020-03-24 11:58:26] INFO [django.channels.server.log_action:145] HTTP GET /static/home/css/newhomepage/css/main.css 304 [0.02, 127.0.0.1:2256]
[2020-03-24 11:58:26] INFO [django.channels.server.log_action:145] HTTP GET /static/home/css/newhomepage/css/newstylenew.css 304 [0.08, 127.0.0.1:2257]
[2020-03-24 11:58:26] INFO [django.channels.server.log_action:145] HTTP GET /static/home/css/newdesigner/js/bootstrap.min.js 304 [0.09, 127.0.0.1:2163]
[2020-03-24 11:58:26] INFO [django.channels.server.log_action:145] HTTP GET /static/Projects/custom/css/projects.css 304 [0.13, 127.0.0.1:2259]
[2020-03-24 11:58:26] INFO [django.channels.server.log_action:145] HTTP GET /static/js/waterbubble.js 304 [0.09, 127.0.0.1:2163]
[2020-03-24 11:58:26] INFO [django.channels.server.log_action:145] HTTP GET /static/faq/js/jquery.mobile.custom.min.js 304 [0.11, 127.0.0.1:2256]
[2020-03-24 11:58:26] INFO [django.channels.server.log_action:145] HTTP GET /static/faq/js/main.js 304 [0.11, 127.0.0.1:2257]
[2020-03-24 11:58:26] INFO [django.channels.server.log_action:145] HTTP GET /static/home/css/jquery-ui-1.12.1.custom/jquery-ui.min.js 304 [0.22, 127.0.0.1:2260]
[2020-03-24 11:58:26] INFO [django.channels.server.log_action:145] HTTP GET /static/home/css/jquery-ui-1.12.1.custom/jquery-ui.min.css 304 [0.22, 127.0.0.1:2258]
[2020-03-24 11:58:26] INFO [django.channels.server.log_action:145] HTTP GET /static/home/css/newdesigner/fonts/fontsstylesheet.css 304 [0.13, 127.0.0.1:2259]
[2020-03-24 11:58:27] INFO [django.channels.server.log_action:145] HTTP GET /static/home/images/logo.png 304 [0.54, 127.0.0.1:2257]
[2020-03-24 11:58:27] INFO [django.channels.server.log_action:145] HTTP GET /static/home/images/icon1.png 304 [0.53, 127.0.0.1:2256]
[2020-03-24 11:58:27] INFO [django.channels.server.log_action:145] HTTP GET /static/home/images/logout1.png 304 [0.53, 127.0.0.1:2258]
[2020-03-24 11:58:27] INFO [django.channels.server.log_action:145] HTTP GET /static/home/css/newhomepage/imgs/jobban2.png 304 [0.26, 127.0.0.1:2257]
[2020-03-24 11:58:27] INFO [django.channels.server.log_action:141] HTTP GET /media/pdfs/Work-Experience-Terms-mololuwa_olufeko_rkpGM3I.pdf 200 [0.83, 127.0.0.1:2259]
[2020-03-24 11:58:27] INFO [django.channels.server.log_action:141] HTTP GET /media/pdfs/Work-Experience-ISA-mololuwa_olufeko_BclboLR.pdf 200 [0.89, 127.0.0.1:2163]
[2020-03-24 11:58:27] INFO [django.channels.server.log_action:145] HTTP GET /media/resume/IMG-20190817-WA0018_tw2HzLd.jpg 304 [0.42, 127.0.0.1:2258]
[2020-03-24 11:58:27] INFO [django.channels.server.log_action:141] HTTP GET /media/pdfs/Work-Experience-Eligibility-mololuwa_olufeko_USnfYdu.pdf 200 [1.05, 127.0.0.1:2260]
[2020-03-24 11:58:27] INFO [django.channels.server.log_action:145] HTTP GET /media/pdfs/Work-Experience-Terms-mololuwa_olufeko_rkpGM3I.pdf 304 [0.28, 127.0.0.1:2259]
[2020-03-24 11:58:27] INFO [django.channels.server.log_action:145] HTTP GET /media/pdfs/Work-Experience-ISA-mololuwa_olufeko_BclboLR.pdf 304 [0.25, 127.0.0.1:2257]
[2020-03-24 11:58:27] INFO [django.channels.server.log_action:145] HTTP GET /media/pdfs/Work-Experience-Eligibility-mololuwa_olufeko_USnfYdu.pdf 304 [0.09, 127.0.0.1:2260]
[2020-03-24 11:58:28] INFO [django.channels.server.log_action:145] HTTP GET /media/resume/2_NPY5Yl7.jpg 304 [1.09, 127.0.0.1:2256]
[2020-03-24 14:08:35] INFO [django.channels.server.log_action:147] HTTP GET /workexperience/profile/ 302 [2.76, 127.0.0.1:1123]
[2020-03-24 14:08:38] INFO [django.channels.server.log_action:141] HTTP GET /timeout 200 [2.59, 127.0.0.1:1123]
[2020-03-24 14:08:41] INFO [django.channels.server.log_action:141] HTTP GET /static/home/css/newhomepage/imgs/proj-list.png 200 [0.38, 127.0.0.1:1123]
[2020-03-24 14:08:45] INFO [django.channels.server.log_action:147] HTTP POST /timeout 302 [0.51, 127.0.0.1:1123]
[2020-03-24 14:17:07] INFO [django.channels.server.log_action:141] HTTP GET /workexperience/profile/ 200 [502.66, 127.0.0.1:1123]
[2020-03-24 14:24:34] ERROR [django.channels.server.log_action:154] HTTP GET /workexperience/profile/ 500 [0.79, 127.0.0.1:1719]
[2020-03-24 14:24:38] ERROR [django.channels.server.log_action:154] HTTP GET /workexperience/profile/ 500 [0.55, 127.0.0.1:1719]
[2020-03-24 14:25:38] INFO [django.channels.server.log_action:141] HTTP GET /workexperience/profile/ 200 [0.57, 127.0.0.1:1823]
[2020-03-24 14:25:42] INFO [django.channels.server.log_action:141] HTTP GET /static/favicon.ico 200 [0.04, 127.0.0.1:1841]
[2020-03-24 14:25:57] INFO [django.channels.server.log_action:141] HTTP GET /workexperience/profile/ 200 [0.37, 127.0.0.1:1857]
[2020-03-24 15:03:13] INFO [django.channels.server.log_action:147] HTTP GET /workexperience/profile/ 302 [0.35, 127.0.0.1:1035]
[2020-03-24 15:03:13] INFO [django.channels.server.log_action:141] HTTP GET /timeout 200 [0.16, 127.0.0.1:1035]
[2020-03-24 15:03:19] INFO [django.channels.server.log_action:147] HTTP POST /timeout 302 [0.28, 127.0.0.1:1035]
[2020-03-24 15:03:19] INFO [django.channels.server.log_action:141] HTTP GET /workexperience/profile/ 200 [0.19, 127.0.0.1:1035]
[2020-03-24 15:03:20] INFO [django.channels.server.log_action:141] HTTP GET /media/resume/IMG-20190817-WA0018_tw2HzLd.jpg 200 [0.20, 127.0.0.1:1036]
[2020-03-24 15:03:20] INFO [django.channels.server.log_action:141] HTTP GET /media/resume/2_NPY5Yl7.jpg 200 [0.22, 127.0.0.1:1035]
[2020-03-24 15:03:51] INFO [django.channels.server.log_action:141] HTTP GET /workexperience/profile/ 200 [0.26, 127.0.0.1:1035]
[2020-03-24 15:04:01] INFO [django.channels.server.log_action:141] HTTP GET /workexperience/profile/ 200 [0.28, 127.0.0.1:1035]
[2020-03-24 15:04:35] INFO [django.channels.server.log_action:141] HTTP GET /workexperience/profile/ 200 [0.31, 127.0.0.1:1035]
[2020-03-24 15:04:52] INFO [django.channels.server.log_action:147] HTTP GET /workexperience/profile/ 302 [0.12, 127.0.0.1:1195]
[2020-03-24 15:04:52] INFO [django.channels.server.log_action:141] HTTP GET /timeout 200 [0.10, 127.0.0.1:1195]
[2020-03-24 15:04:54] INFO [django.channels.server.log_action:147] HTTP GET /workexperience/profile/ 302 [0.02, 127.0.0.1:1195]
[2020-03-24 15:04:54] INFO [django.channels.server.log_action:147] HTTP GET /favicon.ico 302 [0.08, 127.0.0.1:1205]
[2020-03-24 15:04:54] INFO [django.channels.server.log_action:141] HTTP GET /timeout 200 [0.10, 127.0.0.1:1195]
[2020-03-24 15:04:57] INFO [django.channels.server.log_action:145] HTTP GET /static/home/css/newhomepage/imgs/proj-list.png 304 [0.01, 127.0.0.1:1205]
[2020-03-24 15:05:01] INFO [django.channels.server.log_action:147] HTTP POST /timeout 302 [0.20, 127.0.0.1:1195]
[2020-03-24 15:05:01] INFO [django.channels.server.log_action:141] HTTP GET /workexperience/profile/ 200 [0.23, 127.0.0.1:1195]
[2020-03-24 15:05:05] WARNING [django.request.get_response:93] Not Found: /workexperience/profile/None
[2020-03-24 15:05:05] WARNING [django.channels.server.log_action:149] HTTP GET /workexperience/profile/None 404 [0.04, 127.0.0.1:1205]
[2020-03-24 15:05:05] WARNING [django.request.get_response:93] Not Found: /workexperience/profile/None
[2020-03-24 15:05:05] WARNING [django.channels.server.log_action:149] HTTP GET /workexperience/profile/None 404 [0.07, 127.0.0.1:1205]
[2020-03-24 15:05:05] WARNING [django.request.get_response:93] Not Found: /workexperience/profile/None
[2020-03-24 15:05:05] WARNING [django.channels.server.log_action:149] HTTP GET /workexperience/profile/None 404 [0.09, 127.0.0.1:1195]
[2020-03-24 15:05:06] WARNING [django.request.get_response:93] Not Found: /workexperience/profile/None
[2020-03-24 15:05:06] WARNING [django.request.get_response:93] Not Found: /workexperience/profile/None
[2020-03-24 15:05:06] WARNING [django.channels.server.log_action:149] HTTP GET /workexperience/profile/None 404 [0.14, 127.0.0.1:1258]
[2020-03-24 15:05:06] WARNING [django.channels.server.log_action:149] HTTP GET /workexperience/profile/None 404 [0.16, 127.0.0.1:1205]
[2020-03-24 15:05:06] WARNING [django.request.get_response:93] Not Found: /workexperience/profile/None
[2020-03-24 15:05:06] WARNING [django.channels.server.log_action:149] HTTP GET /workexperience/profile/None 404 [0.16, 127.0.0.1:1195]
[2020-03-24 15:12:00] INFO [django.channels.server.log_action:141] HTTP GET /workexperience/profile/ 200 [0.25, 127.0.0.1:1577]
[2020-03-24 15:12:01] INFO [django.channels.server.log_action:141] HTTP GET /media/resume/IMG-20190817-WA0018_tw2HzLd.jpg 200 [0.07, 127.0.0.1:1578]
[2020-03-24 15:12:01] INFO [django.channels.server.log_action:141] HTTP GET /media/resume/2_NPY5Yl7.jpg 200 [0.08, 127.0.0.1:1577]
[2020-03-24 15:16:43] INFO [django.channels.server.log_action:141] HTTP GET /workexperience/profile/ 200 [0.25, 127.0.0.1:2094]
[2020-03-24 15:19:06] INFO [django.channels.server.log_action:147] HTTP GET /admin 301 [0.01, 127.0.0.1:2333]
[2020-03-24 15:19:08] INFO [django.channels.server.log_action:141] HTTP GET /admin/ 200 [2.00, 127.0.0.1:2333]
[2020-03-24 15:19:08] INFO [django.channels.server.log_action:141] HTTP GET /admin/ 200 [0.48, 127.0.0.1:2333]
[2020-03-24 15:19:08] INFO [django.channels.server.log_action:141] HTTP GET /static/admin/css/dashboard.css 200 [0.09, 127.0.0.1:2339]
[2020-03-24 15:19:08] INFO [django.channels.server.log_action:141] HTTP GET /static/admin/css/base.css 200 [0.09, 127.0.0.1:2336]
[2020-03-24 15:19:08] INFO [django.channels.server.log_action:141] HTTP GET /static/admin/css/responsive.css 200 [0.07, 127.0.0.1:2340]
[2020-03-24 15:19:08] INFO [django.channels.server.log_action:141] HTTP GET /static/admin/css/fonts.css 200 [0.03, 127.0.0.1:2340]
[2020-03-24 15:19:12] INFO [django.channels.server.log_action:141] HTTP GET /static/admin/img/icon-deletelink.svg 200 [0.03, 127.0.0.1:2336]
[2020-03-24 15:19:12] INFO [django.channels.server.log_action:141] HTTP GET /static/admin/img/icon-changelink.svg 200 [0.04, 127.0.0.1:2340]
[2020-03-24 15:19:12] INFO [django.channels.server.log_action:141] HTTP GET /static/admin/img/icon-addlink.svg 200 [0.02, 127.0.0.1:2333]
[2020-03-24 15:19:18] INFO [django.channels.server.log_action:141] HTTP GET /static/admin/fonts/Roboto-Bold-webfont.woff 200 [0.11, 127.0.0.1:2412]
[2020-03-24 15:19:18] INFO [django.channels.server.log_action:141] HTTP GET /static/admin/fonts/Roboto-Light-webfont.woff 200 [0.11, 127.0.0.1:2411]
[2020-03-24 15:19:18] INFO [django.channels.server.log_action:141] HTTP GET /static/admin/fonts/Roboto-Regular-webfont.woff 200 [0.11, 127.0.0.1:2413]
[2020-03-24 15:19:49] INFO [django.channels.server.log_action:141] HTTP GET /admin/home/wetask/ 200 [0.20, 127.0.0.1:2477]
[2020-03-24 15:19:49] INFO [django.channels.server.log_action:141] HTTP GET /static/admin/css/changelists.css 200 [0.06, 127.0.0.1:2477]
[2020-03-24 15:19:49] INFO [django.channels.server.log_action:141] HTTP GET /admin/jsi18n/ 200 [0.06, 127.0.0.1:2478]
[2020-03-24 15:19:49] INFO [django.channels.server.log_action:141] HTTP GET /static/admin/js/jquery.init.js 200 [0.06, 127.0.0.1:2483]
[2020-03-24 15:19:49] INFO [django.channels.server.log_action:141] HTTP GET /static/admin/js/actions.js 200 [0.03, 127.0.0.1:2477]
[2020-03-24 15:19:49] INFO [django.channels.server.log_action:141] HTTP GET /static/admin/js/vendor/jquery/jquery.js 200 [0.05, 127.0.0.1:2482]
[2020-03-24 15:19:49] INFO [django.channels.server.log_action:141] HTTP GET /static/admin/js/admin/RelatedObjectLookups.js 200 [0.08, 127.0.0.1:2485]
[2020-03-24 15:19:49] INFO [django.channels.server.log_action:141] HTTP GET /static/admin/js/urlify.js 200 [0.06, 127.0.0.1:2478]
[2020-03-24 15:19:49] INFO [django.channels.server.log_action:141] HTTP GET /static/admin/js/core.js 200 [0.09, 127.0.0.1:2484]
[2020-03-24 15:19:49] INFO [django.channels.server.log_action:141] HTTP GET /static/admin/js/prepopulate.js 200 [0.06, 127.0.0.1:2483]
[2020-03-24 15:19:49] INFO [django.channels.server.log_action:141] HTTP GET /static/admin/js/vendor/xregexp/xregexp.js 200 [0.07, 127.0.0.1:2485]
[2020-03-24 15:19:51] INFO [django.channels.server.log_action:141] HTTP GET /static/admin/img/tooltag-add.svg 200 [0.08, 127.0.0.1:2483]
[2020-03-24 15:19:51] INFO [django.channels.server.log_action:141] HTTP GET /static/admin/img/search.svg 200 [0.08, 127.0.0.1:2482]
[2020-03-24 15:19:51] INFO [django.channels.server.log_action:141] HTTP GET /static/admin/img/sorting-icons.svg 200 [0.10, 127.0.0.1:2485]
[2020-03-24 15:19:55] INFO [django.channels.server.log_action:141] HTTP GET /admin/home/wetask/1/change/ 200 [0.21, 127.0.0.1:2485]
[2020-03-24 15:19:55] INFO [django.channels.server.log_action:141] HTTP GET /static/admin/css/forms.css 200 [0.06, 127.0.0.1:2485]
[2020-03-24 15:19:55] INFO [django.channels.server.log_action:141] HTTP GET /static/admin/js/admin/DateTimeShortcuts.js 200 [0.06, 127.0.0.1:2483]
[2020-03-24 15:19:55] INFO [django.channels.server.log_action:141] HTTP GET /admin/jsi18n/ 200 [0.06, 127.0.0.1:2484]
[2020-03-24 15:19:55] INFO [django.channels.server.log_action:141] HTTP GET /static/admin/js/calendar.js 200 [0.06, 127.0.0.1:2482]
[2020-03-24 15:19:55] INFO [django.channels.server.log_action:141] HTTP GET /static/admin/css/widgets.css 200 [0.01, 127.0.0.1:2484]
[2020-03-24 15:19:57] INFO [django.channels.server.log_action:141] HTTP GET /static/admin/js/change_form.js 200 [0.07, 127.0.0.1:2516]
[2020-03-24 15:20:00] INFO [django.channels.server.log_action:141] HTTP GET /static/admin/js/prepopulate_init.js 200 [0.01, 127.0.0.1:2516]
[2020-03-24 15:20:01] INFO [django.channels.server.log_action:141] HTTP GET /static/admin/img/icon-clock.svg 200 [0.04, 127.0.0.1:2525]
[2020-03-24 15:20:01] INFO [django.channels.server.log_action:141] HTTP GET /static/admin/img/icon-calendar.svg 200 [0.08, 127.0.0.1:2516]
[2020-03-24 15:24:13] INFO [django.channels.server.log_action:147] HTTP POST /admin/home/wetask/1/change/ 302 [0.16, 127.0.0.1:3131]
[2020-03-24 15:24:14] INFO [django.channels.server.log_action:141] HTTP GET /admin/home/wetask/ 200 [0.16, 127.0.0.1:3131]
[2020-03-24 15:24:14] INFO [django.channels.server.log_action:141] HTTP GET /admin/jsi18n/ 200 [0.06, 127.0.0.1:3131]
[2020-03-24 15:24:15] INFO [django.channels.server.log_action:141] HTTP GET /static/admin/img/icon-yes.svg 200 [0.04, 127.0.0.1:3131]
[2020-03-24 15:24:19] INFO [django.channels.server.log_action:141] HTTP GET /workexperience/profile/ 200 [0.23, 127.0.0.1:3156]
[2020-03-24 15:24:25] INFO [django.channels.server.log_action:141] HTTP GET /static/favicon.ico 200 [0.04, 127.0.0.1:3156]
[2020-03-24 15:26:07] INFO [django.channels.server.log_action:141] HTTP GET /workexperience/profile/ 200 [0.29, 127.0.0.1:3379]
[2020-03-24 15:27:22] INFO [django.channels.server.log_action:141] HTTP GET /workexperience/profile/ 200 [0.21, 127.0.0.1:3566]
[2020-03-24 15:28:13] INFO [django.channels.server.log_action:141] HTTP POST /workexperience/workvidmid/1 200 [0.12, 127.0.0.1:3685]
[2020-03-24 15:29:08] INFO [django.channels.server.log_action:141] HTTP POST /workexperience/workvidmid/1 200 [0.12, 127.0.0.1:3779]
[2020-03-24 15:29:19] INFO [django.channels.server.log_action:141] HTTP POST /workexperience/workvidmid/1 200 [0.12, 127.0.0.1:3821]
[2020-03-24 15:29:32] INFO [django.channels.server.log_action:141] HTTP POST /workexperience/workvidmid/1 200 [0.06, 127.0.0.1:3904]
[2020-03-24 15:29:33] INFO [django.channels.server.log_action:141] HTTP POST /workexperience/workvidmid/1 200 [0.03, 127.0.0.1:3911]
[2020-03-24 15:30:47] INFO [django.channels.server.log_action:141] HTTP POST /workexperience/workvidmid/1 200 [0.09, 127.0.0.1:4033]
[2020-03-24 15:32:02] INFO [django.channels.server.log_action:141] HTTP GET /workexperience/profile/ 200 [0.75, 127.0.0.1:4130]
[2020-03-24 15:32:43] INFO [django.channels.server.log_action:141] HTTP POST /workexperience/workvidmid/1 200 [0.07, 127.0.0.1:4230]
[2020-03-24 15:34:38] INFO [django.channels.server.log_action:141] HTTP GET /workexperience/profile/ 200 [0.23, 127.0.0.1:23598]
[2020-03-24 15:34:44] INFO [django.channels.server.log_action:141] HTTP POST /workexperience/workvidmid/1 200 [0.09, 127.0.0.1:23598]
[2020-03-24 15:35:14] INFO [django.channels.server.log_action:141] HTTP GET /workexperience/profile/ 200 [0.35, 127.0.0.1:23659]
[2020-03-24 15:35:29] INFO [django.channels.server.log_action:141] HTTP POST /workexperience/workvidmid/1 200 [0.05, 127.0.0.1:23659]
[2020-03-24 15:36:05] INFO [django.channels.server.log_action:141] HTTP GET /workexperience/profile/ 200 [0.77, 127.0.0.1:23659]
[2020-03-24 15:36:10] INFO [django.channels.server.log_action:141] HTTP POST /workexperience/workvidmid/1 200 [0.16, 127.0.0.1:23659]
[2020-03-24 15:36:24] INFO [django.channels.server.log_action:141] HTTP POST /workexperience/workvidmid/1 200 [0.08, 127.0.0.1:23765]
[2020-03-24 15:38:09] INFO [django.channels.server.log_action:141] HTTP GET /workexperience/profile/ 200 [0.20, 127.0.0.1:23981]
[2020-03-24 15:38:14] INFO [django.channels.server.log_action:141] HTTP POST /workexperience/workvidmid/1 200 [0.02, 127.0.0.1:23981]
[2020-03-24 15:38:15] INFO [django.channels.server.log_action:141] HTTP POST /workexperience/workvidmid/1 200 [0.04, 127.0.0.1:23981]
[2020-03-24 15:38:17] INFO [django.channels.server.log_action:141] HTTP POST /workexperience/workvidmid/1 200 [0.02, 127.0.0.1:23981]
[2020-03-24 15:38:25] INFO [django.channels.server.log_action:141] HTTP POST /workexperience/workvidmid/1 200 [0.03, 127.0.0.1:24019]
[2020-03-24 15:38:32] INFO [django.channels.server.log_action:141] HTTP POST /workexperience/workvidmid/1 200 [0.02, 127.0.0.1:24019]
[2020-03-24 15:40:57] INFO [django.channels.server.log_action:141] HTTP GET /workexperience/profile/ 200 [0.27, 127.0.0.1:24252]
[2020-03-24 15:41:03] INFO [django.channels.server.log_action:141] HTTP POST /workexperience/workvidmid/1 200 [0.03, 127.0.0.1:24277]
[2020-03-24 15:43:31] INFO [django.channels.server.log_action:141] HTTP GET /workexperience/profile/ 200 [0.15, 127.0.0.1:24550]
[2020-03-24 15:44:01] INFO [django.channels.server.log_action:141] HTTP POST /workexperience/workvidmid/1 200 [0.02, 127.0.0.1:24635]
[2020-03-24 15:44:15] INFO [django.channels.server.log_action:141] HTTP POST /workexperience/workvidmid/1 200 [0.02, 127.0.0.1:24660]
[2020-03-24 15:44:16] INFO [django.channels.server.log_action:141] HTTP POST /workexperience/workvidmid/1 200 [0.11, 127.0.0.1:24660]
[2020-03-24 15:45:25] INFO [django.channels.server.log_action:141] HTTP GET /workexperience/profile/ 200 [0.17, 127.0.0.1:24737]
[2020-03-24 15:45:33] INFO [django.channels.server.log_action:141] HTTP POST /workexperience/workvidmid/1 200 [0.19, 127.0.0.1:24761]
[2020-03-24 15:45:53] INFO [django.channels.server.log_action:141] HTTP POST /workexperience/workvidmid/1 200 [0.11, 127.0.0.1:24795]
[2020-03-24 15:45:57] INFO [django.channels.server.log_action:141] HTTP GET /workexperience/profile/ 200 [0.26, 127.0.0.1:24795]
[2020-03-24 15:46:05] INFO [django.channels.server.log_action:141] HTTP POST /workexperience/workvidmid/1 200 [0.03, 127.0.0.1:24827]
[2020-03-24 15:47:04] INFO [django.channels.server.log_action:141] HTTP GET /workexperience/profile/ 200 [0.19, 127.0.0.1:24896]
[2020-03-24 15:47:09] INFO [django.channels.server.log_action:141] HTTP POST /workexperience/workvidmid/1 200 [0.03, 127.0.0.1:24925]
[2020-03-24 15:47:32] INFO [django.channels.server.log_action:141] HTTP GET /workexperience/profile/ 200 [0.21, 127.0.0.1:24948]
[2020-03-24 15:47:39] INFO [django.channels.server.log_action:141] HTTP POST /workexperience/workvidmid/1 200 [0.07, 127.0.0.1:24970]
[2020-03-24 15:47:40] INFO [django.channels.server.log_action:141] HTTP POST /workexperience/workvidmid/1 200 [0.09, 127.0.0.1:24970]
[2020-03-24 15:48:40] INFO [django.channels.server.log_action:141] HTTP GET /workexperience/profile/ 200 [0.20, 127.0.0.1:25088]
[2020-03-24 15:48:41] INFO [django.channels.server.log_action:141] HTTP GET /static/home/css/newdesigner/js/validation/jquery.validation.functions.js 200 [0.06, 127.0.0.1:25088]
[2020-03-24 15:48:41] INFO [django.channels.server.log_action:141] HTTP GET /static/home/css/newdesigner/css/bootstrap.min.css 200 [0.06, 127.0.0.1:25094]
[2020-03-24 15:48:41] INFO [django.channels.server.log_action:141] HTTP GET /static/home/css/style.css 200 [0.07, 127.0.0.1:25095]
[2020-03-24 15:48:41] INFO [django.channels.server.log_action:141] HTTP GET /static/home/css/newdesigner/js/validation/jquery.validate.js 200 [0.12, 127.0.0.1:25089]
[2020-03-24 15:48:41] INFO [django.channels.server.log_action:141] HTTP GET /static/home/css/newdesigner/css/style.css 200 [0.07, 127.0.0.1:25096]
[2020-03-24 15:48:41] INFO [django.channels.server.log_action:141] HTTP GET /static/home/css/newhomepage/css/newstyle2.css 200 [0.10, 127.0.0.1:25097]
[2020-03-24 15:48:41] INFO [django.channels.server.log_action:141] HTTP GET /static/home/css/newhomepage/css/main.css 200 [0.10, 127.0.0.1:25088]
[2020-03-24 15:48:41] INFO [django.channels.server.log_action:141] HTTP GET /static/home/css/newhomepage/css/newstylenew.css 200 [0.06, 127.0.0.1:25094]
[2020-03-24 15:48:41] INFO [django.channels.server.log_action:141] HTTP GET /static/Projects/custom/css/projects.css 200 [0.10, 127.0.0.1:25095]
[2020-03-24 15:48:41] INFO [django.channels.server.log_action:141] HTTP GET /static/home/css/jquery-ui-1.12.1.custom/jquery-ui.min.css 200 [0.11, 127.0.0.1:25096]
[2020-03-24 15:48:41] INFO [django.channels.server.log_action:141] HTTP GET /static/home/css/jquery-ui-1.12.1.custom/jquery-ui.min.js 200 [0.11, 127.0.0.1:25089]
[2020-03-24 15:48:41] INFO [django.channels.server.log_action:141] HTTP GET /static/home/css/newdesigner/fonts/fontsstylesheet.css 200 [0.03, 127.0.0.1:25089]
[2020-03-24 15:48:43] INFO [django.channels.server.log_action:141] HTTP GET /static/home/css/newhomepage/imgs/jobban2.png 200 [0.09, 127.0.0.1:25089]
[2020-03-24 15:48:43] INFO [django.channels.server.log_action:141] HTTP GET /static/home/images/logo.png 200 [0.11, 127.0.0.1:25095]
[2020-03-24 15:48:43] INFO [django.channels.server.log_action:141] HTTP GET /media/resume/2_NPY5Yl7.jpg 200 [0.14, 127.0.0.1:25096]
[2020-03-24 15:48:44] INFO [django.channels.server.log_action:141] HTTP GET /static/home/css/newdesigner/js/bootstrap.min.js 200 [0.08, 127.0.0.1:25122]
[2020-03-24 15:48:44] INFO [django.channels.server.log_action:141] HTTP GET /static/js/waterbubble.js 200 [0.08, 127.0.0.1:25125]
[2020-03-24 15:48:44] INFO [django.channels.server.log_action:141] HTTP GET /static/home/images/icon1.png 200 [0.13, 127.0.0.1:25126]
[2020-03-24 15:48:44] INFO [django.channels.server.log_action:141] HTTP GET /static/home/images/logout1.png 200 [0.06, 127.0.0.1:25122]
[2020-03-24 15:48:44] INFO [django.channels.server.log_action:141] HTTP GET /static/faq/js/main.js 200 [0.17, 127.0.0.1:25124]
[2020-03-24 15:48:44] INFO [django.channels.server.log_action:141] HTTP GET /static/faq/js/jquery.mobile.custom.min.js 200 [0.17, 127.0.0.1:25123]
[2020-03-24 15:48:44] INFO [django.channels.server.log_action:141] HTTP GET /media/resume/IMG-20190817-WA0018_tw2HzLd.jpg 200 [0.16, 127.0.0.1:25125]
[2020-03-24 15:48:54] INFO [django.channels.server.log_action:141] HTTP GET /static/favicon.ico 200 [0.07, 127.0.0.1:25149]
[2020-03-24 15:48:57] INFO [django.channels.server.log_action:141] HTTP POST /workexperience/workvidmid/1 200 [0.09, 127.0.0.1:25149]
[2020-03-24 15:49:08] INFO [django.channels.server.log_action:141] HTTP POST /workexperience/workvidmid/1 200 [0.05, 127.0.0.1:25164]
[2020-03-24 15:49:11] INFO [django.channels.server.log_action:141] HTTP POST /workexperience/workvidmid/1 200 [0.02, 127.0.0.1:25164]
[2020-03-24 15:49:16] INFO [django.channels.server.log_action:141] HTTP POST /workexperience/workvidmid/1 200 [0.08, 127.0.0.1:25176]
[2020-03-24 15:49:33] INFO [django.channels.server.log_action:141] HTTP POST /workexperience/workvidmid/1 200 [0.12, 127.0.0.1:25196]
[2020-03-24 15:50:11] INFO [django.channels.server.log_action:141] HTTP POST /workexperience/workvidmid/1 200 [0.02, 127.0.0.1:25235]
[2020-03-24 15:50:13] INFO [django.channels.server.log_action:141] HTTP POST /workexperience/workvidmid/1 200 [0.06, 127.0.0.1:25238]
[2020-03-24 15:50:16] INFO [django.channels.server.log_action:141] HTTP POST /workexperience/workvidmid/1 200 [0.07, 127.0.0.1:25238]
[2020-03-24 15:50:23] INFO [django.channels.server.log_action:141] HTTP POST /workexperience/workvidend/1 200 [0.03, 127.0.0.1:25238]
