[19-12-23 17:15:59] ERROR Internal Server Error: /static/home/css/testimonial-timeline.css
Traceback (most recent call last):
  File "C:\Users\EDLACA\Envs\linuxjobb\lib\site-packages\django\core\handlers\exception.py", line 35, in inner
    response = get_response(request)
  File "C:\Users\EDLACA\Envs\linuxjobb\lib\site-packages\django\core\handlers\base.py", line 113, in _get_response
    resolver_match = resolver.resolve(request.path_info)
  File "C:\Users\EDLACA\Envs\linuxjobb\lib\site-packages\django\urls\resolvers.py", line 527, in resolve
    raise Resolver404({'tried': tried, 'path': new_path})
django.urls.exceptions.Resolver404: {'tried': [[<URLResolver <module 'home.urls' from 'C:\\Users\\EDLACA\\Documents\\linuxjobber2\\Django\\Linuxjobber\\home\\urls.py'> (home:home) ''>, <URLPattern '' [name='index']>], [<URLResolver <module 'home.urls' from 'C:\\Users\\EDLACA\\Documents\\linuxjobber2\\Django\\Linuxjobber\\home\\urls.py'> (home:home) ''>, <URLPattern 'webhooks' [name='my_webhook_view']>], [<URLResolver <module 'home.urls' from 'C:\\Users\\EDLACA\\Documents\\linuxjobber2\\Django\\Linuxjobber\\home\\urls.py'> (home:home) ''>, <URLResolver <URLPattern list> (None:None) 'alpha/'>], [<URLResolver <module 'home.urls' from 'C:\\Users\\EDLACA\\Documents\\linuxjobber2\\Django\\Linuxjobber\\home\\urls.py'> (home:home) ''>, <URLPattern 'login/' [name='login']>], [<URLResolver <module 'home.urls' from 'C:\\Users\\EDLACA\\Documents\\linuxjobber2\\Django\\Linuxjobber\\home\\urls.py'> (home:home) ''>, <URLPattern 'signup' [name='signup']>], [<URLResolver <module 'home.urls' from 'C:\\Users\\EDLACA\\Documents\\linuxjobber2\\Django\\Linuxjobber\\home\\urls.py'> (home:home) ''>, <URLPattern 'unsubscribe' [name='unsubscribe']>], [<URLResolver <module 'home.urls' from 'C:\\Users\\EDLACA\\Documents\\linuxjobber2\\Django\\Linuxjobber\\home\\urls.py'> (home:home) ''>, <URLPattern 'selfstudy' [name='selfstudy']>], [<URLResolver <module 'home.urls' from 'C:\\Users\\EDLACA\\Documents\\linuxjobber2\\Django\\Linuxjobber\\home\\urls.py'> (home:home) ''>, <URLPattern 'linux/certification' [name='linux_certification']>], [<URLResolver <module 'home.urls' from 'C:\\Users\\EDLACA\\Documents\\linuxjobber2\\Django\\Linuxjobber\\home\\urls.py'> (home:home) ''>, <URLPattern 'aws/certification' [name='aws_certification']>], [<URLResolver <module 'home.urls' from 'C:\\Users\\EDLACA\\Documents\\linuxjobber2\\Django\\Linuxjobber\\home\\urls.py'> (home:home) ''>, <URLPattern 'oracledb/certification' [name='oracledb_certification']>], [<URLResolver <module 'home.urls' from 'C:\\Users\\EDLACA\\Documents\\linuxjobber2\\Django\\Linuxjobber\\home\\urls.py'> (home:home) ''>, <URLPattern 'oracledb/full_training' [name='oracledb_full_training']>], [<URLResolver <module 'home.urls' from 'C:\\Users\\EDLACA\\Documents\\linuxjobber2\\Django\\Linuxjobber\\home\\urls.py'> (home:home) ''>, <URLPattern 'devops/class/' [name='devops_class']>], [<URLResolver <module 'home.urls' from 'C:\\Users\\EDLACA\\Documents\\linuxjobber2\\Django\\Linuxjobber\\home\\urls.py'> (home:home) ''>, <URLPattern 'devops/class/pay' [name='devops_pay']>], [<URLResolver <module 'home.urls' from 'C:\\Users\\EDLACA\\Documents\\linuxjobber2\\Django\\Linuxjobber\\home\\urls.py'> (home:home) ''>, <URLPattern 'linux/full_training' [name='linux_full_training']>], [<URLResolver <module 'home.urls' from 'C:\\Users\\EDLACA\\Documents\\linuxjobber2\\Django\\Linuxjobber\\home\\urls.py'> (home:home) ''>, <URLPattern 'aws/full_training' [name='aws_full_training']>], [<URLResolver <module 'home.urls' from 'C:\\Users\\EDLACA\\Documents\\linuxjobber2\\Django\\Linuxjobber\\home\\urls.py'> (home:home) ''>, <URLPattern 'complete_training/<slug:course>' [name='completeclass']>], [<URLResolver <module 'home.urls' from 'C:\\Users\\EDLACA\\Documents\\linuxjobber2\\Django\\Linuxjobber\\home\\urls.py'> (home:home) ''>, <URLPattern 'faq' [name='faq']>], [<URLResolver <module 'home.urls' from 'C:\\Users\\EDLACA\\Documents\\linuxjobber2\\Django\\Linuxjobber\\home\\urls.py'> (home:home) ''>, <URLPattern 'ulocation' [name='ulocation']>], [<URLResolver <module 'home.urls' from 'C:\\Users\\EDLACA\\Documents\\linuxjobber2\\Django\\Linuxjobber\\home\\urls.py'> (home:home) ''>, <URLResolver <URLPattern list> (None:None) 'workexperience/'>], [<URLResolver <module 'home.urls' from 'C:\\Users\\EDLACA\\Documents\\linuxjobber2\\Django\\Linuxjobber\\home\\urls.py'> (home:home) ''>, <URLPattern 'gainexperience' [name='gainexperience']>], [<URLResolver <module 'home.urls' from 'C:\\Users\\EDLACA\\Documents\\linuxjobber2\\Django\\Linuxjobber\\home\\urls.py'> (home:home) ''>, <URLPattern 'internships' [name='internships']>], [<URLResolver <module 'home.urls' from 'C:\\Users\\EDLACA\\Documents\\linuxjobber2\\Django\\Linuxjobber\\home\\urls.py'> (home:home) ''>, <URLResolver <URLPattern list> (None:None) 'jobplacements/'>], [<URLResolver <module 'home.urls' from 'C:\\Users\\EDLACA\\Documents\\linuxjobber2\\Django\\Linuxjobber\\home\\urls.py'> (home:home) ''>, <URLPattern 'accepted' [name='accepted']>], [<URLResolver <module 'home.urls' from 'C:\\Users\\EDLACA\\Documents\\linuxjobber2\\Django\\Linuxjobber\\home\\urls.py'> (home:home) ''>, <URLPattern 'groupCourse/' [name='group']>], [<URLResolver <module 'home.urls' from 'C:\\Users\\EDLACA\\Documents\\linuxjobber2\\Django\\Linuxjobber\\home\\urls.py'> (home:home) ''>, <URLPattern 'subscriptionstatus' [name='check_subscription_status']>], [<URLResolver <module 'home.urls' from 'C:\\Users\\EDLACA\\Documents\\linuxjobber2\\Django\\Linuxjobber\\home\\urls.py'> (home:home) ''>, <URLPattern 'groupCourse/<int:pk>' [name='group']>], [<URLResolver <module 'home.urls' from 'C:\\Users\\EDLACA\\Documents\\linuxjobber2\\Django\\Linuxjobber\\home\\urls.py'> (home:home) ''>, <URLPattern 'groupCourse/<int:pk>/pay/' [name='group_pay']>], [<URLResolver <module 'home.urls' from 'C:\\Users\\EDLACA\\Documents\\linuxjobber2\\Django\\Linuxjobber\\home\\urls.py'> (home:home) ''>, <URLPattern 'access_course' [name='monthly_subscription']>], [<URLResolver <module 'home.urls' from 'C:\\Users\\EDLACA\\Documents\\linuxjobber2\\Django\\Linuxjobber\\home\\urls.py'> (home:home) ''>, <URLPattern 'accesscourse' [name='to_monthly_subscription']>], [<URLResolver <module 'home.urls' from 'C:\\Users\\EDLACA\\Documents\\linuxjobber2\\Django\\Linuxjobber\\home\\urls.py'> (home:home) ''>, <URLPattern 'logout' [name='logout']>], [<URLResolver <module 'home.urls' from 'C:\\Users\\EDLACA\\Documents\\linuxjobber2\\Django\\Linuxjobber\\home\\urls.py'> (home:home) ''>, <URLPattern 'forgot/password' [name='forgot_password']>], [<URLResolver <module 'home.urls' from 'C:\\Users\\EDLACA\\Documents\\linuxjobber2\\Django\\Linuxjobber\\home\\urls.py'> (home:home) ''>, <URLPattern 'reset_password/<str:reset_token>/' [name='reset_password']>], [<URLResolver <module 'home.urls' from 'C:\\Users\\EDLACA\\Documents\\linuxjobber2\\Django\\Linuxjobber\\home\\urls.py'> (home:home) ''>, <URLPattern 'aboutus' [name='aboutus']>], [<URLResolver <module 'home.urls' from 'C:\\Users\\EDLACA\\Documents\\linuxjobber2\\Django\\Linuxjobber\\home\\urls.py'> (home:home) ''>, <URLPattern 'policies' [name='policies']>], [<URLResolver <module 'home.urls' from 'C:\\Users\\EDLACA\\Documents\\linuxjobber2\\Django\\Linuxjobber\\home\\urls.py'> (home:home) ''>, <URLPattern 'linux_start' [name='linux_start']>], [<URLResolver <module 'home.urls' from 'C:\\Users\\EDLACA\\Documents\\linuxjobber2\\Django\\Linuxjobber\\home\\urls.py'> (home:home) ''>, <URLPattern 'jobs' [name='jobs']>], [<URLResolver <module 'home.urls' from 'C:\\Users\\EDLACA\\Documents\\linuxjobber2\\Django\\Linuxjobber\\home\\urls.py'> (home:home) ''>, <URLPattern 'jobs/feedback/' [name='jobfeed']>], [<URLResolver <module 'home.urls' from 'C:\\Users\\EDLACA\\Documents\\linuxjobber2\\Django\\Linuxjobber\\home\\urls.py'> (home:home) ''>, <URLPattern 'jobs/feedback/<int:is_fulltime>' [name='jobfeed']>], [<URLResolver <module 'home.urls' from 'C:\\Users\\EDLACA\\Documents\\linuxjobber2\\Django\\Linuxjobber\\home\\urls.py'> (home:home) ''>, <URLPattern 'jobs/parttime/apply' [name='partime']>], [<URLResolver <module 'home.urls' from 'C:\\Users\\EDLACA\\Documents\\linuxjobber2\\Django\\Linuxjobber\\home\\urls.py'> (home:home) ''>, <URLPattern 'jobs/challenge/' [name='challenge']>], [<URLResolver <module 'home.urls' from 'C:\\Users\\EDLACA\\Documents\\linuxjobber2\\Django\\Linuxjobber\\home\\urls.py'> (home:home) ''>, <URLPattern 'jobs/challenge/<respon>/' [name='challenge']>], [<URLResolver <module 'home.urls' from 'C:\\Users\\EDLACA\\Documents\\linuxjobber2\\Django\\Linuxjobber\\home\\urls.py'> (home:home) ''>, <URLPattern 'jobs/apply/<int:job>' [name='jobapplication']>], [<URLResolver <module 'home.urls' from 'C:\\Users\\EDLACA\\Documents\\linuxjobber2\\Django\\Linuxjobber\\home\\urls.py'> (home:home) ''>, <URLPattern 'resume' [name='resume']>], [<URLResolver <module 'home.urls' from 'C:\\Users\\EDLACA\\Documents\\linuxjobber2\\Django\\Linuxjobber\\home\\urls.py'> (home:home) ''>, <URLPattern 'resumeservice' [name='resume']>], [<URLResolver <module 'home.urls' from 'C:\\Users\\EDLACA\\Documents\\linuxjobber2\\Django\\Linuxjobber\\home\\urls.py'> (home:home) ''>, <URLPattern 'resumeservice/pay' [name='resumepay']>], [<URLResolver <module 'home.urls' from 'C:\\Users\\EDLACA\\Documents\\linuxjobber2\\Django\\Linuxjobber\\home\\urls.py'> (home:home) ''>, <URLPattern 'resumeservice/upload' [name='resumeupload']>], [<URLResolver <module 'home.urls' from 'C:\\Users\\EDLACA\\Documents\\linuxjobber2\\Django\\Linuxjobber\\home\\urls.py'> (home:home) ''>, <URLPattern 'companys/contact' [name='contact_us']>], [<URLResolver <module 'home.urls' from 'C:\\Users\\EDLACA\\Documents\\linuxjobber2\\Django\\Linuxjobber\\home\\urls.py'> (home:home) ''>, <URLPattern 'companys/location' [name='location']>], [<URLResolver <module 'home.urls' from 'C:\\Users\\EDLACA\\Documents\\linuxjobber2\\Django\\Linuxjobber\\home\\urls.py'> (home:home) ''>, <URLPattern 'user/account/settings' [name='account_settings']>], [<URLResolver <module 'home.urls' from 'C:\\Users\\EDLACA\\Documents\\linuxjobber2\\Django\\Linuxjobber\\home\\urls.py'> (home:home) ''>, <URLPattern 'user/account/ec2dashboard/' [name='ec2dashboard']>], [<URLResolver <module 'home.urls' from 'C:\\Users\\EDLACA\\Documents\\linuxjobber2\\Django\\Linuxjobber\\home\\urls.py'> (home:home) ''>, <URLPattern 'user/account/ec2dashboard/<command>/' [name='ec2dashboard']>], [<URLResolver <module 'home.urls' from 'C:\\Users\\EDLACA\\Documents\\linuxjobber2\\Django\\Linuxjobber\\home\\urls.py'> (home:home) ''>, <URLPattern 'user/account/startmachine/<machine_id>/' [name='startmachine']>], [<URLResolver <module 'home.urls' from 'C:\\Users\\EDLACA\\Documents\\linuxjobber2\\Django\\Linuxjobber\\home\\urls.py'> (home:home) ''>, <URLPattern 'user/account/stopmachine/<machine_id>/' [name='stopmachine']>], [<URLResolver <module 'home.urls' from 'C:\\Users\\EDLACA\\Documents\\linuxjobber2\\Django\\Linuxjobber\\home\\urls.py'> (home:home) ''>, <URLPattern 'users/orderlist' [name='orderlist']>], [<URLResolver <module 'home.urls' from 'C:\\Users\\EDLACA\\Documents\\linuxjobber2\\Django\\Linuxjobber\\home\\urls.py'> (home:home) ''>, <URLPattern 'home/packages' [name='students_packages']>], [<URLResolver <module 'home.urls' from 'C:\\Users\\EDLACA\\Documents\\linuxjobber2\\Django\\Linuxjobber\\home\\urls.py'> (home:home) ''>, <URLPattern 'home/livehelp' [name='live_help']>], [<URLResolver <module 'home.urls' from 'C:\\Users\\EDLACA\\Documents\\linuxjobber2\\Django\\Linuxjobber\\home\\urls.py'> (home:home) ''>, <URLPattern 'home/pay/livehelp' [name='pay_live_help']>], [<URLResolver <module 'home.urls' from 'C:\\Users\\EDLACA\\Documents\\linuxjobber2\\Django\\Linuxjobber\\home\\urls.py'> (home:home) ''>, <URLPattern 'home/server/service' [name='server_service']>], [<URLResolver <module 'home.urls' from 'C:\\Users\\EDLACA\\Documents\\linuxjobber2\\Django\\Linuxjobber\\home\\urls.py'> (home:home) ''>, <URLPattern 'home/liveinstructor' [name='in_person_training']>], [<URLResolver <module 'home.urls' from 'C:\\Users\\EDLACA\\Documents\\linuxjobber2\\Django\\Linuxjobber\\home\\urls.py'> (home:home) ''>, <URLPattern 'tryfree/' [name='tryfree']>], [<URLResolver <module 'home.urls' from 'C:\\Users\\EDLACA\\Documents\\linuxjobber2\\Django\\Linuxjobber\\home\\urls.py'> (home:home) ''>, <URLPattern 'tryfree/<slug:sub_plan>/' [name='tryfree']>], [<URLResolver <module 'home.urls' from 'C:\\Users\\EDLACA\\Documents\\linuxjobber2\\Django\\Linuxjobber\\home\\urls.py'> (home:home) ''>, <URLPattern 'complete_training/pay/<int:class_id>/' [name='complete_pay']>], [<URLResolver <module 'home.urls' from 'C:\\Users\\EDLACA\\Documents\\linuxjobber2\\Django\\Linuxjobber\\home\\urls.py'> (home:home) ''>, <URLPattern 'user/RHCSA/order_details' [name='rhcsa_order']>], [<URLResolver <module 'home.urls' from 'C:\\Users\\EDLACA\\Documents\\linuxjobber2\\Django\\Linuxjobber\\home\\urls.py'> (home:home) ''>, <URLPattern 'tutorials/userinterest' [name='user_interest']>], [<URLResolver <module 'home.urls' from 'C:\\Users\\EDLACA\\Documents\\linuxjobber2\\Django\\Linuxjobber\\home\\urls.py'> (home:home) ''>, <URLPattern 'profile_picture/update' [name='profile_img_upload']>], [<URLResolver <module 'home.urls' from 'C:\\Users\\EDLACA\\Documents\\linuxjobber2\\Django\\Linuxjobber\\home\\urls.py'> (home:home) ''>, <URLPattern 'timeout' [name='timeout']>], [<URLResolver <module 'home.urls' from 'C:\\Users\\EDLACA\\Documents\\linuxjobber2\\Django\\Linuxjobber\\home\\urls.py'> (home:home) ''>, <URLPattern 'combined_class/' [name='combined_class']>], [<URLResolver <module 'home.urls' from 'C:\\Users\\EDLACA\\Documents\\linuxjobber2\\Django\\Linuxjobber\\home\\urls.py'> (home:home) ''>, <URLPattern 'combined_class_terms/' [name='combined_class_terms']>], [<URLResolver <module 'home.urls' from 'C:\\Users\\EDLACA\\Documents\\linuxjobber2\\Django\\Linuxjobber\\home\\urls.py'> (home:home) ''>, <URLPattern 'combined_class/pay' [name='combined_class_pay']>], [<URLResolver <module 'home.urls' from 'C:\\Users\\EDLACA\\Documents\\linuxjobber2\\Django\\Linuxjobber\\home\\urls.py'> (home:home) ''>, <URLPattern 'career_switch/' [name='career_switch']>], [<URLResolver <module 'home.urls' from 'C:\\Users\\EDLACA\\Documents\\linuxjobber2\\Django\\Linuxjobber\\home\\urls.py'> (home:home) ''>, <URLPattern 'obtain_position/'>], [<URLResolver <module 'home.urls' from 'C:\\Users\\EDLACA\\Documents\\linuxjobber2\\Django\\Linuxjobber\\home\\urls.py'> (home:home) ''>, <URLPattern 'jobs/submitted'>], [<URLResolver <module 'home.urls' from 'C:\\Users\\EDLACA\\Documents\\linuxjobber2\\Django\\Linuxjobber\\home\\urls.py'> (home:home) ''>, <URLPattern 'installments/' [name='installments']>], [<URLResolver <module 'home.urls' from 'C:\\Users\\EDLACA\\Documents\\linuxjobber2\\Django\\Linuxjobber\\home\\urls.py'> (home:home) ''>, <URLPattern 'installments/pay' [name='installments_pay']>], [<URLResolver <URLPattern list> (admin:admin) 'admin/'>], [<URLResolver <module 'Courses.urls' from 'C:\\Users\\EDLACA\\Documents\\linuxjobber2\\Django\\Linuxjobber\\Courses\\urls.py'> (Courses:Courses) 'courses/'>], [<URLResolver <module 'Projects.urls' from 'C:\\Users\\EDLACA\\Documents\\linuxjobber2\\Django\\Linuxjobber\\Projects\\urls.py'> (Projects:Projects) 'projects/'>], [<URLResolver <module 'ToolsApp.urls' from 'C:\\Users\\EDLACA\\Documents\\linuxjobber2\\Django\\Linuxjobber\\ToolsApp\\urls.py'> (ToolsApp:ToolsApp) 'tools/'>], [<URLResolver <module 'classroom.urls' from 'C:\\Users\\EDLACA\\Documents\\linuxjobber2\\Django\\Linuxjobber\\classroom\\urls.py'> (classroom:classroom) 'classroom/'>], [<URLPattern 'accounts/login/' [name='login']>], [<URLResolver <module 'django.contrib.auth.urls' from 'C:\\Users\\EDLACA\\Envs\\linuxjobb\\lib\\site-packages\\django\\contrib\\auth\\urls.py'> (None:None) 'accounts/'>], [<URLResolver <module 'sso_api.urls' from 'C:\\Users\\EDLACA\\Documents\\linuxjobber2\\Django\\Linuxjobber\\sso_api\\urls.py'> (None:None) 'sso_api/'>], [<URLResolver <module 'awswebsocket.urls' from 'C:\\Users\\EDLACA\\Documents\\linuxjobber2\\Django\\Linuxjobber\\awswebsocket\\urls.py'> (None:None) 'awsgateway/'>]], 'path': 'static/home/css/testimonial-timeline.css'}

During handling of the above exception, another exception occurred:

Traceback (most recent call last):
  File "C:\Users\EDLACA\Envs\linuxjobb\lib\site-packages\django\core\handlers\exception.py", line 99, in get_exception_response
    response = callback(request, **dict(param_dict, exception=exception))
TypeError: handler_404() got an unexpected keyword argument 'exception'
[19-12-23 17:16:15] ERROR Internal Server Error: /static/home/css/newhomepage/imgs/gclass1.png
Traceback (most recent call last):
  File "C:\Users\EDLACA\Envs\linuxjobb\lib\site-packages\django\core\handlers\exception.py", line 35, in inner
    response = get_response(request)
  File "C:\Users\EDLACA\Envs\linuxjobb\lib\site-packages\django\core\handlers\base.py", line 113, in _get_response
    resolver_match = resolver.resolve(request.path_info)
  File "C:\Users\EDLACA\Envs\linuxjobb\lib\site-packages\django\urls\resolvers.py", line 527, in resolve
    raise Resolver404({'tried': tried, 'path': new_path})
django.urls.exceptions.Resolver404: {'tried': [[<URLResolver <module 'home.urls' from 'C:\\Users\\EDLACA\\Documents\\linuxjobber2\\Django\\Linuxjobber\\home\\urls.py'> (home:home) ''>, <URLPattern '' [name='index']>], [<URLResolver <module 'home.urls' from 'C:\\Users\\EDLACA\\Documents\\linuxjobber2\\Django\\Linuxjobber\\home\\urls.py'> (home:home) ''>, <URLPattern 'webhooks' [name='my_webhook_view']>], [<URLResolver <module 'home.urls' from 'C:\\Users\\EDLACA\\Documents\\linuxjobber2\\Django\\Linuxjobber\\home\\urls.py'> (home:home) ''>, <URLResolver <URLPattern list> (None:None) 'alpha/'>], [<URLResolver <module 'home.urls' from 'C:\\Users\\EDLACA\\Documents\\linuxjobber2\\Django\\Linuxjobber\\home\\urls.py'> (home:home) ''>, <URLPattern 'login/' [name='login']>], [<URLResolver <module 'home.urls' from 'C:\\Users\\EDLACA\\Documents\\linuxjobber2\\Django\\Linuxjobber\\home\\urls.py'> (home:home) ''>, <URLPattern 'signup' [name='signup']>], [<URLResolver <module 'home.urls' from 'C:\\Users\\EDLACA\\Documents\\linuxjobber2\\Django\\Linuxjobber\\home\\urls.py'> (home:home) ''>, <URLPattern 'unsubscribe' [name='unsubscribe']>], [<URLResolver <module 'home.urls' from 'C:\\Users\\EDLACA\\Documents\\linuxjobber2\\Django\\Linuxjobber\\home\\urls.py'> (home:home) ''>, <URLPattern 'selfstudy' [name='selfstudy']>], [<URLResolver <module 'home.urls' from 'C:\\Users\\EDLACA\\Documents\\linuxjobber2\\Django\\Linuxjobber\\home\\urls.py'> (home:home) ''>, <URLPattern 'linux/certification' [name='linux_certification']>], [<URLResolver <module 'home.urls' from 'C:\\Users\\EDLACA\\Documents\\linuxjobber2\\Django\\Linuxjobber\\home\\urls.py'> (home:home) ''>, <URLPattern 'aws/certification' [name='aws_certification']>], [<URLResolver <module 'home.urls' from 'C:\\Users\\EDLACA\\Documents\\linuxjobber2\\Django\\Linuxjobber\\home\\urls.py'> (home:home) ''>, <URLPattern 'oracledb/certification' [name='oracledb_certification']>], [<URLResolver <module 'home.urls' from 'C:\\Users\\EDLACA\\Documents\\linuxjobber2\\Django\\Linuxjobber\\home\\urls.py'> (home:home) ''>, <URLPattern 'oracledb/full_training' [name='oracledb_full_training']>], [<URLResolver <module 'home.urls' from 'C:\\Users\\EDLACA\\Documents\\linuxjobber2\\Django\\Linuxjobber\\home\\urls.py'> (home:home) ''>, <URLPattern 'devops/class/' [name='devops_class']>], [<URLResolver <module 'home.urls' from 'C:\\Users\\EDLACA\\Documents\\linuxjobber2\\Django\\Linuxjobber\\home\\urls.py'> (home:home) ''>, <URLPattern 'devops/class/pay' [name='devops_pay']>], [<URLResolver <module 'home.urls' from 'C:\\Users\\EDLACA\\Documents\\linuxjobber2\\Django\\Linuxjobber\\home\\urls.py'> (home:home) ''>, <URLPattern 'linux/full_training' [name='linux_full_training']>], [<URLResolver <module 'home.urls' from 'C:\\Users\\EDLACA\\Documents\\linuxjobber2\\Django\\Linuxjobber\\home\\urls.py'> (home:home) ''>, <URLPattern 'aws/full_training' [name='aws_full_training']>], [<URLResolver <module 'home.urls' from 'C:\\Users\\EDLACA\\Documents\\linuxjobber2\\Django\\Linuxjobber\\home\\urls.py'> (home:home) ''>, <URLPattern 'complete_training/<slug:course>' [name='completeclass']>], [<URLResolver <module 'home.urls' from 'C:\\Users\\EDLACA\\Documents\\linuxjobber2\\Django\\Linuxjobber\\home\\urls.py'> (home:home) ''>, <URLPattern 'faq' [name='faq']>], [<URLResolver <module 'home.urls' from 'C:\\Users\\EDLACA\\Documents\\linuxjobber2\\Django\\Linuxjobber\\home\\urls.py'> (home:home) ''>, <URLPattern 'ulocation' [name='ulocation']>], [<URLResolver <module 'home.urls' from 'C:\\Users\\EDLACA\\Documents\\linuxjobber2\\Django\\Linuxjobber\\home\\urls.py'> (home:home) ''>, <URLResolver <URLPattern list> (None:None) 'workexperience/'>], [<URLResolver <module 'home.urls' from 'C:\\Users\\EDLACA\\Documents\\linuxjobber2\\Django\\Linuxjobber\\home\\urls.py'> (home:home) ''>, <URLPattern 'gainexperience' [name='gainexperience']>], [<URLResolver <module 'home.urls' from 'C:\\Users\\EDLACA\\Documents\\linuxjobber2\\Django\\Linuxjobber\\home\\urls.py'> (home:home) ''>, <URLPattern 'internships' [name='internships']>], [<URLResolver <module 'home.urls' from 'C:\\Users\\EDLACA\\Documents\\linuxjobber2\\Django\\Linuxjobber\\home\\urls.py'> (home:home) ''>, <URLResolver <URLPattern list> (None:None) 'jobplacements/'>], [<URLResolver <module 'home.urls' from 'C:\\Users\\EDLACA\\Documents\\linuxjobber2\\Django\\Linuxjobber\\home\\urls.py'> (home:home) ''>, <URLPattern 'accepted' [name='accepted']>], [<URLResolver <module 'home.urls' from 'C:\\Users\\EDLACA\\Documents\\linuxjobber2\\Django\\Linuxjobber\\home\\urls.py'> (home:home) ''>, <URLPattern 'groupCourse/' [name='group']>], [<URLResolver <module 'home.urls' from 'C:\\Users\\EDLACA\\Documents\\linuxjobber2\\Django\\Linuxjobber\\home\\urls.py'> (home:home) ''>, <URLPattern 'subscriptionstatus' [name='check_subscription_status']>], [<URLResolver <module 'home.urls' from 'C:\\Users\\EDLACA\\Documents\\linuxjobber2\\Django\\Linuxjobber\\home\\urls.py'> (home:home) ''>, <URLPattern 'groupCourse/<int:pk>' [name='group']>], [<URLResolver <module 'home.urls' from 'C:\\Users\\EDLACA\\Documents\\linuxjobber2\\Django\\Linuxjobber\\home\\urls.py'> (home:home) ''>, <URLPattern 'groupCourse/<int:pk>/pay/' [name='group_pay']>], [<URLResolver <module 'home.urls' from 'C:\\Users\\EDLACA\\Documents\\linuxjobber2\\Django\\Linuxjobber\\home\\urls.py'> (home:home) ''>, <URLPattern 'access_course' [name='monthly_subscription']>], [<URLResolver <module 'home.urls' from 'C:\\Users\\EDLACA\\Documents\\linuxjobber2\\Django\\Linuxjobber\\home\\urls.py'> (home:home) ''>, <URLPattern 'accesscourse' [name='to_monthly_subscription']>], [<URLResolver <module 'home.urls' from 'C:\\Users\\EDLACA\\Documents\\linuxjobber2\\Django\\Linuxjobber\\home\\urls.py'> (home:home) ''>, <URLPattern 'logout' [name='logout']>], [<URLResolver <module 'home.urls' from 'C:\\Users\\EDLACA\\Documents\\linuxjobber2\\Django\\Linuxjobber\\home\\urls.py'> (home:home) ''>, <URLPattern 'forgot/password' [name='forgot_password']>], [<URLResolver <module 'home.urls' from 'C:\\Users\\EDLACA\\Documents\\linuxjobber2\\Django\\Linuxjobber\\home\\urls.py'> (home:home) ''>, <URLPattern 'reset_password/<str:reset_token>/' [name='reset_password']>], [<URLResolver <module 'home.urls' from 'C:\\Users\\EDLACA\\Documents\\linuxjobber2\\Django\\Linuxjobber\\home\\urls.py'> (home:home) ''>, <URLPattern 'aboutus' [name='aboutus']>], [<URLResolver <module 'home.urls' from 'C:\\Users\\EDLACA\\Documents\\linuxjobber2\\Django\\Linuxjobber\\home\\urls.py'> (home:home) ''>, <URLPattern 'policies' [name='policies']>], [<URLResolver <module 'home.urls' from 'C:\\Users\\EDLACA\\Documents\\linuxjobber2\\Django\\Linuxjobber\\home\\urls.py'> (home:home) ''>, <URLPattern 'linux_start' [name='linux_start']>], [<URLResolver <module 'home.urls' from 'C:\\Users\\EDLACA\\Documents\\linuxjobber2\\Django\\Linuxjobber\\home\\urls.py'> (home:home) ''>, <URLPattern 'jobs' [name='jobs']>], [<URLResolver <module 'home.urls' from 'C:\\Users\\EDLACA\\Documents\\linuxjobber2\\Django\\Linuxjobber\\home\\urls.py'> (home:home) ''>, <URLPattern 'jobs/feedback/' [name='jobfeed']>], [<URLResolver <module 'home.urls' from 'C:\\Users\\EDLACA\\Documents\\linuxjobber2\\Django\\Linuxjobber\\home\\urls.py'> (home:home) ''>, <URLPattern 'jobs/feedback/<int:is_fulltime>' [name='jobfeed']>], [<URLResolver <module 'home.urls' from 'C:\\Users\\EDLACA\\Documents\\linuxjobber2\\Django\\Linuxjobber\\home\\urls.py'> (home:home) ''>, <URLPattern 'jobs/parttime/apply' [name='partime']>], [<URLResolver <module 'home.urls' from 'C:\\Users\\EDLACA\\Documents\\linuxjobber2\\Django\\Linuxjobber\\home\\urls.py'> (home:home) ''>, <URLPattern 'jobs/challenge/' [name='challenge']>], [<URLResolver <module 'home.urls' from 'C:\\Users\\EDLACA\\Documents\\linuxjobber2\\Django\\Linuxjobber\\home\\urls.py'> (home:home) ''>, <URLPattern 'jobs/challenge/<respon>/' [name='challenge']>], [<URLResolver <module 'home.urls' from 'C:\\Users\\EDLACA\\Documents\\linuxjobber2\\Django\\Linuxjobber\\home\\urls.py'> (home:home) ''>, <URLPattern 'jobs/apply/<int:job>' [name='jobapplication']>], [<URLResolver <module 'home.urls' from 'C:\\Users\\EDLACA\\Documents\\linuxjobber2\\Django\\Linuxjobber\\home\\urls.py'> (home:home) ''>, <URLPattern 'resume' [name='resume']>], [<URLResolver <module 'home.urls' from 'C:\\Users\\EDLACA\\Documents\\linuxjobber2\\Django\\Linuxjobber\\home\\urls.py'> (home:home) ''>, <URLPattern 'resumeservice' [name='resume']>], [<URLResolver <module 'home.urls' from 'C:\\Users\\EDLACA\\Documents\\linuxjobber2\\Django\\Linuxjobber\\home\\urls.py'> (home:home) ''>, <URLPattern 'resumeservice/pay' [name='resumepay']>], [<URLResolver <module 'home.urls' from 'C:\\Users\\EDLACA\\Documents\\linuxjobber2\\Django\\Linuxjobber\\home\\urls.py'> (home:home) ''>, <URLPattern 'resumeservice/upload' [name='resumeupload']>], [<URLResolver <module 'home.urls' from 'C:\\Users\\EDLACA\\Documents\\linuxjobber2\\Django\\Linuxjobber\\home\\urls.py'> (home:home) ''>, <URLPattern 'companys/contact' [name='contact_us']>], [<URLResolver <module 'home.urls' from 'C:\\Users\\EDLACA\\Documents\\linuxjobber2\\Django\\Linuxjobber\\home\\urls.py'> (home:home) ''>, <URLPattern 'companys/location' [name='location']>], [<URLResolver <module 'home.urls' from 'C:\\Users\\EDLACA\\Documents\\linuxjobber2\\Django\\Linuxjobber\\home\\urls.py'> (home:home) ''>, <URLPattern 'user/account/settings' [name='account_settings']>], [<URLResolver <module 'home.urls' from 'C:\\Users\\EDLACA\\Documents\\linuxjobber2\\Django\\Linuxjobber\\home\\urls.py'> (home:home) ''>, <URLPattern 'user/account/ec2dashboard/' [name='ec2dashboard']>], [<URLResolver <module 'home.urls' from 'C:\\Users\\EDLACA\\Documents\\linuxjobber2\\Django\\Linuxjobber\\home\\urls.py'> (home:home) ''>, <URLPattern 'user/account/ec2dashboard/<command>/' [name='ec2dashboard']>], [<URLResolver <module 'home.urls' from 'C:\\Users\\EDLACA\\Documents\\linuxjobber2\\Django\\Linuxjobber\\home\\urls.py'> (home:home) ''>, <URLPattern 'user/account/startmachine/<machine_id>/' [name='startmachine']>], [<URLResolver <module 'home.urls' from 'C:\\Users\\EDLACA\\Documents\\linuxjobber2\\Django\\Linuxjobber\\home\\urls.py'> (home:home) ''>, <URLPattern 'user/account/stopmachine/<machine_id>/' [name='stopmachine']>], [<URLResolver <module 'home.urls' from 'C:\\Users\\EDLACA\\Documents\\linuxjobber2\\Django\\Linuxjobber\\home\\urls.py'> (home:home) ''>, <URLPattern 'users/orderlist' [name='orderlist']>], [<URLResolver <module 'home.urls' from 'C:\\Users\\EDLACA\\Documents\\linuxjobber2\\Django\\Linuxjobber\\home\\urls.py'> (home:home) ''>, <URLPattern 'home/packages' [name='students_packages']>], [<URLResolver <module 'home.urls' from 'C:\\Users\\EDLACA\\Documents\\linuxjobber2\\Django\\Linuxjobber\\home\\urls.py'> (home:home) ''>, <URLPattern 'home/livehelp' [name='live_help']>], [<URLResolver <module 'home.urls' from 'C:\\Users\\EDLACA\\Documents\\linuxjobber2\\Django\\Linuxjobber\\home\\urls.py'> (home:home) ''>, <URLPattern 'home/pay/livehelp' [name='pay_live_help']>], [<URLResolver <module 'home.urls' from 'C:\\Users\\EDLACA\\Documents\\linuxjobber2\\Django\\Linuxjobber\\home\\urls.py'> (home:home) ''>, <URLPattern 'home/server/service' [name='server_service']>], [<URLResolver <module 'home.urls' from 'C:\\Users\\EDLACA\\Documents\\linuxjobber2\\Django\\Linuxjobber\\home\\urls.py'> (home:home) ''>, <URLPattern 'home/liveinstructor' [name='in_person_training']>], [<URLResolver <module 'home.urls' from 'C:\\Users\\EDLACA\\Documents\\linuxjobber2\\Django\\Linuxjobber\\home\\urls.py'> (home:home) ''>, <URLPattern 'tryfree/' [name='tryfree']>], [<URLResolver <module 'home.urls' from 'C:\\Users\\EDLACA\\Documents\\linuxjobber2\\Django\\Linuxjobber\\home\\urls.py'> (home:home) ''>, <URLPattern 'tryfree/<slug:sub_plan>/' [name='tryfree']>], [<URLResolver <module 'home.urls' from 'C:\\Users\\EDLACA\\Documents\\linuxjobber2\\Django\\Linuxjobber\\home\\urls.py'> (home:home) ''>, <URLPattern 'complete_training/pay/<int:class_id>/' [name='complete_pay']>], [<URLResolver <module 'home.urls' from 'C:\\Users\\EDLACA\\Documents\\linuxjobber2\\Django\\Linuxjobber\\home\\urls.py'> (home:home) ''>, <URLPattern 'user/RHCSA/order_details' [name='rhcsa_order']>], [<URLResolver <module 'home.urls' from 'C:\\Users\\EDLACA\\Documents\\linuxjobber2\\Django\\Linuxjobber\\home\\urls.py'> (home:home) ''>, <URLPattern 'tutorials/userinterest' [name='user_interest']>], [<URLResolver <module 'home.urls' from 'C:\\Users\\EDLACA\\Documents\\linuxjobber2\\Django\\Linuxjobber\\home\\urls.py'> (home:home) ''>, <URLPattern 'profile_picture/update' [name='profile_img_upload']>], [<URLResolver <module 'home.urls' from 'C:\\Users\\EDLACA\\Documents\\linuxjobber2\\Django\\Linuxjobber\\home\\urls.py'> (home:home) ''>, <URLPattern 'timeout' [name='timeout']>], [<URLResolver <module 'home.urls' from 'C:\\Users\\EDLACA\\Documents\\linuxjobber2\\Django\\Linuxjobber\\home\\urls.py'> (home:home) ''>, <URLPattern 'combined_class/' [name='combined_class']>], [<URLResolver <module 'home.urls' from 'C:\\Users\\EDLACA\\Documents\\linuxjobber2\\Django\\Linuxjobber\\home\\urls.py'> (home:home) ''>, <URLPattern 'combined_class_terms/' [name='combined_class_terms']>], [<URLResolver <module 'home.urls' from 'C:\\Users\\EDLACA\\Documents\\linuxjobber2\\Django\\Linuxjobber\\home\\urls.py'> (home:home) ''>, <URLPattern 'combined_class/pay' [name='combined_class_pay']>], [<URLResolver <module 'home.urls' from 'C:\\Users\\EDLACA\\Documents\\linuxjobber2\\Django\\Linuxjobber\\home\\urls.py'> (home:home) ''>, <URLPattern 'career_switch/' [name='career_switch']>], [<URLResolver <module 'home.urls' from 'C:\\Users\\EDLACA\\Documents\\linuxjobber2\\Django\\Linuxjobber\\home\\urls.py'> (home:home) ''>, <URLPattern 'obtain_position/'>], [<URLResolver <module 'home.urls' from 'C:\\Users\\EDLACA\\Documents\\linuxjobber2\\Django\\Linuxjobber\\home\\urls.py'> (home:home) ''>, <URLPattern 'jobs/submitted'>], [<URLResolver <module 'home.urls' from 'C:\\Users\\EDLACA\\Documents\\linuxjobber2\\Django\\Linuxjobber\\home\\urls.py'> (home:home) ''>, <URLPattern 'installments/' [name='installments']>], [<URLResolver <module 'home.urls' from 'C:\\Users\\EDLACA\\Documents\\linuxjobber2\\Django\\Linuxjobber\\home\\urls.py'> (home:home) ''>, <URLPattern 'installments/pay' [name='installments_pay']>], [<URLResolver <URLPattern list> (admin:admin) 'admin/'>], [<URLResolver <module 'Courses.urls' from 'C:\\Users\\EDLACA\\Documents\\linuxjobber2\\Django\\Linuxjobber\\Courses\\urls.py'> (Courses:Courses) 'courses/'>], [<URLResolver <module 'Projects.urls' from 'C:\\Users\\EDLACA\\Documents\\linuxjobber2\\Django\\Linuxjobber\\Projects\\urls.py'> (Projects:Projects) 'projects/'>], [<URLResolver <module 'ToolsApp.urls' from 'C:\\Users\\EDLACA\\Documents\\linuxjobber2\\Django\\Linuxjobber\\ToolsApp\\urls.py'> (ToolsApp:ToolsApp) 'tools/'>], [<URLResolver <module 'classroom.urls' from 'C:\\Users\\EDLACA\\Documents\\linuxjobber2\\Django\\Linuxjobber\\classroom\\urls.py'> (classroom:classroom) 'classroom/'>], [<URLPattern 'accounts/login/' [name='login']>], [<URLResolver <module 'django.contrib.auth.urls' from 'C:\\Users\\EDLACA\\Envs\\linuxjobb\\lib\\site-packages\\django\\contrib\\auth\\urls.py'> (None:None) 'accounts/'>], [<URLResolver <module 'sso_api.urls' from 'C:\\Users\\EDLACA\\Documents\\linuxjobber2\\Django\\Linuxjobber\\sso_api\\urls.py'> (None:None) 'sso_api/'>], [<URLResolver <module 'awswebsocket.urls' from 'C:\\Users\\EDLACA\\Documents\\linuxjobber2\\Django\\Linuxjobber\\awswebsocket\\urls.py'> (None:None) 'awsgateway/'>]], 'path': 'static/home/css/newhomepage/imgs/gclass1.png'}

During handling of the above exception, another exception occurred:

Traceback (most recent call last):
  File "C:\Users\EDLACA\Envs\linuxjobb\lib\site-packages\django\core\handlers\exception.py", line 99, in get_exception_response
    response = callback(request, **dict(param_dict, exception=exception))
TypeError: handler_404() got an unexpected keyword argument 'exception'
[19-12-23 17:16:42] ERROR Internal Server Error: /media/chat_uploads/surulere-chairman.jpeg
Traceback (most recent call last):
  File "C:\Users\EDLACA\Envs\linuxjobb\lib\site-packages\django\core\handlers\exception.py", line 35, in inner
    response = get_response(request)
  File "C:\Users\EDLACA\Envs\linuxjobb\lib\site-packages\django\core\handlers\base.py", line 113, in _get_response
    resolver_match = resolver.resolve(request.path_info)
  File "C:\Users\EDLACA\Envs\linuxjobb\lib\site-packages\django\urls\resolvers.py", line 527, in resolve
    raise Resolver404({'tried': tried, 'path': new_path})
django.urls.exceptions.Resolver404: {'tried': [[<URLResolver <module 'home.urls' from 'C:\\Users\\EDLACA\\Documents\\linuxjobber2\\Django\\Linuxjobber\\home\\urls.py'> (home:home) ''>, <URLPattern '' [name='index']>], [<URLResolver <module 'home.urls' from 'C:\\Users\\EDLACA\\Documents\\linuxjobber2\\Django\\Linuxjobber\\home\\urls.py'> (home:home) ''>, <URLPattern 'webhooks' [name='my_webhook_view']>], [<URLResolver <module 'home.urls' from 'C:\\Users\\EDLACA\\Documents\\linuxjobber2\\Django\\Linuxjobber\\home\\urls.py'> (home:home) ''>, <URLResolver <URLPattern list> (None:None) 'alpha/'>], [<URLResolver <module 'home.urls' from 'C:\\Users\\EDLACA\\Documents\\linuxjobber2\\Django\\Linuxjobber\\home\\urls.py'> (home:home) ''>, <URLPattern 'login/' [name='login']>], [<URLResolver <module 'home.urls' from 'C:\\Users\\EDLACA\\Documents\\linuxjobber2\\Django\\Linuxjobber\\home\\urls.py'> (home:home) ''>, <URLPattern 'signup' [name='signup']>], [<URLResolver <module 'home.urls' from 'C:\\Users\\EDLACA\\Documents\\linuxjobber2\\Django\\Linuxjobber\\home\\urls.py'> (home:home) ''>, <URLPattern 'unsubscribe' [name='unsubscribe']>], [<URLResolver <module 'home.urls' from 'C:\\Users\\EDLACA\\Documents\\linuxjobber2\\Django\\Linuxjobber\\home\\urls.py'> (home:home) ''>, <URLPattern 'selfstudy' [name='selfstudy']>], [<URLResolver <module 'home.urls' from 'C:\\Users\\EDLACA\\Documents\\linuxjobber2\\Django\\Linuxjobber\\home\\urls.py'> (home:home) ''>, <URLPattern 'linux/certification' [name='linux_certification']>], [<URLResolver <module 'home.urls' from 'C:\\Users\\EDLACA\\Documents\\linuxjobber2\\Django\\Linuxjobber\\home\\urls.py'> (home:home) ''>, <URLPattern 'aws/certification' [name='aws_certification']>], [<URLResolver <module 'home.urls' from 'C:\\Users\\EDLACA\\Documents\\linuxjobber2\\Django\\Linuxjobber\\home\\urls.py'> (home:home) ''>, <URLPattern 'oracledb/certification' [name='oracledb_certification']>], [<URLResolver <module 'home.urls' from 'C:\\Users\\EDLACA\\Documents\\linuxjobber2\\Django\\Linuxjobber\\home\\urls.py'> (home:home) ''>, <URLPattern 'oracledb/full_training' [name='oracledb_full_training']>], [<URLResolver <module 'home.urls' from 'C:\\Users\\EDLACA\\Documents\\linuxjobber2\\Django\\Linuxjobber\\home\\urls.py'> (home:home) ''>, <URLPattern 'devops/class/' [name='devops_class']>], [<URLResolver <module 'home.urls' from 'C:\\Users\\EDLACA\\Documents\\linuxjobber2\\Django\\Linuxjobber\\home\\urls.py'> (home:home) ''>, <URLPattern 'devops/class/pay' [name='devops_pay']>], [<URLResolver <module 'home.urls' from 'C:\\Users\\EDLACA\\Documents\\linuxjobber2\\Django\\Linuxjobber\\home\\urls.py'> (home:home) ''>, <URLPattern 'linux/full_training' [name='linux_full_training']>], [<URLResolver <module 'home.urls' from 'C:\\Users\\EDLACA\\Documents\\linuxjobber2\\Django\\Linuxjobber\\home\\urls.py'> (home:home) ''>, <URLPattern 'aws/full_training' [name='aws_full_training']>], [<URLResolver <module 'home.urls' from 'C:\\Users\\EDLACA\\Documents\\linuxjobber2\\Django\\Linuxjobber\\home\\urls.py'> (home:home) ''>, <URLPattern 'complete_training/<slug:course>' [name='completeclass']>], [<URLResolver <module 'home.urls' from 'C:\\Users\\EDLACA\\Documents\\linuxjobber2\\Django\\Linuxjobber\\home\\urls.py'> (home:home) ''>, <URLPattern 'faq' [name='faq']>], [<URLResolver <module 'home.urls' from 'C:\\Users\\EDLACA\\Documents\\linuxjobber2\\Django\\Linuxjobber\\home\\urls.py'> (home:home) ''>, <URLPattern 'ulocation' [name='ulocation']>], [<URLResolver <module 'home.urls' from 'C:\\Users\\EDLACA\\Documents\\linuxjobber2\\Django\\Linuxjobber\\home\\urls.py'> (home:home) ''>, <URLResolver <URLPattern list> (None:None) 'workexperience/'>], [<URLResolver <module 'home.urls' from 'C:\\Users\\EDLACA\\Documents\\linuxjobber2\\Django\\Linuxjobber\\home\\urls.py'> (home:home) ''>, <URLPattern 'gainexperience' [name='gainexperience']>], [<URLResolver <module 'home.urls' from 'C:\\Users\\EDLACA\\Documents\\linuxjobber2\\Django\\Linuxjobber\\home\\urls.py'> (home:home) ''>, <URLPattern 'internships' [name='internships']>], [<URLResolver <module 'home.urls' from 'C:\\Users\\EDLACA\\Documents\\linuxjobber2\\Django\\Linuxjobber\\home\\urls.py'> (home:home) ''>, <URLResolver <URLPattern list> (None:None) 'jobplacements/'>], [<URLResolver <module 'home.urls' from 'C:\\Users\\EDLACA\\Documents\\linuxjobber2\\Django\\Linuxjobber\\home\\urls.py'> (home:home) ''>, <URLPattern 'accepted' [name='accepted']>], [<URLResolver <module 'home.urls' from 'C:\\Users\\EDLACA\\Documents\\linuxjobber2\\Django\\Linuxjobber\\home\\urls.py'> (home:home) ''>, <URLPattern 'groupCourse/' [name='group']>], [<URLResolver <module 'home.urls' from 'C:\\Users\\EDLACA\\Documents\\linuxjobber2\\Django\\Linuxjobber\\home\\urls.py'> (home:home) ''>, <URLPattern 'subscriptionstatus' [name='check_subscription_status']>], [<URLResolver <module 'home.urls' from 'C:\\Users\\EDLACA\\Documents\\linuxjobber2\\Django\\Linuxjobber\\home\\urls.py'> (home:home) ''>, <URLPattern 'groupCourse/<int:pk>' [name='group']>], [<URLResolver <module 'home.urls' from 'C:\\Users\\EDLACA\\Documents\\linuxjobber2\\Django\\Linuxjobber\\home\\urls.py'> (home:home) ''>, <URLPattern 'groupCourse/<int:pk>/pay/' [name='group_pay']>], [<URLResolver <module 'home.urls' from 'C:\\Users\\EDLACA\\Documents\\linuxjobber2\\Django\\Linuxjobber\\home\\urls.py'> (home:home) ''>, <URLPattern 'access_course' [name='monthly_subscription']>], [<URLResolver <module 'home.urls' from 'C:\\Users\\EDLACA\\Documents\\linuxjobber2\\Django\\Linuxjobber\\home\\urls.py'> (home:home) ''>, <URLPattern 'accesscourse' [name='to_monthly_subscription']>], [<URLResolver <module 'home.urls' from 'C:\\Users\\EDLACA\\Documents\\linuxjobber2\\Django\\Linuxjobber\\home\\urls.py'> (home:home) ''>, <URLPattern 'logout' [name='logout']>], [<URLResolver <module 'home.urls' from 'C:\\Users\\EDLACA\\Documents\\linuxjobber2\\Django\\Linuxjobber\\home\\urls.py'> (home:home) ''>, <URLPattern 'forgot/password' [name='forgot_password']>], [<URLResolver <module 'home.urls' from 'C:\\Users\\EDLACA\\Documents\\linuxjobber2\\Django\\Linuxjobber\\home\\urls.py'> (home:home) ''>, <URLPattern 'reset_password/<str:reset_token>/' [name='reset_password']>], [<URLResolver <module 'home.urls' from 'C:\\Users\\EDLACA\\Documents\\linuxjobber2\\Django\\Linuxjobber\\home\\urls.py'> (home:home) ''>, <URLPattern 'aboutus' [name='aboutus']>], [<URLResolver <module 'home.urls' from 'C:\\Users\\EDLACA\\Documents\\linuxjobber2\\Django\\Linuxjobber\\home\\urls.py'> (home:home) ''>, <URLPattern 'policies' [name='policies']>], [<URLResolver <module 'home.urls' from 'C:\\Users\\EDLACA\\Documents\\linuxjobber2\\Django\\Linuxjobber\\home\\urls.py'> (home:home) ''>, <URLPattern 'linux_start' [name='linux_start']>], [<URLResolver <module 'home.urls' from 'C:\\Users\\EDLACA\\Documents\\linuxjobber2\\Django\\Linuxjobber\\home\\urls.py'> (home:home) ''>, <URLPattern 'jobs' [name='jobs']>], [<URLResolver <module 'home.urls' from 'C:\\Users\\EDLACA\\Documents\\linuxjobber2\\Django\\Linuxjobber\\home\\urls.py'> (home:home) ''>, <URLPattern 'jobs/feedback/' [name='jobfeed']>], [<URLResolver <module 'home.urls' from 'C:\\Users\\EDLACA\\Documents\\linuxjobber2\\Django\\Linuxjobber\\home\\urls.py'> (home:home) ''>, <URLPattern 'jobs/feedback/<int:is_fulltime>' [name='jobfeed']>], [<URLResolver <module 'home.urls' from 'C:\\Users\\EDLACA\\Documents\\linuxjobber2\\Django\\Linuxjobber\\home\\urls.py'> (home:home) ''>, <URLPattern 'jobs/parttime/apply' [name='partime']>], [<URLResolver <module 'home.urls' from 'C:\\Users\\EDLACA\\Documents\\linuxjobber2\\Django\\Linuxjobber\\home\\urls.py'> (home:home) ''>, <URLPattern 'jobs/challenge/' [name='challenge']>], [<URLResolver <module 'home.urls' from 'C:\\Users\\EDLACA\\Documents\\linuxjobber2\\Django\\Linuxjobber\\home\\urls.py'> (home:home) ''>, <URLPattern 'jobs/challenge/<respon>/' [name='challenge']>], [<URLResolver <module 'home.urls' from 'C:\\Users\\EDLACA\\Documents\\linuxjobber2\\Django\\Linuxjobber\\home\\urls.py'> (home:home) ''>, <URLPattern 'jobs/apply/<int:job>' [name='jobapplication']>], [<URLResolver <module 'home.urls' from 'C:\\Users\\EDLACA\\Documents\\linuxjobber2\\Django\\Linuxjobber\\home\\urls.py'> (home:home) ''>, <URLPattern 'resume' [name='resume']>], [<URLResolver <module 'home.urls' from 'C:\\Users\\EDLACA\\Documents\\linuxjobber2\\Django\\Linuxjobber\\home\\urls.py'> (home:home) ''>, <URLPattern 'resumeservice' [name='resume']>], [<URLResolver <module 'home.urls' from 'C:\\Users\\EDLACA\\Documents\\linuxjobber2\\Django\\Linuxjobber\\home\\urls.py'> (home:home) ''>, <URLPattern 'resumeservice/pay' [name='resumepay']>], [<URLResolver <module 'home.urls' from 'C:\\Users\\EDLACA\\Documents\\linuxjobber2\\Django\\Linuxjobber\\home\\urls.py'> (home:home) ''>, <URLPattern 'resumeservice/upload' [name='resumeupload']>], [<URLResolver <module 'home.urls' from 'C:\\Users\\EDLACA\\Documents\\linuxjobber2\\Django\\Linuxjobber\\home\\urls.py'> (home:home) ''>, <URLPattern 'companys/contact' [name='contact_us']>], [<URLResolver <module 'home.urls' from 'C:\\Users\\EDLACA\\Documents\\linuxjobber2\\Django\\Linuxjobber\\home\\urls.py'> (home:home) ''>, <URLPattern 'companys/location' [name='location']>], [<URLResolver <module 'home.urls' from 'C:\\Users\\EDLACA\\Documents\\linuxjobber2\\Django\\Linuxjobber\\home\\urls.py'> (home:home) ''>, <URLPattern 'user/account/settings' [name='account_settings']>], [<URLResolver <module 'home.urls' from 'C:\\Users\\EDLACA\\Documents\\linuxjobber2\\Django\\Linuxjobber\\home\\urls.py'> (home:home) ''>, <URLPattern 'user/account/ec2dashboard/' [name='ec2dashboard']>], [<URLResolver <module 'home.urls' from 'C:\\Users\\EDLACA\\Documents\\linuxjobber2\\Django\\Linuxjobber\\home\\urls.py'> (home:home) ''>, <URLPattern 'user/account/ec2dashboard/<command>/' [name='ec2dashboard']>], [<URLResolver <module 'home.urls' from 'C:\\Users\\EDLACA\\Documents\\linuxjobber2\\Django\\Linuxjobber\\home\\urls.py'> (home:home) ''>, <URLPattern 'user/account/startmachine/<machine_id>/' [name='startmachine']>], [<URLResolver <module 'home.urls' from 'C:\\Users\\EDLACA\\Documents\\linuxjobber2\\Django\\Linuxjobber\\home\\urls.py'> (home:home) ''>, <URLPattern 'user/account/stopmachine/<machine_id>/' [name='stopmachine']>], [<URLResolver <module 'home.urls' from 'C:\\Users\\EDLACA\\Documents\\linuxjobber2\\Django\\Linuxjobber\\home\\urls.py'> (home:home) ''>, <URLPattern 'users/orderlist' [name='orderlist']>], [<URLResolver <module 'home.urls' from 'C:\\Users\\EDLACA\\Documents\\linuxjobber2\\Django\\Linuxjobber\\home\\urls.py'> (home:home) ''>, <URLPattern 'home/packages' [name='students_packages']>], [<URLResolver <module 'home.urls' from 'C:\\Users\\EDLACA\\Documents\\linuxjobber2\\Django\\Linuxjobber\\home\\urls.py'> (home:home) ''>, <URLPattern 'home/livehelp' [name='live_help']>], [<URLResolver <module 'home.urls' from 'C:\\Users\\EDLACA\\Documents\\linuxjobber2\\Django\\Linuxjobber\\home\\urls.py'> (home:home) ''>, <URLPattern 'home/pay/livehelp' [name='pay_live_help']>], [<URLResolver <module 'home.urls' from 'C:\\Users\\EDLACA\\Documents\\linuxjobber2\\Django\\Linuxjobber\\home\\urls.py'> (home:home) ''>, <URLPattern 'home/server/service' [name='server_service']>], [<URLResolver <module 'home.urls' from 'C:\\Users\\EDLACA\\Documents\\linuxjobber2\\Django\\Linuxjobber\\home\\urls.py'> (home:home) ''>, <URLPattern 'home/liveinstructor' [name='in_person_training']>], [<URLResolver <module 'home.urls' from 'C:\\Users\\EDLACA\\Documents\\linuxjobber2\\Django\\Linuxjobber\\home\\urls.py'> (home:home) ''>, <URLPattern 'tryfree/' [name='tryfree']>], [<URLResolver <module 'home.urls' from 'C:\\Users\\EDLACA\\Documents\\linuxjobber2\\Django\\Linuxjobber\\home\\urls.py'> (home:home) ''>, <URLPattern 'tryfree/<slug:sub_plan>/' [name='tryfree']>], [<URLResolver <module 'home.urls' from 'C:\\Users\\EDLACA\\Documents\\linuxjobber2\\Django\\Linuxjobber\\home\\urls.py'> (home:home) ''>, <URLPattern 'complete_training/pay/<int:class_id>/' [name='complete_pay']>], [<URLResolver <module 'home.urls' from 'C:\\Users\\EDLACA\\Documents\\linuxjobber2\\Django\\Linuxjobber\\home\\urls.py'> (home:home) ''>, <URLPattern 'user/RHCSA/order_details' [name='rhcsa_order']>], [<URLResolver <module 'home.urls' from 'C:\\Users\\EDLACA\\Documents\\linuxjobber2\\Django\\Linuxjobber\\home\\urls.py'> (home:home) ''>, <URLPattern 'tutorials/userinterest' [name='user_interest']>], [<URLResolver <module 'home.urls' from 'C:\\Users\\EDLACA\\Documents\\linuxjobber2\\Django\\Linuxjobber\\home\\urls.py'> (home:home) ''>, <URLPattern 'profile_picture/update' [name='profile_img_upload']>], [<URLResolver <module 'home.urls' from 'C:\\Users\\EDLACA\\Documents\\linuxjobber2\\Django\\Linuxjobber\\home\\urls.py'> (home:home) ''>, <URLPattern 'timeout' [name='timeout']>], [<URLResolver <module 'home.urls' from 'C:\\Users\\EDLACA\\Documents\\linuxjobber2\\Django\\Linuxjobber\\home\\urls.py'> (home:home) ''>, <URLPattern 'combined_class/' [name='combined_class']>], [<URLResolver <module 'home.urls' from 'C:\\Users\\EDLACA\\Documents\\linuxjobber2\\Django\\Linuxjobber\\home\\urls.py'> (home:home) ''>, <URLPattern 'combined_class_terms/' [name='combined_class_terms']>], [<URLResolver <module 'home.urls' from 'C:\\Users\\EDLACA\\Documents\\linuxjobber2\\Django\\Linuxjobber\\home\\urls.py'> (home:home) ''>, <URLPattern 'combined_class/pay' [name='combined_class_pay']>], [<URLResolver <module 'home.urls' from 'C:\\Users\\EDLACA\\Documents\\linuxjobber2\\Django\\Linuxjobber\\home\\urls.py'> (home:home) ''>, <URLPattern 'career_switch/' [name='career_switch']>], [<URLResolver <module 'home.urls' from 'C:\\Users\\EDLACA\\Documents\\linuxjobber2\\Django\\Linuxjobber\\home\\urls.py'> (home:home) ''>, <URLPattern 'obtain_position/'>], [<URLResolver <module 'home.urls' from 'C:\\Users\\EDLACA\\Documents\\linuxjobber2\\Django\\Linuxjobber\\home\\urls.py'> (home:home) ''>, <URLPattern 'jobs/submitted'>], [<URLResolver <module 'home.urls' from 'C:\\Users\\EDLACA\\Documents\\linuxjobber2\\Django\\Linuxjobber\\home\\urls.py'> (home:home) ''>, <URLPattern 'installments/' [name='installments']>], [<URLResolver <module 'home.urls' from 'C:\\Users\\EDLACA\\Documents\\linuxjobber2\\Django\\Linuxjobber\\home\\urls.py'> (home:home) ''>, <URLPattern 'installments/pay' [name='installments_pay']>], [<URLResolver <URLPattern list> (admin:admin) 'admin/'>], [<URLResolver <module 'Courses.urls' from 'C:\\Users\\EDLACA\\Documents\\linuxjobber2\\Django\\Linuxjobber\\Courses\\urls.py'> (Courses:Courses) 'courses/'>], [<URLResolver <module 'Projects.urls' from 'C:\\Users\\EDLACA\\Documents\\linuxjobber2\\Django\\Linuxjobber\\Projects\\urls.py'> (Projects:Projects) 'projects/'>], [<URLResolver <module 'ToolsApp.urls' from 'C:\\Users\\EDLACA\\Documents\\linuxjobber2\\Django\\Linuxjobber\\ToolsApp\\urls.py'> (ToolsApp:ToolsApp) 'tools/'>], [<URLResolver <module 'classroom.urls' from 'C:\\Users\\EDLACA\\Documents\\linuxjobber2\\Django\\Linuxjobber\\classroom\\urls.py'> (classroom:classroom) 'classroom/'>], [<URLPattern 'accounts/login/' [name='login']>], [<URLResolver <module 'django.contrib.auth.urls' from 'C:\\Users\\EDLACA\\Envs\\linuxjobb\\lib\\site-packages\\django\\contrib\\auth\\urls.py'> (None:None) 'accounts/'>], [<URLResolver <module 'sso_api.urls' from 'C:\\Users\\EDLACA\\Documents\\linuxjobber2\\Django\\Linuxjobber\\sso_api\\urls.py'> (None:None) 'sso_api/'>], [<URLResolver <module 'awswebsocket.urls' from 'C:\\Users\\EDLACA\\Documents\\linuxjobber2\\Django\\Linuxjobber\\awswebsocket\\urls.py'> (None:None) 'awsgateway/'>]], 'path': 'media/chat_uploads/surulere-chairman.jpeg'}

During handling of the above exception, another exception occurred:

Traceback (most recent call last):
  File "C:\Users\EDLACA\Envs\linuxjobb\lib\site-packages\django\core\handlers\exception.py", line 99, in get_exception_response
    response = callback(request, **dict(param_dict, exception=exception))
TypeError: handler_404() got an unexpected keyword argument 'exception'
[19-12-23 17:17:17] ERROR Internal Server Error: /media/chat_uploads/surulere-chairman.jpeg
Traceback (most recent call last):
  File "C:\Users\EDLACA\Envs\linuxjobb\lib\site-packages\django\core\handlers\exception.py", line 35, in inner
    response = get_response(request)
  File "C:\Users\EDLACA\Envs\linuxjobb\lib\site-packages\django\core\handlers\base.py", line 113, in _get_response
    resolver_match = resolver.resolve(request.path_info)
  File "C:\Users\EDLACA\Envs\linuxjobb\lib\site-packages\django\urls\resolvers.py", line 527, in resolve
    raise Resolver404({'tried': tried, 'path': new_path})
django.urls.exceptions.Resolver404: {'tried': [[<URLResolver <module 'home.urls' from 'C:\\Users\\EDLACA\\Documents\\linuxjobber2\\Django\\Linuxjobber\\home\\urls.py'> (home:home) ''>, <URLPattern '' [name='index']>], [<URLResolver <module 'home.urls' from 'C:\\Users\\EDLACA\\Documents\\linuxjobber2\\Django\\Linuxjobber\\home\\urls.py'> (home:home) ''>, <URLPattern 'webhooks' [name='my_webhook_view']>], [<URLResolver <module 'home.urls' from 'C:\\Users\\EDLACA\\Documents\\linuxjobber2\\Django\\Linuxjobber\\home\\urls.py'> (home:home) ''>, <URLResolver <URLPattern list> (None:None) 'alpha/'>], [<URLResolver <module 'home.urls' from 'C:\\Users\\EDLACA\\Documents\\linuxjobber2\\Django\\Linuxjobber\\home\\urls.py'> (home:home) ''>, <URLPattern 'login/' [name='login']>], [<URLResolver <module 'home.urls' from 'C:\\Users\\EDLACA\\Documents\\linuxjobber2\\Django\\Linuxjobber\\home\\urls.py'> (home:home) ''>, <URLPattern 'signup' [name='signup']>], [<URLResolver <module 'home.urls' from 'C:\\Users\\EDLACA\\Documents\\linuxjobber2\\Django\\Linuxjobber\\home\\urls.py'> (home:home) ''>, <URLPattern 'unsubscribe' [name='unsubscribe']>], [<URLResolver <module 'home.urls' from 'C:\\Users\\EDLACA\\Documents\\linuxjobber2\\Django\\Linuxjobber\\home\\urls.py'> (home:home) ''>, <URLPattern 'selfstudy' [name='selfstudy']>], [<URLResolver <module 'home.urls' from 'C:\\Users\\EDLACA\\Documents\\linuxjobber2\\Django\\Linuxjobber\\home\\urls.py'> (home:home) ''>, <URLPattern 'linux/certification' [name='linux_certification']>], [<URLResolver <module 'home.urls' from 'C:\\Users\\EDLACA\\Documents\\linuxjobber2\\Django\\Linuxjobber\\home\\urls.py'> (home:home) ''>, <URLPattern 'aws/certification' [name='aws_certification']>], [<URLResolver <module 'home.urls' from 'C:\\Users\\EDLACA\\Documents\\linuxjobber2\\Django\\Linuxjobber\\home\\urls.py'> (home:home) ''>, <URLPattern 'oracledb/certification' [name='oracledb_certification']>], [<URLResolver <module 'home.urls' from 'C:\\Users\\EDLACA\\Documents\\linuxjobber2\\Django\\Linuxjobber\\home\\urls.py'> (home:home) ''>, <URLPattern 'oracledb/full_training' [name='oracledb_full_training']>], [<URLResolver <module 'home.urls' from 'C:\\Users\\EDLACA\\Documents\\linuxjobber2\\Django\\Linuxjobber\\home\\urls.py'> (home:home) ''>, <URLPattern 'devops/class/' [name='devops_class']>], [<URLResolver <module 'home.urls' from 'C:\\Users\\EDLACA\\Documents\\linuxjobber2\\Django\\Linuxjobber\\home\\urls.py'> (home:home) ''>, <URLPattern 'devops/class/pay' [name='devops_pay']>], [<URLResolver <module 'home.urls' from 'C:\\Users\\EDLACA\\Documents\\linuxjobber2\\Django\\Linuxjobber\\home\\urls.py'> (home:home) ''>, <URLPattern 'linux/full_training' [name='linux_full_training']>], [<URLResolver <module 'home.urls' from 'C:\\Users\\EDLACA\\Documents\\linuxjobber2\\Django\\Linuxjobber\\home\\urls.py'> (home:home) ''>, <URLPattern 'aws/full_training' [name='aws_full_training']>], [<URLResolver <module 'home.urls' from 'C:\\Users\\EDLACA\\Documents\\linuxjobber2\\Django\\Linuxjobber\\home\\urls.py'> (home:home) ''>, <URLPattern 'complete_training/<slug:course>' [name='completeclass']>], [<URLResolver <module 'home.urls' from 'C:\\Users\\EDLACA\\Documents\\linuxjobber2\\Django\\Linuxjobber\\home\\urls.py'> (home:home) ''>, <URLPattern 'faq' [name='faq']>], [<URLResolver <module 'home.urls' from 'C:\\Users\\EDLACA\\Documents\\linuxjobber2\\Django\\Linuxjobber\\home\\urls.py'> (home:home) ''>, <URLPattern 'ulocation' [name='ulocation']>], [<URLResolver <module 'home.urls' from 'C:\\Users\\EDLACA\\Documents\\linuxjobber2\\Django\\Linuxjobber\\home\\urls.py'> (home:home) ''>, <URLResolver <URLPattern list> (None:None) 'workexperience/'>], [<URLResolver <module 'home.urls' from 'C:\\Users\\EDLACA\\Documents\\linuxjobber2\\Django\\Linuxjobber\\home\\urls.py'> (home:home) ''>, <URLPattern 'gainexperience' [name='gainexperience']>], [<URLResolver <module 'home.urls' from 'C:\\Users\\EDLACA\\Documents\\linuxjobber2\\Django\\Linuxjobber\\home\\urls.py'> (home:home) ''>, <URLPattern 'internships' [name='internships']>], [<URLResolver <module 'home.urls' from 'C:\\Users\\EDLACA\\Documents\\linuxjobber2\\Django\\Linuxjobber\\home\\urls.py'> (home:home) ''>, <URLResolver <URLPattern list> (None:None) 'jobplacements/'>], [<URLResolver <module 'home.urls' from 'C:\\Users\\EDLACA\\Documents\\linuxjobber2\\Django\\Linuxjobber\\home\\urls.py'> (home:home) ''>, <URLPattern 'accepted' [name='accepted']>], [<URLResolver <module 'home.urls' from 'C:\\Users\\EDLACA\\Documents\\linuxjobber2\\Django\\Linuxjobber\\home\\urls.py'> (home:home) ''>, <URLPattern 'groupCourse/' [name='group']>], [<URLResolver <module 'home.urls' from 'C:\\Users\\EDLACA\\Documents\\linuxjobber2\\Django\\Linuxjobber\\home\\urls.py'> (home:home) ''>, <URLPattern 'subscriptionstatus' [name='check_subscription_status']>], [<URLResolver <module 'home.urls' from 'C:\\Users\\EDLACA\\Documents\\linuxjobber2\\Django\\Linuxjobber\\home\\urls.py'> (home:home) ''>, <URLPattern 'groupCourse/<int:pk>' [name='group']>], [<URLResolver <module 'home.urls' from 'C:\\Users\\EDLACA\\Documents\\linuxjobber2\\Django\\Linuxjobber\\home\\urls.py'> (home:home) ''>, <URLPattern 'groupCourse/<int:pk>/pay/' [name='group_pay']>], [<URLResolver <module 'home.urls' from 'C:\\Users\\EDLACA\\Documents\\linuxjobber2\\Django\\Linuxjobber\\home\\urls.py'> (home:home) ''>, <URLPattern 'access_course' [name='monthly_subscription']>], [<URLResolver <module 'home.urls' from 'C:\\Users\\EDLACA\\Documents\\linuxjobber2\\Django\\Linuxjobber\\home\\urls.py'> (home:home) ''>, <URLPattern 'accesscourse' [name='to_monthly_subscription']>], [<URLResolver <module 'home.urls' from 'C:\\Users\\EDLACA\\Documents\\linuxjobber2\\Django\\Linuxjobber\\home\\urls.py'> (home:home) ''>, <URLPattern 'logout' [name='logout']>], [<URLResolver <module 'home.urls' from 'C:\\Users\\EDLACA\\Documents\\linuxjobber2\\Django\\Linuxjobber\\home\\urls.py'> (home:home) ''>, <URLPattern 'forgot/password' [name='forgot_password']>], [<URLResolver <module 'home.urls' from 'C:\\Users\\EDLACA\\Documents\\linuxjobber2\\Django\\Linuxjobber\\home\\urls.py'> (home:home) ''>, <URLPattern 'reset_password/<str:reset_token>/' [name='reset_password']>], [<URLResolver <module 'home.urls' from 'C:\\Users\\EDLACA\\Documents\\linuxjobber2\\Django\\Linuxjobber\\home\\urls.py'> (home:home) ''>, <URLPattern 'aboutus' [name='aboutus']>], [<URLResolver <module 'home.urls' from 'C:\\Users\\EDLACA\\Documents\\linuxjobber2\\Django\\Linuxjobber\\home\\urls.py'> (home:home) ''>, <URLPattern 'policies' [name='policies']>], [<URLResolver <module 'home.urls' from 'C:\\Users\\EDLACA\\Documents\\linuxjobber2\\Django\\Linuxjobber\\home\\urls.py'> (home:home) ''>, <URLPattern 'linux_start' [name='linux_start']>], [<URLResolver <module 'home.urls' from 'C:\\Users\\EDLACA\\Documents\\linuxjobber2\\Django\\Linuxjobber\\home\\urls.py'> (home:home) ''>, <URLPattern 'jobs' [name='jobs']>], [<URLResolver <module 'home.urls' from 'C:\\Users\\EDLACA\\Documents\\linuxjobber2\\Django\\Linuxjobber\\home\\urls.py'> (home:home) ''>, <URLPattern 'jobs/feedback/' [name='jobfeed']>], [<URLResolver <module 'home.urls' from 'C:\\Users\\EDLACA\\Documents\\linuxjobber2\\Django\\Linuxjobber\\home\\urls.py'> (home:home) ''>, <URLPattern 'jobs/feedback/<int:is_fulltime>' [name='jobfeed']>], [<URLResolver <module 'home.urls' from 'C:\\Users\\EDLACA\\Documents\\linuxjobber2\\Django\\Linuxjobber\\home\\urls.py'> (home:home) ''>, <URLPattern 'jobs/parttime/apply' [name='partime']>], [<URLResolver <module 'home.urls' from 'C:\\Users\\EDLACA\\Documents\\linuxjobber2\\Django\\Linuxjobber\\home\\urls.py'> (home:home) ''>, <URLPattern 'jobs/challenge/' [name='challenge']>], [<URLResolver <module 'home.urls' from 'C:\\Users\\EDLACA\\Documents\\linuxjobber2\\Django\\Linuxjobber\\home\\urls.py'> (home:home) ''>, <URLPattern 'jobs/challenge/<respon>/' [name='challenge']>], [<URLResolver <module 'home.urls' from 'C:\\Users\\EDLACA\\Documents\\linuxjobber2\\Django\\Linuxjobber\\home\\urls.py'> (home:home) ''>, <URLPattern 'jobs/apply/<int:job>' [name='jobapplication']>], [<URLResolver <module 'home.urls' from 'C:\\Users\\EDLACA\\Documents\\linuxjobber2\\Django\\Linuxjobber\\home\\urls.py'> (home:home) ''>, <URLPattern 'resume' [name='resume']>], [<URLResolver <module 'home.urls' from 'C:\\Users\\EDLACA\\Documents\\linuxjobber2\\Django\\Linuxjobber\\home\\urls.py'> (home:home) ''>, <URLPattern 'resumeservice' [name='resume']>], [<URLResolver <module 'home.urls' from 'C:\\Users\\EDLACA\\Documents\\linuxjobber2\\Django\\Linuxjobber\\home\\urls.py'> (home:home) ''>, <URLPattern 'resumeservice/pay' [name='resumepay']>], [<URLResolver <module 'home.urls' from 'C:\\Users\\EDLACA\\Documents\\linuxjobber2\\Django\\Linuxjobber\\home\\urls.py'> (home:home) ''>, <URLPattern 'resumeservice/upload' [name='resumeupload']>], [<URLResolver <module 'home.urls' from 'C:\\Users\\EDLACA\\Documents\\linuxjobber2\\Django\\Linuxjobber\\home\\urls.py'> (home:home) ''>, <URLPattern 'companys/contact' [name='contact_us']>], [<URLResolver <module 'home.urls' from 'C:\\Users\\EDLACA\\Documents\\linuxjobber2\\Django\\Linuxjobber\\home\\urls.py'> (home:home) ''>, <URLPattern 'companys/location' [name='location']>], [<URLResolver <module 'home.urls' from 'C:\\Users\\EDLACA\\Documents\\linuxjobber2\\Django\\Linuxjobber\\home\\urls.py'> (home:home) ''>, <URLPattern 'user/account/settings' [name='account_settings']>], [<URLResolver <module 'home.urls' from 'C:\\Users\\EDLACA\\Documents\\linuxjobber2\\Django\\Linuxjobber\\home\\urls.py'> (home:home) ''>, <URLPattern 'user/account/ec2dashboard/' [name='ec2dashboard']>], [<URLResolver <module 'home.urls' from 'C:\\Users\\EDLACA\\Documents\\linuxjobber2\\Django\\Linuxjobber\\home\\urls.py'> (home:home) ''>, <URLPattern 'user/account/ec2dashboard/<command>/' [name='ec2dashboard']>], [<URLResolver <module 'home.urls' from 'C:\\Users\\EDLACA\\Documents\\linuxjobber2\\Django\\Linuxjobber\\home\\urls.py'> (home:home) ''>, <URLPattern 'user/account/startmachine/<machine_id>/' [name='startmachine']>], [<URLResolver <module 'home.urls' from 'C:\\Users\\EDLACA\\Documents\\linuxjobber2\\Django\\Linuxjobber\\home\\urls.py'> (home:home) ''>, <URLPattern 'user/account/stopmachine/<machine_id>/' [name='stopmachine']>], [<URLResolver <module 'home.urls' from 'C:\\Users\\EDLACA\\Documents\\linuxjobber2\\Django\\Linuxjobber\\home\\urls.py'> (home:home) ''>, <URLPattern 'users/orderlist' [name='orderlist']>], [<URLResolver <module 'home.urls' from 'C:\\Users\\EDLACA\\Documents\\linuxjobber2\\Django\\Linuxjobber\\home\\urls.py'> (home:home) ''>, <URLPattern 'home/packages' [name='students_packages']>], [<URLResolver <module 'home.urls' from 'C:\\Users\\EDLACA\\Documents\\linuxjobber2\\Django\\Linuxjobber\\home\\urls.py'> (home:home) ''>, <URLPattern 'home/livehelp' [name='live_help']>], [<URLResolver <module 'home.urls' from 'C:\\Users\\EDLACA\\Documents\\linuxjobber2\\Django\\Linuxjobber\\home\\urls.py'> (home:home) ''>, <URLPattern 'home/pay/livehelp' [name='pay_live_help']>], [<URLResolver <module 'home.urls' from 'C:\\Users\\EDLACA\\Documents\\linuxjobber2\\Django\\Linuxjobber\\home\\urls.py'> (home:home) ''>, <URLPattern 'home/server/service' [name='server_service']>], [<URLResolver <module 'home.urls' from 'C:\\Users\\EDLACA\\Documents\\linuxjobber2\\Django\\Linuxjobber\\home\\urls.py'> (home:home) ''>, <URLPattern 'home/liveinstructor' [name='in_person_training']>], [<URLResolver <module 'home.urls' from 'C:\\Users\\EDLACA\\Documents\\linuxjobber2\\Django\\Linuxjobber\\home\\urls.py'> (home:home) ''>, <URLPattern 'tryfree/' [name='tryfree']>], [<URLResolver <module 'home.urls' from 'C:\\Users\\EDLACA\\Documents\\linuxjobber2\\Django\\Linuxjobber\\home\\urls.py'> (home:home) ''>, <URLPattern 'tryfree/<slug:sub_plan>/' [name='tryfree']>], [<URLResolver <module 'home.urls' from 'C:\\Users\\EDLACA\\Documents\\linuxjobber2\\Django\\Linuxjobber\\home\\urls.py'> (home:home) ''>, <URLPattern 'complete_training/pay/<int:class_id>/' [name='complete_pay']>], [<URLResolver <module 'home.urls' from 'C:\\Users\\EDLACA\\Documents\\linuxjobber2\\Django\\Linuxjobber\\home\\urls.py'> (home:home) ''>, <URLPattern 'user/RHCSA/order_details' [name='rhcsa_order']>], [<URLResolver <module 'home.urls' from 'C:\\Users\\EDLACA\\Documents\\linuxjobber2\\Django\\Linuxjobber\\home\\urls.py'> (home:home) ''>, <URLPattern 'tutorials/userinterest' [name='user_interest']>], [<URLResolver <module 'home.urls' from 'C:\\Users\\EDLACA\\Documents\\linuxjobber2\\Django\\Linuxjobber\\home\\urls.py'> (home:home) ''>, <URLPattern 'profile_picture/update' [name='profile_img_upload']>], [<URLResolver <module 'home.urls' from 'C:\\Users\\EDLACA\\Documents\\linuxjobber2\\Django\\Linuxjobber\\home\\urls.py'> (home:home) ''>, <URLPattern 'timeout' [name='timeout']>], [<URLResolver <module 'home.urls' from 'C:\\Users\\EDLACA\\Documents\\linuxjobber2\\Django\\Linuxjobber\\home\\urls.py'> (home:home) ''>, <URLPattern 'combined_class/' [name='combined_class']>], [<URLResolver <module 'home.urls' from 'C:\\Users\\EDLACA\\Documents\\linuxjobber2\\Django\\Linuxjobber\\home\\urls.py'> (home:home) ''>, <URLPattern 'combined_class_terms/' [name='combined_class_terms']>], [<URLResolver <module 'home.urls' from 'C:\\Users\\EDLACA\\Documents\\linuxjobber2\\Django\\Linuxjobber\\home\\urls.py'> (home:home) ''>, <URLPattern 'combined_class/pay' [name='combined_class_pay']>], [<URLResolver <module 'home.urls' from 'C:\\Users\\EDLACA\\Documents\\linuxjobber2\\Django\\Linuxjobber\\home\\urls.py'> (home:home) ''>, <URLPattern 'career_switch/' [name='career_switch']>], [<URLResolver <module 'home.urls' from 'C:\\Users\\EDLACA\\Documents\\linuxjobber2\\Django\\Linuxjobber\\home\\urls.py'> (home:home) ''>, <URLPattern 'obtain_position/'>], [<URLResolver <module 'home.urls' from 'C:\\Users\\EDLACA\\Documents\\linuxjobber2\\Django\\Linuxjobber\\home\\urls.py'> (home:home) ''>, <URLPattern 'jobs/submitted'>], [<URLResolver <module 'home.urls' from 'C:\\Users\\EDLACA\\Documents\\linuxjobber2\\Django\\Linuxjobber\\home\\urls.py'> (home:home) ''>, <URLPattern 'installments/' [name='installments']>], [<URLResolver <module 'home.urls' from 'C:\\Users\\EDLACA\\Documents\\linuxjobber2\\Django\\Linuxjobber\\home\\urls.py'> (home:home) ''>, <URLPattern 'installments/pay' [name='installments_pay']>], [<URLResolver <URLPattern list> (admin:admin) 'admin/'>], [<URLResolver <module 'Courses.urls' from 'C:\\Users\\EDLACA\\Documents\\linuxjobber2\\Django\\Linuxjobber\\Courses\\urls.py'> (Courses:Courses) 'courses/'>], [<URLResolver <module 'Projects.urls' from 'C:\\Users\\EDLACA\\Documents\\linuxjobber2\\Django\\Linuxjobber\\Projects\\urls.py'> (Projects:Projects) 'projects/'>], [<URLResolver <module 'ToolsApp.urls' from 'C:\\Users\\EDLACA\\Documents\\linuxjobber2\\Django\\Linuxjobber\\ToolsApp\\urls.py'> (ToolsApp:ToolsApp) 'tools/'>], [<URLResolver <module 'classroom.urls' from 'C:\\Users\\EDLACA\\Documents\\linuxjobber2\\Django\\Linuxjobber\\classroom\\urls.py'> (classroom:classroom) 'classroom/'>], [<URLPattern 'accounts/login/' [name='login']>], [<URLResolver <module 'django.contrib.auth.urls' from 'C:\\Users\\EDLACA\\Envs\\linuxjobb\\lib\\site-packages\\django\\contrib\\auth\\urls.py'> (None:None) 'accounts/'>], [<URLResolver <module 'sso_api.urls' from 'C:\\Users\\EDLACA\\Documents\\linuxjobber2\\Django\\Linuxjobber\\sso_api\\urls.py'> (None:None) 'sso_api/'>], [<URLResolver <module 'awswebsocket.urls' from 'C:\\Users\\EDLACA\\Documents\\linuxjobber2\\Django\\Linuxjobber\\awswebsocket\\urls.py'> (None:None) 'awsgateway/'>]], 'path': 'media/chat_uploads/surulere-chairman.jpeg'}

During handling of the above exception, another exception occurred:

Traceback (most recent call last):
  File "C:\Users\EDLACA\Envs\linuxjobb\lib\site-packages\django\core\handlers\exception.py", line 99, in get_exception_response
    response = callback(request, **dict(param_dict, exception=exception))
TypeError: handler_404() got an unexpected keyword argument 'exception'
[19-12-23 17:18:16] ERROR Internal Server Error: /media/chat_uploads/surulere-chairman.jpeg
Traceback (most recent call last):
  File "C:\Users\EDLACA\Envs\linuxjobb\lib\site-packages\django\core\handlers\exception.py", line 35, in inner
    response = get_response(request)
  File "C:\Users\EDLACA\Envs\linuxjobb\lib\site-packages\django\core\handlers\base.py", line 113, in _get_response
    resolver_match = resolver.resolve(request.path_info)
  File "C:\Users\EDLACA\Envs\linuxjobb\lib\site-packages\django\urls\resolvers.py", line 527, in resolve
    raise Resolver404({'tried': tried, 'path': new_path})
django.urls.exceptions.Resolver404: {'tried': [[<URLResolver <module 'home.urls' from 'C:\\Users\\EDLACA\\Documents\\linuxjobber2\\Django\\Linuxjobber\\home\\urls.py'> (home:home) ''>, <URLPattern '' [name='index']>], [<URLResolver <module 'home.urls' from 'C:\\Users\\EDLACA\\Documents\\linuxjobber2\\Django\\Linuxjobber\\home\\urls.py'> (home:home) ''>, <URLPattern 'webhooks' [name='my_webhook_view']>], [<URLResolver <module 'home.urls' from 'C:\\Users\\EDLACA\\Documents\\linuxjobber2\\Django\\Linuxjobber\\home\\urls.py'> (home:home) ''>, <URLResolver <URLPattern list> (None:None) 'alpha/'>], [<URLResolver <module 'home.urls' from 'C:\\Users\\EDLACA\\Documents\\linuxjobber2\\Django\\Linuxjobber\\home\\urls.py'> (home:home) ''>, <URLPattern 'login/' [name='login']>], [<URLResolver <module 'home.urls' from 'C:\\Users\\EDLACA\\Documents\\linuxjobber2\\Django\\Linuxjobber\\home\\urls.py'> (home:home) ''>, <URLPattern 'signup' [name='signup']>], [<URLResolver <module 'home.urls' from 'C:\\Users\\EDLACA\\Documents\\linuxjobber2\\Django\\Linuxjobber\\home\\urls.py'> (home:home) ''>, <URLPattern 'unsubscribe' [name='unsubscribe']>], [<URLResolver <module 'home.urls' from 'C:\\Users\\EDLACA\\Documents\\linuxjobber2\\Django\\Linuxjobber\\home\\urls.py'> (home:home) ''>, <URLPattern 'selfstudy' [name='selfstudy']>], [<URLResolver <module 'home.urls' from 'C:\\Users\\EDLACA\\Documents\\linuxjobber2\\Django\\Linuxjobber\\home\\urls.py'> (home:home) ''>, <URLPattern 'linux/certification' [name='linux_certification']>], [<URLResolver <module 'home.urls' from 'C:\\Users\\EDLACA\\Documents\\linuxjobber2\\Django\\Linuxjobber\\home\\urls.py'> (home:home) ''>, <URLPattern 'aws/certification' [name='aws_certification']>], [<URLResolver <module 'home.urls' from 'C:\\Users\\EDLACA\\Documents\\linuxjobber2\\Django\\Linuxjobber\\home\\urls.py'> (home:home) ''>, <URLPattern 'oracledb/certification' [name='oracledb_certification']>], [<URLResolver <module 'home.urls' from 'C:\\Users\\EDLACA\\Documents\\linuxjobber2\\Django\\Linuxjobber\\home\\urls.py'> (home:home) ''>, <URLPattern 'oracledb/full_training' [name='oracledb_full_training']>], [<URLResolver <module 'home.urls' from 'C:\\Users\\EDLACA\\Documents\\linuxjobber2\\Django\\Linuxjobber\\home\\urls.py'> (home:home) ''>, <URLPattern 'devops/class/' [name='devops_class']>], [<URLResolver <module 'home.urls' from 'C:\\Users\\EDLACA\\Documents\\linuxjobber2\\Django\\Linuxjobber\\home\\urls.py'> (home:home) ''>, <URLPattern 'devops/class/pay' [name='devops_pay']>], [<URLResolver <module 'home.urls' from 'C:\\Users\\EDLACA\\Documents\\linuxjobber2\\Django\\Linuxjobber\\home\\urls.py'> (home:home) ''>, <URLPattern 'linux/full_training' [name='linux_full_training']>], [<URLResolver <module 'home.urls' from 'C:\\Users\\EDLACA\\Documents\\linuxjobber2\\Django\\Linuxjobber\\home\\urls.py'> (home:home) ''>, <URLPattern 'aws/full_training' [name='aws_full_training']>], [<URLResolver <module 'home.urls' from 'C:\\Users\\EDLACA\\Documents\\linuxjobber2\\Django\\Linuxjobber\\home\\urls.py'> (home:home) ''>, <URLPattern 'complete_training/<slug:course>' [name='completeclass']>], [<URLResolver <module 'home.urls' from 'C:\\Users\\EDLACA\\Documents\\linuxjobber2\\Django\\Linuxjobber\\home\\urls.py'> (home:home) ''>, <URLPattern 'faq' [name='faq']>], [<URLResolver <module 'home.urls' from 'C:\\Users\\EDLACA\\Documents\\linuxjobber2\\Django\\Linuxjobber\\home\\urls.py'> (home:home) ''>, <URLPattern 'ulocation' [name='ulocation']>], [<URLResolver <module 'home.urls' from 'C:\\Users\\EDLACA\\Documents\\linuxjobber2\\Django\\Linuxjobber\\home\\urls.py'> (home:home) ''>, <URLResolver <URLPattern list> (None:None) 'workexperience/'>], [<URLResolver <module 'home.urls' from 'C:\\Users\\EDLACA\\Documents\\linuxjobber2\\Django\\Linuxjobber\\home\\urls.py'> (home:home) ''>, <URLPattern 'gainexperience' [name='gainexperience']>], [<URLResolver <module 'home.urls' from 'C:\\Users\\EDLACA\\Documents\\linuxjobber2\\Django\\Linuxjobber\\home\\urls.py'> (home:home) ''>, <URLPattern 'internships' [name='internships']>], [<URLResolver <module 'home.urls' from 'C:\\Users\\EDLACA\\Documents\\linuxjobber2\\Django\\Linuxjobber\\home\\urls.py'> (home:home) ''>, <URLResolver <URLPattern list> (None:None) 'jobplacements/'>], [<URLResolver <module 'home.urls' from 'C:\\Users\\EDLACA\\Documents\\linuxjobber2\\Django\\Linuxjobber\\home\\urls.py'> (home:home) ''>, <URLPattern 'accepted' [name='accepted']>], [<URLResolver <module 'home.urls' from 'C:\\Users\\EDLACA\\Documents\\linuxjobber2\\Django\\Linuxjobber\\home\\urls.py'> (home:home) ''>, <URLPattern 'groupCourse/' [name='group']>], [<URLResolver <module 'home.urls' from 'C:\\Users\\EDLACA\\Documents\\linuxjobber2\\Django\\Linuxjobber\\home\\urls.py'> (home:home) ''>, <URLPattern 'subscriptionstatus' [name='check_subscription_status']>], [<URLResolver <module 'home.urls' from 'C:\\Users\\EDLACA\\Documents\\linuxjobber2\\Django\\Linuxjobber\\home\\urls.py'> (home:home) ''>, <URLPattern 'groupCourse/<int:pk>' [name='group']>], [<URLResolver <module 'home.urls' from 'C:\\Users\\EDLACA\\Documents\\linuxjobber2\\Django\\Linuxjobber\\home\\urls.py'> (home:home) ''>, <URLPattern 'groupCourse/<int:pk>/pay/' [name='group_pay']>], [<URLResolver <module 'home.urls' from 'C:\\Users\\EDLACA\\Documents\\linuxjobber2\\Django\\Linuxjobber\\home\\urls.py'> (home:home) ''>, <URLPattern 'access_course' [name='monthly_subscription']>], [<URLResolver <module 'home.urls' from 'C:\\Users\\EDLACA\\Documents\\linuxjobber2\\Django\\Linuxjobber\\home\\urls.py'> (home:home) ''>, <URLPattern 'accesscourse' [name='to_monthly_subscription']>], [<URLResolver <module 'home.urls' from 'C:\\Users\\EDLACA\\Documents\\linuxjobber2\\Django\\Linuxjobber\\home\\urls.py'> (home:home) ''>, <URLPattern 'logout' [name='logout']>], [<URLResolver <module 'home.urls' from 'C:\\Users\\EDLACA\\Documents\\linuxjobber2\\Django\\Linuxjobber\\home\\urls.py'> (home:home) ''>, <URLPattern 'forgot/password' [name='forgot_password']>], [<URLResolver <module 'home.urls' from 'C:\\Users\\EDLACA\\Documents\\linuxjobber2\\Django\\Linuxjobber\\home\\urls.py'> (home:home) ''>, <URLPattern 'reset_password/<str:reset_token>/' [name='reset_password']>], [<URLResolver <module 'home.urls' from 'C:\\Users\\EDLACA\\Documents\\linuxjobber2\\Django\\Linuxjobber\\home\\urls.py'> (home:home) ''>, <URLPattern 'aboutus' [name='aboutus']>], [<URLResolver <module 'home.urls' from 'C:\\Users\\EDLACA\\Documents\\linuxjobber2\\Django\\Linuxjobber\\home\\urls.py'> (home:home) ''>, <URLPattern 'policies' [name='policies']>], [<URLResolver <module 'home.urls' from 'C:\\Users\\EDLACA\\Documents\\linuxjobber2\\Django\\Linuxjobber\\home\\urls.py'> (home:home) ''>, <URLPattern 'linux_start' [name='linux_start']>], [<URLResolver <module 'home.urls' from 'C:\\Users\\EDLACA\\Documents\\linuxjobber2\\Django\\Linuxjobber\\home\\urls.py'> (home:home) ''>, <URLPattern 'jobs' [name='jobs']>], [<URLResolver <module 'home.urls' from 'C:\\Users\\EDLACA\\Documents\\linuxjobber2\\Django\\Linuxjobber\\home\\urls.py'> (home:home) ''>, <URLPattern 'jobs/feedback/' [name='jobfeed']>], [<URLResolver <module 'home.urls' from 'C:\\Users\\EDLACA\\Documents\\linuxjobber2\\Django\\Linuxjobber\\home\\urls.py'> (home:home) ''>, <URLPattern 'jobs/feedback/<int:is_fulltime>' [name='jobfeed']>], [<URLResolver <module 'home.urls' from 'C:\\Users\\EDLACA\\Documents\\linuxjobber2\\Django\\Linuxjobber\\home\\urls.py'> (home:home) ''>, <URLPattern 'jobs/parttime/apply' [name='partime']>], [<URLResolver <module 'home.urls' from 'C:\\Users\\EDLACA\\Documents\\linuxjobber2\\Django\\Linuxjobber\\home\\urls.py'> (home:home) ''>, <URLPattern 'jobs/challenge/' [name='challenge']>], [<URLResolver <module 'home.urls' from 'C:\\Users\\EDLACA\\Documents\\linuxjobber2\\Django\\Linuxjobber\\home\\urls.py'> (home:home) ''>, <URLPattern 'jobs/challenge/<respon>/' [name='challenge']>], [<URLResolver <module 'home.urls' from 'C:\\Users\\EDLACA\\Documents\\linuxjobber2\\Django\\Linuxjobber\\home\\urls.py'> (home:home) ''>, <URLPattern 'jobs/apply/<int:job>' [name='jobapplication']>], [<URLResolver <module 'home.urls' from 'C:\\Users\\EDLACA\\Documents\\linuxjobber2\\Django\\Linuxjobber\\home\\urls.py'> (home:home) ''>, <URLPattern 'resume' [name='resume']>], [<URLResolver <module 'home.urls' from 'C:\\Users\\EDLACA\\Documents\\linuxjobber2\\Django\\Linuxjobber\\home\\urls.py'> (home:home) ''>, <URLPattern 'resumeservice' [name='resume']>], [<URLResolver <module 'home.urls' from 'C:\\Users\\EDLACA\\Documents\\linuxjobber2\\Django\\Linuxjobber\\home\\urls.py'> (home:home) ''>, <URLPattern 'resumeservice/pay' [name='resumepay']>], [<URLResolver <module 'home.urls' from 'C:\\Users\\EDLACA\\Documents\\linuxjobber2\\Django\\Linuxjobber\\home\\urls.py'> (home:home) ''>, <URLPattern 'resumeservice/upload' [name='resumeupload']>], [<URLResolver <module 'home.urls' from 'C:\\Users\\EDLACA\\Documents\\linuxjobber2\\Django\\Linuxjobber\\home\\urls.py'> (home:home) ''>, <URLPattern 'companys/contact' [name='contact_us']>], [<URLResolver <module 'home.urls' from 'C:\\Users\\EDLACA\\Documents\\linuxjobber2\\Django\\Linuxjobber\\home\\urls.py'> (home:home) ''>, <URLPattern 'companys/location' [name='location']>], [<URLResolver <module 'home.urls' from 'C:\\Users\\EDLACA\\Documents\\linuxjobber2\\Django\\Linuxjobber\\home\\urls.py'> (home:home) ''>, <URLPattern 'user/account/settings' [name='account_settings']>], [<URLResolver <module 'home.urls' from 'C:\\Users\\EDLACA\\Documents\\linuxjobber2\\Django\\Linuxjobber\\home\\urls.py'> (home:home) ''>, <URLPattern 'user/account/ec2dashboard/' [name='ec2dashboard']>], [<URLResolver <module 'home.urls' from 'C:\\Users\\EDLACA\\Documents\\linuxjobber2\\Django\\Linuxjobber\\home\\urls.py'> (home:home) ''>, <URLPattern 'user/account/ec2dashboard/<command>/' [name='ec2dashboard']>], [<URLResolver <module 'home.urls' from 'C:\\Users\\EDLACA\\Documents\\linuxjobber2\\Django\\Linuxjobber\\home\\urls.py'> (home:home) ''>, <URLPattern 'user/account/startmachine/<machine_id>/' [name='startmachine']>], [<URLResolver <module 'home.urls' from 'C:\\Users\\EDLACA\\Documents\\linuxjobber2\\Django\\Linuxjobber\\home\\urls.py'> (home:home) ''>, <URLPattern 'user/account/stopmachine/<machine_id>/' [name='stopmachine']>], [<URLResolver <module 'home.urls' from 'C:\\Users\\EDLACA\\Documents\\linuxjobber2\\Django\\Linuxjobber\\home\\urls.py'> (home:home) ''>, <URLPattern 'users/orderlist' [name='orderlist']>], [<URLResolver <module 'home.urls' from 'C:\\Users\\EDLACA\\Documents\\linuxjobber2\\Django\\Linuxjobber\\home\\urls.py'> (home:home) ''>, <URLPattern 'home/packages' [name='students_packages']>], [<URLResolver <module 'home.urls' from 'C:\\Users\\EDLACA\\Documents\\linuxjobber2\\Django\\Linuxjobber\\home\\urls.py'> (home:home) ''>, <URLPattern 'home/livehelp' [name='live_help']>], [<URLResolver <module 'home.urls' from 'C:\\Users\\EDLACA\\Documents\\linuxjobber2\\Django\\Linuxjobber\\home\\urls.py'> (home:home) ''>, <URLPattern 'home/pay/livehelp' [name='pay_live_help']>], [<URLResolver <module 'home.urls' from 'C:\\Users\\EDLACA\\Documents\\linuxjobber2\\Django\\Linuxjobber\\home\\urls.py'> (home:home) ''>, <URLPattern 'home/server/service' [name='server_service']>], [<URLResolver <module 'home.urls' from 'C:\\Users\\EDLACA\\Documents\\linuxjobber2\\Django\\Linuxjobber\\home\\urls.py'> (home:home) ''>, <URLPattern 'home/liveinstructor' [name='in_person_training']>], [<URLResolver <module 'home.urls' from 'C:\\Users\\EDLACA\\Documents\\linuxjobber2\\Django\\Linuxjobber\\home\\urls.py'> (home:home) ''>, <URLPattern 'tryfree/' [name='tryfree']>], [<URLResolver <module 'home.urls' from 'C:\\Users\\EDLACA\\Documents\\linuxjobber2\\Django\\Linuxjobber\\home\\urls.py'> (home:home) ''>, <URLPattern 'tryfree/<slug:sub_plan>/' [name='tryfree']>], [<URLResolver <module 'home.urls' from 'C:\\Users\\EDLACA\\Documents\\linuxjobber2\\Django\\Linuxjobber\\home\\urls.py'> (home:home) ''>, <URLPattern 'complete_training/pay/<int:class_id>/' [name='complete_pay']>], [<URLResolver <module 'home.urls' from 'C:\\Users\\EDLACA\\Documents\\linuxjobber2\\Django\\Linuxjobber\\home\\urls.py'> (home:home) ''>, <URLPattern 'user/RHCSA/order_details' [name='rhcsa_order']>], [<URLResolver <module 'home.urls' from 'C:\\Users\\EDLACA\\Documents\\linuxjobber2\\Django\\Linuxjobber\\home\\urls.py'> (home:home) ''>, <URLPattern 'tutorials/userinterest' [name='user_interest']>], [<URLResolver <module 'home.urls' from 'C:\\Users\\EDLACA\\Documents\\linuxjobber2\\Django\\Linuxjobber\\home\\urls.py'> (home:home) ''>, <URLPattern 'profile_picture/update' [name='profile_img_upload']>], [<URLResolver <module 'home.urls' from 'C:\\Users\\EDLACA\\Documents\\linuxjobber2\\Django\\Linuxjobber\\home\\urls.py'> (home:home) ''>, <URLPattern 'timeout' [name='timeout']>], [<URLResolver <module 'home.urls' from 'C:\\Users\\EDLACA\\Documents\\linuxjobber2\\Django\\Linuxjobber\\home\\urls.py'> (home:home) ''>, <URLPattern 'combined_class/' [name='combined_class']>], [<URLResolver <module 'home.urls' from 'C:\\Users\\EDLACA\\Documents\\linuxjobber2\\Django\\Linuxjobber\\home\\urls.py'> (home:home) ''>, <URLPattern 'combined_class_terms/' [name='combined_class_terms']>], [<URLResolver <module 'home.urls' from 'C:\\Users\\EDLACA\\Documents\\linuxjobber2\\Django\\Linuxjobber\\home\\urls.py'> (home:home) ''>, <URLPattern 'combined_class/pay' [name='combined_class_pay']>], [<URLResolver <module 'home.urls' from 'C:\\Users\\EDLACA\\Documents\\linuxjobber2\\Django\\Linuxjobber\\home\\urls.py'> (home:home) ''>, <URLPattern 'career_switch/' [name='career_switch']>], [<URLResolver <module 'home.urls' from 'C:\\Users\\EDLACA\\Documents\\linuxjobber2\\Django\\Linuxjobber\\home\\urls.py'> (home:home) ''>, <URLPattern 'obtain_position/'>], [<URLResolver <module 'home.urls' from 'C:\\Users\\EDLACA\\Documents\\linuxjobber2\\Django\\Linuxjobber\\home\\urls.py'> (home:home) ''>, <URLPattern 'jobs/submitted'>], [<URLResolver <module 'home.urls' from 'C:\\Users\\EDLACA\\Documents\\linuxjobber2\\Django\\Linuxjobber\\home\\urls.py'> (home:home) ''>, <URLPattern 'installments/' [name='installments']>], [<URLResolver <module 'home.urls' from 'C:\\Users\\EDLACA\\Documents\\linuxjobber2\\Django\\Linuxjobber\\home\\urls.py'> (home:home) ''>, <URLPattern 'installments/pay' [name='installments_pay']>], [<URLResolver <URLPattern list> (admin:admin) 'admin/'>], [<URLResolver <module 'Courses.urls' from 'C:\\Users\\EDLACA\\Documents\\linuxjobber2\\Django\\Linuxjobber\\Courses\\urls.py'> (Courses:Courses) 'courses/'>], [<URLResolver <module 'Projects.urls' from 'C:\\Users\\EDLACA\\Documents\\linuxjobber2\\Django\\Linuxjobber\\Projects\\urls.py'> (Projects:Projects) 'projects/'>], [<URLResolver <module 'ToolsApp.urls' from 'C:\\Users\\EDLACA\\Documents\\linuxjobber2\\Django\\Linuxjobber\\ToolsApp\\urls.py'> (ToolsApp:ToolsApp) 'tools/'>], [<URLResolver <module 'classroom.urls' from 'C:\\Users\\EDLACA\\Documents\\linuxjobber2\\Django\\Linuxjobber\\classroom\\urls.py'> (classroom:classroom) 'classroom/'>], [<URLPattern 'accounts/login/' [name='login']>], [<URLResolver <module 'django.contrib.auth.urls' from 'C:\\Users\\EDLACA\\Envs\\linuxjobb\\lib\\site-packages\\django\\contrib\\auth\\urls.py'> (None:None) 'accounts/'>], [<URLResolver <module 'sso_api.urls' from 'C:\\Users\\EDLACA\\Documents\\linuxjobber2\\Django\\Linuxjobber\\sso_api\\urls.py'> (None:None) 'sso_api/'>], [<URLResolver <module 'awswebsocket.urls' from 'C:\\Users\\EDLACA\\Documents\\linuxjobber2\\Django\\Linuxjobber\\awswebsocket\\urls.py'> (None:None) 'awsgateway/'>]], 'path': 'media/chat_uploads/surulere-chairman.jpeg'}

During handling of the above exception, another exception occurred:

Traceback (most recent call last):
  File "C:\Users\EDLACA\Envs\linuxjobb\lib\site-packages\django\core\handlers\exception.py", line 99, in get_exception_response
    response = callback(request, **dict(param_dict, exception=exception))
TypeError: handler_404() got an unexpected keyword argument 'exception'
[19-12-23 17:18:53] ERROR Internal Server Error: /static/home/css/testimonial-timeline.css
Traceback (most recent call last):
  File "C:\Users\EDLACA\Envs\linuxjobb\lib\site-packages\django\core\handlers\exception.py", line 35, in inner
    response = get_response(request)
  File "C:\Users\EDLACA\Envs\linuxjobb\lib\site-packages\django\core\handlers\base.py", line 113, in _get_response
    resolver_match = resolver.resolve(request.path_info)
  File "C:\Users\EDLACA\Envs\linuxjobb\lib\site-packages\django\urls\resolvers.py", line 527, in resolve
    raise Resolver404({'tried': tried, 'path': new_path})
django.urls.exceptions.Resolver404: {'tried': [[<URLResolver <module 'home.urls' from 'C:\\Users\\EDLACA\\Documents\\linuxjobber2\\Django\\Linuxjobber\\home\\urls.py'> (home:home) ''>, <URLPattern '' [name='index']>], [<URLResolver <module 'home.urls' from 'C:\\Users\\EDLACA\\Documents\\linuxjobber2\\Django\\Linuxjobber\\home\\urls.py'> (home:home) ''>, <URLPattern 'webhooks' [name='my_webhook_view']>], [<URLResolver <module 'home.urls' from 'C:\\Users\\EDLACA\\Documents\\linuxjobber2\\Django\\Linuxjobber\\home\\urls.py'> (home:home) ''>, <URLResolver <URLPattern list> (None:None) 'alpha/'>], [<URLResolver <module 'home.urls' from 'C:\\Users\\EDLACA\\Documents\\linuxjobber2\\Django\\Linuxjobber\\home\\urls.py'> (home:home) ''>, <URLPattern 'login/' [name='login']>], [<URLResolver <module 'home.urls' from 'C:\\Users\\EDLACA\\Documents\\linuxjobber2\\Django\\Linuxjobber\\home\\urls.py'> (home:home) ''>, <URLPattern 'signup' [name='signup']>], [<URLResolver <module 'home.urls' from 'C:\\Users\\EDLACA\\Documents\\linuxjobber2\\Django\\Linuxjobber\\home\\urls.py'> (home:home) ''>, <URLPattern 'unsubscribe' [name='unsubscribe']>], [<URLResolver <module 'home.urls' from 'C:\\Users\\EDLACA\\Documents\\linuxjobber2\\Django\\Linuxjobber\\home\\urls.py'> (home:home) ''>, <URLPattern 'selfstudy' [name='selfstudy']>], [<URLResolver <module 'home.urls' from 'C:\\Users\\EDLACA\\Documents\\linuxjobber2\\Django\\Linuxjobber\\home\\urls.py'> (home:home) ''>, <URLPattern 'linux/certification' [name='linux_certification']>], [<URLResolver <module 'home.urls' from 'C:\\Users\\EDLACA\\Documents\\linuxjobber2\\Django\\Linuxjobber\\home\\urls.py'> (home:home) ''>, <URLPattern 'aws/certification' [name='aws_certification']>], [<URLResolver <module 'home.urls' from 'C:\\Users\\EDLACA\\Documents\\linuxjobber2\\Django\\Linuxjobber\\home\\urls.py'> (home:home) ''>, <URLPattern 'oracledb/certification' [name='oracledb_certification']>], [<URLResolver <module 'home.urls' from 'C:\\Users\\EDLACA\\Documents\\linuxjobber2\\Django\\Linuxjobber\\home\\urls.py'> (home:home) ''>, <URLPattern 'oracledb/full_training' [name='oracledb_full_training']>], [<URLResolver <module 'home.urls' from 'C:\\Users\\EDLACA\\Documents\\linuxjobber2\\Django\\Linuxjobber\\home\\urls.py'> (home:home) ''>, <URLPattern 'devops/class/' [name='devops_class']>], [<URLResolver <module 'home.urls' from 'C:\\Users\\EDLACA\\Documents\\linuxjobber2\\Django\\Linuxjobber\\home\\urls.py'> (home:home) ''>, <URLPattern 'devops/class/pay' [name='devops_pay']>], [<URLResolver <module 'home.urls' from 'C:\\Users\\EDLACA\\Documents\\linuxjobber2\\Django\\Linuxjobber\\home\\urls.py'> (home:home) ''>, <URLPattern 'linux/full_training' [name='linux_full_training']>], [<URLResolver <module 'home.urls' from 'C:\\Users\\EDLACA\\Documents\\linuxjobber2\\Django\\Linuxjobber\\home\\urls.py'> (home:home) ''>, <URLPattern 'aws/full_training' [name='aws_full_training']>], [<URLResolver <module 'home.urls' from 'C:\\Users\\EDLACA\\Documents\\linuxjobber2\\Django\\Linuxjobber\\home\\urls.py'> (home:home) ''>, <URLPattern 'complete_training/<slug:course>' [name='completeclass']>], [<URLResolver <module 'home.urls' from 'C:\\Users\\EDLACA\\Documents\\linuxjobber2\\Django\\Linuxjobber\\home\\urls.py'> (home:home) ''>, <URLPattern 'faq' [name='faq']>], [<URLResolver <module 'home.urls' from 'C:\\Users\\EDLACA\\Documents\\linuxjobber2\\Django\\Linuxjobber\\home\\urls.py'> (home:home) ''>, <URLPattern 'ulocation' [name='ulocation']>], [<URLResolver <module 'home.urls' from 'C:\\Users\\EDLACA\\Documents\\linuxjobber2\\Django\\Linuxjobber\\home\\urls.py'> (home:home) ''>, <URLResolver <URLPattern list> (None:None) 'workexperience/'>], [<URLResolver <module 'home.urls' from 'C:\\Users\\EDLACA\\Documents\\linuxjobber2\\Django\\Linuxjobber\\home\\urls.py'> (home:home) ''>, <URLPattern 'gainexperience' [name='gainexperience']>], [<URLResolver <module 'home.urls' from 'C:\\Users\\EDLACA\\Documents\\linuxjobber2\\Django\\Linuxjobber\\home\\urls.py'> (home:home) ''>, <URLPattern 'internships' [name='internships']>], [<URLResolver <module 'home.urls' from 'C:\\Users\\EDLACA\\Documents\\linuxjobber2\\Django\\Linuxjobber\\home\\urls.py'> (home:home) ''>, <URLResolver <URLPattern list> (None:None) 'jobplacements/'>], [<URLResolver <module 'home.urls' from 'C:\\Users\\EDLACA\\Documents\\linuxjobber2\\Django\\Linuxjobber\\home\\urls.py'> (home:home) ''>, <URLPattern 'accepted' [name='accepted']>], [<URLResolver <module 'home.urls' from 'C:\\Users\\EDLACA\\Documents\\linuxjobber2\\Django\\Linuxjobber\\home\\urls.py'> (home:home) ''>, <URLPattern 'groupCourse/' [name='group']>], [<URLResolver <module 'home.urls' from 'C:\\Users\\EDLACA\\Documents\\linuxjobber2\\Django\\Linuxjobber\\home\\urls.py'> (home:home) ''>, <URLPattern 'subscriptionstatus' [name='check_subscription_status']>], [<URLResolver <module 'home.urls' from 'C:\\Users\\EDLACA\\Documents\\linuxjobber2\\Django\\Linuxjobber\\home\\urls.py'> (home:home) ''>, <URLPattern 'groupCourse/<int:pk>' [name='group']>], [<URLResolver <module 'home.urls' from 'C:\\Users\\EDLACA\\Documents\\linuxjobber2\\Django\\Linuxjobber\\home\\urls.py'> (home:home) ''>, <URLPattern 'groupCourse/<int:pk>/pay/' [name='group_pay']>], [<URLResolver <module 'home.urls' from 'C:\\Users\\EDLACA\\Documents\\linuxjobber2\\Django\\Linuxjobber\\home\\urls.py'> (home:home) ''>, <URLPattern 'access_course' [name='monthly_subscription']>], [<URLResolver <module 'home.urls' from 'C:\\Users\\EDLACA\\Documents\\linuxjobber2\\Django\\Linuxjobber\\home\\urls.py'> (home:home) ''>, <URLPattern 'accesscourse' [name='to_monthly_subscription']>], [<URLResolver <module 'home.urls' from 'C:\\Users\\EDLACA\\Documents\\linuxjobber2\\Django\\Linuxjobber\\home\\urls.py'> (home:home) ''>, <URLPattern 'logout' [name='logout']>], [<URLResolver <module 'home.urls' from 'C:\\Users\\EDLACA\\Documents\\linuxjobber2\\Django\\Linuxjobber\\home\\urls.py'> (home:home) ''>, <URLPattern 'forgot/password' [name='forgot_password']>], [<URLResolver <module 'home.urls' from 'C:\\Users\\EDLACA\\Documents\\linuxjobber2\\Django\\Linuxjobber\\home\\urls.py'> (home:home) ''>, <URLPattern 'reset_password/<str:reset_token>/' [name='reset_password']>], [<URLResolver <module 'home.urls' from 'C:\\Users\\EDLACA\\Documents\\linuxjobber2\\Django\\Linuxjobber\\home\\urls.py'> (home:home) ''>, <URLPattern 'aboutus' [name='aboutus']>], [<URLResolver <module 'home.urls' from 'C:\\Users\\EDLACA\\Documents\\linuxjobber2\\Django\\Linuxjobber\\home\\urls.py'> (home:home) ''>, <URLPattern 'policies' [name='policies']>], [<URLResolver <module 'home.urls' from 'C:\\Users\\EDLACA\\Documents\\linuxjobber2\\Django\\Linuxjobber\\home\\urls.py'> (home:home) ''>, <URLPattern 'linux_start' [name='linux_start']>], [<URLResolver <module 'home.urls' from 'C:\\Users\\EDLACA\\Documents\\linuxjobber2\\Django\\Linuxjobber\\home\\urls.py'> (home:home) ''>, <URLPattern 'jobs' [name='jobs']>], [<URLResolver <module 'home.urls' from 'C:\\Users\\EDLACA\\Documents\\linuxjobber2\\Django\\Linuxjobber\\home\\urls.py'> (home:home) ''>, <URLPattern 'jobs/feedback/' [name='jobfeed']>], [<URLResolver <module 'home.urls' from 'C:\\Users\\EDLACA\\Documents\\linuxjobber2\\Django\\Linuxjobber\\home\\urls.py'> (home:home) ''>, <URLPattern 'jobs/feedback/<int:is_fulltime>' [name='jobfeed']>], [<URLResolver <module 'home.urls' from 'C:\\Users\\EDLACA\\Documents\\linuxjobber2\\Django\\Linuxjobber\\home\\urls.py'> (home:home) ''>, <URLPattern 'jobs/parttime/apply' [name='partime']>], [<URLResolver <module 'home.urls' from 'C:\\Users\\EDLACA\\Documents\\linuxjobber2\\Django\\Linuxjobber\\home\\urls.py'> (home:home) ''>, <URLPattern 'jobs/challenge/' [name='challenge']>], [<URLResolver <module 'home.urls' from 'C:\\Users\\EDLACA\\Documents\\linuxjobber2\\Django\\Linuxjobber\\home\\urls.py'> (home:home) ''>, <URLPattern 'jobs/challenge/<respon>/' [name='challenge']>], [<URLResolver <module 'home.urls' from 'C:\\Users\\EDLACA\\Documents\\linuxjobber2\\Django\\Linuxjobber\\home\\urls.py'> (home:home) ''>, <URLPattern 'jobs/apply/<int:job>' [name='jobapplication']>], [<URLResolver <module 'home.urls' from 'C:\\Users\\EDLACA\\Documents\\linuxjobber2\\Django\\Linuxjobber\\home\\urls.py'> (home:home) ''>, <URLPattern 'resume' [name='resume']>], [<URLResolver <module 'home.urls' from 'C:\\Users\\EDLACA\\Documents\\linuxjobber2\\Django\\Linuxjobber\\home\\urls.py'> (home:home) ''>, <URLPattern 'resumeservice' [name='resume']>], [<URLResolver <module 'home.urls' from 'C:\\Users\\EDLACA\\Documents\\linuxjobber2\\Django\\Linuxjobber\\home\\urls.py'> (home:home) ''>, <URLPattern 'resumeservice/pay' [name='resumepay']>], [<URLResolver <module 'home.urls' from 'C:\\Users\\EDLACA\\Documents\\linuxjobber2\\Django\\Linuxjobber\\home\\urls.py'> (home:home) ''>, <URLPattern 'resumeservice/upload' [name='resumeupload']>], [<URLResolver <module 'home.urls' from 'C:\\Users\\EDLACA\\Documents\\linuxjobber2\\Django\\Linuxjobber\\home\\urls.py'> (home:home) ''>, <URLPattern 'companys/contact' [name='contact_us']>], [<URLResolver <module 'home.urls' from 'C:\\Users\\EDLACA\\Documents\\linuxjobber2\\Django\\Linuxjobber\\home\\urls.py'> (home:home) ''>, <URLPattern 'companys/location' [name='location']>], [<URLResolver <module 'home.urls' from 'C:\\Users\\EDLACA\\Documents\\linuxjobber2\\Django\\Linuxjobber\\home\\urls.py'> (home:home) ''>, <URLPattern 'user/account/settings' [name='account_settings']>], [<URLResolver <module 'home.urls' from 'C:\\Users\\EDLACA\\Documents\\linuxjobber2\\Django\\Linuxjobber\\home\\urls.py'> (home:home) ''>, <URLPattern 'user/account/ec2dashboard/' [name='ec2dashboard']>], [<URLResolver <module 'home.urls' from 'C:\\Users\\EDLACA\\Documents\\linuxjobber2\\Django\\Linuxjobber\\home\\urls.py'> (home:home) ''>, <URLPattern 'user/account/ec2dashboard/<command>/' [name='ec2dashboard']>], [<URLResolver <module 'home.urls' from 'C:\\Users\\EDLACA\\Documents\\linuxjobber2\\Django\\Linuxjobber\\home\\urls.py'> (home:home) ''>, <URLPattern 'user/account/startmachine/<machine_id>/' [name='startmachine']>], [<URLResolver <module 'home.urls' from 'C:\\Users\\EDLACA\\Documents\\linuxjobber2\\Django\\Linuxjobber\\home\\urls.py'> (home:home) ''>, <URLPattern 'user/account/stopmachine/<machine_id>/' [name='stopmachine']>], [<URLResolver <module 'home.urls' from 'C:\\Users\\EDLACA\\Documents\\linuxjobber2\\Django\\Linuxjobber\\home\\urls.py'> (home:home) ''>, <URLPattern 'users/orderlist' [name='orderlist']>], [<URLResolver <module 'home.urls' from 'C:\\Users\\EDLACA\\Documents\\linuxjobber2\\Django\\Linuxjobber\\home\\urls.py'> (home:home) ''>, <URLPattern 'home/packages' [name='students_packages']>], [<URLResolver <module 'home.urls' from 'C:\\Users\\EDLACA\\Documents\\linuxjobber2\\Django\\Linuxjobber\\home\\urls.py'> (home:home) ''>, <URLPattern 'home/livehelp' [name='live_help']>], [<URLResolver <module 'home.urls' from 'C:\\Users\\EDLACA\\Documents\\linuxjobber2\\Django\\Linuxjobber\\home\\urls.py'> (home:home) ''>, <URLPattern 'home/pay/livehelp' [name='pay_live_help']>], [<URLResolver <module 'home.urls' from 'C:\\Users\\EDLACA\\Documents\\linuxjobber2\\Django\\Linuxjobber\\home\\urls.py'> (home:home) ''>, <URLPattern 'home/server/service' [name='server_service']>], [<URLResolver <module 'home.urls' from 'C:\\Users\\EDLACA\\Documents\\linuxjobber2\\Django\\Linuxjobber\\home\\urls.py'> (home:home) ''>, <URLPattern 'home/liveinstructor' [name='in_person_training']>], [<URLResolver <module 'home.urls' from 'C:\\Users\\EDLACA\\Documents\\linuxjobber2\\Django\\Linuxjobber\\home\\urls.py'> (home:home) ''>, <URLPattern 'tryfree/' [name='tryfree']>], [<URLResolver <module 'home.urls' from 'C:\\Users\\EDLACA\\Documents\\linuxjobber2\\Django\\Linuxjobber\\home\\urls.py'> (home:home) ''>, <URLPattern 'tryfree/<slug:sub_plan>/' [name='tryfree']>], [<URLResolver <module 'home.urls' from 'C:\\Users\\EDLACA\\Documents\\linuxjobber2\\Django\\Linuxjobber\\home\\urls.py'> (home:home) ''>, <URLPattern 'complete_training/pay/<int:class_id>/' [name='complete_pay']>], [<URLResolver <module 'home.urls' from 'C:\\Users\\EDLACA\\Documents\\linuxjobber2\\Django\\Linuxjobber\\home\\urls.py'> (home:home) ''>, <URLPattern 'user/RHCSA/order_details' [name='rhcsa_order']>], [<URLResolver <module 'home.urls' from 'C:\\Users\\EDLACA\\Documents\\linuxjobber2\\Django\\Linuxjobber\\home\\urls.py'> (home:home) ''>, <URLPattern 'tutorials/userinterest' [name='user_interest']>], [<URLResolver <module 'home.urls' from 'C:\\Users\\EDLACA\\Documents\\linuxjobber2\\Django\\Linuxjobber\\home\\urls.py'> (home:home) ''>, <URLPattern 'profile_picture/update' [name='profile_img_upload']>], [<URLResolver <module 'home.urls' from 'C:\\Users\\EDLACA\\Documents\\linuxjobber2\\Django\\Linuxjobber\\home\\urls.py'> (home:home) ''>, <URLPattern 'timeout' [name='timeout']>], [<URLResolver <module 'home.urls' from 'C:\\Users\\EDLACA\\Documents\\linuxjobber2\\Django\\Linuxjobber\\home\\urls.py'> (home:home) ''>, <URLPattern 'combined_class/' [name='combined_class']>], [<URLResolver <module 'home.urls' from 'C:\\Users\\EDLACA\\Documents\\linuxjobber2\\Django\\Linuxjobber\\home\\urls.py'> (home:home) ''>, <URLPattern 'combined_class_terms/' [name='combined_class_terms']>], [<URLResolver <module 'home.urls' from 'C:\\Users\\EDLACA\\Documents\\linuxjobber2\\Django\\Linuxjobber\\home\\urls.py'> (home:home) ''>, <URLPattern 'combined_class/pay' [name='combined_class_pay']>], [<URLResolver <module 'home.urls' from 'C:\\Users\\EDLACA\\Documents\\linuxjobber2\\Django\\Linuxjobber\\home\\urls.py'> (home:home) ''>, <URLPattern 'career_switch/' [name='career_switch']>], [<URLResolver <module 'home.urls' from 'C:\\Users\\EDLACA\\Documents\\linuxjobber2\\Django\\Linuxjobber\\home\\urls.py'> (home:home) ''>, <URLPattern 'obtain_position/'>], [<URLResolver <module 'home.urls' from 'C:\\Users\\EDLACA\\Documents\\linuxjobber2\\Django\\Linuxjobber\\home\\urls.py'> (home:home) ''>, <URLPattern 'jobs/submitted'>], [<URLResolver <module 'home.urls' from 'C:\\Users\\EDLACA\\Documents\\linuxjobber2\\Django\\Linuxjobber\\home\\urls.py'> (home:home) ''>, <URLPattern 'installments/' [name='installments']>], [<URLResolver <module 'home.urls' from 'C:\\Users\\EDLACA\\Documents\\linuxjobber2\\Django\\Linuxjobber\\home\\urls.py'> (home:home) ''>, <URLPattern 'installments/pay' [name='installments_pay']>], [<URLResolver <URLPattern list> (admin:admin) 'admin/'>], [<URLResolver <module 'Courses.urls' from 'C:\\Users\\EDLACA\\Documents\\linuxjobber2\\Django\\Linuxjobber\\Courses\\urls.py'> (Courses:Courses) 'courses/'>], [<URLResolver <module 'Projects.urls' from 'C:\\Users\\EDLACA\\Documents\\linuxjobber2\\Django\\Linuxjobber\\Projects\\urls.py'> (Projects:Projects) 'projects/'>], [<URLResolver <module 'ToolsApp.urls' from 'C:\\Users\\EDLACA\\Documents\\linuxjobber2\\Django\\Linuxjobber\\ToolsApp\\urls.py'> (ToolsApp:ToolsApp) 'tools/'>], [<URLResolver <module 'classroom.urls' from 'C:\\Users\\EDLACA\\Documents\\linuxjobber2\\Django\\Linuxjobber\\classroom\\urls.py'> (classroom:classroom) 'classroom/'>], [<URLPattern 'accounts/login/' [name='login']>], [<URLResolver <module 'django.contrib.auth.urls' from 'C:\\Users\\EDLACA\\Envs\\linuxjobb\\lib\\site-packages\\django\\contrib\\auth\\urls.py'> (None:None) 'accounts/'>], [<URLResolver <module 'sso_api.urls' from 'C:\\Users\\EDLACA\\Documents\\linuxjobber2\\Django\\Linuxjobber\\sso_api\\urls.py'> (None:None) 'sso_api/'>], [<URLResolver <module 'awswebsocket.urls' from 'C:\\Users\\EDLACA\\Documents\\linuxjobber2\\Django\\Linuxjobber\\awswebsocket\\urls.py'> (None:None) 'awsgateway/'>]], 'path': 'static/home/css/testimonial-timeline.css'}

During handling of the above exception, another exception occurred:

Traceback (most recent call last):
  File "C:\Users\EDLACA\Envs\linuxjobb\lib\site-packages\django\core\handlers\exception.py", line 99, in get_exception_response
    response = callback(request, **dict(param_dict, exception=exception))
TypeError: handler_404() got an unexpected keyword argument 'exception'
[19-12-23 17:18:53] ERROR Internal Server Error: /static/home/css/newhomepage/imgs/homebanner.png
Traceback (most recent call last):
  File "C:\Users\EDLACA\Envs\linuxjobb\lib\site-packages\django\core\handlers\exception.py", line 35, in inner
    response = get_response(request)
  File "C:\Users\EDLACA\Envs\linuxjobb\lib\site-packages\django\core\handlers\base.py", line 113, in _get_response
    resolver_match = resolver.resolve(request.path_info)
  File "C:\Users\EDLACA\Envs\linuxjobb\lib\site-packages\django\urls\resolvers.py", line 527, in resolve
    raise Resolver404({'tried': tried, 'path': new_path})
django.urls.exceptions.Resolver404: {'tried': [[<URLResolver <module 'home.urls' from 'C:\\Users\\EDLACA\\Documents\\linuxjobber2\\Django\\Linuxjobber\\home\\urls.py'> (home:home) ''>, <URLPattern '' [name='index']>], [<URLResolver <module 'home.urls' from 'C:\\Users\\EDLACA\\Documents\\linuxjobber2\\Django\\Linuxjobber\\home\\urls.py'> (home:home) ''>, <URLPattern 'webhooks' [name='my_webhook_view']>], [<URLResolver <module 'home.urls' from 'C:\\Users\\EDLACA\\Documents\\linuxjobber2\\Django\\Linuxjobber\\home\\urls.py'> (home:home) ''>, <URLResolver <URLPattern list> (None:None) 'alpha/'>], [<URLResolver <module 'home.urls' from 'C:\\Users\\EDLACA\\Documents\\linuxjobber2\\Django\\Linuxjobber\\home\\urls.py'> (home:home) ''>, <URLPattern 'login/' [name='login']>], [<URLResolver <module 'home.urls' from 'C:\\Users\\EDLACA\\Documents\\linuxjobber2\\Django\\Linuxjobber\\home\\urls.py'> (home:home) ''>, <URLPattern 'signup' [name='signup']>], [<URLResolver <module 'home.urls' from 'C:\\Users\\EDLACA\\Documents\\linuxjobber2\\Django\\Linuxjobber\\home\\urls.py'> (home:home) ''>, <URLPattern 'unsubscribe' [name='unsubscribe']>], [<URLResolver <module 'home.urls' from 'C:\\Users\\EDLACA\\Documents\\linuxjobber2\\Django\\Linuxjobber\\home\\urls.py'> (home:home) ''>, <URLPattern 'selfstudy' [name='selfstudy']>], [<URLResolver <module 'home.urls' from 'C:\\Users\\EDLACA\\Documents\\linuxjobber2\\Django\\Linuxjobber\\home\\urls.py'> (home:home) ''>, <URLPattern 'linux/certification' [name='linux_certification']>], [<URLResolver <module 'home.urls' from 'C:\\Users\\EDLACA\\Documents\\linuxjobber2\\Django\\Linuxjobber\\home\\urls.py'> (home:home) ''>, <URLPattern 'aws/certification' [name='aws_certification']>], [<URLResolver <module 'home.urls' from 'C:\\Users\\EDLACA\\Documents\\linuxjobber2\\Django\\Linuxjobber\\home\\urls.py'> (home:home) ''>, <URLPattern 'oracledb/certification' [name='oracledb_certification']>], [<URLResolver <module 'home.urls' from 'C:\\Users\\EDLACA\\Documents\\linuxjobber2\\Django\\Linuxjobber\\home\\urls.py'> (home:home) ''>, <URLPattern 'oracledb/full_training' [name='oracledb_full_training']>], [<URLResolver <module 'home.urls' from 'C:\\Users\\EDLACA\\Documents\\linuxjobber2\\Django\\Linuxjobber\\home\\urls.py'> (home:home) ''>, <URLPattern 'devops/class/' [name='devops_class']>], [<URLResolver <module 'home.urls' from 'C:\\Users\\EDLACA\\Documents\\linuxjobber2\\Django\\Linuxjobber\\home\\urls.py'> (home:home) ''>, <URLPattern 'devops/class/pay' [name='devops_pay']>], [<URLResolver <module 'home.urls' from 'C:\\Users\\EDLACA\\Documents\\linuxjobber2\\Django\\Linuxjobber\\home\\urls.py'> (home:home) ''>, <URLPattern 'linux/full_training' [name='linux_full_training']>], [<URLResolver <module 'home.urls' from 'C:\\Users\\EDLACA\\Documents\\linuxjobber2\\Django\\Linuxjobber\\home\\urls.py'> (home:home) ''>, <URLPattern 'aws/full_training' [name='aws_full_training']>], [<URLResolver <module 'home.urls' from 'C:\\Users\\EDLACA\\Documents\\linuxjobber2\\Django\\Linuxjobber\\home\\urls.py'> (home:home) ''>, <URLPattern 'complete_training/<slug:course>' [name='completeclass']>], [<URLResolver <module 'home.urls' from 'C:\\Users\\EDLACA\\Documents\\linuxjobber2\\Django\\Linuxjobber\\home\\urls.py'> (home:home) ''>, <URLPattern 'faq' [name='faq']>], [<URLResolver <module 'home.urls' from 'C:\\Users\\EDLACA\\Documents\\linuxjobber2\\Django\\Linuxjobber\\home\\urls.py'> (home:home) ''>, <URLPattern 'ulocation' [name='ulocation']>], [<URLResolver <module 'home.urls' from 'C:\\Users\\EDLACA\\Documents\\linuxjobber2\\Django\\Linuxjobber\\home\\urls.py'> (home:home) ''>, <URLResolver <URLPattern list> (None:None) 'workexperience/'>], [<URLResolver <module 'home.urls' from 'C:\\Users\\EDLACA\\Documents\\linuxjobber2\\Django\\Linuxjobber\\home\\urls.py'> (home:home) ''>, <URLPattern 'gainexperience' [name='gainexperience']>], [<URLResolver <module 'home.urls' from 'C:\\Users\\EDLACA\\Documents\\linuxjobber2\\Django\\Linuxjobber\\home\\urls.py'> (home:home) ''>, <URLPattern 'internships' [name='internships']>], [<URLResolver <module 'home.urls' from 'C:\\Users\\EDLACA\\Documents\\linuxjobber2\\Django\\Linuxjobber\\home\\urls.py'> (home:home) ''>, <URLResolver <URLPattern list> (None:None) 'jobplacements/'>], [<URLResolver <module 'home.urls' from 'C:\\Users\\EDLACA\\Documents\\linuxjobber2\\Django\\Linuxjobber\\home\\urls.py'> (home:home) ''>, <URLPattern 'accepted' [name='accepted']>], [<URLResolver <module 'home.urls' from 'C:\\Users\\EDLACA\\Documents\\linuxjobber2\\Django\\Linuxjobber\\home\\urls.py'> (home:home) ''>, <URLPattern 'groupCourse/' [name='group']>], [<URLResolver <module 'home.urls' from 'C:\\Users\\EDLACA\\Documents\\linuxjobber2\\Django\\Linuxjobber\\home\\urls.py'> (home:home) ''>, <URLPattern 'subscriptionstatus' [name='check_subscription_status']>], [<URLResolver <module 'home.urls' from 'C:\\Users\\EDLACA\\Documents\\linuxjobber2\\Django\\Linuxjobber\\home\\urls.py'> (home:home) ''>, <URLPattern 'groupCourse/<int:pk>' [name='group']>], [<URLResolver <module 'home.urls' from 'C:\\Users\\EDLACA\\Documents\\linuxjobber2\\Django\\Linuxjobber\\home\\urls.py'> (home:home) ''>, <URLPattern 'groupCourse/<int:pk>/pay/' [name='group_pay']>], [<URLResolver <module 'home.urls' from 'C:\\Users\\EDLACA\\Documents\\linuxjobber2\\Django\\Linuxjobber\\home\\urls.py'> (home:home) ''>, <URLPattern 'access_course' [name='monthly_subscription']>], [<URLResolver <module 'home.urls' from 'C:\\Users\\EDLACA\\Documents\\linuxjobber2\\Django\\Linuxjobber\\home\\urls.py'> (home:home) ''>, <URLPattern 'accesscourse' [name='to_monthly_subscription']>], [<URLResolver <module 'home.urls' from 'C:\\Users\\EDLACA\\Documents\\linuxjobber2\\Django\\Linuxjobber\\home\\urls.py'> (home:home) ''>, <URLPattern 'logout' [name='logout']>], [<URLResolver <module 'home.urls' from 'C:\\Users\\EDLACA\\Documents\\linuxjobber2\\Django\\Linuxjobber\\home\\urls.py'> (home:home) ''>, <URLPattern 'forgot/password' [name='forgot_password']>], [<URLResolver <module 'home.urls' from 'C:\\Users\\EDLACA\\Documents\\linuxjobber2\\Django\\Linuxjobber\\home\\urls.py'> (home:home) ''>, <URLPattern 'reset_password/<str:reset_token>/' [name='reset_password']>], [<URLResolver <module 'home.urls' from 'C:\\Users\\EDLACA\\Documents\\linuxjobber2\\Django\\Linuxjobber\\home\\urls.py'> (home:home) ''>, <URLPattern 'aboutus' [name='aboutus']>], [<URLResolver <module 'home.urls' from 'C:\\Users\\EDLACA\\Documents\\linuxjobber2\\Django\\Linuxjobber\\home\\urls.py'> (home:home) ''>, <URLPattern 'policies' [name='policies']>], [<URLResolver <module 'home.urls' from 'C:\\Users\\EDLACA\\Documents\\linuxjobber2\\Django\\Linuxjobber\\home\\urls.py'> (home:home) ''>, <URLPattern 'linux_start' [name='linux_start']>], [<URLResolver <module 'home.urls' from 'C:\\Users\\EDLACA\\Documents\\linuxjobber2\\Django\\Linuxjobber\\home\\urls.py'> (home:home) ''>, <URLPattern 'jobs' [name='jobs']>], [<URLResolver <module 'home.urls' from 'C:\\Users\\EDLACA\\Documents\\linuxjobber2\\Django\\Linuxjobber\\home\\urls.py'> (home:home) ''>, <URLPattern 'jobs/feedback/' [name='jobfeed']>], [<URLResolver <module 'home.urls' from 'C:\\Users\\EDLACA\\Documents\\linuxjobber2\\Django\\Linuxjobber\\home\\urls.py'> (home:home) ''>, <URLPattern 'jobs/feedback/<int:is_fulltime>' [name='jobfeed']>], [<URLResolver <module 'home.urls' from 'C:\\Users\\EDLACA\\Documents\\linuxjobber2\\Django\\Linuxjobber\\home\\urls.py'> (home:home) ''>, <URLPattern 'jobs/parttime/apply' [name='partime']>], [<URLResolver <module 'home.urls' from 'C:\\Users\\EDLACA\\Documents\\linuxjobber2\\Django\\Linuxjobber\\home\\urls.py'> (home:home) ''>, <URLPattern 'jobs/challenge/' [name='challenge']>], [<URLResolver <module 'home.urls' from 'C:\\Users\\EDLACA\\Documents\\linuxjobber2\\Django\\Linuxjobber\\home\\urls.py'> (home:home) ''>, <URLPattern 'jobs/challenge/<respon>/' [name='challenge']>], [<URLResolver <module 'home.urls' from 'C:\\Users\\EDLACA\\Documents\\linuxjobber2\\Django\\Linuxjobber\\home\\urls.py'> (home:home) ''>, <URLPattern 'jobs/apply/<int:job>' [name='jobapplication']>], [<URLResolver <module 'home.urls' from 'C:\\Users\\EDLACA\\Documents\\linuxjobber2\\Django\\Linuxjobber\\home\\urls.py'> (home:home) ''>, <URLPattern 'resume' [name='resume']>], [<URLResolver <module 'home.urls' from 'C:\\Users\\EDLACA\\Documents\\linuxjobber2\\Django\\Linuxjobber\\home\\urls.py'> (home:home) ''>, <URLPattern 'resumeservice' [name='resume']>], [<URLResolver <module 'home.urls' from 'C:\\Users\\EDLACA\\Documents\\linuxjobber2\\Django\\Linuxjobber\\home\\urls.py'> (home:home) ''>, <URLPattern 'resumeservice/pay' [name='resumepay']>], [<URLResolver <module 'home.urls' from 'C:\\Users\\EDLACA\\Documents\\linuxjobber2\\Django\\Linuxjobber\\home\\urls.py'> (home:home) ''>, <URLPattern 'resumeservice/upload' [name='resumeupload']>], [<URLResolver <module 'home.urls' from 'C:\\Users\\EDLACA\\Documents\\linuxjobber2\\Django\\Linuxjobber\\home\\urls.py'> (home:home) ''>, <URLPattern 'companys/contact' [name='contact_us']>], [<URLResolver <module 'home.urls' from 'C:\\Users\\EDLACA\\Documents\\linuxjobber2\\Django\\Linuxjobber\\home\\urls.py'> (home:home) ''>, <URLPattern 'companys/location' [name='location']>], [<URLResolver <module 'home.urls' from 'C:\\Users\\EDLACA\\Documents\\linuxjobber2\\Django\\Linuxjobber\\home\\urls.py'> (home:home) ''>, <URLPattern 'user/account/settings' [name='account_settings']>], [<URLResolver <module 'home.urls' from 'C:\\Users\\EDLACA\\Documents\\linuxjobber2\\Django\\Linuxjobber\\home\\urls.py'> (home:home) ''>, <URLPattern 'user/account/ec2dashboard/' [name='ec2dashboard']>], [<URLResolver <module 'home.urls' from 'C:\\Users\\EDLACA\\Documents\\linuxjobber2\\Django\\Linuxjobber\\home\\urls.py'> (home:home) ''>, <URLPattern 'user/account/ec2dashboard/<command>/' [name='ec2dashboard']>], [<URLResolver <module 'home.urls' from 'C:\\Users\\EDLACA\\Documents\\linuxjobber2\\Django\\Linuxjobber\\home\\urls.py'> (home:home) ''>, <URLPattern 'user/account/startmachine/<machine_id>/' [name='startmachine']>], [<URLResolver <module 'home.urls' from 'C:\\Users\\EDLACA\\Documents\\linuxjobber2\\Django\\Linuxjobber\\home\\urls.py'> (home:home) ''>, <URLPattern 'user/account/stopmachine/<machine_id>/' [name='stopmachine']>], [<URLResolver <module 'home.urls' from 'C:\\Users\\EDLACA\\Documents\\linuxjobber2\\Django\\Linuxjobber\\home\\urls.py'> (home:home) ''>, <URLPattern 'users/orderlist' [name='orderlist']>], [<URLResolver <module 'home.urls' from 'C:\\Users\\EDLACA\\Documents\\linuxjobber2\\Django\\Linuxjobber\\home\\urls.py'> (home:home) ''>, <URLPattern 'home/packages' [name='students_packages']>], [<URLResolver <module 'home.urls' from 'C:\\Users\\EDLACA\\Documents\\linuxjobber2\\Django\\Linuxjobber\\home\\urls.py'> (home:home) ''>, <URLPattern 'home/livehelp' [name='live_help']>], [<URLResolver <module 'home.urls' from 'C:\\Users\\EDLACA\\Documents\\linuxjobber2\\Django\\Linuxjobber\\home\\urls.py'> (home:home) ''>, <URLPattern 'home/pay/livehelp' [name='pay_live_help']>], [<URLResolver <module 'home.urls' from 'C:\\Users\\EDLACA\\Documents\\linuxjobber2\\Django\\Linuxjobber\\home\\urls.py'> (home:home) ''>, <URLPattern 'home/server/service' [name='server_service']>], [<URLResolver <module 'home.urls' from 'C:\\Users\\EDLACA\\Documents\\linuxjobber2\\Django\\Linuxjobber\\home\\urls.py'> (home:home) ''>, <URLPattern 'home/liveinstructor' [name='in_person_training']>], [<URLResolver <module 'home.urls' from 'C:\\Users\\EDLACA\\Documents\\linuxjobber2\\Django\\Linuxjobber\\home\\urls.py'> (home:home) ''>, <URLPattern 'tryfree/' [name='tryfree']>], [<URLResolver <module 'home.urls' from 'C:\\Users\\EDLACA\\Documents\\linuxjobber2\\Django\\Linuxjobber\\home\\urls.py'> (home:home) ''>, <URLPattern 'tryfree/<slug:sub_plan>/' [name='tryfree']>], [<URLResolver <module 'home.urls' from 'C:\\Users\\EDLACA\\Documents\\linuxjobber2\\Django\\Linuxjobber\\home\\urls.py'> (home:home) ''>, <URLPattern 'complete_training/pay/<int:class_id>/' [name='complete_pay']>], [<URLResolver <module 'home.urls' from 'C:\\Users\\EDLACA\\Documents\\linuxjobber2\\Django\\Linuxjobber\\home\\urls.py'> (home:home) ''>, <URLPattern 'user/RHCSA/order_details' [name='rhcsa_order']>], [<URLResolver <module 'home.urls' from 'C:\\Users\\EDLACA\\Documents\\linuxjobber2\\Django\\Linuxjobber\\home\\urls.py'> (home:home) ''>, <URLPattern 'tutorials/userinterest' [name='user_interest']>], [<URLResolver <module 'home.urls' from 'C:\\Users\\EDLACA\\Documents\\linuxjobber2\\Django\\Linuxjobber\\home\\urls.py'> (home:home) ''>, <URLPattern 'profile_picture/update' [name='profile_img_upload']>], [<URLResolver <module 'home.urls' from 'C:\\Users\\EDLACA\\Documents\\linuxjobber2\\Django\\Linuxjobber\\home\\urls.py'> (home:home) ''>, <URLPattern 'timeout' [name='timeout']>], [<URLResolver <module 'home.urls' from 'C:\\Users\\EDLACA\\Documents\\linuxjobber2\\Django\\Linuxjobber\\home\\urls.py'> (home:home) ''>, <URLPattern 'combined_class/' [name='combined_class']>], [<URLResolver <module 'home.urls' from 'C:\\Users\\EDLACA\\Documents\\linuxjobber2\\Django\\Linuxjobber\\home\\urls.py'> (home:home) ''>, <URLPattern 'combined_class_terms/' [name='combined_class_terms']>], [<URLResolver <module 'home.urls' from 'C:\\Users\\EDLACA\\Documents\\linuxjobber2\\Django\\Linuxjobber\\home\\urls.py'> (home:home) ''>, <URLPattern 'combined_class/pay' [name='combined_class_pay']>], [<URLResolver <module 'home.urls' from 'C:\\Users\\EDLACA\\Documents\\linuxjobber2\\Django\\Linuxjobber\\home\\urls.py'> (home:home) ''>, <URLPattern 'career_switch/' [name='career_switch']>], [<URLResolver <module 'home.urls' from 'C:\\Users\\EDLACA\\Documents\\linuxjobber2\\Django\\Linuxjobber\\home\\urls.py'> (home:home) ''>, <URLPattern 'obtain_position/'>], [<URLResolver <module 'home.urls' from 'C:\\Users\\EDLACA\\Documents\\linuxjobber2\\Django\\Linuxjobber\\home\\urls.py'> (home:home) ''>, <URLPattern 'jobs/submitted'>], [<URLResolver <module 'home.urls' from 'C:\\Users\\EDLACA\\Documents\\linuxjobber2\\Django\\Linuxjobber\\home\\urls.py'> (home:home) ''>, <URLPattern 'installments/' [name='installments']>], [<URLResolver <module 'home.urls' from 'C:\\Users\\EDLACA\\Documents\\linuxjobber2\\Django\\Linuxjobber\\home\\urls.py'> (home:home) ''>, <URLPattern 'installments/pay' [name='installments_pay']>], [<URLResolver <URLPattern list> (admin:admin) 'admin/'>], [<URLResolver <module 'Courses.urls' from 'C:\\Users\\EDLACA\\Documents\\linuxjobber2\\Django\\Linuxjobber\\Courses\\urls.py'> (Courses:Courses) 'courses/'>], [<URLResolver <module 'Projects.urls' from 'C:\\Users\\EDLACA\\Documents\\linuxjobber2\\Django\\Linuxjobber\\Projects\\urls.py'> (Projects:Projects) 'projects/'>], [<URLResolver <module 'ToolsApp.urls' from 'C:\\Users\\EDLACA\\Documents\\linuxjobber2\\Django\\Linuxjobber\\ToolsApp\\urls.py'> (ToolsApp:ToolsApp) 'tools/'>], [<URLResolver <module 'classroom.urls' from 'C:\\Users\\EDLACA\\Documents\\linuxjobber2\\Django\\Linuxjobber\\classroom\\urls.py'> (classroom:classroom) 'classroom/'>], [<URLPattern 'accounts/login/' [name='login']>], [<URLResolver <module 'django.contrib.auth.urls' from 'C:\\Users\\EDLACA\\Envs\\linuxjobb\\lib\\site-packages\\django\\contrib\\auth\\urls.py'> (None:None) 'accounts/'>], [<URLResolver <module 'sso_api.urls' from 'C:\\Users\\EDLACA\\Documents\\linuxjobber2\\Django\\Linuxjobber\\sso_api\\urls.py'> (None:None) 'sso_api/'>], [<URLResolver <module 'awswebsocket.urls' from 'C:\\Users\\EDLACA\\Documents\\linuxjobber2\\Django\\Linuxjobber\\awswebsocket\\urls.py'> (None:None) 'awsgateway/'>]], 'path': 'static/home/css/newhomepage/imgs/homebanner.png'}

During handling of the above exception, another exception occurred:

Traceback (most recent call last):
  File "C:\Users\EDLACA\Envs\linuxjobb\lib\site-packages\django\core\handlers\exception.py", line 99, in get_exception_response
    response = callback(request, **dict(param_dict, exception=exception))
TypeError: handler_404() got an unexpected keyword argument 'exception'
[19-12-23 17:19:03] ERROR Internal Server Error: /static/home/css/newhomepage/imgs/gclass1.png
Traceback (most recent call last):
  File "C:\Users\EDLACA\Envs\linuxjobb\lib\site-packages\django\core\handlers\exception.py", line 35, in inner
    response = get_response(request)
  File "C:\Users\EDLACA\Envs\linuxjobb\lib\site-packages\django\core\handlers\base.py", line 113, in _get_response
    resolver_match = resolver.resolve(request.path_info)
  File "C:\Users\EDLACA\Envs\linuxjobb\lib\site-packages\django\urls\resolvers.py", line 527, in resolve
    raise Resolver404({'tried': tried, 'path': new_path})
django.urls.exceptions.Resolver404: {'tried': [[<URLResolver <module 'home.urls' from 'C:\\Users\\EDLACA\\Documents\\linuxjobber2\\Django\\Linuxjobber\\home\\urls.py'> (home:home) ''>, <URLPattern '' [name='index']>], [<URLResolver <module 'home.urls' from 'C:\\Users\\EDLACA\\Documents\\linuxjobber2\\Django\\Linuxjobber\\home\\urls.py'> (home:home) ''>, <URLPattern 'webhooks' [name='my_webhook_view']>], [<URLResolver <module 'home.urls' from 'C:\\Users\\EDLACA\\Documents\\linuxjobber2\\Django\\Linuxjobber\\home\\urls.py'> (home:home) ''>, <URLResolver <URLPattern list> (None:None) 'alpha/'>], [<URLResolver <module 'home.urls' from 'C:\\Users\\EDLACA\\Documents\\linuxjobber2\\Django\\Linuxjobber\\home\\urls.py'> (home:home) ''>, <URLPattern 'login/' [name='login']>], [<URLResolver <module 'home.urls' from 'C:\\Users\\EDLACA\\Documents\\linuxjobber2\\Django\\Linuxjobber\\home\\urls.py'> (home:home) ''>, <URLPattern 'signup' [name='signup']>], [<URLResolver <module 'home.urls' from 'C:\\Users\\EDLACA\\Documents\\linuxjobber2\\Django\\Linuxjobber\\home\\urls.py'> (home:home) ''>, <URLPattern 'unsubscribe' [name='unsubscribe']>], [<URLResolver <module 'home.urls' from 'C:\\Users\\EDLACA\\Documents\\linuxjobber2\\Django\\Linuxjobber\\home\\urls.py'> (home:home) ''>, <URLPattern 'selfstudy' [name='selfstudy']>], [<URLResolver <module 'home.urls' from 'C:\\Users\\EDLACA\\Documents\\linuxjobber2\\Django\\Linuxjobber\\home\\urls.py'> (home:home) ''>, <URLPattern 'linux/certification' [name='linux_certification']>], [<URLResolver <module 'home.urls' from 'C:\\Users\\EDLACA\\Documents\\linuxjobber2\\Django\\Linuxjobber\\home\\urls.py'> (home:home) ''>, <URLPattern 'aws/certification' [name='aws_certification']>], [<URLResolver <module 'home.urls' from 'C:\\Users\\EDLACA\\Documents\\linuxjobber2\\Django\\Linuxjobber\\home\\urls.py'> (home:home) ''>, <URLPattern 'oracledb/certification' [name='oracledb_certification']>], [<URLResolver <module 'home.urls' from 'C:\\Users\\EDLACA\\Documents\\linuxjobber2\\Django\\Linuxjobber\\home\\urls.py'> (home:home) ''>, <URLPattern 'oracledb/full_training' [name='oracledb_full_training']>], [<URLResolver <module 'home.urls' from 'C:\\Users\\EDLACA\\Documents\\linuxjobber2\\Django\\Linuxjobber\\home\\urls.py'> (home:home) ''>, <URLPattern 'devops/class/' [name='devops_class']>], [<URLResolver <module 'home.urls' from 'C:\\Users\\EDLACA\\Documents\\linuxjobber2\\Django\\Linuxjobber\\home\\urls.py'> (home:home) ''>, <URLPattern 'devops/class/pay' [name='devops_pay']>], [<URLResolver <module 'home.urls' from 'C:\\Users\\EDLACA\\Documents\\linuxjobber2\\Django\\Linuxjobber\\home\\urls.py'> (home:home) ''>, <URLPattern 'linux/full_training' [name='linux_full_training']>], [<URLResolver <module 'home.urls' from 'C:\\Users\\EDLACA\\Documents\\linuxjobber2\\Django\\Linuxjobber\\home\\urls.py'> (home:home) ''>, <URLPattern 'aws/full_training' [name='aws_full_training']>], [<URLResolver <module 'home.urls' from 'C:\\Users\\EDLACA\\Documents\\linuxjobber2\\Django\\Linuxjobber\\home\\urls.py'> (home:home) ''>, <URLPattern 'complete_training/<slug:course>' [name='completeclass']>], [<URLResolver <module 'home.urls' from 'C:\\Users\\EDLACA\\Documents\\linuxjobber2\\Django\\Linuxjobber\\home\\urls.py'> (home:home) ''>, <URLPattern 'faq' [name='faq']>], [<URLResolver <module 'home.urls' from 'C:\\Users\\EDLACA\\Documents\\linuxjobber2\\Django\\Linuxjobber\\home\\urls.py'> (home:home) ''>, <URLPattern 'ulocation' [name='ulocation']>], [<URLResolver <module 'home.urls' from 'C:\\Users\\EDLACA\\Documents\\linuxjobber2\\Django\\Linuxjobber\\home\\urls.py'> (home:home) ''>, <URLResolver <URLPattern list> (None:None) 'workexperience/'>], [<URLResolver <module 'home.urls' from 'C:\\Users\\EDLACA\\Documents\\linuxjobber2\\Django\\Linuxjobber\\home\\urls.py'> (home:home) ''>, <URLPattern 'gainexperience' [name='gainexperience']>], [<URLResolver <module 'home.urls' from 'C:\\Users\\EDLACA\\Documents\\linuxjobber2\\Django\\Linuxjobber\\home\\urls.py'> (home:home) ''>, <URLPattern 'internships' [name='internships']>], [<URLResolver <module 'home.urls' from 'C:\\Users\\EDLACA\\Documents\\linuxjobber2\\Django\\Linuxjobber\\home\\urls.py'> (home:home) ''>, <URLResolver <URLPattern list> (None:None) 'jobplacements/'>], [<URLResolver <module 'home.urls' from 'C:\\Users\\EDLACA\\Documents\\linuxjobber2\\Django\\Linuxjobber\\home\\urls.py'> (home:home) ''>, <URLPattern 'accepted' [name='accepted']>], [<URLResolver <module 'home.urls' from 'C:\\Users\\EDLACA\\Documents\\linuxjobber2\\Django\\Linuxjobber\\home\\urls.py'> (home:home) ''>, <URLPattern 'groupCourse/' [name='group']>], [<URLResolver <module 'home.urls' from 'C:\\Users\\EDLACA\\Documents\\linuxjobber2\\Django\\Linuxjobber\\home\\urls.py'> (home:home) ''>, <URLPattern 'subscriptionstatus' [name='check_subscription_status']>], [<URLResolver <module 'home.urls' from 'C:\\Users\\EDLACA\\Documents\\linuxjobber2\\Django\\Linuxjobber\\home\\urls.py'> (home:home) ''>, <URLPattern 'groupCourse/<int:pk>' [name='group']>], [<URLResolver <module 'home.urls' from 'C:\\Users\\EDLACA\\Documents\\linuxjobber2\\Django\\Linuxjobber\\home\\urls.py'> (home:home) ''>, <URLPattern 'groupCourse/<int:pk>/pay/' [name='group_pay']>], [<URLResolver <module 'home.urls' from 'C:\\Users\\EDLACA\\Documents\\linuxjobber2\\Django\\Linuxjobber\\home\\urls.py'> (home:home) ''>, <URLPattern 'access_course' [name='monthly_subscription']>], [<URLResolver <module 'home.urls' from 'C:\\Users\\EDLACA\\Documents\\linuxjobber2\\Django\\Linuxjobber\\home\\urls.py'> (home:home) ''>, <URLPattern 'accesscourse' [name='to_monthly_subscription']>], [<URLResolver <module 'home.urls' from 'C:\\Users\\EDLACA\\Documents\\linuxjobber2\\Django\\Linuxjobber\\home\\urls.py'> (home:home) ''>, <URLPattern 'logout' [name='logout']>], [<URLResolver <module 'home.urls' from 'C:\\Users\\EDLACA\\Documents\\linuxjobber2\\Django\\Linuxjobber\\home\\urls.py'> (home:home) ''>, <URLPattern 'forgot/password' [name='forgot_password']>], [<URLResolver <module 'home.urls' from 'C:\\Users\\EDLACA\\Documents\\linuxjobber2\\Django\\Linuxjobber\\home\\urls.py'> (home:home) ''>, <URLPattern 'reset_password/<str:reset_token>/' [name='reset_password']>], [<URLResolver <module 'home.urls' from 'C:\\Users\\EDLACA\\Documents\\linuxjobber2\\Django\\Linuxjobber\\home\\urls.py'> (home:home) ''>, <URLPattern 'aboutus' [name='aboutus']>], [<URLResolver <module 'home.urls' from 'C:\\Users\\EDLACA\\Documents\\linuxjobber2\\Django\\Linuxjobber\\home\\urls.py'> (home:home) ''>, <URLPattern 'policies' [name='policies']>], [<URLResolver <module 'home.urls' from 'C:\\Users\\EDLACA\\Documents\\linuxjobber2\\Django\\Linuxjobber\\home\\urls.py'> (home:home) ''>, <URLPattern 'linux_start' [name='linux_start']>], [<URLResolver <module 'home.urls' from 'C:\\Users\\EDLACA\\Documents\\linuxjobber2\\Django\\Linuxjobber\\home\\urls.py'> (home:home) ''>, <URLPattern 'jobs' [name='jobs']>], [<URLResolver <module 'home.urls' from 'C:\\Users\\EDLACA\\Documents\\linuxjobber2\\Django\\Linuxjobber\\home\\urls.py'> (home:home) ''>, <URLPattern 'jobs/feedback/' [name='jobfeed']>], [<URLResolver <module 'home.urls' from 'C:\\Users\\EDLACA\\Documents\\linuxjobber2\\Django\\Linuxjobber\\home\\urls.py'> (home:home) ''>, <URLPattern 'jobs/feedback/<int:is_fulltime>' [name='jobfeed']>], [<URLResolver <module 'home.urls' from 'C:\\Users\\EDLACA\\Documents\\linuxjobber2\\Django\\Linuxjobber\\home\\urls.py'> (home:home) ''>, <URLPattern 'jobs/parttime/apply' [name='partime']>], [<URLResolver <module 'home.urls' from 'C:\\Users\\EDLACA\\Documents\\linuxjobber2\\Django\\Linuxjobber\\home\\urls.py'> (home:home) ''>, <URLPattern 'jobs/challenge/' [name='challenge']>], [<URLResolver <module 'home.urls' from 'C:\\Users\\EDLACA\\Documents\\linuxjobber2\\Django\\Linuxjobber\\home\\urls.py'> (home:home) ''>, <URLPattern 'jobs/challenge/<respon>/' [name='challenge']>], [<URLResolver <module 'home.urls' from 'C:\\Users\\EDLACA\\Documents\\linuxjobber2\\Django\\Linuxjobber\\home\\urls.py'> (home:home) ''>, <URLPattern 'jobs/apply/<int:job>' [name='jobapplication']>], [<URLResolver <module 'home.urls' from 'C:\\Users\\EDLACA\\Documents\\linuxjobber2\\Django\\Linuxjobber\\home\\urls.py'> (home:home) ''>, <URLPattern 'resume' [name='resume']>], [<URLResolver <module 'home.urls' from 'C:\\Users\\EDLACA\\Documents\\linuxjobber2\\Django\\Linuxjobber\\home\\urls.py'> (home:home) ''>, <URLPattern 'resumeservice' [name='resume']>], [<URLResolver <module 'home.urls' from 'C:\\Users\\EDLACA\\Documents\\linuxjobber2\\Django\\Linuxjobber\\home\\urls.py'> (home:home) ''>, <URLPattern 'resumeservice/pay' [name='resumepay']>], [<URLResolver <module 'home.urls' from 'C:\\Users\\EDLACA\\Documents\\linuxjobber2\\Django\\Linuxjobber\\home\\urls.py'> (home:home) ''>, <URLPattern 'resumeservice/upload' [name='resumeupload']>], [<URLResolver <module 'home.urls' from 'C:\\Users\\EDLACA\\Documents\\linuxjobber2\\Django\\Linuxjobber\\home\\urls.py'> (home:home) ''>, <URLPattern 'companys/contact' [name='contact_us']>], [<URLResolver <module 'home.urls' from 'C:\\Users\\EDLACA\\Documents\\linuxjobber2\\Django\\Linuxjobber\\home\\urls.py'> (home:home) ''>, <URLPattern 'companys/location' [name='location']>], [<URLResolver <module 'home.urls' from 'C:\\Users\\EDLACA\\Documents\\linuxjobber2\\Django\\Linuxjobber\\home\\urls.py'> (home:home) ''>, <URLPattern 'user/account/settings' [name='account_settings']>], [<URLResolver <module 'home.urls' from 'C:\\Users\\EDLACA\\Documents\\linuxjobber2\\Django\\Linuxjobber\\home\\urls.py'> (home:home) ''>, <URLPattern 'user/account/ec2dashboard/' [name='ec2dashboard']>], [<URLResolver <module 'home.urls' from 'C:\\Users\\EDLACA\\Documents\\linuxjobber2\\Django\\Linuxjobber\\home\\urls.py'> (home:home) ''>, <URLPattern 'user/account/ec2dashboard/<command>/' [name='ec2dashboard']>], [<URLResolver <module 'home.urls' from 'C:\\Users\\EDLACA\\Documents\\linuxjobber2\\Django\\Linuxjobber\\home\\urls.py'> (home:home) ''>, <URLPattern 'user/account/startmachine/<machine_id>/' [name='startmachine']>], [<URLResolver <module 'home.urls' from 'C:\\Users\\EDLACA\\Documents\\linuxjobber2\\Django\\Linuxjobber\\home\\urls.py'> (home:home) ''>, <URLPattern 'user/account/stopmachine/<machine_id>/' [name='stopmachine']>], [<URLResolver <module 'home.urls' from 'C:\\Users\\EDLACA\\Documents\\linuxjobber2\\Django\\Linuxjobber\\home\\urls.py'> (home:home) ''>, <URLPattern 'users/orderlist' [name='orderlist']>], [<URLResolver <module 'home.urls' from 'C:\\Users\\EDLACA\\Documents\\linuxjobber2\\Django\\Linuxjobber\\home\\urls.py'> (home:home) ''>, <URLPattern 'home/packages' [name='students_packages']>], [<URLResolver <module 'home.urls' from 'C:\\Users\\EDLACA\\Documents\\linuxjobber2\\Django\\Linuxjobber\\home\\urls.py'> (home:home) ''>, <URLPattern 'home/livehelp' [name='live_help']>], [<URLResolver <module 'home.urls' from 'C:\\Users\\EDLACA\\Documents\\linuxjobber2\\Django\\Linuxjobber\\home\\urls.py'> (home:home) ''>, <URLPattern 'home/pay/livehelp' [name='pay_live_help']>], [<URLResolver <module 'home.urls' from 'C:\\Users\\EDLACA\\Documents\\linuxjobber2\\Django\\Linuxjobber\\home\\urls.py'> (home:home) ''>, <URLPattern 'home/server/service' [name='server_service']>], [<URLResolver <module 'home.urls' from 'C:\\Users\\EDLACA\\Documents\\linuxjobber2\\Django\\Linuxjobber\\home\\urls.py'> (home:home) ''>, <URLPattern 'home/liveinstructor' [name='in_person_training']>], [<URLResolver <module 'home.urls' from 'C:\\Users\\EDLACA\\Documents\\linuxjobber2\\Django\\Linuxjobber\\home\\urls.py'> (home:home) ''>, <URLPattern 'tryfree/' [name='tryfree']>], [<URLResolver <module 'home.urls' from 'C:\\Users\\EDLACA\\Documents\\linuxjobber2\\Django\\Linuxjobber\\home\\urls.py'> (home:home) ''>, <URLPattern 'tryfree/<slug:sub_plan>/' [name='tryfree']>], [<URLResolver <module 'home.urls' from 'C:\\Users\\EDLACA\\Documents\\linuxjobber2\\Django\\Linuxjobber\\home\\urls.py'> (home:home) ''>, <URLPattern 'complete_training/pay/<int:class_id>/' [name='complete_pay']>], [<URLResolver <module 'home.urls' from 'C:\\Users\\EDLACA\\Documents\\linuxjobber2\\Django\\Linuxjobber\\home\\urls.py'> (home:home) ''>, <URLPattern 'user/RHCSA/order_details' [name='rhcsa_order']>], [<URLResolver <module 'home.urls' from 'C:\\Users\\EDLACA\\Documents\\linuxjobber2\\Django\\Linuxjobber\\home\\urls.py'> (home:home) ''>, <URLPattern 'tutorials/userinterest' [name='user_interest']>], [<URLResolver <module 'home.urls' from 'C:\\Users\\EDLACA\\Documents\\linuxjobber2\\Django\\Linuxjobber\\home\\urls.py'> (home:home) ''>, <URLPattern 'profile_picture/update' [name='profile_img_upload']>], [<URLResolver <module 'home.urls' from 'C:\\Users\\EDLACA\\Documents\\linuxjobber2\\Django\\Linuxjobber\\home\\urls.py'> (home:home) ''>, <URLPattern 'timeout' [name='timeout']>], [<URLResolver <module 'home.urls' from 'C:\\Users\\EDLACA\\Documents\\linuxjobber2\\Django\\Linuxjobber\\home\\urls.py'> (home:home) ''>, <URLPattern 'combined_class/' [name='combined_class']>], [<URLResolver <module 'home.urls' from 'C:\\Users\\EDLACA\\Documents\\linuxjobber2\\Django\\Linuxjobber\\home\\urls.py'> (home:home) ''>, <URLPattern 'combined_class_terms/' [name='combined_class_terms']>], [<URLResolver <module 'home.urls' from 'C:\\Users\\EDLACA\\Documents\\linuxjobber2\\Django\\Linuxjobber\\home\\urls.py'> (home:home) ''>, <URLPattern 'combined_class/pay' [name='combined_class_pay']>], [<URLResolver <module 'home.urls' from 'C:\\Users\\EDLACA\\Documents\\linuxjobber2\\Django\\Linuxjobber\\home\\urls.py'> (home:home) ''>, <URLPattern 'career_switch/' [name='career_switch']>], [<URLResolver <module 'home.urls' from 'C:\\Users\\EDLACA\\Documents\\linuxjobber2\\Django\\Linuxjobber\\home\\urls.py'> (home:home) ''>, <URLPattern 'obtain_position/'>], [<URLResolver <module 'home.urls' from 'C:\\Users\\EDLACA\\Documents\\linuxjobber2\\Django\\Linuxjobber\\home\\urls.py'> (home:home) ''>, <URLPattern 'jobs/submitted'>], [<URLResolver <module 'home.urls' from 'C:\\Users\\EDLACA\\Documents\\linuxjobber2\\Django\\Linuxjobber\\home\\urls.py'> (home:home) ''>, <URLPattern 'installments/' [name='installments']>], [<URLResolver <module 'home.urls' from 'C:\\Users\\EDLACA\\Documents\\linuxjobber2\\Django\\Linuxjobber\\home\\urls.py'> (home:home) ''>, <URLPattern 'installments/pay' [name='installments_pay']>], [<URLResolver <URLPattern list> (admin:admin) 'admin/'>], [<URLResolver <module 'Courses.urls' from 'C:\\Users\\EDLACA\\Documents\\linuxjobber2\\Django\\Linuxjobber\\Courses\\urls.py'> (Courses:Courses) 'courses/'>], [<URLResolver <module 'Projects.urls' from 'C:\\Users\\EDLACA\\Documents\\linuxjobber2\\Django\\Linuxjobber\\Projects\\urls.py'> (Projects:Projects) 'projects/'>], [<URLResolver <module 'ToolsApp.urls' from 'C:\\Users\\EDLACA\\Documents\\linuxjobber2\\Django\\Linuxjobber\\ToolsApp\\urls.py'> (ToolsApp:ToolsApp) 'tools/'>], [<URLResolver <module 'classroom.urls' from 'C:\\Users\\EDLACA\\Documents\\linuxjobber2\\Django\\Linuxjobber\\classroom\\urls.py'> (classroom:classroom) 'classroom/'>], [<URLPattern 'accounts/login/' [name='login']>], [<URLResolver <module 'django.contrib.auth.urls' from 'C:\\Users\\EDLACA\\Envs\\linuxjobb\\lib\\site-packages\\django\\contrib\\auth\\urls.py'> (None:None) 'accounts/'>], [<URLResolver <module 'sso_api.urls' from 'C:\\Users\\EDLACA\\Documents\\linuxjobber2\\Django\\Linuxjobber\\sso_api\\urls.py'> (None:None) 'sso_api/'>], [<URLResolver <module 'awswebsocket.urls' from 'C:\\Users\\EDLACA\\Documents\\linuxjobber2\\Django\\Linuxjobber\\awswebsocket\\urls.py'> (None:None) 'awsgateway/'>]], 'path': 'static/home/css/newhomepage/imgs/gclass1.png'}

During handling of the above exception, another exception occurred:

Traceback (most recent call last):
  File "C:\Users\EDLACA\Envs\linuxjobb\lib\site-packages\django\core\handlers\exception.py", line 99, in get_exception_response
    response = callback(request, **dict(param_dict, exception=exception))
TypeError: handler_404() got an unexpected keyword argument 'exception'
[19-12-23 17:19:12] ERROR Internal Server Error: /media/chat_uploads/surulere-chairman.jpeg
Traceback (most recent call last):
  File "C:\Users\EDLACA\Envs\linuxjobb\lib\site-packages\django\core\handlers\exception.py", line 35, in inner
    response = get_response(request)
  File "C:\Users\EDLACA\Envs\linuxjobb\lib\site-packages\django\core\handlers\base.py", line 113, in _get_response
    resolver_match = resolver.resolve(request.path_info)
  File "C:\Users\EDLACA\Envs\linuxjobb\lib\site-packages\django\urls\resolvers.py", line 527, in resolve
    raise Resolver404({'tried': tried, 'path': new_path})
django.urls.exceptions.Resolver404: {'tried': [[<URLResolver <module 'home.urls' from 'C:\\Users\\EDLACA\\Documents\\linuxjobber2\\Django\\Linuxjobber\\home\\urls.py'> (home:home) ''>, <URLPattern '' [name='index']>], [<URLResolver <module 'home.urls' from 'C:\\Users\\EDLACA\\Documents\\linuxjobber2\\Django\\Linuxjobber\\home\\urls.py'> (home:home) ''>, <URLPattern 'webhooks' [name='my_webhook_view']>], [<URLResolver <module 'home.urls' from 'C:\\Users\\EDLACA\\Documents\\linuxjobber2\\Django\\Linuxjobber\\home\\urls.py'> (home:home) ''>, <URLResolver <URLPattern list> (None:None) 'alpha/'>], [<URLResolver <module 'home.urls' from 'C:\\Users\\EDLACA\\Documents\\linuxjobber2\\Django\\Linuxjobber\\home\\urls.py'> (home:home) ''>, <URLPattern 'login/' [name='login']>], [<URLResolver <module 'home.urls' from 'C:\\Users\\EDLACA\\Documents\\linuxjobber2\\Django\\Linuxjobber\\home\\urls.py'> (home:home) ''>, <URLPattern 'signup' [name='signup']>], [<URLResolver <module 'home.urls' from 'C:\\Users\\EDLACA\\Documents\\linuxjobber2\\Django\\Linuxjobber\\home\\urls.py'> (home:home) ''>, <URLPattern 'unsubscribe' [name='unsubscribe']>], [<URLResolver <module 'home.urls' from 'C:\\Users\\EDLACA\\Documents\\linuxjobber2\\Django\\Linuxjobber\\home\\urls.py'> (home:home) ''>, <URLPattern 'selfstudy' [name='selfstudy']>], [<URLResolver <module 'home.urls' from 'C:\\Users\\EDLACA\\Documents\\linuxjobber2\\Django\\Linuxjobber\\home\\urls.py'> (home:home) ''>, <URLPattern 'linux/certification' [name='linux_certification']>], [<URLResolver <module 'home.urls' from 'C:\\Users\\EDLACA\\Documents\\linuxjobber2\\Django\\Linuxjobber\\home\\urls.py'> (home:home) ''>, <URLPattern 'aws/certification' [name='aws_certification']>], [<URLResolver <module 'home.urls' from 'C:\\Users\\EDLACA\\Documents\\linuxjobber2\\Django\\Linuxjobber\\home\\urls.py'> (home:home) ''>, <URLPattern 'oracledb/certification' [name='oracledb_certification']>], [<URLResolver <module 'home.urls' from 'C:\\Users\\EDLACA\\Documents\\linuxjobber2\\Django\\Linuxjobber\\home\\urls.py'> (home:home) ''>, <URLPattern 'oracledb/full_training' [name='oracledb_full_training']>], [<URLResolver <module 'home.urls' from 'C:\\Users\\EDLACA\\Documents\\linuxjobber2\\Django\\Linuxjobber\\home\\urls.py'> (home:home) ''>, <URLPattern 'devops/class/' [name='devops_class']>], [<URLResolver <module 'home.urls' from 'C:\\Users\\EDLACA\\Documents\\linuxjobber2\\Django\\Linuxjobber\\home\\urls.py'> (home:home) ''>, <URLPattern 'devops/class/pay' [name='devops_pay']>], [<URLResolver <module 'home.urls' from 'C:\\Users\\EDLACA\\Documents\\linuxjobber2\\Django\\Linuxjobber\\home\\urls.py'> (home:home) ''>, <URLPattern 'linux/full_training' [name='linux_full_training']>], [<URLResolver <module 'home.urls' from 'C:\\Users\\EDLACA\\Documents\\linuxjobber2\\Django\\Linuxjobber\\home\\urls.py'> (home:home) ''>, <URLPattern 'aws/full_training' [name='aws_full_training']>], [<URLResolver <module 'home.urls' from 'C:\\Users\\EDLACA\\Documents\\linuxjobber2\\Django\\Linuxjobber\\home\\urls.py'> (home:home) ''>, <URLPattern 'complete_training/<slug:course>' [name='completeclass']>], [<URLResolver <module 'home.urls' from 'C:\\Users\\EDLACA\\Documents\\linuxjobber2\\Django\\Linuxjobber\\home\\urls.py'> (home:home) ''>, <URLPattern 'faq' [name='faq']>], [<URLResolver <module 'home.urls' from 'C:\\Users\\EDLACA\\Documents\\linuxjobber2\\Django\\Linuxjobber\\home\\urls.py'> (home:home) ''>, <URLPattern 'ulocation' [name='ulocation']>], [<URLResolver <module 'home.urls' from 'C:\\Users\\EDLACA\\Documents\\linuxjobber2\\Django\\Linuxjobber\\home\\urls.py'> (home:home) ''>, <URLResolver <URLPattern list> (None:None) 'workexperience/'>], [<URLResolver <module 'home.urls' from 'C:\\Users\\EDLACA\\Documents\\linuxjobber2\\Django\\Linuxjobber\\home\\urls.py'> (home:home) ''>, <URLPattern 'gainexperience' [name='gainexperience']>], [<URLResolver <module 'home.urls' from 'C:\\Users\\EDLACA\\Documents\\linuxjobber2\\Django\\Linuxjobber\\home\\urls.py'> (home:home) ''>, <URLPattern 'internships' [name='internships']>], [<URLResolver <module 'home.urls' from 'C:\\Users\\EDLACA\\Documents\\linuxjobber2\\Django\\Linuxjobber\\home\\urls.py'> (home:home) ''>, <URLResolver <URLPattern list> (None:None) 'jobplacements/'>], [<URLResolver <module 'home.urls' from 'C:\\Users\\EDLACA\\Documents\\linuxjobber2\\Django\\Linuxjobber\\home\\urls.py'> (home:home) ''>, <URLPattern 'accepted' [name='accepted']>], [<URLResolver <module 'home.urls' from 'C:\\Users\\EDLACA\\Documents\\linuxjobber2\\Django\\Linuxjobber\\home\\urls.py'> (home:home) ''>, <URLPattern 'groupCourse/' [name='group']>], [<URLResolver <module 'home.urls' from 'C:\\Users\\EDLACA\\Documents\\linuxjobber2\\Django\\Linuxjobber\\home\\urls.py'> (home:home) ''>, <URLPattern 'subscriptionstatus' [name='check_subscription_status']>], [<URLResolver <module 'home.urls' from 'C:\\Users\\EDLACA\\Documents\\linuxjobber2\\Django\\Linuxjobber\\home\\urls.py'> (home:home) ''>, <URLPattern 'groupCourse/<int:pk>' [name='group']>], [<URLResolver <module 'home.urls' from 'C:\\Users\\EDLACA\\Documents\\linuxjobber2\\Django\\Linuxjobber\\home\\urls.py'> (home:home) ''>, <URLPattern 'groupCourse/<int:pk>/pay/' [name='group_pay']>], [<URLResolver <module 'home.urls' from 'C:\\Users\\EDLACA\\Documents\\linuxjobber2\\Django\\Linuxjobber\\home\\urls.py'> (home:home) ''>, <URLPattern 'access_course' [name='monthly_subscription']>], [<URLResolver <module 'home.urls' from 'C:\\Users\\EDLACA\\Documents\\linuxjobber2\\Django\\Linuxjobber\\home\\urls.py'> (home:home) ''>, <URLPattern 'accesscourse' [name='to_monthly_subscription']>], [<URLResolver <module 'home.urls' from 'C:\\Users\\EDLACA\\Documents\\linuxjobber2\\Django\\Linuxjobber\\home\\urls.py'> (home:home) ''>, <URLPattern 'logout' [name='logout']>], [<URLResolver <module 'home.urls' from 'C:\\Users\\EDLACA\\Documents\\linuxjobber2\\Django\\Linuxjobber\\home\\urls.py'> (home:home) ''>, <URLPattern 'forgot/password' [name='forgot_password']>], [<URLResolver <module 'home.urls' from 'C:\\Users\\EDLACA\\Documents\\linuxjobber2\\Django\\Linuxjobber\\home\\urls.py'> (home:home) ''>, <URLPattern 'reset_password/<str:reset_token>/' [name='reset_password']>], [<URLResolver <module 'home.urls' from 'C:\\Users\\EDLACA\\Documents\\linuxjobber2\\Django\\Linuxjobber\\home\\urls.py'> (home:home) ''>, <URLPattern 'aboutus' [name='aboutus']>], [<URLResolver <module 'home.urls' from 'C:\\Users\\EDLACA\\Documents\\linuxjobber2\\Django\\Linuxjobber\\home\\urls.py'> (home:home) ''>, <URLPattern 'policies' [name='policies']>], [<URLResolver <module 'home.urls' from 'C:\\Users\\EDLACA\\Documents\\linuxjobber2\\Django\\Linuxjobber\\home\\urls.py'> (home:home) ''>, <URLPattern 'linux_start' [name='linux_start']>], [<URLResolver <module 'home.urls' from 'C:\\Users\\EDLACA\\Documents\\linuxjobber2\\Django\\Linuxjobber\\home\\urls.py'> (home:home) ''>, <URLPattern 'jobs' [name='jobs']>], [<URLResolver <module 'home.urls' from 'C:\\Users\\EDLACA\\Documents\\linuxjobber2\\Django\\Linuxjobber\\home\\urls.py'> (home:home) ''>, <URLPattern 'jobs/feedback/' [name='jobfeed']>], [<URLResolver <module 'home.urls' from 'C:\\Users\\EDLACA\\Documents\\linuxjobber2\\Django\\Linuxjobber\\home\\urls.py'> (home:home) ''>, <URLPattern 'jobs/feedback/<int:is_fulltime>' [name='jobfeed']>], [<URLResolver <module 'home.urls' from 'C:\\Users\\EDLACA\\Documents\\linuxjobber2\\Django\\Linuxjobber\\home\\urls.py'> (home:home) ''>, <URLPattern 'jobs/parttime/apply' [name='partime']>], [<URLResolver <module 'home.urls' from 'C:\\Users\\EDLACA\\Documents\\linuxjobber2\\Django\\Linuxjobber\\home\\urls.py'> (home:home) ''>, <URLPattern 'jobs/challenge/' [name='challenge']>], [<URLResolver <module 'home.urls' from 'C:\\Users\\EDLACA\\Documents\\linuxjobber2\\Django\\Linuxjobber\\home\\urls.py'> (home:home) ''>, <URLPattern 'jobs/challenge/<respon>/' [name='challenge']>], [<URLResolver <module 'home.urls' from 'C:\\Users\\EDLACA\\Documents\\linuxjobber2\\Django\\Linuxjobber\\home\\urls.py'> (home:home) ''>, <URLPattern 'jobs/apply/<int:job>' [name='jobapplication']>], [<URLResolver <module 'home.urls' from 'C:\\Users\\EDLACA\\Documents\\linuxjobber2\\Django\\Linuxjobber\\home\\urls.py'> (home:home) ''>, <URLPattern 'resume' [name='resume']>], [<URLResolver <module 'home.urls' from 'C:\\Users\\EDLACA\\Documents\\linuxjobber2\\Django\\Linuxjobber\\home\\urls.py'> (home:home) ''>, <URLPattern 'resumeservice' [name='resume']>], [<URLResolver <module 'home.urls' from 'C:\\Users\\EDLACA\\Documents\\linuxjobber2\\Django\\Linuxjobber\\home\\urls.py'> (home:home) ''>, <URLPattern 'resumeservice/pay' [name='resumepay']>], [<URLResolver <module 'home.urls' from 'C:\\Users\\EDLACA\\Documents\\linuxjobber2\\Django\\Linuxjobber\\home\\urls.py'> (home:home) ''>, <URLPattern 'resumeservice/upload' [name='resumeupload']>], [<URLResolver <module 'home.urls' from 'C:\\Users\\EDLACA\\Documents\\linuxjobber2\\Django\\Linuxjobber\\home\\urls.py'> (home:home) ''>, <URLPattern 'companys/contact' [name='contact_us']>], [<URLResolver <module 'home.urls' from 'C:\\Users\\EDLACA\\Documents\\linuxjobber2\\Django\\Linuxjobber\\home\\urls.py'> (home:home) ''>, <URLPattern 'companys/location' [name='location']>], [<URLResolver <module 'home.urls' from 'C:\\Users\\EDLACA\\Documents\\linuxjobber2\\Django\\Linuxjobber\\home\\urls.py'> (home:home) ''>, <URLPattern 'user/account/settings' [name='account_settings']>], [<URLResolver <module 'home.urls' from 'C:\\Users\\EDLACA\\Documents\\linuxjobber2\\Django\\Linuxjobber\\home\\urls.py'> (home:home) ''>, <URLPattern 'user/account/ec2dashboard/' [name='ec2dashboard']>], [<URLResolver <module 'home.urls' from 'C:\\Users\\EDLACA\\Documents\\linuxjobber2\\Django\\Linuxjobber\\home\\urls.py'> (home:home) ''>, <URLPattern 'user/account/ec2dashboard/<command>/' [name='ec2dashboard']>], [<URLResolver <module 'home.urls' from 'C:\\Users\\EDLACA\\Documents\\linuxjobber2\\Django\\Linuxjobber\\home\\urls.py'> (home:home) ''>, <URLPattern 'user/account/startmachine/<machine_id>/' [name='startmachine']>], [<URLResolver <module 'home.urls' from 'C:\\Users\\EDLACA\\Documents\\linuxjobber2\\Django\\Linuxjobber\\home\\urls.py'> (home:home) ''>, <URLPattern 'user/account/stopmachine/<machine_id>/' [name='stopmachine']>], [<URLResolver <module 'home.urls' from 'C:\\Users\\EDLACA\\Documents\\linuxjobber2\\Django\\Linuxjobber\\home\\urls.py'> (home:home) ''>, <URLPattern 'users/orderlist' [name='orderlist']>], [<URLResolver <module 'home.urls' from 'C:\\Users\\EDLACA\\Documents\\linuxjobber2\\Django\\Linuxjobber\\home\\urls.py'> (home:home) ''>, <URLPattern 'home/packages' [name='students_packages']>], [<URLResolver <module 'home.urls' from 'C:\\Users\\EDLACA\\Documents\\linuxjobber2\\Django\\Linuxjobber\\home\\urls.py'> (home:home) ''>, <URLPattern 'home/livehelp' [name='live_help']>], [<URLResolver <module 'home.urls' from 'C:\\Users\\EDLACA\\Documents\\linuxjobber2\\Django\\Linuxjobber\\home\\urls.py'> (home:home) ''>, <URLPattern 'home/pay/livehelp' [name='pay_live_help']>], [<URLResolver <module 'home.urls' from 'C:\\Users\\EDLACA\\Documents\\linuxjobber2\\Django\\Linuxjobber\\home\\urls.py'> (home:home) ''>, <URLPattern 'home/server/service' [name='server_service']>], [<URLResolver <module 'home.urls' from 'C:\\Users\\EDLACA\\Documents\\linuxjobber2\\Django\\Linuxjobber\\home\\urls.py'> (home:home) ''>, <URLPattern 'home/liveinstructor' [name='in_person_training']>], [<URLResolver <module 'home.urls' from 'C:\\Users\\EDLACA\\Documents\\linuxjobber2\\Django\\Linuxjobber\\home\\urls.py'> (home:home) ''>, <URLPattern 'tryfree/' [name='tryfree']>], [<URLResolver <module 'home.urls' from 'C:\\Users\\EDLACA\\Documents\\linuxjobber2\\Django\\Linuxjobber\\home\\urls.py'> (home:home) ''>, <URLPattern 'tryfree/<slug:sub_plan>/' [name='tryfree']>], [<URLResolver <module 'home.urls' from 'C:\\Users\\EDLACA\\Documents\\linuxjobber2\\Django\\Linuxjobber\\home\\urls.py'> (home:home) ''>, <URLPattern 'complete_training/pay/<int:class_id>/' [name='complete_pay']>], [<URLResolver <module 'home.urls' from 'C:\\Users\\EDLACA\\Documents\\linuxjobber2\\Django\\Linuxjobber\\home\\urls.py'> (home:home) ''>, <URLPattern 'user/RHCSA/order_details' [name='rhcsa_order']>], [<URLResolver <module 'home.urls' from 'C:\\Users\\EDLACA\\Documents\\linuxjobber2\\Django\\Linuxjobber\\home\\urls.py'> (home:home) ''>, <URLPattern 'tutorials/userinterest' [name='user_interest']>], [<URLResolver <module 'home.urls' from 'C:\\Users\\EDLACA\\Documents\\linuxjobber2\\Django\\Linuxjobber\\home\\urls.py'> (home:home) ''>, <URLPattern 'profile_picture/update' [name='profile_img_upload']>], [<URLResolver <module 'home.urls' from 'C:\\Users\\EDLACA\\Documents\\linuxjobber2\\Django\\Linuxjobber\\home\\urls.py'> (home:home) ''>, <URLPattern 'timeout' [name='timeout']>], [<URLResolver <module 'home.urls' from 'C:\\Users\\EDLACA\\Documents\\linuxjobber2\\Django\\Linuxjobber\\home\\urls.py'> (home:home) ''>, <URLPattern 'combined_class/' [name='combined_class']>], [<URLResolver <module 'home.urls' from 'C:\\Users\\EDLACA\\Documents\\linuxjobber2\\Django\\Linuxjobber\\home\\urls.py'> (home:home) ''>, <URLPattern 'combined_class_terms/' [name='combined_class_terms']>], [<URLResolver <module 'home.urls' from 'C:\\Users\\EDLACA\\Documents\\linuxjobber2\\Django\\Linuxjobber\\home\\urls.py'> (home:home) ''>, <URLPattern 'combined_class/pay' [name='combined_class_pay']>], [<URLResolver <module 'home.urls' from 'C:\\Users\\EDLACA\\Documents\\linuxjobber2\\Django\\Linuxjobber\\home\\urls.py'> (home:home) ''>, <URLPattern 'career_switch/' [name='career_switch']>], [<URLResolver <module 'home.urls' from 'C:\\Users\\EDLACA\\Documents\\linuxjobber2\\Django\\Linuxjobber\\home\\urls.py'> (home:home) ''>, <URLPattern 'obtain_position/'>], [<URLResolver <module 'home.urls' from 'C:\\Users\\EDLACA\\Documents\\linuxjobber2\\Django\\Linuxjobber\\home\\urls.py'> (home:home) ''>, <URLPattern 'jobs/submitted'>], [<URLResolver <module 'home.urls' from 'C:\\Users\\EDLACA\\Documents\\linuxjobber2\\Django\\Linuxjobber\\home\\urls.py'> (home:home) ''>, <URLPattern 'installments/' [name='installments']>], [<URLResolver <module 'home.urls' from 'C:\\Users\\EDLACA\\Documents\\linuxjobber2\\Django\\Linuxjobber\\home\\urls.py'> (home:home) ''>, <URLPattern 'installments/pay' [name='installments_pay']>], [<URLResolver <URLPattern list> (admin:admin) 'admin/'>], [<URLResolver <module 'Courses.urls' from 'C:\\Users\\EDLACA\\Documents\\linuxjobber2\\Django\\Linuxjobber\\Courses\\urls.py'> (Courses:Courses) 'courses/'>], [<URLResolver <module 'Projects.urls' from 'C:\\Users\\EDLACA\\Documents\\linuxjobber2\\Django\\Linuxjobber\\Projects\\urls.py'> (Projects:Projects) 'projects/'>], [<URLResolver <module 'ToolsApp.urls' from 'C:\\Users\\EDLACA\\Documents\\linuxjobber2\\Django\\Linuxjobber\\ToolsApp\\urls.py'> (ToolsApp:ToolsApp) 'tools/'>], [<URLResolver <module 'classroom.urls' from 'C:\\Users\\EDLACA\\Documents\\linuxjobber2\\Django\\Linuxjobber\\classroom\\urls.py'> (classroom:classroom) 'classroom/'>], [<URLPattern 'accounts/login/' [name='login']>], [<URLResolver <module 'django.contrib.auth.urls' from 'C:\\Users\\EDLACA\\Envs\\linuxjobb\\lib\\site-packages\\django\\contrib\\auth\\urls.py'> (None:None) 'accounts/'>], [<URLResolver <module 'sso_api.urls' from 'C:\\Users\\EDLACA\\Documents\\linuxjobber2\\Django\\Linuxjobber\\sso_api\\urls.py'> (None:None) 'sso_api/'>], [<URLResolver <module 'awswebsocket.urls' from 'C:\\Users\\EDLACA\\Documents\\linuxjobber2\\Django\\Linuxjobber\\awswebsocket\\urls.py'> (None:None) 'awsgateway/'>]], 'path': 'media/chat_uploads/surulere-chairman.jpeg'}

During handling of the above exception, another exception occurred:

Traceback (most recent call last):
  File "C:\Users\EDLACA\Envs\linuxjobb\lib\site-packages\django\core\handlers\exception.py", line 99, in get_exception_response
    response = callback(request, **dict(param_dict, exception=exception))
TypeError: handler_404() got an unexpected keyword argument 'exception'
